Building DAG of jobs...
Using shell: /usr/bin/bash
Provided cores: 1 (use --cores to define parallelism)
Rules claiming more threads will be scaled down.
Singularity containers: ignored
Job stats:
job                     count    min threads    max threads
--------------------  -------  -------------  -------------
align_template_rigid       40              1              1
all                         1              1              1
fids2mni                   40              1              1
freesurfer2bids            40              1              1
freesurfer_preproc         40              1              1
skull_strip                40              1              1
total                     201              1              1

Select jobs to execute...

[Wed Jun 28 03:03:35 2023]
rule skull_strip:
    input: /home/ROBARTS/ataha/graham/scratch/afids-data/data/datasets/LHSCPD/sub-120/anat/sub-120_run-01_T1w.nii.gz
    output: /home/ROBARTS/ataha/graham/scratch/afids-data/data/datasets/LHSCPD/derivatives/synthstrip/sub-120/anat/sub-120_desc-synthstrip_T1w.nii.gz, /home/ROBARTS/ataha/graham/scratch/afids-data/data/datasets/LHSCPD/derivatives/synthstrip/sub-120/anat/sub-120_desc-synthstrip_briamask.nii.gz
    jobid: 49
    reason: Missing output files: /home/ROBARTS/ataha/graham/scratch/afids-data/data/datasets/LHSCPD/derivatives/synthstrip/sub-120/anat/sub-120_desc-synthstrip_T1w.nii.gz
    wildcards: subject=120
    resources: tmpdir=/tmp

[Wed Jun 28 03:04:54 2023]
Finished job 49.
1 of 201 steps (0.5%) done
Select jobs to execute...

[Wed Jun 28 03:04:54 2023]
rule align_template_rigid:
    input: /home/ROBARTS/ataha/graham/scratch/afids-data/data/datasets/LHSCPD/derivatives/synthstrip/sub-120/anat/sub-120_desc-synthstrip_T1w.nii.gz, /home/ROBARTS/ataha/graham/scratch/afids-data/data/datasets/LHSCPD/sub-120/anat/sub-120_run-01_T1w.nii.gz
    output: /home/ROBARTS/ataha/graham/scratch/afids-data/data/datasets/LHSCPD/derivatives/tfrom_greedy/sub-120/anat/sub-120_acq-MP2RAGE_space-MNI152NLin2009cAsym.mat, /home/ROBARTS/ataha/graham/scratch/afids-data/data/datasets/LHSCPD/derivatives/tfrom_greedy/sub-120/anat/sub-120_acq-MP2RAGE_space-MNI152NLin2009cAsym_T1w.nii.gz
    jobid: 48
    reason: Missing output files: /home/ROBARTS/ataha/graham/scratch/afids-data/data/datasets/LHSCPD/derivatives/tfrom_greedy/sub-120/anat/sub-120_acq-MP2RAGE_space-MNI152NLin2009cAsym_T1w.nii.gz, /home/ROBARTS/ataha/graham/scratch/afids-data/data/datasets/LHSCPD/derivatives/tfrom_greedy/sub-120/anat/sub-120_acq-MP2RAGE_space-MNI152NLin2009cAsym.mat; Input files updated by another job: /home/ROBARTS/ataha/graham/scratch/afids-data/data/datasets/LHSCPD/derivatives/synthstrip/sub-120/anat/sub-120_desc-synthstrip_T1w.nii.gz
    wildcards: subject=120
    resources: tmpdir=/tmp

[Wed Jun 28 03:05:28 2023]
Finished job 48.
2 of 201 steps (1%) done
Select jobs to execute...

[Wed Jun 28 03:05:28 2023]
rule skull_strip:
    input: /home/ROBARTS/ataha/graham/scratch/afids-data/data/datasets/LHSCPD/sub-116/anat/sub-116_run-01_T1w.nii.gz
    output: /home/ROBARTS/ataha/graham/scratch/afids-data/data/datasets/LHSCPD/derivatives/synthstrip/sub-116/anat/sub-116_desc-synthstrip_T1w.nii.gz, /home/ROBARTS/ataha/graham/scratch/afids-data/data/datasets/LHSCPD/derivatives/synthstrip/sub-116/anat/sub-116_desc-synthstrip_briamask.nii.gz
    jobid: 39
    reason: Missing output files: /home/ROBARTS/ataha/graham/scratch/afids-data/data/datasets/LHSCPD/derivatives/synthstrip/sub-116/anat/sub-116_desc-synthstrip_T1w.nii.gz
    wildcards: subject=116
    resources: tmpdir=/tmp

[Wed Jun 28 03:06:18 2023]
Finished job 39.
3 of 201 steps (1%) done
Select jobs to execute...

[Wed Jun 28 03:06:19 2023]
rule align_template_rigid:
    input: /home/ROBARTS/ataha/graham/scratch/afids-data/data/datasets/LHSCPD/derivatives/synthstrip/sub-116/anat/sub-116_desc-synthstrip_T1w.nii.gz, /home/ROBARTS/ataha/graham/scratch/afids-data/data/datasets/LHSCPD/sub-116/anat/sub-116_run-01_T1w.nii.gz
    output: /home/ROBARTS/ataha/graham/scratch/afids-data/data/datasets/LHSCPD/derivatives/tfrom_greedy/sub-116/anat/sub-116_acq-MP2RAGE_space-MNI152NLin2009cAsym.mat, /home/ROBARTS/ataha/graham/scratch/afids-data/data/datasets/LHSCPD/derivatives/tfrom_greedy/sub-116/anat/sub-116_acq-MP2RAGE_space-MNI152NLin2009cAsym_T1w.nii.gz
    jobid: 38
    reason: Missing output files: /home/ROBARTS/ataha/graham/scratch/afids-data/data/datasets/LHSCPD/derivatives/tfrom_greedy/sub-116/anat/sub-116_acq-MP2RAGE_space-MNI152NLin2009cAsym_T1w.nii.gz, /home/ROBARTS/ataha/graham/scratch/afids-data/data/datasets/LHSCPD/derivatives/tfrom_greedy/sub-116/anat/sub-116_acq-MP2RAGE_space-MNI152NLin2009cAsym.mat; Input files updated by another job: /home/ROBARTS/ataha/graham/scratch/afids-data/data/datasets/LHSCPD/derivatives/synthstrip/sub-116/anat/sub-116_desc-synthstrip_T1w.nii.gz
    wildcards: subject=116
    resources: tmpdir=/tmp

[Wed Jun 28 03:06:48 2023]
Finished job 38.
4 of 201 steps (2%) done
Select jobs to execute...

[Wed Jun 28 03:06:48 2023]
rule skull_strip:
    input: /home/ROBARTS/ataha/graham/scratch/afids-data/data/datasets/LHSCPD/sub-133/anat/sub-133_run-01_T1w.nii.gz
    output: /home/ROBARTS/ataha/graham/scratch/afids-data/data/datasets/LHSCPD/derivatives/synthstrip/sub-133/anat/sub-133_desc-synthstrip_T1w.nii.gz, /home/ROBARTS/ataha/graham/scratch/afids-data/data/datasets/LHSCPD/derivatives/synthstrip/sub-133/anat/sub-133_desc-synthstrip_briamask.nii.gz
    jobid: 94
    reason: Missing output files: /home/ROBARTS/ataha/graham/scratch/afids-data/data/datasets/LHSCPD/derivatives/synthstrip/sub-133/anat/sub-133_desc-synthstrip_T1w.nii.gz
    wildcards: subject=133
    resources: tmpdir=/tmp

[Wed Jun 28 03:07:44 2023]
Finished job 94.
5 of 201 steps (2%) done
Select jobs to execute...

[Wed Jun 28 03:07:44 2023]
rule align_template_rigid:
    input: /home/ROBARTS/ataha/graham/scratch/afids-data/data/datasets/LHSCPD/derivatives/synthstrip/sub-133/anat/sub-133_desc-synthstrip_T1w.nii.gz, /home/ROBARTS/ataha/graham/scratch/afids-data/data/datasets/LHSCPD/sub-133/anat/sub-133_run-01_T1w.nii.gz
    output: /home/ROBARTS/ataha/graham/scratch/afids-data/data/datasets/LHSCPD/derivatives/tfrom_greedy/sub-133/anat/sub-133_acq-MP2RAGE_space-MNI152NLin2009cAsym.mat, /home/ROBARTS/ataha/graham/scratch/afids-data/data/datasets/LHSCPD/derivatives/tfrom_greedy/sub-133/anat/sub-133_acq-MP2RAGE_space-MNI152NLin2009cAsym_T1w.nii.gz
    jobid: 93
    reason: Missing output files: /home/ROBARTS/ataha/graham/scratch/afids-data/data/datasets/LHSCPD/derivatives/tfrom_greedy/sub-133/anat/sub-133_acq-MP2RAGE_space-MNI152NLin2009cAsym.mat, /home/ROBARTS/ataha/graham/scratch/afids-data/data/datasets/LHSCPD/derivatives/tfrom_greedy/sub-133/anat/sub-133_acq-MP2RAGE_space-MNI152NLin2009cAsym_T1w.nii.gz; Input files updated by another job: /home/ROBARTS/ataha/graham/scratch/afids-data/data/datasets/LHSCPD/derivatives/synthstrip/sub-133/anat/sub-133_desc-synthstrip_T1w.nii.gz
    wildcards: subject=133
    resources: tmpdir=/tmp

[Wed Jun 28 03:08:12 2023]
Finished job 93.
6 of 201 steps (3%) done
Select jobs to execute...

[Wed Jun 28 03:08:12 2023]
rule skull_strip:
    input: /home/ROBARTS/ataha/graham/scratch/afids-data/data/datasets/LHSCPD/sub-132/anat/sub-132_run-01_T1w.nii.gz
    output: /home/ROBARTS/ataha/graham/scratch/afids-data/data/datasets/LHSCPD/derivatives/synthstrip/sub-132/anat/sub-132_desc-synthstrip_T1w.nii.gz, /home/ROBARTS/ataha/graham/scratch/afids-data/data/datasets/LHSCPD/derivatives/synthstrip/sub-132/anat/sub-132_desc-synthstrip_briamask.nii.gz
    jobid: 89
    reason: Missing output files: /home/ROBARTS/ataha/graham/scratch/afids-data/data/datasets/LHSCPD/derivatives/synthstrip/sub-132/anat/sub-132_desc-synthstrip_T1w.nii.gz
    wildcards: subject=132
    resources: tmpdir=/tmp

[Wed Jun 28 03:09:05 2023]
Finished job 89.
7 of 201 steps (3%) done
Select jobs to execute...

[Wed Jun 28 03:09:05 2023]
rule align_template_rigid:
    input: /home/ROBARTS/ataha/graham/scratch/afids-data/data/datasets/LHSCPD/derivatives/synthstrip/sub-132/anat/sub-132_desc-synthstrip_T1w.nii.gz, /home/ROBARTS/ataha/graham/scratch/afids-data/data/datasets/LHSCPD/sub-132/anat/sub-132_run-01_T1w.nii.gz
    output: /home/ROBARTS/ataha/graham/scratch/afids-data/data/datasets/LHSCPD/derivatives/tfrom_greedy/sub-132/anat/sub-132_acq-MP2RAGE_space-MNI152NLin2009cAsym.mat, /home/ROBARTS/ataha/graham/scratch/afids-data/data/datasets/LHSCPD/derivatives/tfrom_greedy/sub-132/anat/sub-132_acq-MP2RAGE_space-MNI152NLin2009cAsym_T1w.nii.gz
    jobid: 88
    reason: Missing output files: /home/ROBARTS/ataha/graham/scratch/afids-data/data/datasets/LHSCPD/derivatives/tfrom_greedy/sub-132/anat/sub-132_acq-MP2RAGE_space-MNI152NLin2009cAsym_T1w.nii.gz, /home/ROBARTS/ataha/graham/scratch/afids-data/data/datasets/LHSCPD/derivatives/tfrom_greedy/sub-132/anat/sub-132_acq-MP2RAGE_space-MNI152NLin2009cAsym.mat; Input files updated by another job: /home/ROBARTS/ataha/graham/scratch/afids-data/data/datasets/LHSCPD/derivatives/synthstrip/sub-132/anat/sub-132_desc-synthstrip_T1w.nii.gz
    wildcards: subject=132
    resources: tmpdir=/tmp

[Wed Jun 28 03:09:34 2023]
Finished job 88.
8 of 201 steps (4%) done
Select jobs to execute...

[Wed Jun 28 03:09:34 2023]
rule skull_strip:
    input: /home/ROBARTS/ataha/graham/scratch/afids-data/data/datasets/LHSCPD/sub-153/anat/sub-153_run-01_T1w.nii.gz
    output: /home/ROBARTS/ataha/graham/scratch/afids-data/data/datasets/LHSCPD/derivatives/synthstrip/sub-153/anat/sub-153_desc-synthstrip_T1w.nii.gz, /home/ROBARTS/ataha/graham/scratch/afids-data/data/datasets/LHSCPD/derivatives/synthstrip/sub-153/anat/sub-153_desc-synthstrip_briamask.nii.gz
    jobid: 164
    reason: Missing output files: /home/ROBARTS/ataha/graham/scratch/afids-data/data/datasets/LHSCPD/derivatives/synthstrip/sub-153/anat/sub-153_desc-synthstrip_T1w.nii.gz
    wildcards: subject=153
    resources: tmpdir=/tmp

[Wed Jun 28 03:10:29 2023]
Finished job 164.
9 of 201 steps (4%) done
Select jobs to execute...

[Wed Jun 28 03:10:29 2023]
rule align_template_rigid:
    input: /home/ROBARTS/ataha/graham/scratch/afids-data/data/datasets/LHSCPD/derivatives/synthstrip/sub-153/anat/sub-153_desc-synthstrip_T1w.nii.gz, /home/ROBARTS/ataha/graham/scratch/afids-data/data/datasets/LHSCPD/sub-153/anat/sub-153_run-01_T1w.nii.gz
    output: /home/ROBARTS/ataha/graham/scratch/afids-data/data/datasets/LHSCPD/derivatives/tfrom_greedy/sub-153/anat/sub-153_acq-MP2RAGE_space-MNI152NLin2009cAsym.mat, /home/ROBARTS/ataha/graham/scratch/afids-data/data/datasets/LHSCPD/derivatives/tfrom_greedy/sub-153/anat/sub-153_acq-MP2RAGE_space-MNI152NLin2009cAsym_T1w.nii.gz
    jobid: 163
    reason: Missing output files: /home/ROBARTS/ataha/graham/scratch/afids-data/data/datasets/LHSCPD/derivatives/tfrom_greedy/sub-153/anat/sub-153_acq-MP2RAGE_space-MNI152NLin2009cAsym_T1w.nii.gz, /home/ROBARTS/ataha/graham/scratch/afids-data/data/datasets/LHSCPD/derivatives/tfrom_greedy/sub-153/anat/sub-153_acq-MP2RAGE_space-MNI152NLin2009cAsym.mat; Input files updated by another job: /home/ROBARTS/ataha/graham/scratch/afids-data/data/datasets/LHSCPD/derivatives/synthstrip/sub-153/anat/sub-153_desc-synthstrip_T1w.nii.gz
    wildcards: subject=153
    resources: tmpdir=/tmp

[Wed Jun 28 03:11:01 2023]
Finished job 163.
10 of 201 steps (5%) done
Select jobs to execute...

[Wed Jun 28 03:11:01 2023]
rule skull_strip:
    input: /home/ROBARTS/ataha/graham/scratch/afids-data/data/datasets/LHSCPD/sub-150/anat/sub-150_run-01_T1w.nii.gz
    output: /home/ROBARTS/ataha/graham/scratch/afids-data/data/datasets/LHSCPD/derivatives/synthstrip/sub-150/anat/sub-150_desc-synthstrip_T1w.nii.gz, /home/ROBARTS/ataha/graham/scratch/afids-data/data/datasets/LHSCPD/derivatives/synthstrip/sub-150/anat/sub-150_desc-synthstrip_briamask.nii.gz
    jobid: 149
    reason: Missing output files: /home/ROBARTS/ataha/graham/scratch/afids-data/data/datasets/LHSCPD/derivatives/synthstrip/sub-150/anat/sub-150_desc-synthstrip_T1w.nii.gz
    wildcards: subject=150
    resources: tmpdir=/tmp

[Wed Jun 28 03:12:19 2023]
Finished job 149.
11 of 201 steps (5%) done
Select jobs to execute...

[Wed Jun 28 03:12:19 2023]
rule align_template_rigid:
    input: /home/ROBARTS/ataha/graham/scratch/afids-data/data/datasets/LHSCPD/derivatives/synthstrip/sub-150/anat/sub-150_desc-synthstrip_T1w.nii.gz, /home/ROBARTS/ataha/graham/scratch/afids-data/data/datasets/LHSCPD/sub-150/anat/sub-150_run-01_T1w.nii.gz
    output: /home/ROBARTS/ataha/graham/scratch/afids-data/data/datasets/LHSCPD/derivatives/tfrom_greedy/sub-150/anat/sub-150_acq-MP2RAGE_space-MNI152NLin2009cAsym.mat, /home/ROBARTS/ataha/graham/scratch/afids-data/data/datasets/LHSCPD/derivatives/tfrom_greedy/sub-150/anat/sub-150_acq-MP2RAGE_space-MNI152NLin2009cAsym_T1w.nii.gz
    jobid: 148
    reason: Missing output files: /home/ROBARTS/ataha/graham/scratch/afids-data/data/datasets/LHSCPD/derivatives/tfrom_greedy/sub-150/anat/sub-150_acq-MP2RAGE_space-MNI152NLin2009cAsym.mat, /home/ROBARTS/ataha/graham/scratch/afids-data/data/datasets/LHSCPD/derivatives/tfrom_greedy/sub-150/anat/sub-150_acq-MP2RAGE_space-MNI152NLin2009cAsym_T1w.nii.gz; Input files updated by another job: /home/ROBARTS/ataha/graham/scratch/afids-data/data/datasets/LHSCPD/derivatives/synthstrip/sub-150/anat/sub-150_desc-synthstrip_T1w.nii.gz
    wildcards: subject=150
    resources: tmpdir=/tmp

[Wed Jun 28 03:12:45 2023]
Finished job 148.
12 of 201 steps (6%) done
Select jobs to execute...

[Wed Jun 28 03:12:45 2023]
rule skull_strip:
    input: /home/ROBARTS/ataha/graham/scratch/afids-data/data/datasets/LHSCPD/sub-106/anat/sub-106_run-01_T1w.nii.gz
    output: /home/ROBARTS/ataha/graham/scratch/afids-data/data/datasets/LHSCPD/derivatives/synthstrip/sub-106/anat/sub-106_desc-synthstrip_T1w.nii.gz, /home/ROBARTS/ataha/graham/scratch/afids-data/data/datasets/LHSCPD/derivatives/synthstrip/sub-106/anat/sub-106_desc-synthstrip_briamask.nii.gz
    jobid: 19
    reason: Missing output files: /home/ROBARTS/ataha/graham/scratch/afids-data/data/datasets/LHSCPD/derivatives/synthstrip/sub-106/anat/sub-106_desc-synthstrip_T1w.nii.gz
    wildcards: subject=106
    resources: tmpdir=/tmp

[Wed Jun 28 03:13:44 2023]
Finished job 19.
13 of 201 steps (6%) done
Select jobs to execute...

[Wed Jun 28 03:13:44 2023]
rule align_template_rigid:
    input: /home/ROBARTS/ataha/graham/scratch/afids-data/data/datasets/LHSCPD/derivatives/synthstrip/sub-106/anat/sub-106_desc-synthstrip_T1w.nii.gz, /home/ROBARTS/ataha/graham/scratch/afids-data/data/datasets/LHSCPD/sub-106/anat/sub-106_run-01_T1w.nii.gz
    output: /home/ROBARTS/ataha/graham/scratch/afids-data/data/datasets/LHSCPD/derivatives/tfrom_greedy/sub-106/anat/sub-106_acq-MP2RAGE_space-MNI152NLin2009cAsym.mat, /home/ROBARTS/ataha/graham/scratch/afids-data/data/datasets/LHSCPD/derivatives/tfrom_greedy/sub-106/anat/sub-106_acq-MP2RAGE_space-MNI152NLin2009cAsym_T1w.nii.gz
    jobid: 18
    reason: Missing output files: /home/ROBARTS/ataha/graham/scratch/afids-data/data/datasets/LHSCPD/derivatives/tfrom_greedy/sub-106/anat/sub-106_acq-MP2RAGE_space-MNI152NLin2009cAsym_T1w.nii.gz, /home/ROBARTS/ataha/graham/scratch/afids-data/data/datasets/LHSCPD/derivatives/tfrom_greedy/sub-106/anat/sub-106_acq-MP2RAGE_space-MNI152NLin2009cAsym.mat; Input files updated by another job: /home/ROBARTS/ataha/graham/scratch/afids-data/data/datasets/LHSCPD/derivatives/synthstrip/sub-106/anat/sub-106_desc-synthstrip_T1w.nii.gz
    wildcards: subject=106
    resources: tmpdir=/tmp

[Wed Jun 28 03:14:12 2023]
Finished job 18.
14 of 201 steps (7%) done
Select jobs to execute...

[Wed Jun 28 03:14:13 2023]
rule skull_strip:
    input: /home/ROBARTS/ataha/graham/scratch/afids-data/data/datasets/LHSCPD/sub-127/anat/sub-127_run-01_T1w.nii.gz
    output: /home/ROBARTS/ataha/graham/scratch/afids-data/data/datasets/LHSCPD/derivatives/synthstrip/sub-127/anat/sub-127_desc-synthstrip_T1w.nii.gz, /home/ROBARTS/ataha/graham/scratch/afids-data/data/datasets/LHSCPD/derivatives/synthstrip/sub-127/anat/sub-127_desc-synthstrip_briamask.nii.gz
    jobid: 74
    reason: Missing output files: /home/ROBARTS/ataha/graham/scratch/afids-data/data/datasets/LHSCPD/derivatives/synthstrip/sub-127/anat/sub-127_desc-synthstrip_T1w.nii.gz
    wildcards: subject=127
    resources: tmpdir=/tmp

[Wed Jun 28 03:15:29 2023]
Finished job 74.
15 of 201 steps (7%) done
Select jobs to execute...

[Wed Jun 28 03:15:29 2023]
rule align_template_rigid:
    input: /home/ROBARTS/ataha/graham/scratch/afids-data/data/datasets/LHSCPD/derivatives/synthstrip/sub-127/anat/sub-127_desc-synthstrip_T1w.nii.gz, /home/ROBARTS/ataha/graham/scratch/afids-data/data/datasets/LHSCPD/sub-127/anat/sub-127_run-01_T1w.nii.gz
    output: /home/ROBARTS/ataha/graham/scratch/afids-data/data/datasets/LHSCPD/derivatives/tfrom_greedy/sub-127/anat/sub-127_acq-MP2RAGE_space-MNI152NLin2009cAsym.mat, /home/ROBARTS/ataha/graham/scratch/afids-data/data/datasets/LHSCPD/derivatives/tfrom_greedy/sub-127/anat/sub-127_acq-MP2RAGE_space-MNI152NLin2009cAsym_T1w.nii.gz
    jobid: 73
    reason: Missing output files: /home/ROBARTS/ataha/graham/scratch/afids-data/data/datasets/LHSCPD/derivatives/tfrom_greedy/sub-127/anat/sub-127_acq-MP2RAGE_space-MNI152NLin2009cAsym.mat, /home/ROBARTS/ataha/graham/scratch/afids-data/data/datasets/LHSCPD/derivatives/tfrom_greedy/sub-127/anat/sub-127_acq-MP2RAGE_space-MNI152NLin2009cAsym_T1w.nii.gz; Input files updated by another job: /home/ROBARTS/ataha/graham/scratch/afids-data/data/datasets/LHSCPD/derivatives/synthstrip/sub-127/anat/sub-127_desc-synthstrip_T1w.nii.gz
    wildcards: subject=127
    resources: tmpdir=/tmp

[Wed Jun 28 03:16:01 2023]
Finished job 73.
16 of 201 steps (8%) done
Select jobs to execute...

[Wed Jun 28 03:16:01 2023]
rule freesurfer_preproc:
    input: /home/ROBARTS/ataha/graham/scratch/afids-data/data/datasets/LHSCPD/derivatives/tfrom_greedy/sub-127/anat/sub-127_acq-MP2RAGE_space-MNI152NLin2009cAsym_T1w.nii.gz
    output: /home/ROBARTS/ataha/graham/scratch/afids-data/data/datasets/LHSCPD/derivatives/freesurfer/sub-127/mri/T1.mgz
    jobid: 72
    reason: Missing output files: /home/ROBARTS/ataha/graham/scratch/afids-data/data/datasets/LHSCPD/derivatives/freesurfer/sub-127/mri/T1.mgz; Input files updated by another job: /home/ROBARTS/ataha/graham/scratch/afids-data/data/datasets/LHSCPD/derivatives/tfrom_greedy/sub-127/anat/sub-127_acq-MP2RAGE_space-MNI152NLin2009cAsym_T1w.nii.gz
    wildcards: subject=127
    resources: tmpdir=/tmp

[Wed Jun 28 03:16:03 2023]
Error in rule freesurfer_preproc:
    jobid: 72
    input: /home/ROBARTS/ataha/graham/scratch/afids-data/data/datasets/LHSCPD/derivatives/tfrom_greedy/sub-127/anat/sub-127_acq-MP2RAGE_space-MNI152NLin2009cAsym_T1w.nii.gz
    output: /home/ROBARTS/ataha/graham/scratch/afids-data/data/datasets/LHSCPD/derivatives/freesurfer/sub-127/mri/T1.mgz
    shell:
        
        rm -r /home/ROBARTS/ataha/graham/scratch/afids-data/data/datasets/LHSCPD/derivatives/freesurfer/sub-127
        recon-all -subject sub-127 -i /home/ROBARTS/ataha/graham/scratch/afids-data/data/datasets/LHSCPD/derivatives/tfrom_greedy/sub-127/anat/sub-127_acq-MP2RAGE_space-MNI152NLin2009cAsym_T1w.nii.gz -sd /home/ROBARTS/ataha/graham/scratch/afids-data/data/datasets/LHSCPD/derivatives/freesurfer -autorecon1
        
        (one of the commands exited with non-zero exit code; note that snakemake uses bash strict mode!)

Shutting down, this might take some time.
Exiting because a job execution failed. Look above for error message
Complete log: .snakemake/log/2023-06-28T030304.344236.snakemake.log
