Building DAG of jobs...
Using shell: /usr/bin/bash
Provided cores: 12
Rules claiming more threads will be scaled down.
Job stats:
job                   count    min threads    max threads
------------------  -------  -------------  -------------
all                       1              1              1
fids2mni                 32              1              1
freesurfer2bids          32              1              1
freesurfer_preproc       32              1              1
total                    97              1              1

Select jobs to execute...

[Thu Jun 29 09:19:50 2023]
rule freesurfer_preproc:
    input: /home/ROBARTS/ataha/graham/scratch/afids-data/data/datasets/SNSX/derivatives/tfrom_greedy/sub-C016/anat/sub-C016_acq-MP2RAGE_space-MNI152NLin2009cAsym_T1w.nii.gz
    output: /home/ROBARTS/ataha/graham/scratch/afids-data/data/datasets/SNSX/derivatives/freesurfer/sub-C016/mri/T1.mgz
    jobid: 72
    reason: Missing output files: /home/ROBARTS/ataha/graham/scratch/afids-data/data/datasets/SNSX/derivatives/freesurfer/sub-C016/mri/T1.mgz
    wildcards: subject=C016
    resources: tmpdir=/tmp


[Thu Jun 29 09:19:50 2023]
rule freesurfer_preproc:
    input: /home/ROBARTS/ataha/graham/scratch/afids-data/data/datasets/SNSX/derivatives/tfrom_greedy/sub-C004/anat/sub-C004_acq-MP2RAGE_space-MNI152NLin2009cAsym_T1w.nii.gz
    output: /home/ROBARTS/ataha/graham/scratch/afids-data/data/datasets/SNSX/derivatives/freesurfer/sub-C004/mri/T1.mgz
    jobid: 17
    reason: Missing output files: /home/ROBARTS/ataha/graham/scratch/afids-data/data/datasets/SNSX/derivatives/freesurfer/sub-C004/mri/T1.mgz
    wildcards: subject=C004
    resources: tmpdir=/tmp


[Thu Jun 29 09:19:51 2023]
rule freesurfer_preproc:
    input: /home/ROBARTS/ataha/graham/scratch/afids-data/data/datasets/SNSX/derivatives/tfrom_greedy/sub-C010/anat/sub-C010_acq-MP2RAGE_space-MNI152NLin2009cAsym_T1w.nii.gz
    output: /home/ROBARTS/ataha/graham/scratch/afids-data/data/datasets/SNSX/derivatives/freesurfer/sub-C010/mri/T1.mgz
    jobid: 47
    reason: Missing output files: /home/ROBARTS/ataha/graham/scratch/afids-data/data/datasets/SNSX/derivatives/freesurfer/sub-C010/mri/T1.mgz
    wildcards: subject=C010
    resources: tmpdir=/tmp


[Thu Jun 29 09:19:51 2023]
rule freesurfer_preproc:
    input: /home/ROBARTS/ataha/graham/scratch/afids-data/data/datasets/SNSX/derivatives/tfrom_greedy/sub-C002/anat/sub-C002_acq-MP2RAGE_space-MNI152NLin2009cAsym_T1w.nii.gz
    output: /home/ROBARTS/ataha/graham/scratch/afids-data/data/datasets/SNSX/derivatives/freesurfer/sub-C002/mri/T1.mgz
    jobid: 7
    reason: Missing output files: /home/ROBARTS/ataha/graham/scratch/afids-data/data/datasets/SNSX/derivatives/freesurfer/sub-C002/mri/T1.mgz
    wildcards: subject=C002
    resources: tmpdir=/tmp


[Thu Jun 29 09:19:51 2023]
rule freesurfer_preproc:
    input: /home/ROBARTS/ataha/graham/scratch/afids-data/data/datasets/SNSX/derivatives/tfrom_greedy/sub-C024/anat/sub-C024_acq-MP2RAGE_space-MNI152NLin2009cAsym_T1w.nii.gz
    output: /home/ROBARTS/ataha/graham/scratch/afids-data/data/datasets/SNSX/derivatives/freesurfer/sub-C024/mri/T1.mgz
    jobid: 107
    reason: Missing output files: /home/ROBARTS/ataha/graham/scratch/afids-data/data/datasets/SNSX/derivatives/freesurfer/sub-C024/mri/T1.mgz
    wildcards: subject=C024
    resources: tmpdir=/tmp


[Thu Jun 29 09:19:51 2023]
rule freesurfer_preproc:
    input: /home/ROBARTS/ataha/graham/scratch/afids-data/data/datasets/SNSX/derivatives/tfrom_greedy/sub-C030/anat/sub-C030_acq-MP2RAGE_space-MNI152NLin2009cAsym_T1w.nii.gz
    output: /home/ROBARTS/ataha/graham/scratch/afids-data/data/datasets/SNSX/derivatives/freesurfer/sub-C030/mri/T1.mgz
    jobid: 137
    reason: Missing output files: /home/ROBARTS/ataha/graham/scratch/afids-data/data/datasets/SNSX/derivatives/freesurfer/sub-C030/mri/T1.mgz
    wildcards: subject=C030
    resources: tmpdir=/tmp


[Thu Jun 29 09:19:53 2023]
rule freesurfer_preproc:
    input: /home/ROBARTS/ataha/graham/scratch/afids-data/data/datasets/SNSX/derivatives/tfrom_greedy/sub-C029/anat/sub-C029_acq-MP2RAGE_space-MNI152NLin2009cAsym_T1w.nii.gz
    output: /home/ROBARTS/ataha/graham/scratch/afids-data/data/datasets/SNSX/derivatives/freesurfer/sub-C029/mri/T1.mgz
    jobid: 132
    reason: Missing output files: /home/ROBARTS/ataha/graham/scratch/afids-data/data/datasets/SNSX/derivatives/freesurfer/sub-C029/mri/T1.mgz
    wildcards: subject=C029
    resources: tmpdir=/tmp


[Thu Jun 29 09:19:54 2023]
rule freesurfer_preproc:
    input: /home/ROBARTS/ataha/graham/scratch/afids-data/data/datasets/SNSX/derivatives/tfrom_greedy/sub-C022/anat/sub-C022_acq-MP2RAGE_space-MNI152NLin2009cAsym_T1w.nii.gz
    output: /home/ROBARTS/ataha/graham/scratch/afids-data/data/datasets/SNSX/derivatives/freesurfer/sub-C022/mri/T1.mgz
    jobid: 97
    reason: Missing output files: /home/ROBARTS/ataha/graham/scratch/afids-data/data/datasets/SNSX/derivatives/freesurfer/sub-C022/mri/T1.mgz
    wildcards: subject=C022
    resources: tmpdir=/tmp


[Thu Jun 29 09:19:54 2023]
rule freesurfer_preproc:
    input: /home/ROBARTS/ataha/graham/scratch/afids-data/data/datasets/SNSX/derivatives/tfrom_greedy/sub-C028/anat/sub-C028_acq-MP2RAGE_space-MNI152NLin2009cAsym_T1w.nii.gz
    output: /home/ROBARTS/ataha/graham/scratch/afids-data/data/datasets/SNSX/derivatives/freesurfer/sub-C028/mri/T1.mgz
    jobid: 127
    reason: Missing output files: /home/ROBARTS/ataha/graham/scratch/afids-data/data/datasets/SNSX/derivatives/freesurfer/sub-C028/mri/T1.mgz
    wildcards: subject=C028
    resources: tmpdir=/tmp


[Thu Jun 29 09:19:54 2023]
rule freesurfer_preproc:
    input: /home/ROBARTS/ataha/graham/scratch/afids-data/data/datasets/SNSX/derivatives/tfrom_greedy/sub-C013/anat/sub-C013_acq-MP2RAGE_space-MNI152NLin2009cAsym_T1w.nii.gz
    output: /home/ROBARTS/ataha/graham/scratch/afids-data/data/datasets/SNSX/derivatives/freesurfer/sub-C013/mri/T1.mgz
    jobid: 62
    reason: Missing output files: /home/ROBARTS/ataha/graham/scratch/afids-data/data/datasets/SNSX/derivatives/freesurfer/sub-C013/mri/T1.mgz
    wildcards: subject=C013
    resources: tmpdir=/tmp


[Thu Jun 29 09:19:55 2023]
rule freesurfer_preproc:
    input: /home/ROBARTS/ataha/graham/scratch/afids-data/data/datasets/SNSX/derivatives/tfrom_greedy/sub-C005/anat/sub-C005_acq-MP2RAGE_space-MNI152NLin2009cAsym_T1w.nii.gz
    output: /home/ROBARTS/ataha/graham/scratch/afids-data/data/datasets/SNSX/derivatives/freesurfer/sub-C005/mri/T1.mgz
    jobid: 22
    reason: Missing output files: /home/ROBARTS/ataha/graham/scratch/afids-data/data/datasets/SNSX/derivatives/freesurfer/sub-C005/mri/T1.mgz
    wildcards: subject=C005
    resources: tmpdir=/tmp


[Thu Jun 29 09:19:55 2023]
rule freesurfer_preproc:
    input: /home/ROBARTS/ataha/graham/scratch/afids-data/data/datasets/SNSX/derivatives/tfrom_greedy/sub-C009/anat/sub-C009_acq-MP2RAGE_space-MNI152NLin2009cAsym_T1w.nii.gz
    output: /home/ROBARTS/ataha/graham/scratch/afids-data/data/datasets/SNSX/derivatives/freesurfer/sub-C009/mri/T1.mgz
    jobid: 42
    reason: Missing output files: /home/ROBARTS/ataha/graham/scratch/afids-data/data/datasets/SNSX/derivatives/freesurfer/sub-C009/mri/T1.mgz
    wildcards: subject=C009
    resources: tmpdir=/tmp

[Thu Jun 29 10:21:41 2023]
Finished job 72.
1 of 97 steps (1%) done
Select jobs to execute...

[Thu Jun 29 10:21:41 2023]
rule freesurfer_preproc:
    input: /home/ROBARTS/ataha/graham/scratch/afids-data/data/datasets/SNSX/derivatives/tfrom_greedy/sub-C001/anat/sub-C001_acq-MP2RAGE_space-MNI152NLin2009cAsym_T1w.nii.gz
    output: /home/ROBARTS/ataha/graham/scratch/afids-data/data/datasets/SNSX/derivatives/freesurfer/sub-C001/mri/T1.mgz
    jobid: 2
    reason: Missing output files: /home/ROBARTS/ataha/graham/scratch/afids-data/data/datasets/SNSX/derivatives/freesurfer/sub-C001/mri/T1.mgz
    wildcards: subject=C001
    resources: tmpdir=/tmp

[Thu Jun 29 10:23:38 2023]
Finished job 47.
2 of 97 steps (2%) done
Select jobs to execute...

[Thu Jun 29 10:23:38 2023]
rule freesurfer_preproc:
    input: /home/ROBARTS/ataha/graham/scratch/afids-data/data/datasets/SNSX/derivatives/tfrom_greedy/sub-C020/anat/sub-C020_acq-MP2RAGE_space-MNI152NLin2009cAsym_T1w.nii.gz
    output: /home/ROBARTS/ataha/graham/scratch/afids-data/data/datasets/SNSX/derivatives/freesurfer/sub-C020/mri/T1.mgz
    jobid: 87
    reason: Missing output files: /home/ROBARTS/ataha/graham/scratch/afids-data/data/datasets/SNSX/derivatives/freesurfer/sub-C020/mri/T1.mgz
    wildcards: subject=C020
    resources: tmpdir=/tmp

[Thu Jun 29 10:24:38 2023]
Finished job 17.
3 of 97 steps (3%) done
Select jobs to execute...

[Thu Jun 29 10:24:38 2023]
rule freesurfer_preproc:
    input: /home/ROBARTS/ataha/graham/scratch/afids-data/data/datasets/SNSX/derivatives/tfrom_greedy/sub-C012/anat/sub-C012_acq-MP2RAGE_space-MNI152NLin2009cAsym_T1w.nii.gz
    output: /home/ROBARTS/ataha/graham/scratch/afids-data/data/datasets/SNSX/derivatives/freesurfer/sub-C012/mri/T1.mgz
    jobid: 57
    reason: Missing output files: /home/ROBARTS/ataha/graham/scratch/afids-data/data/datasets/SNSX/derivatives/freesurfer/sub-C012/mri/T1.mgz
    wildcards: subject=C012
    resources: tmpdir=/tmp

[Thu Jun 29 10:24:45 2023]
Finished job 62.
4 of 97 steps (4%) done
Select jobs to execute...

[Thu Jun 29 10:24:45 2023]
rule freesurfer_preproc:
    input: /home/ROBARTS/ataha/graham/scratch/afids-data/data/datasets/SNSX/derivatives/tfrom_greedy/sub-C027/anat/sub-C027_acq-MP2RAGE_space-MNI152NLin2009cAsym_T1w.nii.gz
    output: /home/ROBARTS/ataha/graham/scratch/afids-data/data/datasets/SNSX/derivatives/freesurfer/sub-C027/mri/T1.mgz
    jobid: 122
    reason: Missing output files: /home/ROBARTS/ataha/graham/scratch/afids-data/data/datasets/SNSX/derivatives/freesurfer/sub-C027/mri/T1.mgz
    wildcards: subject=C027
    resources: tmpdir=/tmp

[Thu Jun 29 10:24:51 2023]
Finished job 107.
5 of 97 steps (5%) done
Select jobs to execute...

[Thu Jun 29 10:24:51 2023]
rule freesurfer_preproc:
    input: /home/ROBARTS/ataha/graham/scratch/afids-data/data/datasets/SNSX/derivatives/tfrom_greedy/sub-C019/anat/sub-C019_acq-MP2RAGE_space-MNI152NLin2009cAsym_T1w.nii.gz
    output: /home/ROBARTS/ataha/graham/scratch/afids-data/data/datasets/SNSX/derivatives/freesurfer/sub-C019/mri/T1.mgz
    jobid: 82
    reason: Missing output files: /home/ROBARTS/ataha/graham/scratch/afids-data/data/datasets/SNSX/derivatives/freesurfer/sub-C019/mri/T1.mgz
    wildcards: subject=C019
    resources: tmpdir=/tmp

[Thu Jun 29 10:25:01 2023]
Finished job 22.
6 of 97 steps (6%) done
Select jobs to execute...

[Thu Jun 29 10:25:01 2023]
rule freesurfer_preproc:
    input: /home/ROBARTS/ataha/graham/scratch/afids-data/data/datasets/SNSX/derivatives/tfrom_greedy/sub-C023/anat/sub-C023_acq-MP2RAGE_space-MNI152NLin2009cAsym_T1w.nii.gz
    output: /home/ROBARTS/ataha/graham/scratch/afids-data/data/datasets/SNSX/derivatives/freesurfer/sub-C023/mri/T1.mgz
    jobid: 102
    reason: Missing output files: /home/ROBARTS/ataha/graham/scratch/afids-data/data/datasets/SNSX/derivatives/freesurfer/sub-C023/mri/T1.mgz
    wildcards: subject=C023
    resources: tmpdir=/tmp

[Thu Jun 29 10:25:52 2023]
Finished job 132.
7 of 97 steps (7%) done
Select jobs to execute...

[Thu Jun 29 10:25:52 2023]
rule freesurfer_preproc:
    input: /home/ROBARTS/ataha/graham/scratch/afids-data/data/datasets/SNSX/derivatives/tfrom_greedy/sub-C031/anat/sub-C031_acq-MP2RAGE_space-MNI152NLin2009cAsym_T1w.nii.gz
    output: /home/ROBARTS/ataha/graham/scratch/afids-data/data/datasets/SNSX/derivatives/freesurfer/sub-C031/mri/T1.mgz
    jobid: 142
    reason: Missing output files: /home/ROBARTS/ataha/graham/scratch/afids-data/data/datasets/SNSX/derivatives/freesurfer/sub-C031/mri/T1.mgz
    wildcards: subject=C031
    resources: tmpdir=/tmp

[Thu Jun 29 10:26:14 2023]
Finished job 127.
8 of 97 steps (8%) done
Select jobs to execute...

[Thu Jun 29 10:26:14 2023]
rule freesurfer_preproc:
    input: /home/ROBARTS/ataha/graham/scratch/afids-data/data/datasets/SNSX/derivatives/tfrom_greedy/sub-C008/anat/sub-C008_acq-MP2RAGE_space-MNI152NLin2009cAsym_T1w.nii.gz
    output: /home/ROBARTS/ataha/graham/scratch/afids-data/data/datasets/SNSX/derivatives/freesurfer/sub-C008/mri/T1.mgz
    jobid: 37
    reason: Missing output files: /home/ROBARTS/ataha/graham/scratch/afids-data/data/datasets/SNSX/derivatives/freesurfer/sub-C008/mri/T1.mgz
    wildcards: subject=C008
    resources: tmpdir=/tmp

[Thu Jun 29 10:26:24 2023]
Finished job 42.
9 of 97 steps (9%) done
Select jobs to execute...

[Thu Jun 29 10:26:24 2023]
rule freesurfer_preproc:
    input: /home/ROBARTS/ataha/graham/scratch/afids-data/data/datasets/SNSX/derivatives/tfrom_greedy/sub-C011/anat/sub-C011_acq-MP2RAGE_space-MNI152NLin2009cAsym_T1w.nii.gz
    output: /home/ROBARTS/ataha/graham/scratch/afids-data/data/datasets/SNSX/derivatives/freesurfer/sub-C011/mri/T1.mgz
    jobid: 52
    reason: Missing output files: /home/ROBARTS/ataha/graham/scratch/afids-data/data/datasets/SNSX/derivatives/freesurfer/sub-C011/mri/T1.mgz
    wildcards: subject=C011
    resources: tmpdir=/tmp

[Thu Jun 29 10:26:55 2023]
Finished job 7.
10 of 97 steps (10%) done
Select jobs to execute...

[Thu Jun 29 10:26:55 2023]
rule freesurfer_preproc:
    input: /home/ROBARTS/ataha/graham/scratch/afids-data/data/datasets/SNSX/derivatives/tfrom_greedy/sub-C006/anat/sub-C006_acq-MP2RAGE_space-MNI152NLin2009cAsym_T1w.nii.gz
    output: /home/ROBARTS/ataha/graham/scratch/afids-data/data/datasets/SNSX/derivatives/freesurfer/sub-C006/mri/T1.mgz
    jobid: 27
    reason: Missing output files: /home/ROBARTS/ataha/graham/scratch/afids-data/data/datasets/SNSX/derivatives/freesurfer/sub-C006/mri/T1.mgz
    wildcards: subject=C006
    resources: tmpdir=/tmp

[Thu Jun 29 10:27:55 2023]
Finished job 137.
11 of 97 steps (11%) done
Select jobs to execute...

[Thu Jun 29 10:27:55 2023]
rule freesurfer_preproc:
    input: /home/ROBARTS/ataha/graham/scratch/afids-data/data/datasets/SNSX/derivatives/tfrom_greedy/sub-C007/anat/sub-C007_acq-MP2RAGE_space-MNI152NLin2009cAsym_T1w.nii.gz
    output: /home/ROBARTS/ataha/graham/scratch/afids-data/data/datasets/SNSX/derivatives/freesurfer/sub-C007/mri/T1.mgz
    jobid: 32
    reason: Missing output files: /home/ROBARTS/ataha/graham/scratch/afids-data/data/datasets/SNSX/derivatives/freesurfer/sub-C007/mri/T1.mgz
    wildcards: subject=C007
    resources: tmpdir=/tmp

[Thu Jun 29 10:27:58 2023]
Finished job 97.
12 of 97 steps (12%) done
Select jobs to execute...

[Thu Jun 29 10:27:58 2023]
rule freesurfer_preproc:
    input: /home/ROBARTS/ataha/graham/scratch/afids-data/data/datasets/SNSX/derivatives/tfrom_greedy/sub-C032/anat/sub-C032_acq-MP2RAGE_space-MNI152NLin2009cAsym_T1w.nii.gz
    output: /home/ROBARTS/ataha/graham/scratch/afids-data/data/datasets/SNSX/derivatives/freesurfer/sub-C032/mri/T1.mgz
    jobid: 147
    reason: Missing output files: /home/ROBARTS/ataha/graham/scratch/afids-data/data/datasets/SNSX/derivatives/freesurfer/sub-C032/mri/T1.mgz
    wildcards: subject=C032
    resources: tmpdir=/tmp

