Building DAG of jobs...
Using shell: /usr/bin/bash
Provided cores: 12
Rules claiming more threads will be scaled down.
Job stats:
job                   count    min threads    max threads
------------------  -------  -------------  -------------
all                       1              1              1
fids2mni                 32              1              1
freesurfer2bids          32              1              1
freesurfer_preproc        9              1              1
total                    74              1              1

Select jobs to execute...

[Thu Jun 29 14:23:51 2023]
rule freesurfer_preproc:
    input: /home/ROBARTS/ataha/graham/scratch/afids-data/data/datasets/SNSX/derivatives/tfrom_greedy/sub-C034/anat/sub-C034_acq-MP2RAGE_space-MNI152NLin2009cAsym_T1w.nii.gz
    output: /home/ROBARTS/ataha/graham/scratch/afids-data/data/datasets/SNSX/derivatives/freesurfer/sub-C034/mri/T1.mgz
    jobid: 157
    reason: Missing output files: /home/ROBARTS/ataha/graham/scratch/afids-data/data/datasets/SNSX/derivatives/freesurfer/sub-C034/mri/T1.mgz
    wildcards: subject=C034
    resources: tmpdir=/tmp


[Thu Jun 29 14:23:51 2023]
rule freesurfer_preproc:
    input: /home/ROBARTS/ataha/graham/scratch/afids-data/data/datasets/SNSX/derivatives/tfrom_greedy/sub-C026/anat/sub-C026_acq-MP2RAGE_space-MNI152NLin2009cAsym_T1w.nii.gz
    output: /home/ROBARTS/ataha/graham/scratch/afids-data/data/datasets/SNSX/derivatives/freesurfer/sub-C026/mri/T1.mgz
    jobid: 117
    reason: Missing output files: /home/ROBARTS/ataha/graham/scratch/afids-data/data/datasets/SNSX/derivatives/freesurfer/sub-C026/mri/T1.mgz
    wildcards: subject=C026
    resources: tmpdir=/tmp


[Thu Jun 29 14:23:52 2023]
rule freesurfer_preproc:
    input: /home/ROBARTS/ataha/graham/scratch/afids-data/data/datasets/SNSX/derivatives/tfrom_greedy/sub-C018/anat/sub-C018_acq-MP2RAGE_space-MNI152NLin2009cAsym_T1w.nii.gz
    output: /home/ROBARTS/ataha/graham/scratch/afids-data/data/datasets/SNSX/derivatives/freesurfer/sub-C018/mri/T1.mgz
    jobid: 77
    reason: Missing output files: /home/ROBARTS/ataha/graham/scratch/afids-data/data/datasets/SNSX/derivatives/freesurfer/sub-C018/mri/T1.mgz
    wildcards: subject=C018
    resources: tmpdir=/tmp


[Thu Jun 29 14:23:53 2023]
rule freesurfer_preproc:
    input: /home/ROBARTS/ataha/graham/scratch/afids-data/data/datasets/SNSX/derivatives/tfrom_greedy/sub-C008/anat/sub-C008_acq-MP2RAGE_space-MNI152NLin2009cAsym_T1w.nii.gz
    output: /home/ROBARTS/ataha/graham/scratch/afids-data/data/datasets/SNSX/derivatives/freesurfer/sub-C008/mri/T1.mgz
    jobid: 37
    reason: Missing output files: /home/ROBARTS/ataha/graham/scratch/afids-data/data/datasets/SNSX/derivatives/freesurfer/sub-C008/mri/T1.mgz
    wildcards: subject=C008
    resources: tmpdir=/tmp


[Thu Jun 29 14:23:53 2023]
rule fids2mni:
    input: /home/ROBARTS/ataha/graham/scratch/afids-data/data/datasets/SNSX/derivatives/afids_groundtruth/sub-C029/anat/sub-C029_acq-MP2RAGE_run-01_space-T1w_desc-groundtruth_afids.fcsv, /home/ROBARTS/ataha/graham/scratch/afids-data/data/datasets/SNSX/derivatives/tfrom_greedy/sub-C029/anat/sub-C029_acq-MP2RAGE_space-MNI152NLin2009cAsym.mat
    output: /home/ROBARTS/ataha/graham/scratch/afids-data/data/datasets/SNSX/derivatives/tfrom_greedy/sub-C029/anat/sub-C029_space-MNI152NLin2009cAsym_desc-groundtruth_afids.fcsv
    jobid: 135
    reason: Missing output files: /home/ROBARTS/ataha/graham/scratch/afids-data/data/datasets/SNSX/derivatives/tfrom_greedy/sub-C029/anat/sub-C029_space-MNI152NLin2009cAsym_desc-groundtruth_afids.fcsv
    wildcards: subject=C029
    resources: tmpdir=/tmp

[Thu Jun 29 14:23:54 2023]
rule freesurfer_preproc:
    input: /home/ROBARTS/ataha/graham/scratch/afids-data/data/datasets/SNSX/derivatives/tfrom_greedy/sub-C015/anat/sub-C015_acq-MP2RAGE_space-MNI152NLin2009cAsym_T1w.nii.gz
    output: /home/ROBARTS/ataha/graham/scratch/afids-data/data/datasets/SNSX/derivatives/freesurfer/sub-C015/mri/T1.mgz
    jobid: 67
    reason: Missing output files: /home/ROBARTS/ataha/graham/scratch/afids-data/data/datasets/SNSX/derivatives/freesurfer/sub-C015/mri/T1.mgz
    wildcards: subject=C015
    resources: tmpdir=/tmp


[Thu Jun 29 14:23:57 2023]
rule fids2mni:
    input: /home/ROBARTS/ataha/graham/scratch/afids-data/data/datasets/SNSX/derivatives/afids_groundtruth/sub-C020/anat/sub-C020_acq-MP2RAGE_run-01_space-T1w_desc-groundtruth_afids.fcsv, /home/ROBARTS/ataha/graham/scratch/afids-data/data/datasets/SNSX/derivatives/tfrom_greedy/sub-C020/anat/sub-C020_acq-MP2RAGE_space-MNI152NLin2009cAsym.mat
    output: /home/ROBARTS/ataha/graham/scratch/afids-data/data/datasets/SNSX/derivatives/tfrom_greedy/sub-C020/anat/sub-C020_space-MNI152NLin2009cAsym_desc-groundtruth_afids.fcsv
    jobid: 90
    reason: Missing output files: /home/ROBARTS/ataha/graham/scratch/afids-data/data/datasets/SNSX/derivatives/tfrom_greedy/sub-C020/anat/sub-C020_space-MNI152NLin2009cAsym_desc-groundtruth_afids.fcsv
    wildcards: subject=C020
    resources: tmpdir=/tmp

[Thu Jun 29 14:23:57 2023]
rule freesurfer_preproc:
    input: /home/ROBARTS/ataha/graham/scratch/afids-data/data/datasets/SNSX/derivatives/tfrom_greedy/sub-C021/anat/sub-C021_acq-MP2RAGE_space-MNI152NLin2009cAsym_T1w.nii.gz
    output: /home/ROBARTS/ataha/graham/scratch/afids-data/data/datasets/SNSX/derivatives/freesurfer/sub-C021/mri/T1.mgz
    jobid: 92
    reason: Missing output files: /home/ROBARTS/ataha/graham/scratch/afids-data/data/datasets/SNSX/derivatives/freesurfer/sub-C021/mri/T1.mgz
    wildcards: subject=C021
    resources: tmpdir=/tmp


[Thu Jun 29 14:24:00 2023]
rule fids2mni:
    input: /home/ROBARTS/ataha/graham/scratch/afids-data/data/datasets/SNSX/derivatives/afids_groundtruth/sub-C032/anat/sub-C032_acq-MP2RAGE_run-01_space-T1w_desc-groundtruth_afids.fcsv, /home/ROBARTS/ataha/graham/scratch/afids-data/data/datasets/SNSX/derivatives/tfrom_greedy/sub-C032/anat/sub-C032_acq-MP2RAGE_space-MNI152NLin2009cAsym.mat
    output: /home/ROBARTS/ataha/graham/scratch/afids-data/data/datasets/SNSX/derivatives/tfrom_greedy/sub-C032/anat/sub-C032_space-MNI152NLin2009cAsym_desc-groundtruth_afids.fcsv
    jobid: 150
    reason: Missing output files: /home/ROBARTS/ataha/graham/scratch/afids-data/data/datasets/SNSX/derivatives/tfrom_greedy/sub-C032/anat/sub-C032_space-MNI152NLin2009cAsym_desc-groundtruth_afids.fcsv
    wildcards: subject=C032
    resources: tmpdir=/tmp

[Thu Jun 29 14:24:01 2023]
rule freesurfer_preproc:
    input: /home/ROBARTS/ataha/graham/scratch/afids-data/data/datasets/SNSX/derivatives/tfrom_greedy/sub-C003/anat/sub-C003_acq-MP2RAGE_space-MNI152NLin2009cAsym_T1w.nii.gz
    output: /home/ROBARTS/ataha/graham/scratch/afids-data/data/datasets/SNSX/derivatives/freesurfer/sub-C003/mri/T1.mgz
    jobid: 12
    reason: Missing output files: /home/ROBARTS/ataha/graham/scratch/afids-data/data/datasets/SNSX/derivatives/freesurfer/sub-C003/mri/T1.mgz
    wildcards: subject=C003
    resources: tmpdir=/tmp


[Thu Jun 29 14:24:01 2023]
rule freesurfer_preproc:
    input: /home/ROBARTS/ataha/graham/scratch/afids-data/data/datasets/SNSX/derivatives/tfrom_greedy/sub-C033/anat/sub-C033_acq-MP2RAGE_space-MNI152NLin2009cAsym_T1w.nii.gz
    output: /home/ROBARTS/ataha/graham/scratch/afids-data/data/datasets/SNSX/derivatives/freesurfer/sub-C033/mri/T1.mgz
    jobid: 152
    reason: Missing output files: /home/ROBARTS/ataha/graham/scratch/afids-data/data/datasets/SNSX/derivatives/freesurfer/sub-C033/mri/T1.mgz
    wildcards: subject=C033
    resources: tmpdir=/tmp


[Thu Jun 29 14:24:04 2023]
rule freesurfer_preproc:
    input: /home/ROBARTS/ataha/graham/scratch/afids-data/data/datasets/SNSX/derivatives/tfrom_greedy/sub-C025/anat/sub-C025_acq-MP2RAGE_space-MNI152NLin2009cAsym_T1w.nii.gz
    output: /home/ROBARTS/ataha/graham/scratch/afids-data/data/datasets/SNSX/derivatives/freesurfer/sub-C025/mri/T1.mgz
    jobid: 112
    reason: Missing output files: /home/ROBARTS/ataha/graham/scratch/afids-data/data/datasets/SNSX/derivatives/freesurfer/sub-C025/mri/T1.mgz
    wildcards: subject=C025
    resources: tmpdir=/tmp

[Thu Jun 29 14:24:06 2023]
Finished job 135.
1 of 74 steps (1%) done
[Thu Jun 29 14:24:06 2023]
Finished job 90.
2 of 74 steps (3%) done
[Thu Jun 29 14:24:07 2023]
Finished job 150.
3 of 74 steps (4%) done
Select jobs to execute...

[Thu Jun 29 14:24:07 2023]
rule freesurfer2bids:
    input: /home/ROBARTS/ataha/graham/scratch/afids-data/data/datasets/SNSX/derivatives/freesurfer/sub-C020/mri/T1.mgz, /home/ROBARTS/ataha/graham/scratch/afids-data/data/datasets/SNSX/derivatives/tfrom_greedy/sub-C020/anat/sub-C020_space-MNI152NLin2009cAsym_desc-groundtruth_afids.fcsv
    output: /home/ROBARTS/ataha/graham/scratch/afids-data/data/datasets/SNSX/derivatives/train/sub-C020/anat/sub-C020_acq-MP2RAGE_space-MNI152NLin2009cAsym_res-1mm_desc-fspreproc_T1w.nii.gz, /home/ROBARTS/ataha/graham/scratch/afids-data/data/datasets/SNSX/derivatives/train/sub-C020/anat/sub-C020_acq-MP2RAGE_space-MNI152NLin2009cAsym_res-1mm_desc-groundtruth_afids.fcsv, /home/ROBARTS/ataha/graham/scratch/afids-data/data/datasets/SNSX/derivatives/train/sub-C020/anat
    jobid: 86
    reason: Missing output files: /home/ROBARTS/ataha/graham/scratch/afids-data/data/datasets/SNSX/derivatives/train/sub-C020/anat/sub-C020_acq-MP2RAGE_space-MNI152NLin2009cAsym_res-1mm_desc-groundtruth_afids.fcsv; Input files updated by another job: /home/ROBARTS/ataha/graham/scratch/afids-data/data/datasets/SNSX/derivatives/tfrom_greedy/sub-C020/anat/sub-C020_space-MNI152NLin2009cAsym_desc-groundtruth_afids.fcsv
    wildcards: subject=C020
    resources: tmpdir=/tmp


[Thu Jun 29 14:24:10 2023]
rule freesurfer2bids:
    input: /home/ROBARTS/ataha/graham/scratch/afids-data/data/datasets/SNSX/derivatives/freesurfer/sub-C029/mri/T1.mgz, /home/ROBARTS/ataha/graham/scratch/afids-data/data/datasets/SNSX/derivatives/tfrom_greedy/sub-C029/anat/sub-C029_space-MNI152NLin2009cAsym_desc-groundtruth_afids.fcsv
    output: /home/ROBARTS/ataha/graham/scratch/afids-data/data/datasets/SNSX/derivatives/train/sub-C029/anat/sub-C029_acq-MP2RAGE_space-MNI152NLin2009cAsym_res-1mm_desc-fspreproc_T1w.nii.gz, /home/ROBARTS/ataha/graham/scratch/afids-data/data/datasets/SNSX/derivatives/train/sub-C029/anat/sub-C029_acq-MP2RAGE_space-MNI152NLin2009cAsym_res-1mm_desc-groundtruth_afids.fcsv, /home/ROBARTS/ataha/graham/scratch/afids-data/data/datasets/SNSX/derivatives/train/sub-C029/anat
    jobid: 131
    reason: Missing output files: /home/ROBARTS/ataha/graham/scratch/afids-data/data/datasets/SNSX/derivatives/train/sub-C029/anat/sub-C029_acq-MP2RAGE_space-MNI152NLin2009cAsym_res-1mm_desc-groundtruth_afids.fcsv; Input files updated by another job: /home/ROBARTS/ataha/graham/scratch/afids-data/data/datasets/SNSX/derivatives/tfrom_greedy/sub-C029/anat/sub-C029_space-MNI152NLin2009cAsym_desc-groundtruth_afids.fcsv
    wildcards: subject=C029
    resources: tmpdir=/tmp


[Thu Jun 29 14:24:13 2023]
rule freesurfer2bids:
    input: /home/ROBARTS/ataha/graham/scratch/afids-data/data/datasets/SNSX/derivatives/freesurfer/sub-C032/mri/T1.mgz, /home/ROBARTS/ataha/graham/scratch/afids-data/data/datasets/SNSX/derivatives/tfrom_greedy/sub-C032/anat/sub-C032_space-MNI152NLin2009cAsym_desc-groundtruth_afids.fcsv
    output: /home/ROBARTS/ataha/graham/scratch/afids-data/data/datasets/SNSX/derivatives/train/sub-C032/anat/sub-C032_acq-MP2RAGE_space-MNI152NLin2009cAsym_res-1mm_desc-fspreproc_T1w.nii.gz, /home/ROBARTS/ataha/graham/scratch/afids-data/data/datasets/SNSX/derivatives/train/sub-C032/anat/sub-C032_acq-MP2RAGE_space-MNI152NLin2009cAsym_res-1mm_desc-groundtruth_afids.fcsv, /home/ROBARTS/ataha/graham/scratch/afids-data/data/datasets/SNSX/derivatives/train/sub-C032/anat
    jobid: 146
    reason: Missing output files: /home/ROBARTS/ataha/graham/scratch/afids-data/data/datasets/SNSX/derivatives/train/sub-C032/anat/sub-C032_acq-MP2RAGE_space-MNI152NLin2009cAsym_res-1mm_desc-groundtruth_afids.fcsv; Input files updated by another job: /home/ROBARTS/ataha/graham/scratch/afids-data/data/datasets/SNSX/derivatives/tfrom_greedy/sub-C032/anat/sub-C032_space-MNI152NLin2009cAsym_desc-groundtruth_afids.fcsv
    wildcards: subject=C032
    resources: tmpdir=/tmp

Select jobs to execute...
[Thu Jun 29 14:24:17 2023]
Finished job 86.
4 of 74 steps (5%) done

[Thu Jun 29 14:24:17 2023]
rule fids2mni:
    input: /home/ROBARTS/ataha/graham/scratch/afids-data/data/datasets/SNSX/derivatives/afids_groundtruth/sub-C003/anat/sub-C003_acq-MP2RAGE_run-01_space-T1w_desc-groundtruth_afids.fcsv, /home/ROBARTS/ataha/graham/scratch/afids-data/data/datasets/SNSX/derivatives/tfrom_greedy/sub-C003/anat/sub-C003_acq-MP2RAGE_space-MNI152NLin2009cAsym.mat
    output: /home/ROBARTS/ataha/graham/scratch/afids-data/data/datasets/SNSX/derivatives/tfrom_greedy/sub-C003/anat/sub-C003_space-MNI152NLin2009cAsym_desc-groundtruth_afids.fcsv
    jobid: 15
    reason: Missing output files: /home/ROBARTS/ataha/graham/scratch/afids-data/data/datasets/SNSX/derivatives/tfrom_greedy/sub-C003/anat/sub-C003_space-MNI152NLin2009cAsym_desc-groundtruth_afids.fcsv
    wildcards: subject=C003
    resources: tmpdir=/tmp

[Thu Jun 29 14:24:21 2023]
Finished job 131.
5 of 74 steps (7%) done
Select jobs to execute...

[Thu Jun 29 14:24:21 2023]
rule fids2mni:
    input: /home/ROBARTS/ataha/graham/scratch/afids-data/data/datasets/SNSX/derivatives/afids_groundtruth/sub-C005/anat/sub-C005_acq-MP2RAGE_run-01_space-T1w_desc-groundtruth_afids.fcsv, /home/ROBARTS/ataha/graham/scratch/afids-data/data/datasets/SNSX/derivatives/tfrom_greedy/sub-C005/anat/sub-C005_acq-MP2RAGE_space-MNI152NLin2009cAsym.mat
    output: /home/ROBARTS/ataha/graham/scratch/afids-data/data/datasets/SNSX/derivatives/tfrom_greedy/sub-C005/anat/sub-C005_space-MNI152NLin2009cAsym_desc-groundtruth_afids.fcsv
    jobid: 25
    reason: Missing output files: /home/ROBARTS/ataha/graham/scratch/afids-data/data/datasets/SNSX/derivatives/tfrom_greedy/sub-C005/anat/sub-C005_space-MNI152NLin2009cAsym_desc-groundtruth_afids.fcsv
    wildcards: subject=C005
    resources: tmpdir=/tmp

[Thu Jun 29 14:24:25 2023]
Finished job 146.
6 of 74 steps (8%) done
[Thu Jun 29 14:24:26 2023]
Finished job 15.
7 of 74 steps (9%) done
Select jobs to execute...

[Thu Jun 29 14:24:27 2023]
rule fids2mni:
    input: /home/ROBARTS/ataha/graham/scratch/afids-data/data/datasets/SNSX/derivatives/afids_groundtruth/sub-C019/anat/sub-C019_acq-MP2RAGE_run-01_space-T1w_desc-groundtruth_afids.fcsv, /home/ROBARTS/ataha/graham/scratch/afids-data/data/datasets/SNSX/derivatives/tfrom_greedy/sub-C019/anat/sub-C019_acq-MP2RAGE_space-MNI152NLin2009cAsym.mat
    output: /home/ROBARTS/ataha/graham/scratch/afids-data/data/datasets/SNSX/derivatives/tfrom_greedy/sub-C019/anat/sub-C019_space-MNI152NLin2009cAsym_desc-groundtruth_afids.fcsv
    jobid: 85
    reason: Missing output files: /home/ROBARTS/ataha/graham/scratch/afids-data/data/datasets/SNSX/derivatives/tfrom_greedy/sub-C019/anat/sub-C019_space-MNI152NLin2009cAsym_desc-groundtruth_afids.fcsv
    wildcards: subject=C019
    resources: tmpdir=/tmp

[Thu Jun 29 14:24:29 2023]
rule fids2mni:
    input: /home/ROBARTS/ataha/graham/scratch/afids-data/data/datasets/SNSX/derivatives/afids_groundtruth/sub-C010/anat/sub-C010_acq-MP2RAGE_run-01_space-T1w_desc-groundtruth_afids.fcsv, /home/ROBARTS/ataha/graham/scratch/afids-data/data/datasets/SNSX/derivatives/tfrom_greedy/sub-C010/anat/sub-C010_acq-MP2RAGE_space-MNI152NLin2009cAsym.mat
    output: /home/ROBARTS/ataha/graham/scratch/afids-data/data/datasets/SNSX/derivatives/tfrom_greedy/sub-C010/anat/sub-C010_space-MNI152NLin2009cAsym_desc-groundtruth_afids.fcsv
    jobid: 50
    reason: Missing output files: /home/ROBARTS/ataha/graham/scratch/afids-data/data/datasets/SNSX/derivatives/tfrom_greedy/sub-C010/anat/sub-C010_space-MNI152NLin2009cAsym_desc-groundtruth_afids.fcsv
    wildcards: subject=C010
    resources: tmpdir=/tmp

[Thu Jun 29 14:24:30 2023]
Finished job 25.
8 of 74 steps (11%) done
Select jobs to execute...

[Thu Jun 29 14:24:30 2023]
rule freesurfer2bids:
    input: /home/ROBARTS/ataha/graham/scratch/afids-data/data/datasets/SNSX/derivatives/freesurfer/sub-C005/mri/T1.mgz, /home/ROBARTS/ataha/graham/scratch/afids-data/data/datasets/SNSX/derivatives/tfrom_greedy/sub-C005/anat/sub-C005_space-MNI152NLin2009cAsym_desc-groundtruth_afids.fcsv
    output: /home/ROBARTS/ataha/graham/scratch/afids-data/data/datasets/SNSX/derivatives/train/sub-C005/anat/sub-C005_acq-MP2RAGE_space-MNI152NLin2009cAsym_res-1mm_desc-fspreproc_T1w.nii.gz, /home/ROBARTS/ataha/graham/scratch/afids-data/data/datasets/SNSX/derivatives/train/sub-C005/anat/sub-C005_acq-MP2RAGE_space-MNI152NLin2009cAsym_res-1mm_desc-groundtruth_afids.fcsv, /home/ROBARTS/ataha/graham/scratch/afids-data/data/datasets/SNSX/derivatives/train/sub-C005/anat
    jobid: 21
    reason: Missing output files: /home/ROBARTS/ataha/graham/scratch/afids-data/data/datasets/SNSX/derivatives/train/sub-C005/anat/sub-C005_acq-MP2RAGE_space-MNI152NLin2009cAsym_res-1mm_desc-groundtruth_afids.fcsv; Input files updated by another job: /home/ROBARTS/ataha/graham/scratch/afids-data/data/datasets/SNSX/derivatives/tfrom_greedy/sub-C005/anat/sub-C005_space-MNI152NLin2009cAsym_desc-groundtruth_afids.fcsv
    wildcards: subject=C005
    resources: tmpdir=/tmp

[Thu Jun 29 14:24:34 2023]
Finished job 85.
9 of 74 steps (12%) done
[Thu Jun 29 14:24:35 2023]
Finished job 50.
10 of 74 steps (14%) done
Select jobs to execute...

[Thu Jun 29 14:24:35 2023]
rule freesurfer2bids:
    input: /home/ROBARTS/ataha/graham/scratch/afids-data/data/datasets/SNSX/derivatives/freesurfer/sub-C019/mri/T1.mgz, /home/ROBARTS/ataha/graham/scratch/afids-data/data/datasets/SNSX/derivatives/tfrom_greedy/sub-C019/anat/sub-C019_space-MNI152NLin2009cAsym_desc-groundtruth_afids.fcsv
    output: /home/ROBARTS/ataha/graham/scratch/afids-data/data/datasets/SNSX/derivatives/train/sub-C019/anat/sub-C019_acq-MP2RAGE_space-MNI152NLin2009cAsym_res-1mm_desc-fspreproc_T1w.nii.gz, /home/ROBARTS/ataha/graham/scratch/afids-data/data/datasets/SNSX/derivatives/train/sub-C019/anat/sub-C019_acq-MP2RAGE_space-MNI152NLin2009cAsym_res-1mm_desc-groundtruth_afids.fcsv, /home/ROBARTS/ataha/graham/scratch/afids-data/data/datasets/SNSX/derivatives/train/sub-C019/anat
    jobid: 81
    reason: Missing output files: /home/ROBARTS/ataha/graham/scratch/afids-data/data/datasets/SNSX/derivatives/train/sub-C019/anat/sub-C019_acq-MP2RAGE_space-MNI152NLin2009cAsym_res-1mm_desc-groundtruth_afids.fcsv; Input files updated by another job: /home/ROBARTS/ataha/graham/scratch/afids-data/data/datasets/SNSX/derivatives/tfrom_greedy/sub-C019/anat/sub-C019_space-MNI152NLin2009cAsym_desc-groundtruth_afids.fcsv
    wildcards: subject=C019
    resources: tmpdir=/tmp


[Thu Jun 29 14:24:36 2023]
rule freesurfer2bids:
    input: /home/ROBARTS/ataha/graham/scratch/afids-data/data/datasets/SNSX/derivatives/freesurfer/sub-C010/mri/T1.mgz, /home/ROBARTS/ataha/graham/scratch/afids-data/data/datasets/SNSX/derivatives/tfrom_greedy/sub-C010/anat/sub-C010_space-MNI152NLin2009cAsym_desc-groundtruth_afids.fcsv
    output: /home/ROBARTS/ataha/graham/scratch/afids-data/data/datasets/SNSX/derivatives/train/sub-C010/anat/sub-C010_acq-MP2RAGE_space-MNI152NLin2009cAsym_res-1mm_desc-fspreproc_T1w.nii.gz, /home/ROBARTS/ataha/graham/scratch/afids-data/data/datasets/SNSX/derivatives/train/sub-C010/anat/sub-C010_acq-MP2RAGE_space-MNI152NLin2009cAsym_res-1mm_desc-groundtruth_afids.fcsv, /home/ROBARTS/ataha/graham/scratch/afids-data/data/datasets/SNSX/derivatives/train/sub-C010/anat
    jobid: 46
    reason: Missing output files: /home/ROBARTS/ataha/graham/scratch/afids-data/data/datasets/SNSX/derivatives/train/sub-C010/anat/sub-C010_acq-MP2RAGE_space-MNI152NLin2009cAsym_res-1mm_desc-groundtruth_afids.fcsv; Input files updated by another job: /home/ROBARTS/ataha/graham/scratch/afids-data/data/datasets/SNSX/derivatives/tfrom_greedy/sub-C010/anat/sub-C010_space-MNI152NLin2009cAsym_desc-groundtruth_afids.fcsv
    wildcards: subject=C010
    resources: tmpdir=/tmp

[Thu Jun 29 14:24:39 2023]
Finished job 21.
11 of 74 steps (15%) done
Select jobs to execute...

[Thu Jun 29 14:24:39 2023]
rule fids2mni:
    input: /home/ROBARTS/ataha/graham/scratch/afids-data/data/datasets/SNSX/derivatives/afids_groundtruth/sub-C031/anat/sub-C031_acq-MP2RAGE_run-01_space-T1w_desc-groundtruth_afids.fcsv, /home/ROBARTS/ataha/graham/scratch/afids-data/data/datasets/SNSX/derivatives/tfrom_greedy/sub-C031/anat/sub-C031_acq-MP2RAGE_space-MNI152NLin2009cAsym.mat
    output: /home/ROBARTS/ataha/graham/scratch/afids-data/data/datasets/SNSX/derivatives/tfrom_greedy/sub-C031/anat/sub-C031_space-MNI152NLin2009cAsym_desc-groundtruth_afids.fcsv
    jobid: 145
    reason: Missing output files: /home/ROBARTS/ataha/graham/scratch/afids-data/data/datasets/SNSX/derivatives/tfrom_greedy/sub-C031/anat/sub-C031_space-MNI152NLin2009cAsym_desc-groundtruth_afids.fcsv
    wildcards: subject=C031
    resources: tmpdir=/tmp

[Thu Jun 29 14:24:40 2023]
Finished job 81.
12 of 74 steps (16%) done
Select jobs to execute...

[Thu Jun 29 14:24:40 2023]
rule fids2mni:
    input: /home/ROBARTS/ataha/graham/scratch/afids-data/data/datasets/SNSX/derivatives/afids_groundtruth/sub-C012/anat/sub-C012_acq-MP2RAGE_run-01_space-T1w_desc-groundtruth_afids.fcsv, /home/ROBARTS/ataha/graham/scratch/afids-data/data/datasets/SNSX/derivatives/tfrom_greedy/sub-C012/anat/sub-C012_acq-MP2RAGE_space-MNI152NLin2009cAsym.mat
    output: /home/ROBARTS/ataha/graham/scratch/afids-data/data/datasets/SNSX/derivatives/tfrom_greedy/sub-C012/anat/sub-C012_space-MNI152NLin2009cAsym_desc-groundtruth_afids.fcsv
    jobid: 60
    reason: Missing output files: /home/ROBARTS/ataha/graham/scratch/afids-data/data/datasets/SNSX/derivatives/tfrom_greedy/sub-C012/anat/sub-C012_space-MNI152NLin2009cAsym_desc-groundtruth_afids.fcsv
    wildcards: subject=C012
    resources: tmpdir=/tmp

[Thu Jun 29 14:24:41 2023]
Finished job 46.
13 of 74 steps (18%) done
Select jobs to execute...

[Thu Jun 29 14:24:41 2023]
rule fids2mni:
    input: /home/ROBARTS/ataha/graham/scratch/afids-data/data/datasets/SNSX/derivatives/afids_groundtruth/sub-C022/anat/sub-C022_acq-MP2RAGE_run-01_space-T1w_desc-groundtruth_afids.fcsv, /home/ROBARTS/ataha/graham/scratch/afids-data/data/datasets/SNSX/derivatives/tfrom_greedy/sub-C022/anat/sub-C022_acq-MP2RAGE_space-MNI152NLin2009cAsym.mat
    output: /home/ROBARTS/ataha/graham/scratch/afids-data/data/datasets/SNSX/derivatives/tfrom_greedy/sub-C022/anat/sub-C022_space-MNI152NLin2009cAsym_desc-groundtruth_afids.fcsv
    jobid: 100
    reason: Missing output files: /home/ROBARTS/ataha/graham/scratch/afids-data/data/datasets/SNSX/derivatives/tfrom_greedy/sub-C022/anat/sub-C022_space-MNI152NLin2009cAsym_desc-groundtruth_afids.fcsv
    wildcards: subject=C022
    resources: tmpdir=/tmp

[Thu Jun 29 14:24:42 2023]
Finished job 145.
14 of 74 steps (19%) done
Select jobs to execute...

[Thu Jun 29 14:24:42 2023]
rule freesurfer2bids:
    input: /home/ROBARTS/ataha/graham/scratch/afids-data/data/datasets/SNSX/derivatives/freesurfer/sub-C031/mri/T1.mgz, /home/ROBARTS/ataha/graham/scratch/afids-data/data/datasets/SNSX/derivatives/tfrom_greedy/sub-C031/anat/sub-C031_space-MNI152NLin2009cAsym_desc-groundtruth_afids.fcsv
    output: /home/ROBARTS/ataha/graham/scratch/afids-data/data/datasets/SNSX/derivatives/train/sub-C031/anat/sub-C031_acq-MP2RAGE_space-MNI152NLin2009cAsym_res-1mm_desc-fspreproc_T1w.nii.gz, /home/ROBARTS/ataha/graham/scratch/afids-data/data/datasets/SNSX/derivatives/train/sub-C031/anat/sub-C031_acq-MP2RAGE_space-MNI152NLin2009cAsym_res-1mm_desc-groundtruth_afids.fcsv, /home/ROBARTS/ataha/graham/scratch/afids-data/data/datasets/SNSX/derivatives/train/sub-C031/anat
    jobid: 141
    reason: Missing output files: /home/ROBARTS/ataha/graham/scratch/afids-data/data/datasets/SNSX/derivatives/train/sub-C031/anat/sub-C031_acq-MP2RAGE_space-MNI152NLin2009cAsym_res-1mm_desc-groundtruth_afids.fcsv; Input files updated by another job: /home/ROBARTS/ataha/graham/scratch/afids-data/data/datasets/SNSX/derivatives/tfrom_greedy/sub-C031/anat/sub-C031_space-MNI152NLin2009cAsym_desc-groundtruth_afids.fcsv
    wildcards: subject=C031
    resources: tmpdir=/tmp

[Thu Jun 29 14:24:44 2023]
Finished job 60.
15 of 74 steps (20%) done
[Thu Jun 29 14:24:44 2023]
Finished job 100.
16 of 74 steps (22%) done
Select jobs to execute...

[Thu Jun 29 14:24:44 2023]
rule freesurfer2bids:
    input: /home/ROBARTS/ataha/graham/scratch/afids-data/data/datasets/SNSX/derivatives/freesurfer/sub-C022/mri/T1.mgz, /home/ROBARTS/ataha/graham/scratch/afids-data/data/datasets/SNSX/derivatives/tfrom_greedy/sub-C022/anat/sub-C022_space-MNI152NLin2009cAsym_desc-groundtruth_afids.fcsv
    output: /home/ROBARTS/ataha/graham/scratch/afids-data/data/datasets/SNSX/derivatives/train/sub-C022/anat/sub-C022_acq-MP2RAGE_space-MNI152NLin2009cAsym_res-1mm_desc-fspreproc_T1w.nii.gz, /home/ROBARTS/ataha/graham/scratch/afids-data/data/datasets/SNSX/derivatives/train/sub-C022/anat/sub-C022_acq-MP2RAGE_space-MNI152NLin2009cAsym_res-1mm_desc-groundtruth_afids.fcsv, /home/ROBARTS/ataha/graham/scratch/afids-data/data/datasets/SNSX/derivatives/train/sub-C022/anat
    jobid: 96
    reason: Missing output files: /home/ROBARTS/ataha/graham/scratch/afids-data/data/datasets/SNSX/derivatives/train/sub-C022/anat/sub-C022_acq-MP2RAGE_space-MNI152NLin2009cAsym_res-1mm_desc-groundtruth_afids.fcsv; Input files updated by another job: /home/ROBARTS/ataha/graham/scratch/afids-data/data/datasets/SNSX/derivatives/tfrom_greedy/sub-C022/anat/sub-C022_space-MNI152NLin2009cAsym_desc-groundtruth_afids.fcsv
    wildcards: subject=C022
    resources: tmpdir=/tmp


[Thu Jun 29 14:24:46 2023]
rule freesurfer2bids:
    input: /home/ROBARTS/ataha/graham/scratch/afids-data/data/datasets/SNSX/derivatives/freesurfer/sub-C012/mri/T1.mgz, /home/ROBARTS/ataha/graham/scratch/afids-data/data/datasets/SNSX/derivatives/tfrom_greedy/sub-C012/anat/sub-C012_space-MNI152NLin2009cAsym_desc-groundtruth_afids.fcsv
    output: /home/ROBARTS/ataha/graham/scratch/afids-data/data/datasets/SNSX/derivatives/train/sub-C012/anat/sub-C012_acq-MP2RAGE_space-MNI152NLin2009cAsym_res-1mm_desc-fspreproc_T1w.nii.gz, /home/ROBARTS/ataha/graham/scratch/afids-data/data/datasets/SNSX/derivatives/train/sub-C012/anat/sub-C012_acq-MP2RAGE_space-MNI152NLin2009cAsym_res-1mm_desc-groundtruth_afids.fcsv, /home/ROBARTS/ataha/graham/scratch/afids-data/data/datasets/SNSX/derivatives/train/sub-C012/anat
    jobid: 56
    reason: Missing output files: /home/ROBARTS/ataha/graham/scratch/afids-data/data/datasets/SNSX/derivatives/train/sub-C012/anat/sub-C012_acq-MP2RAGE_space-MNI152NLin2009cAsym_res-1mm_desc-groundtruth_afids.fcsv; Input files updated by another job: /home/ROBARTS/ataha/graham/scratch/afids-data/data/datasets/SNSX/derivatives/tfrom_greedy/sub-C012/anat/sub-C012_space-MNI152NLin2009cAsym_desc-groundtruth_afids.fcsv
    wildcards: subject=C012
    resources: tmpdir=/tmp

[Thu Jun 29 14:24:51 2023]
Finished job 141.
17 of 74 steps (23%) done
Select jobs to execute...

[Thu Jun 29 14:24:51 2023]
rule fids2mni:
    input: /home/ROBARTS/ataha/graham/scratch/afids-data/data/datasets/SNSX/derivatives/afids_groundtruth/sub-C015/anat/sub-C015_acq-MP2RAGE_run-01_space-T1w_desc-groundtruth_afids.fcsv, /home/ROBARTS/ataha/graham/scratch/afids-data/data/datasets/SNSX/derivatives/tfrom_greedy/sub-C015/anat/sub-C015_acq-MP2RAGE_space-MNI152NLin2009cAsym.mat
    output: /home/ROBARTS/ataha/graham/scratch/afids-data/data/datasets/SNSX/derivatives/tfrom_greedy/sub-C015/anat/sub-C015_space-MNI152NLin2009cAsym_desc-groundtruth_afids.fcsv
    jobid: 70
    reason: Missing output files: /home/ROBARTS/ataha/graham/scratch/afids-data/data/datasets/SNSX/derivatives/tfrom_greedy/sub-C015/anat/sub-C015_space-MNI152NLin2009cAsym_desc-groundtruth_afids.fcsv
    wildcards: subject=C015
    resources: tmpdir=/tmp

[Thu Jun 29 14:24:52 2023]
Finished job 96.
18 of 74 steps (24%) done
Select jobs to execute...

[Thu Jun 29 14:24:52 2023]
rule fids2mni:
    input: /home/ROBARTS/ataha/graham/scratch/afids-data/data/datasets/SNSX/derivatives/afids_groundtruth/sub-C009/anat/sub-C009_acq-MP2RAGE_run-01_space-T1w_desc-groundtruth_afids.fcsv, /home/ROBARTS/ataha/graham/scratch/afids-data/data/datasets/SNSX/derivatives/tfrom_greedy/sub-C009/anat/sub-C009_acq-MP2RAGE_space-MNI152NLin2009cAsym.mat
    output: /home/ROBARTS/ataha/graham/scratch/afids-data/data/datasets/SNSX/derivatives/tfrom_greedy/sub-C009/anat/sub-C009_space-MNI152NLin2009cAsym_desc-groundtruth_afids.fcsv
    jobid: 45
    reason: Missing output files: /home/ROBARTS/ataha/graham/scratch/afids-data/data/datasets/SNSX/derivatives/tfrom_greedy/sub-C009/anat/sub-C009_space-MNI152NLin2009cAsym_desc-groundtruth_afids.fcsv
    wildcards: subject=C009
    resources: tmpdir=/tmp

[Thu Jun 29 14:24:55 2023]
Finished job 56.
19 of 74 steps (26%) done
[Thu Jun 29 14:24:56 2023]
Finished job 70.
20 of 74 steps (27%) done
Select jobs to execute...

[Thu Jun 29 14:24:56 2023]
rule fids2mni:
    input: /home/ROBARTS/ataha/graham/scratch/afids-data/data/datasets/SNSX/derivatives/afids_groundtruth/sub-C008/anat/sub-C008_acq-MP2RAGE_run-01_space-T1w_desc-groundtruth_afids.fcsv, /home/ROBARTS/ataha/graham/scratch/afids-data/data/datasets/SNSX/derivatives/tfrom_greedy/sub-C008/anat/sub-C008_acq-MP2RAGE_space-MNI152NLin2009cAsym.mat
    output: /home/ROBARTS/ataha/graham/scratch/afids-data/data/datasets/SNSX/derivatives/tfrom_greedy/sub-C008/anat/sub-C008_space-MNI152NLin2009cAsym_desc-groundtruth_afids.fcsv
    jobid: 40
    reason: Missing output files: /home/ROBARTS/ataha/graham/scratch/afids-data/data/datasets/SNSX/derivatives/tfrom_greedy/sub-C008/anat/sub-C008_space-MNI152NLin2009cAsym_desc-groundtruth_afids.fcsv
    wildcards: subject=C008
    resources: tmpdir=/tmp

[Thu Jun 29 14:24:56 2023]
rule fids2mni:
    input: /home/ROBARTS/ataha/graham/scratch/afids-data/data/datasets/SNSX/derivatives/afids_groundtruth/sub-C001/anat/sub-C001_acq-MP2RAGE_run-01_space-T1w_desc-groundtruth_afids.fcsv, /home/ROBARTS/ataha/graham/scratch/afids-data/data/datasets/SNSX/derivatives/tfrom_greedy/sub-C001/anat/sub-C001_acq-MP2RAGE_space-MNI152NLin2009cAsym.mat
    output: /home/ROBARTS/ataha/graham/scratch/afids-data/data/datasets/SNSX/derivatives/tfrom_greedy/sub-C001/anat/sub-C001_space-MNI152NLin2009cAsym_desc-groundtruth_afids.fcsv
    jobid: 5
    reason: Missing output files: /home/ROBARTS/ataha/graham/scratch/afids-data/data/datasets/SNSX/derivatives/tfrom_greedy/sub-C001/anat/sub-C001_space-MNI152NLin2009cAsym_desc-groundtruth_afids.fcsv
    wildcards: subject=C001
    resources: tmpdir=/tmp

[Thu Jun 29 14:24:59 2023]
Finished job 45.
21 of 74 steps (28%) done
Select jobs to execute...

[Thu Jun 29 14:24:59 2023]
rule freesurfer2bids:
    input: /home/ROBARTS/ataha/graham/scratch/afids-data/data/datasets/SNSX/derivatives/freesurfer/sub-C009/mri/T1.mgz, /home/ROBARTS/ataha/graham/scratch/afids-data/data/datasets/SNSX/derivatives/tfrom_greedy/sub-C009/anat/sub-C009_space-MNI152NLin2009cAsym_desc-groundtruth_afids.fcsv
    output: /home/ROBARTS/ataha/graham/scratch/afids-data/data/datasets/SNSX/derivatives/train/sub-C009/anat/sub-C009_acq-MP2RAGE_space-MNI152NLin2009cAsym_res-1mm_desc-fspreproc_T1w.nii.gz, /home/ROBARTS/ataha/graham/scratch/afids-data/data/datasets/SNSX/derivatives/train/sub-C009/anat/sub-C009_acq-MP2RAGE_space-MNI152NLin2009cAsym_res-1mm_desc-groundtruth_afids.fcsv, /home/ROBARTS/ataha/graham/scratch/afids-data/data/datasets/SNSX/derivatives/train/sub-C009/anat
    jobid: 41
    reason: Missing output files: /home/ROBARTS/ataha/graham/scratch/afids-data/data/datasets/SNSX/derivatives/train/sub-C009/anat/sub-C009_acq-MP2RAGE_space-MNI152NLin2009cAsym_res-1mm_desc-groundtruth_afids.fcsv; Input files updated by another job: /home/ROBARTS/ataha/graham/scratch/afids-data/data/datasets/SNSX/derivatives/tfrom_greedy/sub-C009/anat/sub-C009_space-MNI152NLin2009cAsym_desc-groundtruth_afids.fcsv
    wildcards: subject=C009
    resources: tmpdir=/tmp

[Thu Jun 29 14:25:01 2023]
Finished job 40.
22 of 74 steps (30%) done
Select jobs to execute...

[Thu Jun 29 14:25:01 2023]
rule fids2mni:
    input: /home/ROBARTS/ataha/graham/scratch/afids-data/data/datasets/SNSX/derivatives/afids_groundtruth/sub-C033/anat/sub-C033_acq-MP2RAGE_run-01_space-T1w_desc-groundtruth_afids.fcsv, /home/ROBARTS/ataha/graham/scratch/afids-data/data/datasets/SNSX/derivatives/tfrom_greedy/sub-C033/anat/sub-C033_acq-MP2RAGE_space-MNI152NLin2009cAsym.mat
    output: /home/ROBARTS/ataha/graham/scratch/afids-data/data/datasets/SNSX/derivatives/tfrom_greedy/sub-C033/anat/sub-C033_space-MNI152NLin2009cAsym_desc-groundtruth_afids.fcsv
    jobid: 155
    reason: Missing output files: /home/ROBARTS/ataha/graham/scratch/afids-data/data/datasets/SNSX/derivatives/tfrom_greedy/sub-C033/anat/sub-C033_space-MNI152NLin2009cAsym_desc-groundtruth_afids.fcsv
    wildcards: subject=C033
    resources: tmpdir=/tmp

[Thu Jun 29 14:25:01 2023]
Finished job 5.
23 of 74 steps (31%) done
Select jobs to execute...

[Thu Jun 29 14:25:02 2023]
rule freesurfer2bids:
    input: /home/ROBARTS/ataha/graham/scratch/afids-data/data/datasets/SNSX/derivatives/freesurfer/sub-C001/mri/T1.mgz, /home/ROBARTS/ataha/graham/scratch/afids-data/data/datasets/SNSX/derivatives/tfrom_greedy/sub-C001/anat/sub-C001_space-MNI152NLin2009cAsym_desc-groundtruth_afids.fcsv
    output: /home/ROBARTS/ataha/graham/scratch/afids-data/data/datasets/SNSX/derivatives/train/sub-C001/anat/sub-C001_acq-MP2RAGE_space-MNI152NLin2009cAsym_res-1mm_desc-fspreproc_T1w.nii.gz, /home/ROBARTS/ataha/graham/scratch/afids-data/data/datasets/SNSX/derivatives/train/sub-C001/anat/sub-C001_acq-MP2RAGE_space-MNI152NLin2009cAsym_res-1mm_desc-groundtruth_afids.fcsv, /home/ROBARTS/ataha/graham/scratch/afids-data/data/datasets/SNSX/derivatives/train/sub-C001/anat
    jobid: 1
    reason: Missing output files: /home/ROBARTS/ataha/graham/scratch/afids-data/data/datasets/SNSX/derivatives/train/sub-C001/anat/sub-C001_acq-MP2RAGE_space-MNI152NLin2009cAsym_res-1mm_desc-groundtruth_afids.fcsv; Input files updated by another job: /home/ROBARTS/ataha/graham/scratch/afids-data/data/datasets/SNSX/derivatives/tfrom_greedy/sub-C001/anat/sub-C001_space-MNI152NLin2009cAsym_desc-groundtruth_afids.fcsv
    wildcards: subject=C001
    resources: tmpdir=/tmp

[Thu Jun 29 14:25:05 2023]
Finished job 41.
24 of 74 steps (32%) done
[Thu Jun 29 14:25:06 2023]
Finished job 155.
25 of 74 steps (34%) done
Select jobs to execute...

[Thu Jun 29 14:25:06 2023]
rule fids2mni:
    input: /home/ROBARTS/ataha/graham/scratch/afids-data/data/datasets/SNSX/derivatives/afids_groundtruth/sub-C023/anat/sub-C023_acq-MP2RAGE_run-01_space-T1w_desc-groundtruth_afids.fcsv, /home/ROBARTS/ataha/graham/scratch/afids-data/data/datasets/SNSX/derivatives/tfrom_greedy/sub-C023/anat/sub-C023_acq-MP2RAGE_space-MNI152NLin2009cAsym.mat
    output: /home/ROBARTS/ataha/graham/scratch/afids-data/data/datasets/SNSX/derivatives/tfrom_greedy/sub-C023/anat/sub-C023_space-MNI152NLin2009cAsym_desc-groundtruth_afids.fcsv
    jobid: 105
    reason: Missing output files: /home/ROBARTS/ataha/graham/scratch/afids-data/data/datasets/SNSX/derivatives/tfrom_greedy/sub-C023/anat/sub-C023_space-MNI152NLin2009cAsym_desc-groundtruth_afids.fcsv
    wildcards: subject=C023
    resources: tmpdir=/tmp

[Thu Jun 29 14:25:08 2023]
rule fids2mni:
    input: /home/ROBARTS/ataha/graham/scratch/afids-data/data/datasets/SNSX/derivatives/afids_groundtruth/sub-C011/anat/sub-C011_acq-MP2RAGE_run-01_space-T1w_desc-groundtruth_afids.fcsv, /home/ROBARTS/ataha/graham/scratch/afids-data/data/datasets/SNSX/derivatives/tfrom_greedy/sub-C011/anat/sub-C011_acq-MP2RAGE_space-MNI152NLin2009cAsym.mat
    output: /home/ROBARTS/ataha/graham/scratch/afids-data/data/datasets/SNSX/derivatives/tfrom_greedy/sub-C011/anat/sub-C011_space-MNI152NLin2009cAsym_desc-groundtruth_afids.fcsv
    jobid: 55
    reason: Missing output files: /home/ROBARTS/ataha/graham/scratch/afids-data/data/datasets/SNSX/derivatives/tfrom_greedy/sub-C011/anat/sub-C011_space-MNI152NLin2009cAsym_desc-groundtruth_afids.fcsv
    wildcards: subject=C011
    resources: tmpdir=/tmp

Select jobs to execute...
[Thu Jun 29 14:25:10 2023]
Finished job 1.
26 of 74 steps (35%) done

[Thu Jun 29 14:25:10 2023]
rule fids2mni:
    input: /home/ROBARTS/ataha/graham/scratch/afids-data/data/datasets/SNSX/derivatives/afids_groundtruth/sub-C026/anat/sub-C026_acq-MP2RAGE_run-01_space-T1w_desc-groundtruth_afids.fcsv, /home/ROBARTS/ataha/graham/scratch/afids-data/data/datasets/SNSX/derivatives/tfrom_greedy/sub-C026/anat/sub-C026_acq-MP2RAGE_space-MNI152NLin2009cAsym.mat
    output: /home/ROBARTS/ataha/graham/scratch/afids-data/data/datasets/SNSX/derivatives/tfrom_greedy/sub-C026/anat/sub-C026_space-MNI152NLin2009cAsym_desc-groundtruth_afids.fcsv
    jobid: 120
    reason: Missing output files: /home/ROBARTS/ataha/graham/scratch/afids-data/data/datasets/SNSX/derivatives/tfrom_greedy/sub-C026/anat/sub-C026_space-MNI152NLin2009cAsym_desc-groundtruth_afids.fcsv
    wildcards: subject=C026
    resources: tmpdir=/tmp

[Thu Jun 29 14:25:10 2023]
Finished job 105.
27 of 74 steps (36%) done
[Thu Jun 29 14:25:10 2023]
Finished job 55.
28 of 74 steps (38%) done
Select jobs to execute...

[Thu Jun 29 14:25:10 2023]
rule freesurfer2bids:
    input: /home/ROBARTS/ataha/graham/scratch/afids-data/data/datasets/SNSX/derivatives/freesurfer/sub-C011/mri/T1.mgz, /home/ROBARTS/ataha/graham/scratch/afids-data/data/datasets/SNSX/derivatives/tfrom_greedy/sub-C011/anat/sub-C011_space-MNI152NLin2009cAsym_desc-groundtruth_afids.fcsv
    output: /home/ROBARTS/ataha/graham/scratch/afids-data/data/datasets/SNSX/derivatives/train/sub-C011/anat/sub-C011_acq-MP2RAGE_space-MNI152NLin2009cAsym_res-1mm_desc-fspreproc_T1w.nii.gz, /home/ROBARTS/ataha/graham/scratch/afids-data/data/datasets/SNSX/derivatives/train/sub-C011/anat/sub-C011_acq-MP2RAGE_space-MNI152NLin2009cAsym_res-1mm_desc-groundtruth_afids.fcsv, /home/ROBARTS/ataha/graham/scratch/afids-data/data/datasets/SNSX/derivatives/train/sub-C011/anat
    jobid: 51
    reason: Missing output files: /home/ROBARTS/ataha/graham/scratch/afids-data/data/datasets/SNSX/derivatives/train/sub-C011/anat/sub-C011_acq-MP2RAGE_space-MNI152NLin2009cAsym_res-1mm_desc-groundtruth_afids.fcsv; Input files updated by another job: /home/ROBARTS/ataha/graham/scratch/afids-data/data/datasets/SNSX/derivatives/tfrom_greedy/sub-C011/anat/sub-C011_space-MNI152NLin2009cAsym_desc-groundtruth_afids.fcsv
    wildcards: subject=C011
    resources: tmpdir=/tmp


[Thu Jun 29 14:25:13 2023]
rule freesurfer2bids:
    input: /home/ROBARTS/ataha/graham/scratch/afids-data/data/datasets/SNSX/derivatives/freesurfer/sub-C023/mri/T1.mgz, /home/ROBARTS/ataha/graham/scratch/afids-data/data/datasets/SNSX/derivatives/tfrom_greedy/sub-C023/anat/sub-C023_space-MNI152NLin2009cAsym_desc-groundtruth_afids.fcsv
    output: /home/ROBARTS/ataha/graham/scratch/afids-data/data/datasets/SNSX/derivatives/train/sub-C023/anat/sub-C023_acq-MP2RAGE_space-MNI152NLin2009cAsym_res-1mm_desc-fspreproc_T1w.nii.gz, /home/ROBARTS/ataha/graham/scratch/afids-data/data/datasets/SNSX/derivatives/train/sub-C023/anat/sub-C023_acq-MP2RAGE_space-MNI152NLin2009cAsym_res-1mm_desc-groundtruth_afids.fcsv, /home/ROBARTS/ataha/graham/scratch/afids-data/data/datasets/SNSX/derivatives/train/sub-C023/anat
    jobid: 101
    reason: Missing output files: /home/ROBARTS/ataha/graham/scratch/afids-data/data/datasets/SNSX/derivatives/train/sub-C023/anat/sub-C023_acq-MP2RAGE_space-MNI152NLin2009cAsym_res-1mm_desc-groundtruth_afids.fcsv; Input files updated by another job: /home/ROBARTS/ataha/graham/scratch/afids-data/data/datasets/SNSX/derivatives/tfrom_greedy/sub-C023/anat/sub-C023_space-MNI152NLin2009cAsym_desc-groundtruth_afids.fcsv
    wildcards: subject=C023
    resources: tmpdir=/tmp

[Thu Jun 29 14:25:14 2023]
Finished job 120.
29 of 74 steps (39%) done
Select jobs to execute...

[Thu Jun 29 14:25:14 2023]
rule fids2mni:
    input: /home/ROBARTS/ataha/graham/scratch/afids-data/data/datasets/SNSX/derivatives/afids_groundtruth/sub-C018/anat/sub-C018_acq-MP2RAGE_run-01_space-T1w_desc-groundtruth_afids.fcsv, /home/ROBARTS/ataha/graham/scratch/afids-data/data/datasets/SNSX/derivatives/tfrom_greedy/sub-C018/anat/sub-C018_acq-MP2RAGE_space-MNI152NLin2009cAsym.mat
    output: /home/ROBARTS/ataha/graham/scratch/afids-data/data/datasets/SNSX/derivatives/tfrom_greedy/sub-C018/anat/sub-C018_space-MNI152NLin2009cAsym_desc-groundtruth_afids.fcsv
    jobid: 80
    reason: Missing output files: /home/ROBARTS/ataha/graham/scratch/afids-data/data/datasets/SNSX/derivatives/tfrom_greedy/sub-C018/anat/sub-C018_space-MNI152NLin2009cAsym_desc-groundtruth_afids.fcsv
    wildcards: subject=C018
    resources: tmpdir=/tmp

[Thu Jun 29 14:25:16 2023]
Finished job 51.
30 of 74 steps (41%) done
Select jobs to execute...

[Thu Jun 29 14:25:16 2023]
rule fids2mni:
    input: /home/ROBARTS/ataha/graham/scratch/afids-data/data/datasets/SNSX/derivatives/afids_groundtruth/sub-C027/anat/sub-C027_acq-MP2RAGE_run-01_space-T1w_desc-groundtruth_afids.fcsv, /home/ROBARTS/ataha/graham/scratch/afids-data/data/datasets/SNSX/derivatives/tfrom_greedy/sub-C027/anat/sub-C027_acq-MP2RAGE_space-MNI152NLin2009cAsym.mat
    output: /home/ROBARTS/ataha/graham/scratch/afids-data/data/datasets/SNSX/derivatives/tfrom_greedy/sub-C027/anat/sub-C027_space-MNI152NLin2009cAsym_desc-groundtruth_afids.fcsv
    jobid: 125
    reason: Missing output files: /home/ROBARTS/ataha/graham/scratch/afids-data/data/datasets/SNSX/derivatives/tfrom_greedy/sub-C027/anat/sub-C027_space-MNI152NLin2009cAsym_desc-groundtruth_afids.fcsv
    wildcards: subject=C027
    resources: tmpdir=/tmp

[Thu Jun 29 14:25:17 2023]
Finished job 101.
31 of 74 steps (42%) done
[Thu Jun 29 14:25:17 2023]
Finished job 80.
32 of 74 steps (43%) done
Select jobs to execute...

[Thu Jun 29 14:25:17 2023]
rule fids2mni:
    input: /home/ROBARTS/ataha/graham/scratch/afids-data/data/datasets/SNSX/derivatives/afids_groundtruth/sub-C025/anat/sub-C025_acq-MP2RAGE_run-01_space-T1w_desc-groundtruth_afids.fcsv, /home/ROBARTS/ataha/graham/scratch/afids-data/data/datasets/SNSX/derivatives/tfrom_greedy/sub-C025/anat/sub-C025_acq-MP2RAGE_space-MNI152NLin2009cAsym.mat
    output: /home/ROBARTS/ataha/graham/scratch/afids-data/data/datasets/SNSX/derivatives/tfrom_greedy/sub-C025/anat/sub-C025_space-MNI152NLin2009cAsym_desc-groundtruth_afids.fcsv
    jobid: 115
    reason: Missing output files: /home/ROBARTS/ataha/graham/scratch/afids-data/data/datasets/SNSX/derivatives/tfrom_greedy/sub-C025/anat/sub-C025_space-MNI152NLin2009cAsym_desc-groundtruth_afids.fcsv
    wildcards: subject=C025
    resources: tmpdir=/tmp

[Thu Jun 29 14:25:17 2023]
rule fids2mni:
    input: /home/ROBARTS/ataha/graham/scratch/afids-data/data/datasets/SNSX/derivatives/afids_groundtruth/sub-C024/anat/sub-C024_acq-MP2RAGE_run-01_space-T1w_desc-groundtruth_afids.fcsv, /home/ROBARTS/ataha/graham/scratch/afids-data/data/datasets/SNSX/derivatives/tfrom_greedy/sub-C024/anat/sub-C024_acq-MP2RAGE_space-MNI152NLin2009cAsym.mat
    output: /home/ROBARTS/ataha/graham/scratch/afids-data/data/datasets/SNSX/derivatives/tfrom_greedy/sub-C024/anat/sub-C024_space-MNI152NLin2009cAsym_desc-groundtruth_afids.fcsv
    jobid: 110
    reason: Missing output files: /home/ROBARTS/ataha/graham/scratch/afids-data/data/datasets/SNSX/derivatives/tfrom_greedy/sub-C024/anat/sub-C024_space-MNI152NLin2009cAsym_desc-groundtruth_afids.fcsv
    wildcards: subject=C024
    resources: tmpdir=/tmp

[Thu Jun 29 14:25:18 2023]
Finished job 125.
33 of 74 steps (45%) done
Select jobs to execute...

[Thu Jun 29 14:25:18 2023]
rule freesurfer2bids:
    input: /home/ROBARTS/ataha/graham/scratch/afids-data/data/datasets/SNSX/derivatives/freesurfer/sub-C027/mri/T1.mgz, /home/ROBARTS/ataha/graham/scratch/afids-data/data/datasets/SNSX/derivatives/tfrom_greedy/sub-C027/anat/sub-C027_space-MNI152NLin2009cAsym_desc-groundtruth_afids.fcsv
    output: /home/ROBARTS/ataha/graham/scratch/afids-data/data/datasets/SNSX/derivatives/train/sub-C027/anat/sub-C027_acq-MP2RAGE_space-MNI152NLin2009cAsym_res-1mm_desc-fspreproc_T1w.nii.gz, /home/ROBARTS/ataha/graham/scratch/afids-data/data/datasets/SNSX/derivatives/train/sub-C027/anat/sub-C027_acq-MP2RAGE_space-MNI152NLin2009cAsym_res-1mm_desc-groundtruth_afids.fcsv, /home/ROBARTS/ataha/graham/scratch/afids-data/data/datasets/SNSX/derivatives/train/sub-C027/anat
    jobid: 121
    reason: Missing output files: /home/ROBARTS/ataha/graham/scratch/afids-data/data/datasets/SNSX/derivatives/train/sub-C027/anat/sub-C027_acq-MP2RAGE_space-MNI152NLin2009cAsym_res-1mm_desc-groundtruth_afids.fcsv; Input files updated by another job: /home/ROBARTS/ataha/graham/scratch/afids-data/data/datasets/SNSX/derivatives/tfrom_greedy/sub-C027/anat/sub-C027_space-MNI152NLin2009cAsym_desc-groundtruth_afids.fcsv
    wildcards: subject=C027
    resources: tmpdir=/tmp

[Thu Jun 29 14:25:19 2023]
Finished job 115.
34 of 74 steps (46%) done
Select jobs to execute...

[Thu Jun 29 14:25:19 2023]
rule fids2mni:
    input: /home/ROBARTS/ataha/graham/scratch/afids-data/data/datasets/SNSX/derivatives/afids_groundtruth/sub-C021/anat/sub-C021_acq-MP2RAGE_run-01_space-T1w_desc-groundtruth_afids.fcsv, /home/ROBARTS/ataha/graham/scratch/afids-data/data/datasets/SNSX/derivatives/tfrom_greedy/sub-C021/anat/sub-C021_acq-MP2RAGE_space-MNI152NLin2009cAsym.mat
    output: /home/ROBARTS/ataha/graham/scratch/afids-data/data/datasets/SNSX/derivatives/tfrom_greedy/sub-C021/anat/sub-C021_space-MNI152NLin2009cAsym_desc-groundtruth_afids.fcsv
    jobid: 95
    reason: Missing output files: /home/ROBARTS/ataha/graham/scratch/afids-data/data/datasets/SNSX/derivatives/tfrom_greedy/sub-C021/anat/sub-C021_space-MNI152NLin2009cAsym_desc-groundtruth_afids.fcsv
    wildcards: subject=C021
    resources: tmpdir=/tmp

[Thu Jun 29 14:25:19 2023]
Finished job 110.
35 of 74 steps (47%) done
Select jobs to execute...

[Thu Jun 29 14:25:19 2023]
rule freesurfer2bids:
    input: /home/ROBARTS/ataha/graham/scratch/afids-data/data/datasets/SNSX/derivatives/freesurfer/sub-C024/mri/T1.mgz, /home/ROBARTS/ataha/graham/scratch/afids-data/data/datasets/SNSX/derivatives/tfrom_greedy/sub-C024/anat/sub-C024_space-MNI152NLin2009cAsym_desc-groundtruth_afids.fcsv
    output: /home/ROBARTS/ataha/graham/scratch/afids-data/data/datasets/SNSX/derivatives/train/sub-C024/anat/sub-C024_acq-MP2RAGE_space-MNI152NLin2009cAsym_res-1mm_desc-fspreproc_T1w.nii.gz, /home/ROBARTS/ataha/graham/scratch/afids-data/data/datasets/SNSX/derivatives/train/sub-C024/anat/sub-C024_acq-MP2RAGE_space-MNI152NLin2009cAsym_res-1mm_desc-groundtruth_afids.fcsv, /home/ROBARTS/ataha/graham/scratch/afids-data/data/datasets/SNSX/derivatives/train/sub-C024/anat
    jobid: 106
    reason: Missing output files: /home/ROBARTS/ataha/graham/scratch/afids-data/data/datasets/SNSX/derivatives/train/sub-C024/anat/sub-C024_acq-MP2RAGE_space-MNI152NLin2009cAsym_res-1mm_desc-groundtruth_afids.fcsv; Input files updated by another job: /home/ROBARTS/ataha/graham/scratch/afids-data/data/datasets/SNSX/derivatives/tfrom_greedy/sub-C024/anat/sub-C024_space-MNI152NLin2009cAsym_desc-groundtruth_afids.fcsv
    wildcards: subject=C024
    resources: tmpdir=/tmp

[Thu Jun 29 14:25:24 2023]
Finished job 121.
36 of 74 steps (49%) done
[Thu Jun 29 14:25:24 2023]
Finished job 95.
37 of 74 steps (50%) done
Select jobs to execute...

[Thu Jun 29 14:25:24 2023]
rule fids2mni:
    input: /home/ROBARTS/ataha/graham/scratch/afids-data/data/datasets/SNSX/derivatives/afids_groundtruth/sub-C006/anat/sub-C006_acq-MP2RAGE_run-01_space-T1w_desc-groundtruth_afids.fcsv, /home/ROBARTS/ataha/graham/scratch/afids-data/data/datasets/SNSX/derivatives/tfrom_greedy/sub-C006/anat/sub-C006_acq-MP2RAGE_space-MNI152NLin2009cAsym.mat
    output: /home/ROBARTS/ataha/graham/scratch/afids-data/data/datasets/SNSX/derivatives/tfrom_greedy/sub-C006/anat/sub-C006_space-MNI152NLin2009cAsym_desc-groundtruth_afids.fcsv
    jobid: 30
    reason: Missing output files: /home/ROBARTS/ataha/graham/scratch/afids-data/data/datasets/SNSX/derivatives/tfrom_greedy/sub-C006/anat/sub-C006_space-MNI152NLin2009cAsym_desc-groundtruth_afids.fcsv
    wildcards: subject=C006
    resources: tmpdir=/tmp

[Thu Jun 29 14:25:24 2023]
rule fids2mni:
    input: /home/ROBARTS/ataha/graham/scratch/afids-data/data/datasets/SNSX/derivatives/afids_groundtruth/sub-C002/anat/sub-C002_acq-MP2RAGE_run-01_space-T1w_desc-groundtruth_afids.fcsv, /home/ROBARTS/ataha/graham/scratch/afids-data/data/datasets/SNSX/derivatives/tfrom_greedy/sub-C002/anat/sub-C002_acq-MP2RAGE_space-MNI152NLin2009cAsym.mat
    output: /home/ROBARTS/ataha/graham/scratch/afids-data/data/datasets/SNSX/derivatives/tfrom_greedy/sub-C002/anat/sub-C002_space-MNI152NLin2009cAsym_desc-groundtruth_afids.fcsv
    jobid: 10
    reason: Missing output files: /home/ROBARTS/ataha/graham/scratch/afids-data/data/datasets/SNSX/derivatives/tfrom_greedy/sub-C002/anat/sub-C002_space-MNI152NLin2009cAsym_desc-groundtruth_afids.fcsv
    wildcards: subject=C002
    resources: tmpdir=/tmp

Select jobs to execute...
[Thu Jun 29 14:25:28 2023]
Finished job 106.
38 of 74 steps (51%) done

[Thu Jun 29 14:25:28 2023]
rule fids2mni:
    input: /home/ROBARTS/ataha/graham/scratch/afids-data/data/datasets/SNSX/derivatives/afids_groundtruth/sub-C030/anat/sub-C030_acq-MP2RAGE_run-01_space-T1w_desc-groundtruth_afids.fcsv, /home/ROBARTS/ataha/graham/scratch/afids-data/data/datasets/SNSX/derivatives/tfrom_greedy/sub-C030/anat/sub-C030_acq-MP2RAGE_space-MNI152NLin2009cAsym.mat
    output: /home/ROBARTS/ataha/graham/scratch/afids-data/data/datasets/SNSX/derivatives/tfrom_greedy/sub-C030/anat/sub-C030_space-MNI152NLin2009cAsym_desc-groundtruth_afids.fcsv
    jobid: 140
    reason: Missing output files: /home/ROBARTS/ataha/graham/scratch/afids-data/data/datasets/SNSX/derivatives/tfrom_greedy/sub-C030/anat/sub-C030_space-MNI152NLin2009cAsym_desc-groundtruth_afids.fcsv
    wildcards: subject=C030
    resources: tmpdir=/tmp

[Thu Jun 29 14:25:28 2023]
Finished job 30.
39 of 74 steps (53%) done
[Thu Jun 29 14:25:28 2023]
Finished job 10.
40 of 74 steps (54%) done
Select jobs to execute...

[Thu Jun 29 14:25:28 2023]
rule freesurfer2bids:
    input: /home/ROBARTS/ataha/graham/scratch/afids-data/data/datasets/SNSX/derivatives/freesurfer/sub-C006/mri/T1.mgz, /home/ROBARTS/ataha/graham/scratch/afids-data/data/datasets/SNSX/derivatives/tfrom_greedy/sub-C006/anat/sub-C006_space-MNI152NLin2009cAsym_desc-groundtruth_afids.fcsv
    output: /home/ROBARTS/ataha/graham/scratch/afids-data/data/datasets/SNSX/derivatives/train/sub-C006/anat/sub-C006_acq-MP2RAGE_space-MNI152NLin2009cAsym_res-1mm_desc-fspreproc_T1w.nii.gz, /home/ROBARTS/ataha/graham/scratch/afids-data/data/datasets/SNSX/derivatives/train/sub-C006/anat/sub-C006_acq-MP2RAGE_space-MNI152NLin2009cAsym_res-1mm_desc-groundtruth_afids.fcsv, /home/ROBARTS/ataha/graham/scratch/afids-data/data/datasets/SNSX/derivatives/train/sub-C006/anat
    jobid: 26
    reason: Missing output files: /home/ROBARTS/ataha/graham/scratch/afids-data/data/datasets/SNSX/derivatives/train/sub-C006/anat/sub-C006_acq-MP2RAGE_space-MNI152NLin2009cAsym_res-1mm_desc-groundtruth_afids.fcsv; Input files updated by another job: /home/ROBARTS/ataha/graham/scratch/afids-data/data/datasets/SNSX/derivatives/tfrom_greedy/sub-C006/anat/sub-C006_space-MNI152NLin2009cAsym_desc-groundtruth_afids.fcsv
    wildcards: subject=C006
    resources: tmpdir=/tmp


[Thu Jun 29 14:25:29 2023]
rule freesurfer2bids:
    input: /home/ROBARTS/ataha/graham/scratch/afids-data/data/datasets/SNSX/derivatives/freesurfer/sub-C002/mri/T1.mgz, /home/ROBARTS/ataha/graham/scratch/afids-data/data/datasets/SNSX/derivatives/tfrom_greedy/sub-C002/anat/sub-C002_space-MNI152NLin2009cAsym_desc-groundtruth_afids.fcsv
    output: /home/ROBARTS/ataha/graham/scratch/afids-data/data/datasets/SNSX/derivatives/train/sub-C002/anat/sub-C002_acq-MP2RAGE_space-MNI152NLin2009cAsym_res-1mm_desc-fspreproc_T1w.nii.gz, /home/ROBARTS/ataha/graham/scratch/afids-data/data/datasets/SNSX/derivatives/train/sub-C002/anat/sub-C002_acq-MP2RAGE_space-MNI152NLin2009cAsym_res-1mm_desc-groundtruth_afids.fcsv, /home/ROBARTS/ataha/graham/scratch/afids-data/data/datasets/SNSX/derivatives/train/sub-C002/anat
    jobid: 6
    reason: Missing output files: /home/ROBARTS/ataha/graham/scratch/afids-data/data/datasets/SNSX/derivatives/train/sub-C002/anat/sub-C002_acq-MP2RAGE_space-MNI152NLin2009cAsym_res-1mm_desc-groundtruth_afids.fcsv; Input files updated by another job: /home/ROBARTS/ataha/graham/scratch/afids-data/data/datasets/SNSX/derivatives/tfrom_greedy/sub-C002/anat/sub-C002_space-MNI152NLin2009cAsym_desc-groundtruth_afids.fcsv
    wildcards: subject=C002
    resources: tmpdir=/tmp

[Thu Jun 29 14:25:31 2023]
Finished job 140.
41 of 74 steps (55%) done
Select jobs to execute...

[Thu Jun 29 14:25:31 2023]
rule freesurfer2bids:
    input: /home/ROBARTS/ataha/graham/scratch/afids-data/data/datasets/SNSX/derivatives/freesurfer/sub-C030/mri/T1.mgz, /home/ROBARTS/ataha/graham/scratch/afids-data/data/datasets/SNSX/derivatives/tfrom_greedy/sub-C030/anat/sub-C030_space-MNI152NLin2009cAsym_desc-groundtruth_afids.fcsv
    output: /home/ROBARTS/ataha/graham/scratch/afids-data/data/datasets/SNSX/derivatives/train/sub-C030/anat/sub-C030_acq-MP2RAGE_space-MNI152NLin2009cAsym_res-1mm_desc-fspreproc_T1w.nii.gz, /home/ROBARTS/ataha/graham/scratch/afids-data/data/datasets/SNSX/derivatives/train/sub-C030/anat/sub-C030_acq-MP2RAGE_space-MNI152NLin2009cAsym_res-1mm_desc-groundtruth_afids.fcsv, /home/ROBARTS/ataha/graham/scratch/afids-data/data/datasets/SNSX/derivatives/train/sub-C030/anat
    jobid: 136
    reason: Missing output files: /home/ROBARTS/ataha/graham/scratch/afids-data/data/datasets/SNSX/derivatives/train/sub-C030/anat/sub-C030_acq-MP2RAGE_space-MNI152NLin2009cAsym_res-1mm_desc-groundtruth_afids.fcsv; Input files updated by another job: /home/ROBARTS/ataha/graham/scratch/afids-data/data/datasets/SNSX/derivatives/tfrom_greedy/sub-C030/anat/sub-C030_space-MNI152NLin2009cAsym_desc-groundtruth_afids.fcsv
    wildcards: subject=C030
    resources: tmpdir=/tmp

Select jobs to execute...
[Thu Jun 29 14:25:34 2023]
Finished job 26.
42 of 74 steps (57%) done

[Thu Jun 29 14:25:34 2023]
rule fids2mni:
    input: /home/ROBARTS/ataha/graham/scratch/afids-data/data/datasets/SNSX/derivatives/afids_groundtruth/sub-C034/anat/sub-C034_acq-MP2RAGE_run-01_space-T1w_desc-groundtruth_afids.fcsv, /home/ROBARTS/ataha/graham/scratch/afids-data/data/datasets/SNSX/derivatives/tfrom_greedy/sub-C034/anat/sub-C034_acq-MP2RAGE_space-MNI152NLin2009cAsym.mat
    output: /home/ROBARTS/ataha/graham/scratch/afids-data/data/datasets/SNSX/derivatives/tfrom_greedy/sub-C034/anat/sub-C034_space-MNI152NLin2009cAsym_desc-groundtruth_afids.fcsv
    jobid: 160
    reason: Missing output files: /home/ROBARTS/ataha/graham/scratch/afids-data/data/datasets/SNSX/derivatives/tfrom_greedy/sub-C034/anat/sub-C034_space-MNI152NLin2009cAsym_desc-groundtruth_afids.fcsv
    wildcards: subject=C034
    resources: tmpdir=/tmp

[Thu Jun 29 14:25:35 2023]
Finished job 6.
43 of 74 steps (58%) done
Select jobs to execute...

[Thu Jun 29 14:25:35 2023]
rule fids2mni:
    input: /home/ROBARTS/ataha/graham/scratch/afids-data/data/datasets/SNSX/derivatives/afids_groundtruth/sub-C007/anat/sub-C007_acq-MP2RAGE_run-01_space-T1w_desc-groundtruth_afids.fcsv, /home/ROBARTS/ataha/graham/scratch/afids-data/data/datasets/SNSX/derivatives/tfrom_greedy/sub-C007/anat/sub-C007_acq-MP2RAGE_space-MNI152NLin2009cAsym.mat
    output: /home/ROBARTS/ataha/graham/scratch/afids-data/data/datasets/SNSX/derivatives/tfrom_greedy/sub-C007/anat/sub-C007_space-MNI152NLin2009cAsym_desc-groundtruth_afids.fcsv
    jobid: 35
    reason: Missing output files: /home/ROBARTS/ataha/graham/scratch/afids-data/data/datasets/SNSX/derivatives/tfrom_greedy/sub-C007/anat/sub-C007_space-MNI152NLin2009cAsym_desc-groundtruth_afids.fcsv
    wildcards: subject=C007
    resources: tmpdir=/tmp

[Thu Jun 29 14:25:36 2023]
Finished job 136.
44 of 74 steps (59%) done
Select jobs to execute...

[Thu Jun 29 14:25:36 2023]
rule fids2mni:
    input: /home/ROBARTS/ataha/graham/scratch/afids-data/data/datasets/SNSX/derivatives/afids_groundtruth/sub-C013/anat/sub-C013_acq-MP2RAGE_run-01_space-T1w_desc-groundtruth_afids.fcsv, /home/ROBARTS/ataha/graham/scratch/afids-data/data/datasets/SNSX/derivatives/tfrom_greedy/sub-C013/anat/sub-C013_acq-MP2RAGE_space-MNI152NLin2009cAsym.mat
    output: /home/ROBARTS/ataha/graham/scratch/afids-data/data/datasets/SNSX/derivatives/tfrom_greedy/sub-C013/anat/sub-C013_space-MNI152NLin2009cAsym_desc-groundtruth_afids.fcsv
    jobid: 65
    reason: Missing output files: /home/ROBARTS/ataha/graham/scratch/afids-data/data/datasets/SNSX/derivatives/tfrom_greedy/sub-C013/anat/sub-C013_space-MNI152NLin2009cAsym_desc-groundtruth_afids.fcsv
    wildcards: subject=C013
    resources: tmpdir=/tmp

[Thu Jun 29 14:25:37 2023]
Finished job 160.
45 of 74 steps (61%) done
Select jobs to execute...

[Thu Jun 29 14:25:37 2023]
rule fids2mni:
    input: /home/ROBARTS/ataha/graham/scratch/afids-data/data/datasets/SNSX/derivatives/afids_groundtruth/sub-C004/anat/sub-C004_acq-MP2RAGE_run-01_space-T1w_desc-groundtruth_afids.fcsv, /home/ROBARTS/ataha/graham/scratch/afids-data/data/datasets/SNSX/derivatives/tfrom_greedy/sub-C004/anat/sub-C004_acq-MP2RAGE_space-MNI152NLin2009cAsym.mat
    output: /home/ROBARTS/ataha/graham/scratch/afids-data/data/datasets/SNSX/derivatives/tfrom_greedy/sub-C004/anat/sub-C004_space-MNI152NLin2009cAsym_desc-groundtruth_afids.fcsv
    jobid: 20
    reason: Missing output files: /home/ROBARTS/ataha/graham/scratch/afids-data/data/datasets/SNSX/derivatives/tfrom_greedy/sub-C004/anat/sub-C004_space-MNI152NLin2009cAsym_desc-groundtruth_afids.fcsv
    wildcards: subject=C004
    resources: tmpdir=/tmp

[Thu Jun 29 14:25:37 2023]
Finished job 35.
46 of 74 steps (62%) done
Select jobs to execute...

[Thu Jun 29 14:25:38 2023]
rule freesurfer2bids:
    input: /home/ROBARTS/ataha/graham/scratch/afids-data/data/datasets/SNSX/derivatives/freesurfer/sub-C007/mri/T1.mgz, /home/ROBARTS/ataha/graham/scratch/afids-data/data/datasets/SNSX/derivatives/tfrom_greedy/sub-C007/anat/sub-C007_space-MNI152NLin2009cAsym_desc-groundtruth_afids.fcsv
    output: /home/ROBARTS/ataha/graham/scratch/afids-data/data/datasets/SNSX/derivatives/train/sub-C007/anat/sub-C007_acq-MP2RAGE_space-MNI152NLin2009cAsym_res-1mm_desc-fspreproc_T1w.nii.gz, /home/ROBARTS/ataha/graham/scratch/afids-data/data/datasets/SNSX/derivatives/train/sub-C007/anat/sub-C007_acq-MP2RAGE_space-MNI152NLin2009cAsym_res-1mm_desc-groundtruth_afids.fcsv, /home/ROBARTS/ataha/graham/scratch/afids-data/data/datasets/SNSX/derivatives/train/sub-C007/anat
    jobid: 31
    reason: Missing output files: /home/ROBARTS/ataha/graham/scratch/afids-data/data/datasets/SNSX/derivatives/train/sub-C007/anat/sub-C007_acq-MP2RAGE_space-MNI152NLin2009cAsym_res-1mm_desc-groundtruth_afids.fcsv; Input files updated by another job: /home/ROBARTS/ataha/graham/scratch/afids-data/data/datasets/SNSX/derivatives/tfrom_greedy/sub-C007/anat/sub-C007_space-MNI152NLin2009cAsym_desc-groundtruth_afids.fcsv
    wildcards: subject=C007
    resources: tmpdir=/tmp

[Thu Jun 29 14:25:39 2023]
Finished job 65.
47 of 74 steps (64%) done
[Thu Jun 29 14:25:39 2023]
Finished job 20.
48 of 74 steps (65%) done
Select jobs to execute...

[Thu Jun 29 14:25:39 2023]
rule freesurfer2bids:
    input: /home/ROBARTS/ataha/graham/scratch/afids-data/data/datasets/SNSX/derivatives/freesurfer/sub-C004/mri/T1.mgz, /home/ROBARTS/ataha/graham/scratch/afids-data/data/datasets/SNSX/derivatives/tfrom_greedy/sub-C004/anat/sub-C004_space-MNI152NLin2009cAsym_desc-groundtruth_afids.fcsv
    output: /home/ROBARTS/ataha/graham/scratch/afids-data/data/datasets/SNSX/derivatives/train/sub-C004/anat/sub-C004_acq-MP2RAGE_space-MNI152NLin2009cAsym_res-1mm_desc-fspreproc_T1w.nii.gz, /home/ROBARTS/ataha/graham/scratch/afids-data/data/datasets/SNSX/derivatives/train/sub-C004/anat/sub-C004_acq-MP2RAGE_space-MNI152NLin2009cAsym_res-1mm_desc-groundtruth_afids.fcsv, /home/ROBARTS/ataha/graham/scratch/afids-data/data/datasets/SNSX/derivatives/train/sub-C004/anat
    jobid: 16
    reason: Missing output files: /home/ROBARTS/ataha/graham/scratch/afids-data/data/datasets/SNSX/derivatives/train/sub-C004/anat/sub-C004_acq-MP2RAGE_space-MNI152NLin2009cAsym_res-1mm_desc-groundtruth_afids.fcsv; Input files updated by another job: /home/ROBARTS/ataha/graham/scratch/afids-data/data/datasets/SNSX/derivatives/tfrom_greedy/sub-C004/anat/sub-C004_space-MNI152NLin2009cAsym_desc-groundtruth_afids.fcsv
    wildcards: subject=C004
    resources: tmpdir=/tmp


[Thu Jun 29 14:25:40 2023]
rule freesurfer2bids:
    input: /home/ROBARTS/ataha/graham/scratch/afids-data/data/datasets/SNSX/derivatives/freesurfer/sub-C013/mri/T1.mgz, /home/ROBARTS/ataha/graham/scratch/afids-data/data/datasets/SNSX/derivatives/tfrom_greedy/sub-C013/anat/sub-C013_space-MNI152NLin2009cAsym_desc-groundtruth_afids.fcsv
    output: /home/ROBARTS/ataha/graham/scratch/afids-data/data/datasets/SNSX/derivatives/train/sub-C013/anat/sub-C013_acq-MP2RAGE_space-MNI152NLin2009cAsym_res-1mm_desc-fspreproc_T1w.nii.gz, /home/ROBARTS/ataha/graham/scratch/afids-data/data/datasets/SNSX/derivatives/train/sub-C013/anat/sub-C013_acq-MP2RAGE_space-MNI152NLin2009cAsym_res-1mm_desc-groundtruth_afids.fcsv, /home/ROBARTS/ataha/graham/scratch/afids-data/data/datasets/SNSX/derivatives/train/sub-C013/anat
    jobid: 61
    reason: Missing output files: /home/ROBARTS/ataha/graham/scratch/afids-data/data/datasets/SNSX/derivatives/train/sub-C013/anat/sub-C013_acq-MP2RAGE_space-MNI152NLin2009cAsym_res-1mm_desc-groundtruth_afids.fcsv; Input files updated by another job: /home/ROBARTS/ataha/graham/scratch/afids-data/data/datasets/SNSX/derivatives/tfrom_greedy/sub-C013/anat/sub-C013_space-MNI152NLin2009cAsym_desc-groundtruth_afids.fcsv
    wildcards: subject=C013
    resources: tmpdir=/tmp

[Thu Jun 29 14:25:42 2023]
Finished job 31.
49 of 74 steps (66%) done
Select jobs to execute...

[Thu Jun 29 14:25:42 2023]
rule fids2mni:
    input: /home/ROBARTS/ataha/graham/scratch/afids-data/data/datasets/SNSX/derivatives/afids_groundtruth/sub-C028/anat/sub-C028_acq-MP2RAGE_run-01_space-T1w_desc-groundtruth_afids.fcsv, /home/ROBARTS/ataha/graham/scratch/afids-data/data/datasets/SNSX/derivatives/tfrom_greedy/sub-C028/anat/sub-C028_acq-MP2RAGE_space-MNI152NLin2009cAsym.mat
    output: /home/ROBARTS/ataha/graham/scratch/afids-data/data/datasets/SNSX/derivatives/tfrom_greedy/sub-C028/anat/sub-C028_space-MNI152NLin2009cAsym_desc-groundtruth_afids.fcsv
    jobid: 130
    reason: Missing output files: /home/ROBARTS/ataha/graham/scratch/afids-data/data/datasets/SNSX/derivatives/tfrom_greedy/sub-C028/anat/sub-C028_space-MNI152NLin2009cAsym_desc-groundtruth_afids.fcsv
    wildcards: subject=C028
    resources: tmpdir=/tmp

[Thu Jun 29 14:25:44 2023]
Finished job 16.
50 of 74 steps (68%) done
Select jobs to execute...

[Thu Jun 29 14:25:44 2023]
rule fids2mni:
    input: /home/ROBARTS/ataha/graham/scratch/afids-data/data/datasets/SNSX/derivatives/afids_groundtruth/sub-C016/anat/sub-C016_acq-MP2RAGE_run-01_space-T1w_desc-groundtruth_afids.fcsv, /home/ROBARTS/ataha/graham/scratch/afids-data/data/datasets/SNSX/derivatives/tfrom_greedy/sub-C016/anat/sub-C016_acq-MP2RAGE_space-MNI152NLin2009cAsym.mat
    output: /home/ROBARTS/ataha/graham/scratch/afids-data/data/datasets/SNSX/derivatives/tfrom_greedy/sub-C016/anat/sub-C016_space-MNI152NLin2009cAsym_desc-groundtruth_afids.fcsv
    jobid: 75
    reason: Missing output files: /home/ROBARTS/ataha/graham/scratch/afids-data/data/datasets/SNSX/derivatives/tfrom_greedy/sub-C016/anat/sub-C016_space-MNI152NLin2009cAsym_desc-groundtruth_afids.fcsv
    wildcards: subject=C016
    resources: tmpdir=/tmp

[Thu Jun 29 14:25:44 2023]
Finished job 61.
51 of 74 steps (69%) done
[Thu Jun 29 14:25:46 2023]
Finished job 130.
52 of 74 steps (70%) done
Select jobs to execute...

[Thu Jun 29 14:25:46 2023]
rule freesurfer2bids:
    input: /home/ROBARTS/ataha/graham/scratch/afids-data/data/datasets/SNSX/derivatives/freesurfer/sub-C028/mri/T1.mgz, /home/ROBARTS/ataha/graham/scratch/afids-data/data/datasets/SNSX/derivatives/tfrom_greedy/sub-C028/anat/sub-C028_space-MNI152NLin2009cAsym_desc-groundtruth_afids.fcsv
    output: /home/ROBARTS/ataha/graham/scratch/afids-data/data/datasets/SNSX/derivatives/train/sub-C028/anat/sub-C028_acq-MP2RAGE_space-MNI152NLin2009cAsym_res-1mm_desc-fspreproc_T1w.nii.gz, /home/ROBARTS/ataha/graham/scratch/afids-data/data/datasets/SNSX/derivatives/train/sub-C028/anat/sub-C028_acq-MP2RAGE_space-MNI152NLin2009cAsym_res-1mm_desc-groundtruth_afids.fcsv, /home/ROBARTS/ataha/graham/scratch/afids-data/data/datasets/SNSX/derivatives/train/sub-C028/anat
    jobid: 126
    reason: Missing output files: /home/ROBARTS/ataha/graham/scratch/afids-data/data/datasets/SNSX/derivatives/train/sub-C028/anat/sub-C028_acq-MP2RAGE_space-MNI152NLin2009cAsym_res-1mm_desc-groundtruth_afids.fcsv; Input files updated by another job: /home/ROBARTS/ataha/graham/scratch/afids-data/data/datasets/SNSX/derivatives/tfrom_greedy/sub-C028/anat/sub-C028_space-MNI152NLin2009cAsym_desc-groundtruth_afids.fcsv
    wildcards: subject=C028
    resources: tmpdir=/tmp

[Thu Jun 29 14:25:47 2023]
Finished job 75.
53 of 74 steps (72%) done
Select jobs to execute...

[Thu Jun 29 14:25:47 2023]
rule freesurfer2bids:
    input: /home/ROBARTS/ataha/graham/scratch/afids-data/data/datasets/SNSX/derivatives/freesurfer/sub-C016/mri/T1.mgz, /home/ROBARTS/ataha/graham/scratch/afids-data/data/datasets/SNSX/derivatives/tfrom_greedy/sub-C016/anat/sub-C016_space-MNI152NLin2009cAsym_desc-groundtruth_afids.fcsv
    output: /home/ROBARTS/ataha/graham/scratch/afids-data/data/datasets/SNSX/derivatives/train/sub-C016/anat/sub-C016_acq-MP2RAGE_space-MNI152NLin2009cAsym_res-1mm_desc-fspreproc_T1w.nii.gz, /home/ROBARTS/ataha/graham/scratch/afids-data/data/datasets/SNSX/derivatives/train/sub-C016/anat/sub-C016_acq-MP2RAGE_space-MNI152NLin2009cAsym_res-1mm_desc-groundtruth_afids.fcsv, /home/ROBARTS/ataha/graham/scratch/afids-data/data/datasets/SNSX/derivatives/train/sub-C016/anat
    jobid: 71
    reason: Missing output files: /home/ROBARTS/ataha/graham/scratch/afids-data/data/datasets/SNSX/derivatives/train/sub-C016/anat/sub-C016_acq-MP2RAGE_space-MNI152NLin2009cAsym_res-1mm_desc-groundtruth_afids.fcsv; Input files updated by another job: /home/ROBARTS/ataha/graham/scratch/afids-data/data/datasets/SNSX/derivatives/tfrom_greedy/sub-C016/anat/sub-C016_space-MNI152NLin2009cAsym_desc-groundtruth_afids.fcsv
    wildcards: subject=C016
    resources: tmpdir=/tmp

[Thu Jun 29 14:25:49 2023]
Finished job 126.
54 of 74 steps (73%) done
[Thu Jun 29 14:25:51 2023]
Finished job 71.
55 of 74 steps (74%) done
[Thu Jun 29 15:44:11 2023]
Finished job 67.
56 of 74 steps (76%) done
Select jobs to execute...

[Thu Jun 29 15:44:11 2023]
rule freesurfer2bids:
    input: /home/ROBARTS/ataha/graham/scratch/afids-data/data/datasets/SNSX/derivatives/freesurfer/sub-C015/mri/T1.mgz, /home/ROBARTS/ataha/graham/scratch/afids-data/data/datasets/SNSX/derivatives/tfrom_greedy/sub-C015/anat/sub-C015_space-MNI152NLin2009cAsym_desc-groundtruth_afids.fcsv
    output: /home/ROBARTS/ataha/graham/scratch/afids-data/data/datasets/SNSX/derivatives/train/sub-C015/anat/sub-C015_acq-MP2RAGE_space-MNI152NLin2009cAsym_res-1mm_desc-fspreproc_T1w.nii.gz, /home/ROBARTS/ataha/graham/scratch/afids-data/data/datasets/SNSX/derivatives/train/sub-C015/anat/sub-C015_acq-MP2RAGE_space-MNI152NLin2009cAsym_res-1mm_desc-groundtruth_afids.fcsv, /home/ROBARTS/ataha/graham/scratch/afids-data/data/datasets/SNSX/derivatives/train/sub-C015/anat
    jobid: 66
    reason: Missing output files: /home/ROBARTS/ataha/graham/scratch/afids-data/data/datasets/SNSX/derivatives/train/sub-C015/anat/sub-C015_acq-MP2RAGE_space-MNI152NLin2009cAsym_res-1mm_desc-groundtruth_afids.fcsv; Input files updated by another job: /home/ROBARTS/ataha/graham/scratch/afids-data/data/datasets/SNSX/derivatives/tfrom_greedy/sub-C015/anat/sub-C015_space-MNI152NLin2009cAsym_desc-groundtruth_afids.fcsv, /home/ROBARTS/ataha/graham/scratch/afids-data/data/datasets/SNSX/derivatives/freesurfer/sub-C015/mri/T1.mgz
    wildcards: subject=C015
    resources: tmpdir=/tmp

[Thu Jun 29 15:44:13 2023]
Finished job 66.
57 of 74 steps (77%) done
[Thu Jun 29 15:48:17 2023]
Finished job 92.
58 of 74 steps (78%) done
Select jobs to execute...

[Thu Jun 29 15:48:17 2023]
rule freesurfer2bids:
    input: /home/ROBARTS/ataha/graham/scratch/afids-data/data/datasets/SNSX/derivatives/freesurfer/sub-C021/mri/T1.mgz, /home/ROBARTS/ataha/graham/scratch/afids-data/data/datasets/SNSX/derivatives/tfrom_greedy/sub-C021/anat/sub-C021_space-MNI152NLin2009cAsym_desc-groundtruth_afids.fcsv
    output: /home/ROBARTS/ataha/graham/scratch/afids-data/data/datasets/SNSX/derivatives/train/sub-C021/anat/sub-C021_acq-MP2RAGE_space-MNI152NLin2009cAsym_res-1mm_desc-fspreproc_T1w.nii.gz, /home/ROBARTS/ataha/graham/scratch/afids-data/data/datasets/SNSX/derivatives/train/sub-C021/anat/sub-C021_acq-MP2RAGE_space-MNI152NLin2009cAsym_res-1mm_desc-groundtruth_afids.fcsv, /home/ROBARTS/ataha/graham/scratch/afids-data/data/datasets/SNSX/derivatives/train/sub-C021/anat
    jobid: 91
    reason: Missing output files: /home/ROBARTS/ataha/graham/scratch/afids-data/data/datasets/SNSX/derivatives/train/sub-C021/anat/sub-C021_acq-MP2RAGE_space-MNI152NLin2009cAsym_res-1mm_desc-groundtruth_afids.fcsv; Input files updated by another job: /home/ROBARTS/ataha/graham/scratch/afids-data/data/datasets/SNSX/derivatives/freesurfer/sub-C021/mri/T1.mgz, /home/ROBARTS/ataha/graham/scratch/afids-data/data/datasets/SNSX/derivatives/tfrom_greedy/sub-C021/anat/sub-C021_space-MNI152NLin2009cAsym_desc-groundtruth_afids.fcsv
    wildcards: subject=C021
    resources: tmpdir=/tmp

[Thu Jun 29 15:48:21 2023]
Finished job 91.
59 of 74 steps (80%) done
[Thu Jun 29 15:51:57 2023]
Finished job 117.
60 of 74 steps (81%) done
Select jobs to execute...

[Thu Jun 29 15:51:57 2023]
rule freesurfer2bids:
    input: /home/ROBARTS/ataha/graham/scratch/afids-data/data/datasets/SNSX/derivatives/freesurfer/sub-C026/mri/T1.mgz, /home/ROBARTS/ataha/graham/scratch/afids-data/data/datasets/SNSX/derivatives/tfrom_greedy/sub-C026/anat/sub-C026_space-MNI152NLin2009cAsym_desc-groundtruth_afids.fcsv
    output: /home/ROBARTS/ataha/graham/scratch/afids-data/data/datasets/SNSX/derivatives/train/sub-C026/anat/sub-C026_acq-MP2RAGE_space-MNI152NLin2009cAsym_res-1mm_desc-fspreproc_T1w.nii.gz, /home/ROBARTS/ataha/graham/scratch/afids-data/data/datasets/SNSX/derivatives/train/sub-C026/anat/sub-C026_acq-MP2RAGE_space-MNI152NLin2009cAsym_res-1mm_desc-groundtruth_afids.fcsv, /home/ROBARTS/ataha/graham/scratch/afids-data/data/datasets/SNSX/derivatives/train/sub-C026/anat
    jobid: 116
    reason: Missing output files: /home/ROBARTS/ataha/graham/scratch/afids-data/data/datasets/SNSX/derivatives/train/sub-C026/anat/sub-C026_acq-MP2RAGE_space-MNI152NLin2009cAsym_res-1mm_desc-groundtruth_afids.fcsv; Input files updated by another job: /home/ROBARTS/ataha/graham/scratch/afids-data/data/datasets/SNSX/derivatives/tfrom_greedy/sub-C026/anat/sub-C026_space-MNI152NLin2009cAsym_desc-groundtruth_afids.fcsv, /home/ROBARTS/ataha/graham/scratch/afids-data/data/datasets/SNSX/derivatives/freesurfer/sub-C026/mri/T1.mgz
    wildcards: subject=C026
    resources: tmpdir=/tmp

[Thu Jun 29 15:52:00 2023]
Finished job 116.
61 of 74 steps (82%) done
[Thu Jun 29 15:52:09 2023]
Finished job 152.
62 of 74 steps (84%) done
Select jobs to execute...

[Thu Jun 29 15:52:09 2023]
rule freesurfer2bids:
    input: /home/ROBARTS/ataha/graham/scratch/afids-data/data/datasets/SNSX/derivatives/freesurfer/sub-C033/mri/T1.mgz, /home/ROBARTS/ataha/graham/scratch/afids-data/data/datasets/SNSX/derivatives/tfrom_greedy/sub-C033/anat/sub-C033_space-MNI152NLin2009cAsym_desc-groundtruth_afids.fcsv
    output: /home/ROBARTS/ataha/graham/scratch/afids-data/data/datasets/SNSX/derivatives/train/sub-C033/anat/sub-C033_acq-MP2RAGE_space-MNI152NLin2009cAsym_res-1mm_desc-fspreproc_T1w.nii.gz, /home/ROBARTS/ataha/graham/scratch/afids-data/data/datasets/SNSX/derivatives/train/sub-C033/anat/sub-C033_acq-MP2RAGE_space-MNI152NLin2009cAsym_res-1mm_desc-groundtruth_afids.fcsv, /home/ROBARTS/ataha/graham/scratch/afids-data/data/datasets/SNSX/derivatives/train/sub-C033/anat
    jobid: 151
    reason: Missing output files: /home/ROBARTS/ataha/graham/scratch/afids-data/data/datasets/SNSX/derivatives/train/sub-C033/anat/sub-C033_acq-MP2RAGE_space-MNI152NLin2009cAsym_res-1mm_desc-groundtruth_afids.fcsv; Input files updated by another job: /home/ROBARTS/ataha/graham/scratch/afids-data/data/datasets/SNSX/derivatives/freesurfer/sub-C033/mri/T1.mgz, /home/ROBARTS/ataha/graham/scratch/afids-data/data/datasets/SNSX/derivatives/tfrom_greedy/sub-C033/anat/sub-C033_space-MNI152NLin2009cAsym_desc-groundtruth_afids.fcsv
    wildcards: subject=C033
    resources: tmpdir=/tmp

[Thu Jun 29 15:52:12 2023]
Finished job 151.
63 of 74 steps (85%) done
[Thu Jun 29 15:52:25 2023]
Finished job 12.
64 of 74 steps (86%) done
Select jobs to execute...

[Thu Jun 29 15:52:25 2023]
rule freesurfer2bids:
    input: /home/ROBARTS/ataha/graham/scratch/afids-data/data/datasets/SNSX/derivatives/freesurfer/sub-C003/mri/T1.mgz, /home/ROBARTS/ataha/graham/scratch/afids-data/data/datasets/SNSX/derivatives/tfrom_greedy/sub-C003/anat/sub-C003_space-MNI152NLin2009cAsym_desc-groundtruth_afids.fcsv
    output: /home/ROBARTS/ataha/graham/scratch/afids-data/data/datasets/SNSX/derivatives/train/sub-C003/anat/sub-C003_acq-MP2RAGE_space-MNI152NLin2009cAsym_res-1mm_desc-fspreproc_T1w.nii.gz, /home/ROBARTS/ataha/graham/scratch/afids-data/data/datasets/SNSX/derivatives/train/sub-C003/anat/sub-C003_acq-MP2RAGE_space-MNI152NLin2009cAsym_res-1mm_desc-groundtruth_afids.fcsv, /home/ROBARTS/ataha/graham/scratch/afids-data/data/datasets/SNSX/derivatives/train/sub-C003/anat
    jobid: 11
    reason: Missing output files: /home/ROBARTS/ataha/graham/scratch/afids-data/data/datasets/SNSX/derivatives/train/sub-C003/anat/sub-C003_acq-MP2RAGE_space-MNI152NLin2009cAsym_res-1mm_desc-groundtruth_afids.fcsv; Input files updated by another job: /home/ROBARTS/ataha/graham/scratch/afids-data/data/datasets/SNSX/derivatives/tfrom_greedy/sub-C003/anat/sub-C003_space-MNI152NLin2009cAsym_desc-groundtruth_afids.fcsv, /home/ROBARTS/ataha/graham/scratch/afids-data/data/datasets/SNSX/derivatives/freesurfer/sub-C003/mri/T1.mgz
    wildcards: subject=C003
    resources: tmpdir=/tmp

[Thu Jun 29 15:52:30 2023]
Finished job 11.
65 of 74 steps (88%) done
[Thu Jun 29 15:52:32 2023]
Finished job 112.
66 of 74 steps (89%) done
Select jobs to execute...

[Thu Jun 29 15:52:32 2023]
rule freesurfer2bids:
    input: /home/ROBARTS/ataha/graham/scratch/afids-data/data/datasets/SNSX/derivatives/freesurfer/sub-C025/mri/T1.mgz, /home/ROBARTS/ataha/graham/scratch/afids-data/data/datasets/SNSX/derivatives/tfrom_greedy/sub-C025/anat/sub-C025_space-MNI152NLin2009cAsym_desc-groundtruth_afids.fcsv
    output: /home/ROBARTS/ataha/graham/scratch/afids-data/data/datasets/SNSX/derivatives/train/sub-C025/anat/sub-C025_acq-MP2RAGE_space-MNI152NLin2009cAsym_res-1mm_desc-fspreproc_T1w.nii.gz, /home/ROBARTS/ataha/graham/scratch/afids-data/data/datasets/SNSX/derivatives/train/sub-C025/anat/sub-C025_acq-MP2RAGE_space-MNI152NLin2009cAsym_res-1mm_desc-groundtruth_afids.fcsv, /home/ROBARTS/ataha/graham/scratch/afids-data/data/datasets/SNSX/derivatives/train/sub-C025/anat
    jobid: 111
    reason: Missing output files: /home/ROBARTS/ataha/graham/scratch/afids-data/data/datasets/SNSX/derivatives/train/sub-C025/anat/sub-C025_acq-MP2RAGE_space-MNI152NLin2009cAsym_res-1mm_desc-groundtruth_afids.fcsv; Input files updated by another job: /home/ROBARTS/ataha/graham/scratch/afids-data/data/datasets/SNSX/derivatives/tfrom_greedy/sub-C025/anat/sub-C025_space-MNI152NLin2009cAsym_desc-groundtruth_afids.fcsv, /home/ROBARTS/ataha/graham/scratch/afids-data/data/datasets/SNSX/derivatives/freesurfer/sub-C025/mri/T1.mgz
    wildcards: subject=C025
    resources: tmpdir=/tmp

[Thu Jun 29 15:52:37 2023]
Finished job 111.
67 of 74 steps (91%) done
[Thu Jun 29 15:52:48 2023]
Finished job 77.
68 of 74 steps (92%) done
Select jobs to execute...

[Thu Jun 29 15:52:48 2023]
rule freesurfer2bids:
    input: /home/ROBARTS/ataha/graham/scratch/afids-data/data/datasets/SNSX/derivatives/freesurfer/sub-C018/mri/T1.mgz, /home/ROBARTS/ataha/graham/scratch/afids-data/data/datasets/SNSX/derivatives/tfrom_greedy/sub-C018/anat/sub-C018_space-MNI152NLin2009cAsym_desc-groundtruth_afids.fcsv
    output: /home/ROBARTS/ataha/graham/scratch/afids-data/data/datasets/SNSX/derivatives/train/sub-C018/anat/sub-C018_acq-MP2RAGE_space-MNI152NLin2009cAsym_res-1mm_desc-fspreproc_T1w.nii.gz, /home/ROBARTS/ataha/graham/scratch/afids-data/data/datasets/SNSX/derivatives/train/sub-C018/anat/sub-C018_acq-MP2RAGE_space-MNI152NLin2009cAsym_res-1mm_desc-groundtruth_afids.fcsv, /home/ROBARTS/ataha/graham/scratch/afids-data/data/datasets/SNSX/derivatives/train/sub-C018/anat
    jobid: 76
    reason: Missing output files: /home/ROBARTS/ataha/graham/scratch/afids-data/data/datasets/SNSX/derivatives/train/sub-C018/anat/sub-C018_acq-MP2RAGE_space-MNI152NLin2009cAsym_res-1mm_desc-groundtruth_afids.fcsv; Input files updated by another job: /home/ROBARTS/ataha/graham/scratch/afids-data/data/datasets/SNSX/derivatives/freesurfer/sub-C018/mri/T1.mgz, /home/ROBARTS/ataha/graham/scratch/afids-data/data/datasets/SNSX/derivatives/tfrom_greedy/sub-C018/anat/sub-C018_space-MNI152NLin2009cAsym_desc-groundtruth_afids.fcsv
    wildcards: subject=C018
    resources: tmpdir=/tmp

[Thu Jun 29 15:52:51 2023]
Finished job 76.
69 of 74 steps (93%) done
[Thu Jun 29 15:55:35 2023]
Finished job 37.
70 of 74 steps (95%) done
Select jobs to execute...

[Thu Jun 29 15:55:35 2023]
rule freesurfer2bids:
    input: /home/ROBARTS/ataha/graham/scratch/afids-data/data/datasets/SNSX/derivatives/freesurfer/sub-C008/mri/T1.mgz, /home/ROBARTS/ataha/graham/scratch/afids-data/data/datasets/SNSX/derivatives/tfrom_greedy/sub-C008/anat/sub-C008_space-MNI152NLin2009cAsym_desc-groundtruth_afids.fcsv
    output: /home/ROBARTS/ataha/graham/scratch/afids-data/data/datasets/SNSX/derivatives/train/sub-C008/anat/sub-C008_acq-MP2RAGE_space-MNI152NLin2009cAsym_res-1mm_desc-fspreproc_T1w.nii.gz, /home/ROBARTS/ataha/graham/scratch/afids-data/data/datasets/SNSX/derivatives/train/sub-C008/anat/sub-C008_acq-MP2RAGE_space-MNI152NLin2009cAsym_res-1mm_desc-groundtruth_afids.fcsv, /home/ROBARTS/ataha/graham/scratch/afids-data/data/datasets/SNSX/derivatives/train/sub-C008/anat
    jobid: 36
    reason: Missing output files: /home/ROBARTS/ataha/graham/scratch/afids-data/data/datasets/SNSX/derivatives/train/sub-C008/anat/sub-C008_acq-MP2RAGE_space-MNI152NLin2009cAsym_res-1mm_desc-groundtruth_afids.fcsv; Input files updated by another job: /home/ROBARTS/ataha/graham/scratch/afids-data/data/datasets/SNSX/derivatives/freesurfer/sub-C008/mri/T1.mgz, /home/ROBARTS/ataha/graham/scratch/afids-data/data/datasets/SNSX/derivatives/tfrom_greedy/sub-C008/anat/sub-C008_space-MNI152NLin2009cAsym_desc-groundtruth_afids.fcsv
    wildcards: subject=C008
    resources: tmpdir=/tmp

[Thu Jun 29 15:55:39 2023]
Finished job 36.
71 of 74 steps (96%) done
[Thu Jun 29 15:57:32 2023]
Finished job 157.
72 of 74 steps (97%) done
Select jobs to execute...

[Thu Jun 29 15:57:32 2023]
rule freesurfer2bids:
    input: /home/ROBARTS/ataha/graham/scratch/afids-data/data/datasets/SNSX/derivatives/freesurfer/sub-C034/mri/T1.mgz, /home/ROBARTS/ataha/graham/scratch/afids-data/data/datasets/SNSX/derivatives/tfrom_greedy/sub-C034/anat/sub-C034_space-MNI152NLin2009cAsym_desc-groundtruth_afids.fcsv
    output: /home/ROBARTS/ataha/graham/scratch/afids-data/data/datasets/SNSX/derivatives/train/sub-C034/anat/sub-C034_acq-MP2RAGE_space-MNI152NLin2009cAsym_res-1mm_desc-fspreproc_T1w.nii.gz, /home/ROBARTS/ataha/graham/scratch/afids-data/data/datasets/SNSX/derivatives/train/sub-C034/anat/sub-C034_acq-MP2RAGE_space-MNI152NLin2009cAsym_res-1mm_desc-groundtruth_afids.fcsv, /home/ROBARTS/ataha/graham/scratch/afids-data/data/datasets/SNSX/derivatives/train/sub-C034/anat
    jobid: 156
    reason: Missing output files: /home/ROBARTS/ataha/graham/scratch/afids-data/data/datasets/SNSX/derivatives/train/sub-C034/anat/sub-C034_acq-MP2RAGE_space-MNI152NLin2009cAsym_res-1mm_desc-groundtruth_afids.fcsv; Input files updated by another job: /home/ROBARTS/ataha/graham/scratch/afids-data/data/datasets/SNSX/derivatives/freesurfer/sub-C034/mri/T1.mgz, /home/ROBARTS/ataha/graham/scratch/afids-data/data/datasets/SNSX/derivatives/tfrom_greedy/sub-C034/anat/sub-C034_space-MNI152NLin2009cAsym_desc-groundtruth_afids.fcsv
    wildcards: subject=C034
    resources: tmpdir=/tmp

[Thu Jun 29 15:57:35 2023]
Finished job 156.
73 of 74 steps (99%) done
Select jobs to execute...

[Thu Jun 29 15:57:36 2023]
localrule all:
    input: /home/ROBARTS/ataha/graham/scratch/afids-data/data/datasets/SNSX/derivatives/train/sub-C001/anat/sub-C001_acq-MP2RAGE_space-MNI152NLin2009cAsym_res-1mm_desc-groundtruth_afids.fcsv, /home/ROBARTS/ataha/graham/scratch/afids-data/data/datasets/SNSX/derivatives/train/sub-C002/anat/sub-C002_acq-MP2RAGE_space-MNI152NLin2009cAsym_res-1mm_desc-groundtruth_afids.fcsv, /home/ROBARTS/ataha/graham/scratch/afids-data/data/datasets/SNSX/derivatives/train/sub-C003/anat/sub-C003_acq-MP2RAGE_space-MNI152NLin2009cAsym_res-1mm_desc-groundtruth_afids.fcsv, /home/ROBARTS/ataha/graham/scratch/afids-data/data/datasets/SNSX/derivatives/train/sub-C004/anat/sub-C004_acq-MP2RAGE_space-MNI152NLin2009cAsym_res-1mm_desc-groundtruth_afids.fcsv, /home/ROBARTS/ataha/graham/scratch/afids-data/data/datasets/SNSX/derivatives/train/sub-C005/anat/sub-C005_acq-MP2RAGE_space-MNI152NLin2009cAsym_res-1mm_desc-groundtruth_afids.fcsv, /home/ROBARTS/ataha/graham/scratch/afids-data/data/datasets/SNSX/derivatives/train/sub-C006/anat/sub-C006_acq-MP2RAGE_space-MNI152NLin2009cAsym_res-1mm_desc-groundtruth_afids.fcsv, /home/ROBARTS/ataha/graham/scratch/afids-data/data/datasets/SNSX/derivatives/train/sub-C007/anat/sub-C007_acq-MP2RAGE_space-MNI152NLin2009cAsym_res-1mm_desc-groundtruth_afids.fcsv, /home/ROBARTS/ataha/graham/scratch/afids-data/data/datasets/SNSX/derivatives/train/sub-C008/anat/sub-C008_acq-MP2RAGE_space-MNI152NLin2009cAsym_res-1mm_desc-groundtruth_afids.fcsv, /home/ROBARTS/ataha/graham/scratch/afids-data/data/datasets/SNSX/derivatives/train/sub-C009/anat/sub-C009_acq-MP2RAGE_space-MNI152NLin2009cAsym_res-1mm_desc-groundtruth_afids.fcsv, /home/ROBARTS/ataha/graham/scratch/afids-data/data/datasets/SNSX/derivatives/train/sub-C010/anat/sub-C010_acq-MP2RAGE_space-MNI152NLin2009cAsym_res-1mm_desc-groundtruth_afids.fcsv, /home/ROBARTS/ataha/graham/scratch/afids-data/data/datasets/SNSX/derivatives/train/sub-C011/anat/sub-C011_acq-MP2RAGE_space-MNI152NLin2009cAsym_res-1mm_desc-groundtruth_afids.fcsv, /home/ROBARTS/ataha/graham/scratch/afids-data/data/datasets/SNSX/derivatives/train/sub-C012/anat/sub-C012_acq-MP2RAGE_space-MNI152NLin2009cAsym_res-1mm_desc-groundtruth_afids.fcsv, /home/ROBARTS/ataha/graham/scratch/afids-data/data/datasets/SNSX/derivatives/train/sub-C013/anat/sub-C013_acq-MP2RAGE_space-MNI152NLin2009cAsym_res-1mm_desc-groundtruth_afids.fcsv, /home/ROBARTS/ataha/graham/scratch/afids-data/data/datasets/SNSX/derivatives/train/sub-C015/anat/sub-C015_acq-MP2RAGE_space-MNI152NLin2009cAsym_res-1mm_desc-groundtruth_afids.fcsv, /home/ROBARTS/ataha/graham/scratch/afids-data/data/datasets/SNSX/derivatives/train/sub-C016/anat/sub-C016_acq-MP2RAGE_space-MNI152NLin2009cAsym_res-1mm_desc-groundtruth_afids.fcsv, /home/ROBARTS/ataha/graham/scratch/afids-data/data/datasets/SNSX/derivatives/train/sub-C018/anat/sub-C018_acq-MP2RAGE_space-MNI152NLin2009cAsym_res-1mm_desc-groundtruth_afids.fcsv, /home/ROBARTS/ataha/graham/scratch/afids-data/data/datasets/SNSX/derivatives/train/sub-C019/anat/sub-C019_acq-MP2RAGE_space-MNI152NLin2009cAsym_res-1mm_desc-groundtruth_afids.fcsv, /home/ROBARTS/ataha/graham/scratch/afids-data/data/datasets/SNSX/derivatives/train/sub-C020/anat/sub-C020_acq-MP2RAGE_space-MNI152NLin2009cAsym_res-1mm_desc-groundtruth_afids.fcsv, /home/ROBARTS/ataha/graham/scratch/afids-data/data/datasets/SNSX/derivatives/train/sub-C021/anat/sub-C021_acq-MP2RAGE_space-MNI152NLin2009cAsym_res-1mm_desc-groundtruth_afids.fcsv, /home/ROBARTS/ataha/graham/scratch/afids-data/data/datasets/SNSX/derivatives/train/sub-C022/anat/sub-C022_acq-MP2RAGE_space-MNI152NLin2009cAsym_res-1mm_desc-groundtruth_afids.fcsv, /home/ROBARTS/ataha/graham/scratch/afids-data/data/datasets/SNSX/derivatives/train/sub-C023/anat/sub-C023_acq-MP2RAGE_space-MNI152NLin2009cAsym_res-1mm_desc-groundtruth_afids.fcsv, /home/ROBARTS/ataha/graham/scratch/afids-data/data/datasets/SNSX/derivatives/train/sub-C024/anat/sub-C024_acq-MP2RAGE_space-MNI152NLin2009cAsym_res-1mm_desc-groundtruth_afids.fcsv, /home/ROBARTS/ataha/graham/scratch/afids-data/data/datasets/SNSX/derivatives/train/sub-C025/anat/sub-C025_acq-MP2RAGE_space-MNI152NLin2009cAsym_res-1mm_desc-groundtruth_afids.fcsv, /home/ROBARTS/ataha/graham/scratch/afids-data/data/datasets/SNSX/derivatives/train/sub-C026/anat/sub-C026_acq-MP2RAGE_space-MNI152NLin2009cAsym_res-1mm_desc-groundtruth_afids.fcsv, /home/ROBARTS/ataha/graham/scratch/afids-data/data/datasets/SNSX/derivatives/train/sub-C027/anat/sub-C027_acq-MP2RAGE_space-MNI152NLin2009cAsym_res-1mm_desc-groundtruth_afids.fcsv, /home/ROBARTS/ataha/graham/scratch/afids-data/data/datasets/SNSX/derivatives/train/sub-C028/anat/sub-C028_acq-MP2RAGE_space-MNI152NLin2009cAsym_res-1mm_desc-groundtruth_afids.fcsv, /home/ROBARTS/ataha/graham/scratch/afids-data/data/datasets/SNSX/derivatives/train/sub-C029/anat/sub-C029_acq-MP2RAGE_space-MNI152NLin2009cAsym_res-1mm_desc-groundtruth_afids.fcsv, /home/ROBARTS/ataha/graham/scratch/afids-data/data/datasets/SNSX/derivatives/train/sub-C030/anat/sub-C030_acq-MP2RAGE_space-MNI152NLin2009cAsym_res-1mm_desc-groundtruth_afids.fcsv, /home/ROBARTS/ataha/graham/scratch/afids-data/data/datasets/SNSX/derivatives/train/sub-C031/anat/sub-C031_acq-MP2RAGE_space-MNI152NLin2009cAsym_res-1mm_desc-groundtruth_afids.fcsv, /home/ROBARTS/ataha/graham/scratch/afids-data/data/datasets/SNSX/derivatives/train/sub-C032/anat/sub-C032_acq-MP2RAGE_space-MNI152NLin2009cAsym_res-1mm_desc-groundtruth_afids.fcsv, /home/ROBARTS/ataha/graham/scratch/afids-data/data/datasets/SNSX/derivatives/train/sub-C033/anat/sub-C033_acq-MP2RAGE_space-MNI152NLin2009cAsym_res-1mm_desc-groundtruth_afids.fcsv, /home/ROBARTS/ataha/graham/scratch/afids-data/data/datasets/SNSX/derivatives/train/sub-C034/anat/sub-C034_acq-MP2RAGE_space-MNI152NLin2009cAsym_res-1mm_desc-groundtruth_afids.fcsv
    jobid: 0
    reason: Input files updated by another job: /home/ROBARTS/ataha/graham/scratch/afids-data/data/datasets/SNSX/derivatives/train/sub-C027/anat/sub-C027_acq-MP2RAGE_space-MNI152NLin2009cAsym_res-1mm_desc-groundtruth_afids.fcsv, /home/ROBARTS/ataha/graham/scratch/afids-data/data/datasets/SNSX/derivatives/train/sub-C016/anat/sub-C016_acq-MP2RAGE_space-MNI152NLin2009cAsym_res-1mm_desc-groundtruth_afids.fcsv, /home/ROBARTS/ataha/graham/scratch/afids-data/data/datasets/SNSX/derivatives/train/sub-C006/anat/sub-C006_acq-MP2RAGE_space-MNI152NLin2009cAsym_res-1mm_desc-groundtruth_afids.fcsv, /home/ROBARTS/ataha/graham/scratch/afids-data/data/datasets/SNSX/derivatives/train/sub-C003/anat/sub-C003_acq-MP2RAGE_space-MNI152NLin2009cAsym_res-1mm_desc-groundtruth_afids.fcsv, /home/ROBARTS/ataha/graham/scratch/afids-data/data/datasets/SNSX/derivatives/train/sub-C007/anat/sub-C007_acq-MP2RAGE_space-MNI152NLin2009cAsym_res-1mm_desc-groundtruth_afids.fcsv, /home/ROBARTS/ataha/graham/scratch/afids-data/data/datasets/SNSX/derivatives/train/sub-C004/anat/sub-C004_acq-MP2RAGE_space-MNI152NLin2009cAsym_res-1mm_desc-groundtruth_afids.fcsv, /home/ROBARTS/ataha/graham/scratch/afids-data/data/datasets/SNSX/derivatives/train/sub-C034/anat/sub-C034_acq-MP2RAGE_space-MNI152NLin2009cAsym_res-1mm_desc-groundtruth_afids.fcsv, /home/ROBARTS/ataha/graham/scratch/afids-data/data/datasets/SNSX/derivatives/train/sub-C013/anat/sub-C013_acq-MP2RAGE_space-MNI152NLin2009cAsym_res-1mm_desc-groundtruth_afids.fcsv, /home/ROBARTS/ataha/graham/scratch/afids-data/data/datasets/SNSX/derivatives/train/sub-C001/anat/sub-C001_acq-MP2RAGE_space-MNI152NLin2009cAsym_res-1mm_desc-groundtruth_afids.fcsv, /home/ROBARTS/ataha/graham/scratch/afids-data/data/datasets/SNSX/derivatives/train/sub-C010/anat/sub-C010_acq-MP2RAGE_space-MNI152NLin2009cAsym_res-1mm_desc-groundtruth_afids.fcsv, /home/ROBARTS/ataha/graham/scratch/afids-data/data/datasets/SNSX/derivatives/train/sub-C030/anat/sub-C030_acq-MP2RAGE_space-MNI152NLin2009cAsym_res-1mm_desc-groundtruth_afids.fcsv, /home/ROBARTS/ataha/graham/scratch/afids-data/data/datasets/SNSX/derivatives/train/sub-C033/anat/sub-C033_acq-MP2RAGE_space-MNI152NLin2009cAsym_res-1mm_desc-groundtruth_afids.fcsv, /home/ROBARTS/ataha/graham/scratch/afids-data/data/datasets/SNSX/derivatives/train/sub-C018/anat/sub-C018_acq-MP2RAGE_space-MNI152NLin2009cAsym_res-1mm_desc-groundtruth_afids.fcsv, /home/ROBARTS/ataha/graham/scratch/afids-data/data/datasets/SNSX/derivatives/train/sub-C011/anat/sub-C011_acq-MP2RAGE_space-MNI152NLin2009cAsym_res-1mm_desc-groundtruth_afids.fcsv, /home/ROBARTS/ataha/graham/scratch/afids-data/data/datasets/SNSX/derivatives/train/sub-C012/anat/sub-C012_acq-MP2RAGE_space-MNI152NLin2009cAsym_res-1mm_desc-groundtruth_afids.fcsv, /home/ROBARTS/ataha/graham/scratch/afids-data/data/datasets/SNSX/derivatives/train/sub-C019/anat/sub-C019_acq-MP2RAGE_space-MNI152NLin2009cAsym_res-1mm_desc-groundtruth_afids.fcsv, /home/ROBARTS/ataha/graham/scratch/afids-data/data/datasets/SNSX/derivatives/train/sub-C032/anat/sub-C032_acq-MP2RAGE_space-MNI152NLin2009cAsym_res-1mm_desc-groundtruth_afids.fcsv, /home/ROBARTS/ataha/graham/scratch/afids-data/data/datasets/SNSX/derivatives/train/sub-C024/anat/sub-C024_acq-MP2RAGE_space-MNI152NLin2009cAsym_res-1mm_desc-groundtruth_afids.fcsv, /home/ROBARTS/ataha/graham/scratch/afids-data/data/datasets/SNSX/derivatives/train/sub-C008/anat/sub-C008_acq-MP2RAGE_space-MNI152NLin2009cAsym_res-1mm_desc-groundtruth_afids.fcsv, /home/ROBARTS/ataha/graham/scratch/afids-data/data/datasets/SNSX/derivatives/train/sub-C025/anat/sub-C025_acq-MP2RAGE_space-MNI152NLin2009cAsym_res-1mm_desc-groundtruth_afids.fcsv, /home/ROBARTS/ataha/graham/scratch/afids-data/data/datasets/SNSX/derivatives/train/sub-C020/anat/sub-C020_acq-MP2RAGE_space-MNI152NLin2009cAsym_res-1mm_desc-groundtruth_afids.fcsv, /home/ROBARTS/ataha/graham/scratch/afids-data/data/datasets/SNSX/derivatives/train/sub-C023/anat/sub-C023_acq-MP2RAGE_space-MNI152NLin2009cAsym_res-1mm_desc-groundtruth_afids.fcsv, /home/ROBARTS/ataha/graham/scratch/afids-data/data/datasets/SNSX/derivatives/train/sub-C022/anat/sub-C022_acq-MP2RAGE_space-MNI152NLin2009cAsym_res-1mm_desc-groundtruth_afids.fcsv, /home/ROBARTS/ataha/graham/scratch/afids-data/data/datasets/SNSX/derivatives/train/sub-C031/anat/sub-C031_acq-MP2RAGE_space-MNI152NLin2009cAsym_res-1mm_desc-groundtruth_afids.fcsv, /home/ROBARTS/ataha/graham/scratch/afids-data/data/datasets/SNSX/derivatives/train/sub-C026/anat/sub-C026_acq-MP2RAGE_space-MNI152NLin2009cAsym_res-1mm_desc-groundtruth_afids.fcsv, /home/ROBARTS/ataha/graham/scratch/afids-data/data/datasets/SNSX/derivatives/train/sub-C028/anat/sub-C028_acq-MP2RAGE_space-MNI152NLin2009cAsym_res-1mm_desc-groundtruth_afids.fcsv, /home/ROBARTS/ataha/graham/scratch/afids-data/data/datasets/SNSX/derivatives/train/sub-C029/anat/sub-C029_acq-MP2RAGE_space-MNI152NLin2009cAsym_res-1mm_desc-groundtruth_afids.fcsv, /home/ROBARTS/ataha/graham/scratch/afids-data/data/datasets/SNSX/derivatives/train/sub-C005/anat/sub-C005_acq-MP2RAGE_space-MNI152NLin2009cAsym_res-1mm_desc-groundtruth_afids.fcsv, /home/ROBARTS/ataha/graham/scratch/afids-data/data/datasets/SNSX/derivatives/train/sub-C002/anat/sub-C002_acq-MP2RAGE_space-MNI152NLin2009cAsym_res-1mm_desc-groundtruth_afids.fcsv, /home/ROBARTS/ataha/graham/scratch/afids-data/data/datasets/SNSX/derivatives/train/sub-C009/anat/sub-C009_acq-MP2RAGE_space-MNI152NLin2009cAsym_res-1mm_desc-groundtruth_afids.fcsv, /home/ROBARTS/ataha/graham/scratch/afids-data/data/datasets/SNSX/derivatives/train/sub-C021/anat/sub-C021_acq-MP2RAGE_space-MNI152NLin2009cAsym_res-1mm_desc-groundtruth_afids.fcsv, /home/ROBARTS/ataha/graham/scratch/afids-data/data/datasets/SNSX/derivatives/train/sub-C015/anat/sub-C015_acq-MP2RAGE_space-MNI152NLin2009cAsym_res-1mm_desc-groundtruth_afids.fcsv
    resources: tmpdir=/tmp

[Thu Jun 29 15:57:36 2023]
Finished job 0.
74 of 74 steps (100%) done
Complete log: .snakemake/log/2023-06-29T142319.867893.snakemake.log
