Building DAG of jobs...
Using shell: /usr/bin/bash
Provided cores: 3
Rules claiming more threads will be scaled down.
Job stats:
job                     count    min threads    max threads
--------------------  -------  -------------  -------------
align_template_rigid       30              1              1
all                         1              1              1
fids2mni                   30              1              1
freesurfer2bids            30              1              1
freesurfer_preproc         30              1              1
skull_strip                30              1              1
total                     151              1              1

Select jobs to execute...

[Wed Jun 28 22:34:34 2023]
rule skull_strip:
    input: /home/ROBARTS/ataha/graham/scratch/afids-data/data/datasets/AFIDs-OASIS/sub-0456/anat/sub-0456_T1w.nii.gz
    output: /home/ROBARTS/ataha/graham/scratch/afids-data/data/datasets/AFIDs-OASIS/derivatives/synthstrip/sub-0456/anat/sub-0456_desc-synthstrip_T1w.nii.gz, /home/ROBARTS/ataha/graham/scratch/afids-data/data/datasets/AFIDs-OASIS/derivatives/synthstrip/sub-0456/anat/sub-0456_desc-synthstrip_briamask.nii.gz
    jobid: 149
    reason: Missing output files: /home/ROBARTS/ataha/graham/scratch/afids-data/data/datasets/AFIDs-OASIS/derivatives/synthstrip/sub-0456/anat/sub-0456_desc-synthstrip_T1w.nii.gz
    wildcards: subject=0456
    priority: highest
    resources: tmpdir=/tmp, mem_gb=20, cpu=6

Activating singularity image /home/ROBARTS/ataha/graham/scratch/synthstrip.1.3.sif

[Wed Jun 28 22:34:34 2023]
rule skull_strip:
    input: /home/ROBARTS/ataha/graham/scratch/afids-data/data/datasets/AFIDs-OASIS/sub-0180/anat/sub-0180_T1w.nii.gz
    output: /home/ROBARTS/ataha/graham/scratch/afids-data/data/datasets/AFIDs-OASIS/derivatives/synthstrip/sub-0180/anat/sub-0180_desc-synthstrip_T1w.nii.gz, /home/ROBARTS/ataha/graham/scratch/afids-data/data/datasets/AFIDs-OASIS/derivatives/synthstrip/sub-0180/anat/sub-0180_desc-synthstrip_briamask.nii.gz
    jobid: 44
    reason: Missing output files: /home/ROBARTS/ataha/graham/scratch/afids-data/data/datasets/AFIDs-OASIS/derivatives/synthstrip/sub-0180/anat/sub-0180_desc-synthstrip_T1w.nii.gz
    wildcards: subject=0180
    priority: highest
    resources: tmpdir=/tmp, mem_gb=20, cpu=6

Activating singularity image /home/ROBARTS/ataha/graham/scratch/synthstrip.1.3.sif

[Wed Jun 28 22:34:34 2023]
rule skull_strip:
    input: /home/ROBARTS/ataha/graham/scratch/afids-data/data/datasets/AFIDs-OASIS/sub-0266/anat/sub-0266_T1w.nii.gz
    output: /home/ROBARTS/ataha/graham/scratch/afids-data/data/datasets/AFIDs-OASIS/derivatives/synthstrip/sub-0266/anat/sub-0266_desc-synthstrip_T1w.nii.gz, /home/ROBARTS/ataha/graham/scratch/afids-data/data/datasets/AFIDs-OASIS/derivatives/synthstrip/sub-0266/anat/sub-0266_desc-synthstrip_briamask.nii.gz
    jobid: 94
    reason: Missing output files: /home/ROBARTS/ataha/graham/scratch/afids-data/data/datasets/AFIDs-OASIS/derivatives/synthstrip/sub-0266/anat/sub-0266_desc-synthstrip_T1w.nii.gz
    wildcards: subject=0266
    priority: highest
    resources: tmpdir=/tmp, mem_gb=20, cpu=6

Activating singularity image /home/ROBARTS/ataha/graham/scratch/synthstrip.1.3.sif
[Wed Jun 28 22:35:41 2023]
Finished job 149.
1 of 151 steps (1%) done
Select jobs to execute...

[Wed Jun 28 22:35:41 2023]
rule skull_strip:
    input: /home/ROBARTS/ataha/graham/scratch/afids-data/data/datasets/AFIDs-OASIS/sub-0365/anat/sub-0365_T1w.nii.gz
    output: /home/ROBARTS/ataha/graham/scratch/afids-data/data/datasets/AFIDs-OASIS/derivatives/synthstrip/sub-0365/anat/sub-0365_desc-synthstrip_T1w.nii.gz, /home/ROBARTS/ataha/graham/scratch/afids-data/data/datasets/AFIDs-OASIS/derivatives/synthstrip/sub-0365/anat/sub-0365_desc-synthstrip_briamask.nii.gz
    jobid: 129
    reason: Missing output files: /home/ROBARTS/ataha/graham/scratch/afids-data/data/datasets/AFIDs-OASIS/derivatives/synthstrip/sub-0365/anat/sub-0365_desc-synthstrip_T1w.nii.gz
    wildcards: subject=0365
    priority: highest
    resources: tmpdir=/tmp, mem_gb=20, cpu=6

Activating singularity image /home/ROBARTS/ataha/graham/scratch/synthstrip.1.3.sif
[Wed Jun 28 22:35:42 2023]
Finished job 44.
2 of 151 steps (1%) done
[Wed Jun 28 22:35:42 2023]
Finished job 94.
3 of 151 steps (2%) done
Select jobs to execute...

[Wed Jun 28 22:35:42 2023]
rule skull_strip:
    input: /home/ROBARTS/ataha/graham/scratch/afids-data/data/datasets/AFIDs-OASIS/sub-0284/anat/sub-0284_T1w.nii.gz
    output: /home/ROBARTS/ataha/graham/scratch/afids-data/data/datasets/AFIDs-OASIS/derivatives/synthstrip/sub-0284/anat/sub-0284_desc-synthstrip_T1w.nii.gz, /home/ROBARTS/ataha/graham/scratch/afids-data/data/datasets/AFIDs-OASIS/derivatives/synthstrip/sub-0284/anat/sub-0284_desc-synthstrip_briamask.nii.gz
    jobid: 104
    reason: Missing output files: /home/ROBARTS/ataha/graham/scratch/afids-data/data/datasets/AFIDs-OASIS/derivatives/synthstrip/sub-0284/anat/sub-0284_desc-synthstrip_T1w.nii.gz
    wildcards: subject=0284
    priority: highest
    resources: tmpdir=/tmp, mem_gb=20, cpu=6

Activating singularity image /home/ROBARTS/ataha/graham/scratch/synthstrip.1.3.sif

[Wed Jun 28 22:35:44 2023]
rule skull_strip:
    input: /home/ROBARTS/ataha/graham/scratch/afids-data/data/datasets/AFIDs-OASIS/sub-0203/anat/sub-0203_T1w.nii.gz
    output: /home/ROBARTS/ataha/graham/scratch/afids-data/data/datasets/AFIDs-OASIS/derivatives/synthstrip/sub-0203/anat/sub-0203_desc-synthstrip_T1w.nii.gz, /home/ROBARTS/ataha/graham/scratch/afids-data/data/datasets/AFIDs-OASIS/derivatives/synthstrip/sub-0203/anat/sub-0203_desc-synthstrip_briamask.nii.gz
    jobid: 59
    reason: Missing output files: /home/ROBARTS/ataha/graham/scratch/afids-data/data/datasets/AFIDs-OASIS/derivatives/synthstrip/sub-0203/anat/sub-0203_desc-synthstrip_T1w.nii.gz
    wildcards: subject=0203
    priority: highest
    resources: tmpdir=/tmp, mem_gb=20, cpu=6

Select jobs to execute...
Activating singularity image /home/ROBARTS/ataha/graham/scratch/synthstrip.1.3.sif
[Wed Jun 28 22:36:49 2023]
Finished job 129.
4 of 151 steps (3%) done

[Wed Jun 28 22:36:49 2023]
rule skull_strip:
    input: /home/ROBARTS/ataha/graham/scratch/afids-data/data/datasets/AFIDs-OASIS/sub-0216/anat/sub-0216_T1w.nii.gz
    output: /home/ROBARTS/ataha/graham/scratch/afids-data/data/datasets/AFIDs-OASIS/derivatives/synthstrip/sub-0216/anat/sub-0216_desc-synthstrip_T1w.nii.gz, /home/ROBARTS/ataha/graham/scratch/afids-data/data/datasets/AFIDs-OASIS/derivatives/synthstrip/sub-0216/anat/sub-0216_desc-synthstrip_briamask.nii.gz
    jobid: 64
    reason: Missing output files: /home/ROBARTS/ataha/graham/scratch/afids-data/data/datasets/AFIDs-OASIS/derivatives/synthstrip/sub-0216/anat/sub-0216_desc-synthstrip_T1w.nii.gz
    wildcards: subject=0216
    priority: highest
    resources: tmpdir=/tmp, mem_gb=20, cpu=6

Activating singularity image /home/ROBARTS/ataha/graham/scratch/synthstrip.1.3.sif
[Wed Jun 28 22:36:49 2023]
Finished job 104.
5 of 151 steps (3%) done
[Wed Jun 28 22:36:50 2023]
Finished job 59.
6 of 151 steps (4%) done
Select jobs to execute...

[Wed Jun 28 22:36:50 2023]
rule skull_strip:
    input: /home/ROBARTS/ataha/graham/scratch/afids-data/data/datasets/AFIDs-OASIS/sub-0371/anat/sub-0371_T1w.nii.gz
    output: /home/ROBARTS/ataha/graham/scratch/afids-data/data/datasets/AFIDs-OASIS/derivatives/synthstrip/sub-0371/anat/sub-0371_desc-synthstrip_T1w.nii.gz, /home/ROBARTS/ataha/graham/scratch/afids-data/data/datasets/AFIDs-OASIS/derivatives/synthstrip/sub-0371/anat/sub-0371_desc-synthstrip_briamask.nii.gz
    jobid: 134
    reason: Missing output files: /home/ROBARTS/ataha/graham/scratch/afids-data/data/datasets/AFIDs-OASIS/derivatives/synthstrip/sub-0371/anat/sub-0371_desc-synthstrip_T1w.nii.gz
    wildcards: subject=0371
    priority: highest
    resources: tmpdir=/tmp, mem_gb=20, cpu=6

Activating singularity image /home/ROBARTS/ataha/graham/scratch/synthstrip.1.3.sif

[Wed Jun 28 22:36:50 2023]
rule skull_strip:
    input: /home/ROBARTS/ataha/graham/scratch/afids-data/data/datasets/AFIDs-OASIS/sub-0010/anat/sub-0010_T1w.nii.gz
    output: /home/ROBARTS/ataha/graham/scratch/afids-data/data/datasets/AFIDs-OASIS/derivatives/synthstrip/sub-0010/anat/sub-0010_desc-synthstrip_T1w.nii.gz, /home/ROBARTS/ataha/graham/scratch/afids-data/data/datasets/AFIDs-OASIS/derivatives/synthstrip/sub-0010/anat/sub-0010_desc-synthstrip_briamask.nii.gz
    jobid: 4
    reason: Missing output files: /home/ROBARTS/ataha/graham/scratch/afids-data/data/datasets/AFIDs-OASIS/derivatives/synthstrip/sub-0010/anat/sub-0010_desc-synthstrip_T1w.nii.gz
    wildcards: subject=0010
    priority: highest
    resources: tmpdir=/tmp, mem_gb=20, cpu=6

Select jobs to execute...
Activating singularity image /home/ROBARTS/ataha/graham/scratch/synthstrip.1.3.sif
[Wed Jun 28 22:37:52 2023]
Finished job 64.
7 of 151 steps (5%) done

[Wed Jun 28 22:37:52 2023]
rule skull_strip:
    input: /home/ROBARTS/ataha/graham/scratch/afids-data/data/datasets/AFIDs-OASIS/sub-0117/anat/sub-0117_T1w.nii.gz
    output: /home/ROBARTS/ataha/graham/scratch/afids-data/data/datasets/AFIDs-OASIS/derivatives/synthstrip/sub-0117/anat/sub-0117_desc-synthstrip_T1w.nii.gz, /home/ROBARTS/ataha/graham/scratch/afids-data/data/datasets/AFIDs-OASIS/derivatives/synthstrip/sub-0117/anat/sub-0117_desc-synthstrip_briamask.nii.gz
    jobid: 29
    reason: Missing output files: /home/ROBARTS/ataha/graham/scratch/afids-data/data/datasets/AFIDs-OASIS/derivatives/synthstrip/sub-0117/anat/sub-0117_desc-synthstrip_T1w.nii.gz
    wildcards: subject=0117
    priority: highest
    resources: tmpdir=/tmp, mem_gb=20, cpu=6

Activating singularity image /home/ROBARTS/ataha/graham/scratch/synthstrip.1.3.sif
[Wed Jun 28 22:37:57 2023]
Finished job 4.
8 of 151 steps (5%) done
Select jobs to execute...

[Wed Jun 28 22:37:57 2023]
rule skull_strip:
    input: /home/ROBARTS/ataha/graham/scratch/afids-data/data/datasets/AFIDs-OASIS/sub-0395/anat/sub-0395_T1w.nii.gz
    output: /home/ROBARTS/ataha/graham/scratch/afids-data/data/datasets/AFIDs-OASIS/derivatives/synthstrip/sub-0395/anat/sub-0395_desc-synthstrip_T1w.nii.gz, /home/ROBARTS/ataha/graham/scratch/afids-data/data/datasets/AFIDs-OASIS/derivatives/synthstrip/sub-0395/anat/sub-0395_desc-synthstrip_briamask.nii.gz
    jobid: 139
    reason: Missing output files: /home/ROBARTS/ataha/graham/scratch/afids-data/data/datasets/AFIDs-OASIS/derivatives/synthstrip/sub-0395/anat/sub-0395_desc-synthstrip_T1w.nii.gz
    wildcards: subject=0395
    priority: highest
    resources: tmpdir=/tmp, mem_gb=20, cpu=6

Activating singularity image /home/ROBARTS/ataha/graham/scratch/synthstrip.1.3.sif
[Wed Jun 28 22:37:57 2023]
Finished job 134.
9 of 151 steps (6%) done
Select jobs to execute...

[Wed Jun 28 22:37:57 2023]
rule skull_strip:
    input: /home/ROBARTS/ataha/graham/scratch/afids-data/data/datasets/AFIDs-OASIS/sub-0145/anat/sub-0145_T1w.nii.gz
    output: /home/ROBARTS/ataha/graham/scratch/afids-data/data/datasets/AFIDs-OASIS/derivatives/synthstrip/sub-0145/anat/sub-0145_desc-synthstrip_T1w.nii.gz, /home/ROBARTS/ataha/graham/scratch/afids-data/data/datasets/AFIDs-OASIS/derivatives/synthstrip/sub-0145/anat/sub-0145_desc-synthstrip_briamask.nii.gz
    jobid: 34
    reason: Missing output files: /home/ROBARTS/ataha/graham/scratch/afids-data/data/datasets/AFIDs-OASIS/derivatives/synthstrip/sub-0145/anat/sub-0145_desc-synthstrip_T1w.nii.gz
    wildcards: subject=0145
    priority: highest
    resources: tmpdir=/tmp, mem_gb=20, cpu=6

Activating singularity image /home/ROBARTS/ataha/graham/scratch/synthstrip.1.3.sif
[Wed Jun 28 22:38:56 2023]
Finished job 29.
10 of 151 steps (7%) done
Select jobs to execute...

[Wed Jun 28 22:38:56 2023]
rule skull_strip:
    input: /home/ROBARTS/ataha/graham/scratch/afids-data/data/datasets/AFIDs-OASIS/sub-0345/anat/sub-0345_T1w.nii.gz
    output: /home/ROBARTS/ataha/graham/scratch/afids-data/data/datasets/AFIDs-OASIS/derivatives/synthstrip/sub-0345/anat/sub-0345_desc-synthstrip_T1w.nii.gz, /home/ROBARTS/ataha/graham/scratch/afids-data/data/datasets/AFIDs-OASIS/derivatives/synthstrip/sub-0345/anat/sub-0345_desc-synthstrip_briamask.nii.gz
    jobid: 119
    reason: Missing output files: /home/ROBARTS/ataha/graham/scratch/afids-data/data/datasets/AFIDs-OASIS/derivatives/synthstrip/sub-0345/anat/sub-0345_desc-synthstrip_T1w.nii.gz
    wildcards: subject=0345
    priority: highest
    resources: tmpdir=/tmp, mem_gb=20, cpu=6

Activating singularity image /home/ROBARTS/ataha/graham/scratch/synthstrip.1.3.sif
[Wed Jun 28 22:39:04 2023]
Finished job 34.
11 of 151 steps (7%) done
Select jobs to execute...

[Wed Jun 28 22:39:04 2023]
rule skull_strip:
    input: /home/ROBARTS/ataha/graham/scratch/afids-data/data/datasets/AFIDs-OASIS/sub-0274/anat/sub-0274_T1w.nii.gz
    output: /home/ROBARTS/ataha/graham/scratch/afids-data/data/datasets/AFIDs-OASIS/derivatives/synthstrip/sub-0274/anat/sub-0274_desc-synthstrip_T1w.nii.gz, /home/ROBARTS/ataha/graham/scratch/afids-data/data/datasets/AFIDs-OASIS/derivatives/synthstrip/sub-0274/anat/sub-0274_desc-synthstrip_briamask.nii.gz
    jobid: 99
    reason: Missing output files: /home/ROBARTS/ataha/graham/scratch/afids-data/data/datasets/AFIDs-OASIS/derivatives/synthstrip/sub-0274/anat/sub-0274_desc-synthstrip_T1w.nii.gz
    wildcards: subject=0274
    priority: highest
    resources: tmpdir=/tmp, mem_gb=20, cpu=6

Activating singularity image /home/ROBARTS/ataha/graham/scratch/synthstrip.1.3.sif
[Wed Jun 28 22:39:04 2023]
Finished job 139.
12 of 151 steps (8%) done
Select jobs to execute...

[Wed Jun 28 22:39:04 2023]
rule skull_strip:
    input: /home/ROBARTS/ataha/graham/scratch/afids-data/data/datasets/AFIDs-OASIS/sub-0255/anat/sub-0255_T1w.nii.gz
    output: /home/ROBARTS/ataha/graham/scratch/afids-data/data/datasets/AFIDs-OASIS/derivatives/synthstrip/sub-0255/anat/sub-0255_desc-synthstrip_T1w.nii.gz, /home/ROBARTS/ataha/graham/scratch/afids-data/data/datasets/AFIDs-OASIS/derivatives/synthstrip/sub-0255/anat/sub-0255_desc-synthstrip_briamask.nii.gz
    jobid: 79
    reason: Missing output files: /home/ROBARTS/ataha/graham/scratch/afids-data/data/datasets/AFIDs-OASIS/derivatives/synthstrip/sub-0255/anat/sub-0255_desc-synthstrip_T1w.nii.gz
    wildcards: subject=0255
    priority: highest
    resources: tmpdir=/tmp, mem_gb=20, cpu=6

Activating singularity image /home/ROBARTS/ataha/graham/scratch/synthstrip.1.3.sif
[Wed Jun 28 22:40:01 2023]
Finished job 119.
13 of 151 steps (9%) done
Select jobs to execute...

[Wed Jun 28 22:40:01 2023]
rule skull_strip:
    input: /home/ROBARTS/ataha/graham/scratch/afids-data/data/datasets/AFIDs-OASIS/sub-0101/anat/sub-0101_T1w.nii.gz
    output: /home/ROBARTS/ataha/graham/scratch/afids-data/data/datasets/AFIDs-OASIS/derivatives/synthstrip/sub-0101/anat/sub-0101_desc-synthstrip_T1w.nii.gz, /home/ROBARTS/ataha/graham/scratch/afids-data/data/datasets/AFIDs-OASIS/derivatives/synthstrip/sub-0101/anat/sub-0101_desc-synthstrip_briamask.nii.gz
    jobid: 14
    reason: Missing output files: /home/ROBARTS/ataha/graham/scratch/afids-data/data/datasets/AFIDs-OASIS/derivatives/synthstrip/sub-0101/anat/sub-0101_desc-synthstrip_T1w.nii.gz
    wildcards: subject=0101
    priority: highest
    resources: tmpdir=/tmp, mem_gb=20, cpu=6

Activating singularity image /home/ROBARTS/ataha/graham/scratch/synthstrip.1.3.sif
[Wed Jun 28 22:40:09 2023]
Finished job 99.
14 of 151 steps (9%) done
Select jobs to execute...

[Wed Jun 28 22:40:09 2023]
rule skull_strip:
    input: /home/ROBARTS/ataha/graham/scratch/afids-data/data/datasets/AFIDs-OASIS/sub-0263/anat/sub-0263_T1w.nii.gz
    output: /home/ROBARTS/ataha/graham/scratch/afids-data/data/datasets/AFIDs-OASIS/derivatives/synthstrip/sub-0263/anat/sub-0263_desc-synthstrip_T1w.nii.gz, /home/ROBARTS/ataha/graham/scratch/afids-data/data/datasets/AFIDs-OASIS/derivatives/synthstrip/sub-0263/anat/sub-0263_desc-synthstrip_briamask.nii.gz
    jobid: 89
    reason: Missing output files: /home/ROBARTS/ataha/graham/scratch/afids-data/data/datasets/AFIDs-OASIS/derivatives/synthstrip/sub-0263/anat/sub-0263_desc-synthstrip_T1w.nii.gz
    wildcards: subject=0263
    priority: highest
    resources: tmpdir=/tmp, mem_gb=20, cpu=6

Activating singularity image /home/ROBARTS/ataha/graham/scratch/synthstrip.1.3.sif
[Wed Jun 28 22:40:12 2023]
Finished job 79.
15 of 151 steps (10%) done
Select jobs to execute...

[Wed Jun 28 22:40:12 2023]
rule skull_strip:
    input: /home/ROBARTS/ataha/graham/scratch/afids-data/data/datasets/AFIDs-OASIS/sub-0398/anat/sub-0398_T1w.nii.gz
    output: /home/ROBARTS/ataha/graham/scratch/afids-data/data/datasets/AFIDs-OASIS/derivatives/synthstrip/sub-0398/anat/sub-0398_desc-synthstrip_T1w.nii.gz, /home/ROBARTS/ataha/graham/scratch/afids-data/data/datasets/AFIDs-OASIS/derivatives/synthstrip/sub-0398/anat/sub-0398_desc-synthstrip_briamask.nii.gz
    jobid: 144
    reason: Missing output files: /home/ROBARTS/ataha/graham/scratch/afids-data/data/datasets/AFIDs-OASIS/derivatives/synthstrip/sub-0398/anat/sub-0398_desc-synthstrip_T1w.nii.gz
    wildcards: subject=0398
    priority: highest
    resources: tmpdir=/tmp, mem_gb=20, cpu=6

Activating singularity image /home/ROBARTS/ataha/graham/scratch/synthstrip.1.3.sif
[Wed Jun 28 22:41:07 2023]
Finished job 14.
16 of 151 steps (11%) done
Select jobs to execute...

[Wed Jun 28 22:41:07 2023]
rule skull_strip:
    input: /home/ROBARTS/ataha/graham/scratch/afids-data/data/datasets/AFIDs-OASIS/sub-0256/anat/sub-0256_T1w.nii.gz
    output: /home/ROBARTS/ataha/graham/scratch/afids-data/data/datasets/AFIDs-OASIS/derivatives/synthstrip/sub-0256/anat/sub-0256_desc-synthstrip_T1w.nii.gz, /home/ROBARTS/ataha/graham/scratch/afids-data/data/datasets/AFIDs-OASIS/derivatives/synthstrip/sub-0256/anat/sub-0256_desc-synthstrip_briamask.nii.gz
    jobid: 84
    reason: Missing output files: /home/ROBARTS/ataha/graham/scratch/afids-data/data/datasets/AFIDs-OASIS/derivatives/synthstrip/sub-0256/anat/sub-0256_desc-synthstrip_T1w.nii.gz
    wildcards: subject=0256
    priority: highest
    resources: tmpdir=/tmp, mem_gb=20, cpu=6

Activating singularity image /home/ROBARTS/ataha/graham/scratch/synthstrip.1.3.sif
[Wed Jun 28 22:41:16 2023]
Finished job 89.
17 of 151 steps (11%) done
Select jobs to execute...

[Wed Jun 28 22:41:16 2023]
rule skull_strip:
    input: /home/ROBARTS/ataha/graham/scratch/afids-data/data/datasets/AFIDs-OASIS/sub-0239/anat/sub-0239_T1w.nii.gz
    output: /home/ROBARTS/ataha/graham/scratch/afids-data/data/datasets/AFIDs-OASIS/derivatives/synthstrip/sub-0239/anat/sub-0239_desc-synthstrip_T1w.nii.gz, /home/ROBARTS/ataha/graham/scratch/afids-data/data/datasets/AFIDs-OASIS/derivatives/synthstrip/sub-0239/anat/sub-0239_desc-synthstrip_briamask.nii.gz
    jobid: 69
    reason: Missing output files: /home/ROBARTS/ataha/graham/scratch/afids-data/data/datasets/AFIDs-OASIS/derivatives/synthstrip/sub-0239/anat/sub-0239_desc-synthstrip_T1w.nii.gz
    wildcards: subject=0239
    priority: highest
    resources: tmpdir=/tmp, mem_gb=20, cpu=6

Activating singularity image /home/ROBARTS/ataha/graham/scratch/synthstrip.1.3.sif
[Wed Jun 28 22:41:19 2023]
Finished job 144.
18 of 151 steps (12%) done
Select jobs to execute...

[Wed Jun 28 22:41:19 2023]
rule skull_strip:
    input: /home/ROBARTS/ataha/graham/scratch/afids-data/data/datasets/AFIDs-OASIS/sub-0177/anat/sub-0177_T1w.nii.gz
    output: /home/ROBARTS/ataha/graham/scratch/afids-data/data/datasets/AFIDs-OASIS/derivatives/synthstrip/sub-0177/anat/sub-0177_desc-synthstrip_T1w.nii.gz, /home/ROBARTS/ataha/graham/scratch/afids-data/data/datasets/AFIDs-OASIS/derivatives/synthstrip/sub-0177/anat/sub-0177_desc-synthstrip_briamask.nii.gz
    jobid: 39
    reason: Missing output files: /home/ROBARTS/ataha/graham/scratch/afids-data/data/datasets/AFIDs-OASIS/derivatives/synthstrip/sub-0177/anat/sub-0177_desc-synthstrip_T1w.nii.gz
    wildcards: subject=0177
    priority: highest
    resources: tmpdir=/tmp, mem_gb=20, cpu=6

Activating singularity image /home/ROBARTS/ataha/graham/scratch/synthstrip.1.3.sif
[Wed Jun 28 22:42:11 2023]
Finished job 84.
19 of 151 steps (13%) done
Select jobs to execute...

[Wed Jun 28 22:42:11 2023]
rule skull_strip:
    input: /home/ROBARTS/ataha/graham/scratch/afids-data/data/datasets/AFIDs-OASIS/sub-0357/anat/sub-0357_T1w.nii.gz
    output: /home/ROBARTS/ataha/graham/scratch/afids-data/data/datasets/AFIDs-OASIS/derivatives/synthstrip/sub-0357/anat/sub-0357_desc-synthstrip_T1w.nii.gz, /home/ROBARTS/ataha/graham/scratch/afids-data/data/datasets/AFIDs-OASIS/derivatives/synthstrip/sub-0357/anat/sub-0357_desc-synthstrip_briamask.nii.gz
    jobid: 124
    reason: Missing output files: /home/ROBARTS/ataha/graham/scratch/afids-data/data/datasets/AFIDs-OASIS/derivatives/synthstrip/sub-0357/anat/sub-0357_desc-synthstrip_T1w.nii.gz
    wildcards: subject=0357
    priority: highest
    resources: tmpdir=/tmp, mem_gb=20, cpu=6

Activating singularity image /home/ROBARTS/ataha/graham/scratch/synthstrip.1.3.sif
[Wed Jun 28 22:42:21 2023]
Finished job 69.
20 of 151 steps (13%) done
Select jobs to execute...

[Wed Jun 28 22:42:21 2023]
rule skull_strip:
    input: /home/ROBARTS/ataha/graham/scratch/afids-data/data/datasets/AFIDs-OASIS/sub-0303/anat/sub-0303_T1w.nii.gz
    output: /home/ROBARTS/ataha/graham/scratch/afids-data/data/datasets/AFIDs-OASIS/derivatives/synthstrip/sub-0303/anat/sub-0303_desc-synthstrip_T1w.nii.gz, /home/ROBARTS/ataha/graham/scratch/afids-data/data/datasets/AFIDs-OASIS/derivatives/synthstrip/sub-0303/anat/sub-0303_desc-synthstrip_briamask.nii.gz
    jobid: 109
    reason: Missing output files: /home/ROBARTS/ataha/graham/scratch/afids-data/data/datasets/AFIDs-OASIS/derivatives/synthstrip/sub-0303/anat/sub-0303_desc-synthstrip_T1w.nii.gz
    wildcards: subject=0303
    priority: highest
    resources: tmpdir=/tmp, mem_gb=20, cpu=6

Activating singularity image /home/ROBARTS/ataha/graham/scratch/synthstrip.1.3.sif
[Wed Jun 28 22:42:24 2023]
Finished job 39.
21 of 151 steps (14%) done
Select jobs to execute...

[Wed Jun 28 22:42:24 2023]
rule skull_strip:
    input: /home/ROBARTS/ataha/graham/scratch/afids-data/data/datasets/AFIDs-OASIS/sub-0343/anat/sub-0343_T1w.nii.gz
    output: /home/ROBARTS/ataha/graham/scratch/afids-data/data/datasets/AFIDs-OASIS/derivatives/synthstrip/sub-0343/anat/sub-0343_desc-synthstrip_T1w.nii.gz, /home/ROBARTS/ataha/graham/scratch/afids-data/data/datasets/AFIDs-OASIS/derivatives/synthstrip/sub-0343/anat/sub-0343_desc-synthstrip_briamask.nii.gz
    jobid: 114
    reason: Missing output files: /home/ROBARTS/ataha/graham/scratch/afids-data/data/datasets/AFIDs-OASIS/derivatives/synthstrip/sub-0343/anat/sub-0343_desc-synthstrip_T1w.nii.gz
    wildcards: subject=0343
    priority: highest
    resources: tmpdir=/tmp, mem_gb=20, cpu=6

Activating singularity image /home/ROBARTS/ataha/graham/scratch/synthstrip.1.3.sif
[Wed Jun 28 22:43:15 2023]
Finished job 124.
22 of 151 steps (15%) done
Select jobs to execute...

[Wed Jun 28 22:43:15 2023]
rule skull_strip:
    input: /home/ROBARTS/ataha/graham/scratch/afids-data/data/datasets/AFIDs-OASIS/sub-0109/anat/sub-0109_T1w.nii.gz
    output: /home/ROBARTS/ataha/graham/scratch/afids-data/data/datasets/AFIDs-OASIS/derivatives/synthstrip/sub-0109/anat/sub-0109_desc-synthstrip_T1w.nii.gz, /home/ROBARTS/ataha/graham/scratch/afids-data/data/datasets/AFIDs-OASIS/derivatives/synthstrip/sub-0109/anat/sub-0109_desc-synthstrip_briamask.nii.gz
    jobid: 19
    reason: Missing output files: /home/ROBARTS/ataha/graham/scratch/afids-data/data/datasets/AFIDs-OASIS/derivatives/synthstrip/sub-0109/anat/sub-0109_desc-synthstrip_T1w.nii.gz
    wildcards: subject=0109
    priority: highest
    resources: tmpdir=/tmp, mem_gb=20, cpu=6

Activating singularity image /home/ROBARTS/ataha/graham/scratch/synthstrip.1.3.sif
[Wed Jun 28 22:43:26 2023]
Finished job 109.
23 of 151 steps (15%) done
Select jobs to execute...

[Wed Jun 28 22:43:26 2023]
rule skull_strip:
    input: /home/ROBARTS/ataha/graham/scratch/afids-data/data/datasets/AFIDs-OASIS/sub-0086/anat/sub-0086_T1w.nii.gz
    output: /home/ROBARTS/ataha/graham/scratch/afids-data/data/datasets/AFIDs-OASIS/derivatives/synthstrip/sub-0086/anat/sub-0086_desc-synthstrip_T1w.nii.gz, /home/ROBARTS/ataha/graham/scratch/afids-data/data/datasets/AFIDs-OASIS/derivatives/synthstrip/sub-0086/anat/sub-0086_desc-synthstrip_briamask.nii.gz
    jobid: 9
    reason: Missing output files: /home/ROBARTS/ataha/graham/scratch/afids-data/data/datasets/AFIDs-OASIS/derivatives/synthstrip/sub-0086/anat/sub-0086_desc-synthstrip_T1w.nii.gz
    wildcards: subject=0086
    priority: highest
    resources: tmpdir=/tmp, mem_gb=20, cpu=6

Activating singularity image /home/ROBARTS/ataha/graham/scratch/synthstrip.1.3.sif
[Wed Jun 28 22:43:31 2023]
Finished job 114.
24 of 151 steps (16%) done
Select jobs to execute...

[Wed Jun 28 22:43:31 2023]
rule skull_strip:
    input: /home/ROBARTS/ataha/graham/scratch/afids-data/data/datasets/AFIDs-OASIS/sub-0114/anat/sub-0114_T1w.nii.gz
    output: /home/ROBARTS/ataha/graham/scratch/afids-data/data/datasets/AFIDs-OASIS/derivatives/synthstrip/sub-0114/anat/sub-0114_desc-synthstrip_T1w.nii.gz, /home/ROBARTS/ataha/graham/scratch/afids-data/data/datasets/AFIDs-OASIS/derivatives/synthstrip/sub-0114/anat/sub-0114_desc-synthstrip_briamask.nii.gz
    jobid: 24
    reason: Missing output files: /home/ROBARTS/ataha/graham/scratch/afids-data/data/datasets/AFIDs-OASIS/derivatives/synthstrip/sub-0114/anat/sub-0114_desc-synthstrip_T1w.nii.gz
    wildcards: subject=0114
    priority: highest
    resources: tmpdir=/tmp, mem_gb=20, cpu=6

Activating singularity image /home/ROBARTS/ataha/graham/scratch/synthstrip.1.3.sif
[Wed Jun 28 22:44:21 2023]
Finished job 19.
25 of 151 steps (17%) done
Select jobs to execute...

[Wed Jun 28 22:44:21 2023]
rule skull_strip:
    input: /home/ROBARTS/ataha/graham/scratch/afids-data/data/datasets/AFIDs-OASIS/sub-0249/anat/sub-0249_T1w.nii.gz
    output: /home/ROBARTS/ataha/graham/scratch/afids-data/data/datasets/AFIDs-OASIS/derivatives/synthstrip/sub-0249/anat/sub-0249_desc-synthstrip_T1w.nii.gz, /home/ROBARTS/ataha/graham/scratch/afids-data/data/datasets/AFIDs-OASIS/derivatives/synthstrip/sub-0249/anat/sub-0249_desc-synthstrip_briamask.nii.gz
    jobid: 74
    reason: Missing output files: /home/ROBARTS/ataha/graham/scratch/afids-data/data/datasets/AFIDs-OASIS/derivatives/synthstrip/sub-0249/anat/sub-0249_desc-synthstrip_T1w.nii.gz
    wildcards: subject=0249
    priority: highest
    resources: tmpdir=/tmp, mem_gb=20, cpu=6

Activating singularity image /home/ROBARTS/ataha/graham/scratch/synthstrip.1.3.sif
[Wed Jun 28 22:44:30 2023]
Finished job 9.
26 of 151 steps (17%) done
Select jobs to execute...

[Wed Jun 28 22:44:30 2023]
rule skull_strip:
    input: /home/ROBARTS/ataha/graham/scratch/afids-data/data/datasets/AFIDs-OASIS/sub-0200/anat/sub-0200_T1w.nii.gz
    output: /home/ROBARTS/ataha/graham/scratch/afids-data/data/datasets/AFIDs-OASIS/derivatives/synthstrip/sub-0200/anat/sub-0200_desc-synthstrip_T1w.nii.gz, /home/ROBARTS/ataha/graham/scratch/afids-data/data/datasets/AFIDs-OASIS/derivatives/synthstrip/sub-0200/anat/sub-0200_desc-synthstrip_briamask.nii.gz
    jobid: 54
    reason: Missing output files: /home/ROBARTS/ataha/graham/scratch/afids-data/data/datasets/AFIDs-OASIS/derivatives/synthstrip/sub-0200/anat/sub-0200_desc-synthstrip_T1w.nii.gz
    wildcards: subject=0200
    priority: highest
    resources: tmpdir=/tmp, mem_gb=20, cpu=6

Activating singularity image /home/ROBARTS/ataha/graham/scratch/synthstrip.1.3.sif
[Wed Jun 28 22:44:35 2023]
Finished job 24.
27 of 151 steps (18%) done
Select jobs to execute...

[Wed Jun 28 22:44:35 2023]
rule skull_strip:
    input: /home/ROBARTS/ataha/graham/scratch/afids-data/data/datasets/AFIDs-OASIS/sub-0188/anat/sub-0188_T1w.nii.gz
    output: /home/ROBARTS/ataha/graham/scratch/afids-data/data/datasets/AFIDs-OASIS/derivatives/synthstrip/sub-0188/anat/sub-0188_desc-synthstrip_T1w.nii.gz, /home/ROBARTS/ataha/graham/scratch/afids-data/data/datasets/AFIDs-OASIS/derivatives/synthstrip/sub-0188/anat/sub-0188_desc-synthstrip_briamask.nii.gz
    jobid: 49
    reason: Missing output files: /home/ROBARTS/ataha/graham/scratch/afids-data/data/datasets/AFIDs-OASIS/derivatives/synthstrip/sub-0188/anat/sub-0188_desc-synthstrip_T1w.nii.gz
    wildcards: subject=0188
    priority: highest
    resources: tmpdir=/tmp, mem_gb=20, cpu=6

Activating singularity image /home/ROBARTS/ataha/graham/scratch/synthstrip.1.3.sif
[Wed Jun 28 22:45:26 2023]
Finished job 74.
28 of 151 steps (19%) done
Select jobs to execute...

[Wed Jun 28 22:45:26 2023]
rule align_template_rigid:
    input: /home/ROBARTS/ataha/graham/scratch/afids-data/data/datasets/AFIDs-OASIS/derivatives/synthstrip/sub-0456/anat/sub-0456_desc-synthstrip_T1w.nii.gz, /home/ROBARTS/ataha/graham/scratch/afids-data/data/datasets/AFIDs-OASIS/sub-0456/anat/sub-0456_T1w.nii.gz
    output: /home/ROBARTS/ataha/graham/scratch/afids-data/data/datasets/AFIDs-OASIS/derivatives/tfrom_greedy/sub-0456/anat/sub-0456_acq-MP2RAGE_space-MNI152NLin2009cAsym.mat, /home/ROBARTS/ataha/graham/scratch/afids-data/data/datasets/AFIDs-OASIS/derivatives/tfrom_greedy/sub-0456/anat/sub-0456_acq-MP2RAGE_space-MNI152NLin2009cAsym_desc-synthstrip_T1w.nii.gz, /home/ROBARTS/ataha/graham/scratch/afids-data/data/datasets/AFIDs-OASIS/derivatives/tfrom_greedy/sub-0456/anat/sub-0456_acq-MP2RAGE_space-MNI152NLin2009cAsym_T1w.nii.gz
    jobid: 148
    reason: Missing output files: /home/ROBARTS/ataha/graham/scratch/afids-data/data/datasets/AFIDs-OASIS/derivatives/tfrom_greedy/sub-0456/anat/sub-0456_acq-MP2RAGE_space-MNI152NLin2009cAsym_T1w.nii.gz, /home/ROBARTS/ataha/graham/scratch/afids-data/data/datasets/AFIDs-OASIS/derivatives/tfrom_greedy/sub-0456/anat/sub-0456_acq-MP2RAGE_space-MNI152NLin2009cAsym.mat; Input files updated by another job: /home/ROBARTS/ataha/graham/scratch/afids-data/data/datasets/AFIDs-OASIS/derivatives/synthstrip/sub-0456/anat/sub-0456_desc-synthstrip_T1w.nii.gz
    wildcards: subject=0456
    resources: tmpdir=/tmp

[Wed Jun 28 22:45:36 2023]
Finished job 54.
29 of 151 steps (19%) done
Select jobs to execute...

[Wed Jun 28 22:45:36 2023]
rule align_template_rigid:
    input: /home/ROBARTS/ataha/graham/scratch/afids-data/data/datasets/AFIDs-OASIS/derivatives/synthstrip/sub-0266/anat/sub-0266_desc-synthstrip_T1w.nii.gz, /home/ROBARTS/ataha/graham/scratch/afids-data/data/datasets/AFIDs-OASIS/sub-0266/anat/sub-0266_T1w.nii.gz
    output: /home/ROBARTS/ataha/graham/scratch/afids-data/data/datasets/AFIDs-OASIS/derivatives/tfrom_greedy/sub-0266/anat/sub-0266_acq-MP2RAGE_space-MNI152NLin2009cAsym.mat, /home/ROBARTS/ataha/graham/scratch/afids-data/data/datasets/AFIDs-OASIS/derivatives/tfrom_greedy/sub-0266/anat/sub-0266_acq-MP2RAGE_space-MNI152NLin2009cAsym_desc-synthstrip_T1w.nii.gz, /home/ROBARTS/ataha/graham/scratch/afids-data/data/datasets/AFIDs-OASIS/derivatives/tfrom_greedy/sub-0266/anat/sub-0266_acq-MP2RAGE_space-MNI152NLin2009cAsym_T1w.nii.gz
    jobid: 93
    reason: Missing output files: /home/ROBARTS/ataha/graham/scratch/afids-data/data/datasets/AFIDs-OASIS/derivatives/tfrom_greedy/sub-0266/anat/sub-0266_acq-MP2RAGE_space-MNI152NLin2009cAsym_T1w.nii.gz, /home/ROBARTS/ataha/graham/scratch/afids-data/data/datasets/AFIDs-OASIS/derivatives/tfrom_greedy/sub-0266/anat/sub-0266_acq-MP2RAGE_space-MNI152NLin2009cAsym.mat; Input files updated by another job: /home/ROBARTS/ataha/graham/scratch/afids-data/data/datasets/AFIDs-OASIS/derivatives/synthstrip/sub-0266/anat/sub-0266_desc-synthstrip_T1w.nii.gz
    wildcards: subject=0266
    resources: tmpdir=/tmp

[Wed Jun 28 22:45:44 2023]
Finished job 49.
30 of 151 steps (20%) done
Select jobs to execute...

[Wed Jun 28 22:45:44 2023]
rule align_template_rigid:
    input: /home/ROBARTS/ataha/graham/scratch/afids-data/data/datasets/AFIDs-OASIS/derivatives/synthstrip/sub-0180/anat/sub-0180_desc-synthstrip_T1w.nii.gz, /home/ROBARTS/ataha/graham/scratch/afids-data/data/datasets/AFIDs-OASIS/sub-0180/anat/sub-0180_T1w.nii.gz
    output: /home/ROBARTS/ataha/graham/scratch/afids-data/data/datasets/AFIDs-OASIS/derivatives/tfrom_greedy/sub-0180/anat/sub-0180_acq-MP2RAGE_space-MNI152NLin2009cAsym.mat, /home/ROBARTS/ataha/graham/scratch/afids-data/data/datasets/AFIDs-OASIS/derivatives/tfrom_greedy/sub-0180/anat/sub-0180_acq-MP2RAGE_space-MNI152NLin2009cAsym_desc-synthstrip_T1w.nii.gz, /home/ROBARTS/ataha/graham/scratch/afids-data/data/datasets/AFIDs-OASIS/derivatives/tfrom_greedy/sub-0180/anat/sub-0180_acq-MP2RAGE_space-MNI152NLin2009cAsym_T1w.nii.gz
    jobid: 43
    reason: Missing output files: /home/ROBARTS/ataha/graham/scratch/afids-data/data/datasets/AFIDs-OASIS/derivatives/tfrom_greedy/sub-0180/anat/sub-0180_acq-MP2RAGE_space-MNI152NLin2009cAsym.mat, /home/ROBARTS/ataha/graham/scratch/afids-data/data/datasets/AFIDs-OASIS/derivatives/tfrom_greedy/sub-0180/anat/sub-0180_acq-MP2RAGE_space-MNI152NLin2009cAsym_T1w.nii.gz; Input files updated by another job: /home/ROBARTS/ataha/graham/scratch/afids-data/data/datasets/AFIDs-OASIS/derivatives/synthstrip/sub-0180/anat/sub-0180_desc-synthstrip_T1w.nii.gz
    wildcards: subject=0180
    resources: tmpdir=/tmp

[Wed Jun 28 22:46:11 2023]
Finished job 148.
31 of 151 steps (21%) done
Select jobs to execute...

[Wed Jun 28 22:46:11 2023]
rule align_template_rigid:
    input: /home/ROBARTS/ataha/graham/scratch/afids-data/data/datasets/AFIDs-OASIS/derivatives/synthstrip/sub-0365/anat/sub-0365_desc-synthstrip_T1w.nii.gz, /home/ROBARTS/ataha/graham/scratch/afids-data/data/datasets/AFIDs-OASIS/sub-0365/anat/sub-0365_T1w.nii.gz
    output: /home/ROBARTS/ataha/graham/scratch/afids-data/data/datasets/AFIDs-OASIS/derivatives/tfrom_greedy/sub-0365/anat/sub-0365_acq-MP2RAGE_space-MNI152NLin2009cAsym.mat, /home/ROBARTS/ataha/graham/scratch/afids-data/data/datasets/AFIDs-OASIS/derivatives/tfrom_greedy/sub-0365/anat/sub-0365_acq-MP2RAGE_space-MNI152NLin2009cAsym_desc-synthstrip_T1w.nii.gz, /home/ROBARTS/ataha/graham/scratch/afids-data/data/datasets/AFIDs-OASIS/derivatives/tfrom_greedy/sub-0365/anat/sub-0365_acq-MP2RAGE_space-MNI152NLin2009cAsym_T1w.nii.gz
    jobid: 128
    reason: Missing output files: /home/ROBARTS/ataha/graham/scratch/afids-data/data/datasets/AFIDs-OASIS/derivatives/tfrom_greedy/sub-0365/anat/sub-0365_acq-MP2RAGE_space-MNI152NLin2009cAsym_T1w.nii.gz, /home/ROBARTS/ataha/graham/scratch/afids-data/data/datasets/AFIDs-OASIS/derivatives/tfrom_greedy/sub-0365/anat/sub-0365_acq-MP2RAGE_space-MNI152NLin2009cAsym.mat; Input files updated by another job: /home/ROBARTS/ataha/graham/scratch/afids-data/data/datasets/AFIDs-OASIS/derivatives/synthstrip/sub-0365/anat/sub-0365_desc-synthstrip_T1w.nii.gz
    wildcards: subject=0365
    resources: tmpdir=/tmp

[Wed Jun 28 22:46:18 2023]
Finished job 93.
32 of 151 steps (21%) done
Select jobs to execute...

[Wed Jun 28 22:46:18 2023]
rule align_template_rigid:
    input: /home/ROBARTS/ataha/graham/scratch/afids-data/data/datasets/AFIDs-OASIS/derivatives/synthstrip/sub-0284/anat/sub-0284_desc-synthstrip_T1w.nii.gz, /home/ROBARTS/ataha/graham/scratch/afids-data/data/datasets/AFIDs-OASIS/sub-0284/anat/sub-0284_T1w.nii.gz
    output: /home/ROBARTS/ataha/graham/scratch/afids-data/data/datasets/AFIDs-OASIS/derivatives/tfrom_greedy/sub-0284/anat/sub-0284_acq-MP2RAGE_space-MNI152NLin2009cAsym.mat, /home/ROBARTS/ataha/graham/scratch/afids-data/data/datasets/AFIDs-OASIS/derivatives/tfrom_greedy/sub-0284/anat/sub-0284_acq-MP2RAGE_space-MNI152NLin2009cAsym_desc-synthstrip_T1w.nii.gz, /home/ROBARTS/ataha/graham/scratch/afids-data/data/datasets/AFIDs-OASIS/derivatives/tfrom_greedy/sub-0284/anat/sub-0284_acq-MP2RAGE_space-MNI152NLin2009cAsym_T1w.nii.gz
    jobid: 103
    reason: Missing output files: /home/ROBARTS/ataha/graham/scratch/afids-data/data/datasets/AFIDs-OASIS/derivatives/tfrom_greedy/sub-0284/anat/sub-0284_acq-MP2RAGE_space-MNI152NLin2009cAsym.mat, /home/ROBARTS/ataha/graham/scratch/afids-data/data/datasets/AFIDs-OASIS/derivatives/tfrom_greedy/sub-0284/anat/sub-0284_acq-MP2RAGE_space-MNI152NLin2009cAsym_T1w.nii.gz; Input files updated by another job: /home/ROBARTS/ataha/graham/scratch/afids-data/data/datasets/AFIDs-OASIS/derivatives/synthstrip/sub-0284/anat/sub-0284_desc-synthstrip_T1w.nii.gz
    wildcards: subject=0284
    resources: tmpdir=/tmp

[Wed Jun 28 22:46:23 2023]
Finished job 43.
33 of 151 steps (22%) done
Select jobs to execute...

[Wed Jun 28 22:46:23 2023]
rule align_template_rigid:
    input: /home/ROBARTS/ataha/graham/scratch/afids-data/data/datasets/AFIDs-OASIS/derivatives/synthstrip/sub-0117/anat/sub-0117_desc-synthstrip_T1w.nii.gz, /home/ROBARTS/ataha/graham/scratch/afids-data/data/datasets/AFIDs-OASIS/sub-0117/anat/sub-0117_T1w.nii.gz
    output: /home/ROBARTS/ataha/graham/scratch/afids-data/data/datasets/AFIDs-OASIS/derivatives/tfrom_greedy/sub-0117/anat/sub-0117_acq-MP2RAGE_space-MNI152NLin2009cAsym.mat, /home/ROBARTS/ataha/graham/scratch/afids-data/data/datasets/AFIDs-OASIS/derivatives/tfrom_greedy/sub-0117/anat/sub-0117_acq-MP2RAGE_space-MNI152NLin2009cAsym_desc-synthstrip_T1w.nii.gz, /home/ROBARTS/ataha/graham/scratch/afids-data/data/datasets/AFIDs-OASIS/derivatives/tfrom_greedy/sub-0117/anat/sub-0117_acq-MP2RAGE_space-MNI152NLin2009cAsym_T1w.nii.gz
    jobid: 28
    reason: Missing output files: /home/ROBARTS/ataha/graham/scratch/afids-data/data/datasets/AFIDs-OASIS/derivatives/tfrom_greedy/sub-0117/anat/sub-0117_acq-MP2RAGE_space-MNI152NLin2009cAsym.mat, /home/ROBARTS/ataha/graham/scratch/afids-data/data/datasets/AFIDs-OASIS/derivatives/tfrom_greedy/sub-0117/anat/sub-0117_acq-MP2RAGE_space-MNI152NLin2009cAsym_T1w.nii.gz; Input files updated by another job: /home/ROBARTS/ataha/graham/scratch/afids-data/data/datasets/AFIDs-OASIS/derivatives/synthstrip/sub-0117/anat/sub-0117_desc-synthstrip_T1w.nii.gz
    wildcards: subject=0117
    resources: tmpdir=/tmp

[Wed Jun 28 22:46:51 2023]
Finished job 128.
34 of 151 steps (23%) done
Select jobs to execute...

[Wed Jun 28 22:46:51 2023]
rule align_template_rigid:
    input: /home/ROBARTS/ataha/graham/scratch/afids-data/data/datasets/AFIDs-OASIS/derivatives/synthstrip/sub-0010/anat/sub-0010_desc-synthstrip_T1w.nii.gz, /home/ROBARTS/ataha/graham/scratch/afids-data/data/datasets/AFIDs-OASIS/sub-0010/anat/sub-0010_T1w.nii.gz
    output: /home/ROBARTS/ataha/graham/scratch/afids-data/data/datasets/AFIDs-OASIS/derivatives/tfrom_greedy/sub-0010/anat/sub-0010_acq-MP2RAGE_space-MNI152NLin2009cAsym.mat, /home/ROBARTS/ataha/graham/scratch/afids-data/data/datasets/AFIDs-OASIS/derivatives/tfrom_greedy/sub-0010/anat/sub-0010_acq-MP2RAGE_space-MNI152NLin2009cAsym_desc-synthstrip_T1w.nii.gz, /home/ROBARTS/ataha/graham/scratch/afids-data/data/datasets/AFIDs-OASIS/derivatives/tfrom_greedy/sub-0010/anat/sub-0010_acq-MP2RAGE_space-MNI152NLin2009cAsym_T1w.nii.gz
    jobid: 3
    reason: Missing output files: /home/ROBARTS/ataha/graham/scratch/afids-data/data/datasets/AFIDs-OASIS/derivatives/tfrom_greedy/sub-0010/anat/sub-0010_acq-MP2RAGE_space-MNI152NLin2009cAsym.mat, /home/ROBARTS/ataha/graham/scratch/afids-data/data/datasets/AFIDs-OASIS/derivatives/tfrom_greedy/sub-0010/anat/sub-0010_acq-MP2RAGE_space-MNI152NLin2009cAsym_T1w.nii.gz; Input files updated by another job: /home/ROBARTS/ataha/graham/scratch/afids-data/data/datasets/AFIDs-OASIS/derivatives/synthstrip/sub-0010/anat/sub-0010_desc-synthstrip_T1w.nii.gz
    wildcards: subject=0010
    resources: tmpdir=/tmp

[Wed Jun 28 22:47:02 2023]
Finished job 103.
35 of 151 steps (23%) done
Select jobs to execute...

[Wed Jun 28 22:47:02 2023]
rule align_template_rigid:
    input: /home/ROBARTS/ataha/graham/scratch/afids-data/data/datasets/AFIDs-OASIS/derivatives/synthstrip/sub-0216/anat/sub-0216_desc-synthstrip_T1w.nii.gz, /home/ROBARTS/ataha/graham/scratch/afids-data/data/datasets/AFIDs-OASIS/sub-0216/anat/sub-0216_T1w.nii.gz
    output: /home/ROBARTS/ataha/graham/scratch/afids-data/data/datasets/AFIDs-OASIS/derivatives/tfrom_greedy/sub-0216/anat/sub-0216_acq-MP2RAGE_space-MNI152NLin2009cAsym.mat, /home/ROBARTS/ataha/graham/scratch/afids-data/data/datasets/AFIDs-OASIS/derivatives/tfrom_greedy/sub-0216/anat/sub-0216_acq-MP2RAGE_space-MNI152NLin2009cAsym_desc-synthstrip_T1w.nii.gz, /home/ROBARTS/ataha/graham/scratch/afids-data/data/datasets/AFIDs-OASIS/derivatives/tfrom_greedy/sub-0216/anat/sub-0216_acq-MP2RAGE_space-MNI152NLin2009cAsym_T1w.nii.gz
    jobid: 63
    reason: Missing output files: /home/ROBARTS/ataha/graham/scratch/afids-data/data/datasets/AFIDs-OASIS/derivatives/tfrom_greedy/sub-0216/anat/sub-0216_acq-MP2RAGE_space-MNI152NLin2009cAsym_T1w.nii.gz, /home/ROBARTS/ataha/graham/scratch/afids-data/data/datasets/AFIDs-OASIS/derivatives/tfrom_greedy/sub-0216/anat/sub-0216_acq-MP2RAGE_space-MNI152NLin2009cAsym.mat; Input files updated by another job: /home/ROBARTS/ataha/graham/scratch/afids-data/data/datasets/AFIDs-OASIS/derivatives/synthstrip/sub-0216/anat/sub-0216_desc-synthstrip_T1w.nii.gz
    wildcards: subject=0216
    resources: tmpdir=/tmp

[Wed Jun 28 22:47:02 2023]
Finished job 28.
36 of 151 steps (24%) done
Select jobs to execute...

[Wed Jun 28 22:47:02 2023]
rule align_template_rigid:
    input: /home/ROBARTS/ataha/graham/scratch/afids-data/data/datasets/AFIDs-OASIS/derivatives/synthstrip/sub-0145/anat/sub-0145_desc-synthstrip_T1w.nii.gz, /home/ROBARTS/ataha/graham/scratch/afids-data/data/datasets/AFIDs-OASIS/sub-0145/anat/sub-0145_T1w.nii.gz
    output: /home/ROBARTS/ataha/graham/scratch/afids-data/data/datasets/AFIDs-OASIS/derivatives/tfrom_greedy/sub-0145/anat/sub-0145_acq-MP2RAGE_space-MNI152NLin2009cAsym.mat, /home/ROBARTS/ataha/graham/scratch/afids-data/data/datasets/AFIDs-OASIS/derivatives/tfrom_greedy/sub-0145/anat/sub-0145_acq-MP2RAGE_space-MNI152NLin2009cAsym_desc-synthstrip_T1w.nii.gz, /home/ROBARTS/ataha/graham/scratch/afids-data/data/datasets/AFIDs-OASIS/derivatives/tfrom_greedy/sub-0145/anat/sub-0145_acq-MP2RAGE_space-MNI152NLin2009cAsym_T1w.nii.gz
    jobid: 33
    reason: Missing output files: /home/ROBARTS/ataha/graham/scratch/afids-data/data/datasets/AFIDs-OASIS/derivatives/tfrom_greedy/sub-0145/anat/sub-0145_acq-MP2RAGE_space-MNI152NLin2009cAsym.mat, /home/ROBARTS/ataha/graham/scratch/afids-data/data/datasets/AFIDs-OASIS/derivatives/tfrom_greedy/sub-0145/anat/sub-0145_acq-MP2RAGE_space-MNI152NLin2009cAsym_T1w.nii.gz; Input files updated by another job: /home/ROBARTS/ataha/graham/scratch/afids-data/data/datasets/AFIDs-OASIS/derivatives/synthstrip/sub-0145/anat/sub-0145_desc-synthstrip_T1w.nii.gz
    wildcards: subject=0145
    resources: tmpdir=/tmp

[Wed Jun 28 22:47:32 2023]
Finished job 3.
37 of 151 steps (25%) done
Select jobs to execute...

[Wed Jun 28 22:47:32 2023]
rule align_template_rigid:
    input: /home/ROBARTS/ataha/graham/scratch/afids-data/data/datasets/AFIDs-OASIS/derivatives/synthstrip/sub-0203/anat/sub-0203_desc-synthstrip_T1w.nii.gz, /home/ROBARTS/ataha/graham/scratch/afids-data/data/datasets/AFIDs-OASIS/sub-0203/anat/sub-0203_T1w.nii.gz
    output: /home/ROBARTS/ataha/graham/scratch/afids-data/data/datasets/AFIDs-OASIS/derivatives/tfrom_greedy/sub-0203/anat/sub-0203_acq-MP2RAGE_space-MNI152NLin2009cAsym.mat, /home/ROBARTS/ataha/graham/scratch/afids-data/data/datasets/AFIDs-OASIS/derivatives/tfrom_greedy/sub-0203/anat/sub-0203_acq-MP2RAGE_space-MNI152NLin2009cAsym_desc-synthstrip_T1w.nii.gz, /home/ROBARTS/ataha/graham/scratch/afids-data/data/datasets/AFIDs-OASIS/derivatives/tfrom_greedy/sub-0203/anat/sub-0203_acq-MP2RAGE_space-MNI152NLin2009cAsym_T1w.nii.gz
    jobid: 58
    reason: Missing output files: /home/ROBARTS/ataha/graham/scratch/afids-data/data/datasets/AFIDs-OASIS/derivatives/tfrom_greedy/sub-0203/anat/sub-0203_acq-MP2RAGE_space-MNI152NLin2009cAsym.mat, /home/ROBARTS/ataha/graham/scratch/afids-data/data/datasets/AFIDs-OASIS/derivatives/tfrom_greedy/sub-0203/anat/sub-0203_acq-MP2RAGE_space-MNI152NLin2009cAsym_T1w.nii.gz; Input files updated by another job: /home/ROBARTS/ataha/graham/scratch/afids-data/data/datasets/AFIDs-OASIS/derivatives/synthstrip/sub-0203/anat/sub-0203_desc-synthstrip_T1w.nii.gz
    wildcards: subject=0203
    resources: tmpdir=/tmp

[Wed Jun 28 22:47:41 2023]
Finished job 63.
38 of 151 steps (25%) done
Select jobs to execute...

[Wed Jun 28 22:47:41 2023]
rule align_template_rigid:
    input: /home/ROBARTS/ataha/graham/scratch/afids-data/data/datasets/AFIDs-OASIS/derivatives/synthstrip/sub-0398/anat/sub-0398_desc-synthstrip_T1w.nii.gz, /home/ROBARTS/ataha/graham/scratch/afids-data/data/datasets/AFIDs-OASIS/sub-0398/anat/sub-0398_T1w.nii.gz
    output: /home/ROBARTS/ataha/graham/scratch/afids-data/data/datasets/AFIDs-OASIS/derivatives/tfrom_greedy/sub-0398/anat/sub-0398_acq-MP2RAGE_space-MNI152NLin2009cAsym.mat, /home/ROBARTS/ataha/graham/scratch/afids-data/data/datasets/AFIDs-OASIS/derivatives/tfrom_greedy/sub-0398/anat/sub-0398_acq-MP2RAGE_space-MNI152NLin2009cAsym_desc-synthstrip_T1w.nii.gz, /home/ROBARTS/ataha/graham/scratch/afids-data/data/datasets/AFIDs-OASIS/derivatives/tfrom_greedy/sub-0398/anat/sub-0398_acq-MP2RAGE_space-MNI152NLin2009cAsym_T1w.nii.gz
    jobid: 143
    reason: Missing output files: /home/ROBARTS/ataha/graham/scratch/afids-data/data/datasets/AFIDs-OASIS/derivatives/tfrom_greedy/sub-0398/anat/sub-0398_acq-MP2RAGE_space-MNI152NLin2009cAsym.mat, /home/ROBARTS/ataha/graham/scratch/afids-data/data/datasets/AFIDs-OASIS/derivatives/tfrom_greedy/sub-0398/anat/sub-0398_acq-MP2RAGE_space-MNI152NLin2009cAsym_T1w.nii.gz; Input files updated by another job: /home/ROBARTS/ataha/graham/scratch/afids-data/data/datasets/AFIDs-OASIS/derivatives/synthstrip/sub-0398/anat/sub-0398_desc-synthstrip_T1w.nii.gz
    wildcards: subject=0398
    resources: tmpdir=/tmp

[Wed Jun 28 22:47:45 2023]
Finished job 33.
39 of 151 steps (26%) done
Select jobs to execute...

[Wed Jun 28 22:47:45 2023]
rule align_template_rigid:
    input: /home/ROBARTS/ataha/graham/scratch/afids-data/data/datasets/AFIDs-OASIS/derivatives/synthstrip/sub-0263/anat/sub-0263_desc-synthstrip_T1w.nii.gz, /home/ROBARTS/ataha/graham/scratch/afids-data/data/datasets/AFIDs-OASIS/sub-0263/anat/sub-0263_T1w.nii.gz
    output: /home/ROBARTS/ataha/graham/scratch/afids-data/data/datasets/AFIDs-OASIS/derivatives/tfrom_greedy/sub-0263/anat/sub-0263_acq-MP2RAGE_space-MNI152NLin2009cAsym.mat, /home/ROBARTS/ataha/graham/scratch/afids-data/data/datasets/AFIDs-OASIS/derivatives/tfrom_greedy/sub-0263/anat/sub-0263_acq-MP2RAGE_space-MNI152NLin2009cAsym_desc-synthstrip_T1w.nii.gz, /home/ROBARTS/ataha/graham/scratch/afids-data/data/datasets/AFIDs-OASIS/derivatives/tfrom_greedy/sub-0263/anat/sub-0263_acq-MP2RAGE_space-MNI152NLin2009cAsym_T1w.nii.gz
    jobid: 88
    reason: Missing output files: /home/ROBARTS/ataha/graham/scratch/afids-data/data/datasets/AFIDs-OASIS/derivatives/tfrom_greedy/sub-0263/anat/sub-0263_acq-MP2RAGE_space-MNI152NLin2009cAsym_T1w.nii.gz, /home/ROBARTS/ataha/graham/scratch/afids-data/data/datasets/AFIDs-OASIS/derivatives/tfrom_greedy/sub-0263/anat/sub-0263_acq-MP2RAGE_space-MNI152NLin2009cAsym.mat; Input files updated by another job: /home/ROBARTS/ataha/graham/scratch/afids-data/data/datasets/AFIDs-OASIS/derivatives/synthstrip/sub-0263/anat/sub-0263_desc-synthstrip_T1w.nii.gz
    wildcards: subject=0263
    resources: tmpdir=/tmp

[Wed Jun 28 22:48:12 2023]
Finished job 58.
40 of 151 steps (26%) done
Select jobs to execute...

[Wed Jun 28 22:48:12 2023]
rule align_template_rigid:
    input: /home/ROBARTS/ataha/graham/scratch/afids-data/data/datasets/AFIDs-OASIS/derivatives/synthstrip/sub-0371/anat/sub-0371_desc-synthstrip_T1w.nii.gz, /home/ROBARTS/ataha/graham/scratch/afids-data/data/datasets/AFIDs-OASIS/sub-0371/anat/sub-0371_T1w.nii.gz
    output: /home/ROBARTS/ataha/graham/scratch/afids-data/data/datasets/AFIDs-OASIS/derivatives/tfrom_greedy/sub-0371/anat/sub-0371_acq-MP2RAGE_space-MNI152NLin2009cAsym.mat, /home/ROBARTS/ataha/graham/scratch/afids-data/data/datasets/AFIDs-OASIS/derivatives/tfrom_greedy/sub-0371/anat/sub-0371_acq-MP2RAGE_space-MNI152NLin2009cAsym_desc-synthstrip_T1w.nii.gz, /home/ROBARTS/ataha/graham/scratch/afids-data/data/datasets/AFIDs-OASIS/derivatives/tfrom_greedy/sub-0371/anat/sub-0371_acq-MP2RAGE_space-MNI152NLin2009cAsym_T1w.nii.gz
    jobid: 133
    reason: Missing output files: /home/ROBARTS/ataha/graham/scratch/afids-data/data/datasets/AFIDs-OASIS/derivatives/tfrom_greedy/sub-0371/anat/sub-0371_acq-MP2RAGE_space-MNI152NLin2009cAsym_T1w.nii.gz, /home/ROBARTS/ataha/graham/scratch/afids-data/data/datasets/AFIDs-OASIS/derivatives/tfrom_greedy/sub-0371/anat/sub-0371_acq-MP2RAGE_space-MNI152NLin2009cAsym.mat; Input files updated by another job: /home/ROBARTS/ataha/graham/scratch/afids-data/data/datasets/AFIDs-OASIS/derivatives/synthstrip/sub-0371/anat/sub-0371_desc-synthstrip_T1w.nii.gz
    wildcards: subject=0371
    resources: tmpdir=/tmp

[Wed Jun 28 22:48:25 2023]
Finished job 143.
41 of 151 steps (27%) done
Select jobs to execute...

[Wed Jun 28 22:48:25 2023]
rule align_template_rigid:
    input: /home/ROBARTS/ataha/graham/scratch/afids-data/data/datasets/AFIDs-OASIS/derivatives/synthstrip/sub-0256/anat/sub-0256_desc-synthstrip_T1w.nii.gz, /home/ROBARTS/ataha/graham/scratch/afids-data/data/datasets/AFIDs-OASIS/sub-0256/anat/sub-0256_T1w.nii.gz
    output: /home/ROBARTS/ataha/graham/scratch/afids-data/data/datasets/AFIDs-OASIS/derivatives/tfrom_greedy/sub-0256/anat/sub-0256_acq-MP2RAGE_space-MNI152NLin2009cAsym.mat, /home/ROBARTS/ataha/graham/scratch/afids-data/data/datasets/AFIDs-OASIS/derivatives/tfrom_greedy/sub-0256/anat/sub-0256_acq-MP2RAGE_space-MNI152NLin2009cAsym_desc-synthstrip_T1w.nii.gz, /home/ROBARTS/ataha/graham/scratch/afids-data/data/datasets/AFIDs-OASIS/derivatives/tfrom_greedy/sub-0256/anat/sub-0256_acq-MP2RAGE_space-MNI152NLin2009cAsym_T1w.nii.gz
    jobid: 83
    reason: Missing output files: /home/ROBARTS/ataha/graham/scratch/afids-data/data/datasets/AFIDs-OASIS/derivatives/tfrom_greedy/sub-0256/anat/sub-0256_acq-MP2RAGE_space-MNI152NLin2009cAsym.mat, /home/ROBARTS/ataha/graham/scratch/afids-data/data/datasets/AFIDs-OASIS/derivatives/tfrom_greedy/sub-0256/anat/sub-0256_acq-MP2RAGE_space-MNI152NLin2009cAsym_T1w.nii.gz; Input files updated by another job: /home/ROBARTS/ataha/graham/scratch/afids-data/data/datasets/AFIDs-OASIS/derivatives/synthstrip/sub-0256/anat/sub-0256_desc-synthstrip_T1w.nii.gz
    wildcards: subject=0256
    resources: tmpdir=/tmp

[Wed Jun 28 22:48:27 2023]
Finished job 88.
42 of 151 steps (28%) done
Select jobs to execute...

[Wed Jun 28 22:48:27 2023]
rule align_template_rigid:
    input: /home/ROBARTS/ataha/graham/scratch/afids-data/data/datasets/AFIDs-OASIS/derivatives/synthstrip/sub-0101/anat/sub-0101_desc-synthstrip_T1w.nii.gz, /home/ROBARTS/ataha/graham/scratch/afids-data/data/datasets/AFIDs-OASIS/sub-0101/anat/sub-0101_T1w.nii.gz
    output: /home/ROBARTS/ataha/graham/scratch/afids-data/data/datasets/AFIDs-OASIS/derivatives/tfrom_greedy/sub-0101/anat/sub-0101_acq-MP2RAGE_space-MNI152NLin2009cAsym.mat, /home/ROBARTS/ataha/graham/scratch/afids-data/data/datasets/AFIDs-OASIS/derivatives/tfrom_greedy/sub-0101/anat/sub-0101_acq-MP2RAGE_space-MNI152NLin2009cAsym_desc-synthstrip_T1w.nii.gz, /home/ROBARTS/ataha/graham/scratch/afids-data/data/datasets/AFIDs-OASIS/derivatives/tfrom_greedy/sub-0101/anat/sub-0101_acq-MP2RAGE_space-MNI152NLin2009cAsym_T1w.nii.gz
    jobid: 13
    reason: Missing output files: /home/ROBARTS/ataha/graham/scratch/afids-data/data/datasets/AFIDs-OASIS/derivatives/tfrom_greedy/sub-0101/anat/sub-0101_acq-MP2RAGE_space-MNI152NLin2009cAsym.mat, /home/ROBARTS/ataha/graham/scratch/afids-data/data/datasets/AFIDs-OASIS/derivatives/tfrom_greedy/sub-0101/anat/sub-0101_acq-MP2RAGE_space-MNI152NLin2009cAsym_T1w.nii.gz; Input files updated by another job: /home/ROBARTS/ataha/graham/scratch/afids-data/data/datasets/AFIDs-OASIS/derivatives/synthstrip/sub-0101/anat/sub-0101_desc-synthstrip_T1w.nii.gz
    wildcards: subject=0101
    resources: tmpdir=/tmp

[Wed Jun 28 22:48:54 2023]
Finished job 133.
43 of 151 steps (28%) done
Select jobs to execute...

[Wed Jun 28 22:48:54 2023]
rule align_template_rigid:
    input: /home/ROBARTS/ataha/graham/scratch/afids-data/data/datasets/AFIDs-OASIS/derivatives/synthstrip/sub-0395/anat/sub-0395_desc-synthstrip_T1w.nii.gz, /home/ROBARTS/ataha/graham/scratch/afids-data/data/datasets/AFIDs-OASIS/sub-0395/anat/sub-0395_T1w.nii.gz
    output: /home/ROBARTS/ataha/graham/scratch/afids-data/data/datasets/AFIDs-OASIS/derivatives/tfrom_greedy/sub-0395/anat/sub-0395_acq-MP2RAGE_space-MNI152NLin2009cAsym.mat, /home/ROBARTS/ataha/graham/scratch/afids-data/data/datasets/AFIDs-OASIS/derivatives/tfrom_greedy/sub-0395/anat/sub-0395_acq-MP2RAGE_space-MNI152NLin2009cAsym_desc-synthstrip_T1w.nii.gz, /home/ROBARTS/ataha/graham/scratch/afids-data/data/datasets/AFIDs-OASIS/derivatives/tfrom_greedy/sub-0395/anat/sub-0395_acq-MP2RAGE_space-MNI152NLin2009cAsym_T1w.nii.gz
    jobid: 138
    reason: Missing output files: /home/ROBARTS/ataha/graham/scratch/afids-data/data/datasets/AFIDs-OASIS/derivatives/tfrom_greedy/sub-0395/anat/sub-0395_acq-MP2RAGE_space-MNI152NLin2009cAsym.mat, /home/ROBARTS/ataha/graham/scratch/afids-data/data/datasets/AFIDs-OASIS/derivatives/tfrom_greedy/sub-0395/anat/sub-0395_acq-MP2RAGE_space-MNI152NLin2009cAsym_T1w.nii.gz; Input files updated by another job: /home/ROBARTS/ataha/graham/scratch/afids-data/data/datasets/AFIDs-OASIS/derivatives/synthstrip/sub-0395/anat/sub-0395_desc-synthstrip_T1w.nii.gz
    wildcards: subject=0395
    resources: tmpdir=/tmp

[Wed Jun 28 22:49:05 2023]
Finished job 83.
44 of 151 steps (29%) done
Select jobs to execute...

[Wed Jun 28 22:49:06 2023]
rule align_template_rigid:
    input: /home/ROBARTS/ataha/graham/scratch/afids-data/data/datasets/AFIDs-OASIS/derivatives/synthstrip/sub-0345/anat/sub-0345_desc-synthstrip_T1w.nii.gz, /home/ROBARTS/ataha/graham/scratch/afids-data/data/datasets/AFIDs-OASIS/sub-0345/anat/sub-0345_T1w.nii.gz
    output: /home/ROBARTS/ataha/graham/scratch/afids-data/data/datasets/AFIDs-OASIS/derivatives/tfrom_greedy/sub-0345/anat/sub-0345_acq-MP2RAGE_space-MNI152NLin2009cAsym.mat, /home/ROBARTS/ataha/graham/scratch/afids-data/data/datasets/AFIDs-OASIS/derivatives/tfrom_greedy/sub-0345/anat/sub-0345_acq-MP2RAGE_space-MNI152NLin2009cAsym_desc-synthstrip_T1w.nii.gz, /home/ROBARTS/ataha/graham/scratch/afids-data/data/datasets/AFIDs-OASIS/derivatives/tfrom_greedy/sub-0345/anat/sub-0345_acq-MP2RAGE_space-MNI152NLin2009cAsym_T1w.nii.gz
    jobid: 118
    reason: Missing output files: /home/ROBARTS/ataha/graham/scratch/afids-data/data/datasets/AFIDs-OASIS/derivatives/tfrom_greedy/sub-0345/anat/sub-0345_acq-MP2RAGE_space-MNI152NLin2009cAsym_T1w.nii.gz, /home/ROBARTS/ataha/graham/scratch/afids-data/data/datasets/AFIDs-OASIS/derivatives/tfrom_greedy/sub-0345/anat/sub-0345_acq-MP2RAGE_space-MNI152NLin2009cAsym.mat; Input files updated by another job: /home/ROBARTS/ataha/graham/scratch/afids-data/data/datasets/AFIDs-OASIS/derivatives/synthstrip/sub-0345/anat/sub-0345_desc-synthstrip_T1w.nii.gz
    wildcards: subject=0345
    resources: tmpdir=/tmp

[Wed Jun 28 22:49:06 2023]
Finished job 13.
45 of 151 steps (30%) done
Select jobs to execute...

[Wed Jun 28 22:49:06 2023]
rule align_template_rigid:
    input: /home/ROBARTS/ataha/graham/scratch/afids-data/data/datasets/AFIDs-OASIS/derivatives/synthstrip/sub-0274/anat/sub-0274_desc-synthstrip_T1w.nii.gz, /home/ROBARTS/ataha/graham/scratch/afids-data/data/datasets/AFIDs-OASIS/sub-0274/anat/sub-0274_T1w.nii.gz
    output: /home/ROBARTS/ataha/graham/scratch/afids-data/data/datasets/AFIDs-OASIS/derivatives/tfrom_greedy/sub-0274/anat/sub-0274_acq-MP2RAGE_space-MNI152NLin2009cAsym.mat, /home/ROBARTS/ataha/graham/scratch/afids-data/data/datasets/AFIDs-OASIS/derivatives/tfrom_greedy/sub-0274/anat/sub-0274_acq-MP2RAGE_space-MNI152NLin2009cAsym_desc-synthstrip_T1w.nii.gz, /home/ROBARTS/ataha/graham/scratch/afids-data/data/datasets/AFIDs-OASIS/derivatives/tfrom_greedy/sub-0274/anat/sub-0274_acq-MP2RAGE_space-MNI152NLin2009cAsym_T1w.nii.gz
    jobid: 98
    reason: Missing output files: /home/ROBARTS/ataha/graham/scratch/afids-data/data/datasets/AFIDs-OASIS/derivatives/tfrom_greedy/sub-0274/anat/sub-0274_acq-MP2RAGE_space-MNI152NLin2009cAsym_T1w.nii.gz, /home/ROBARTS/ataha/graham/scratch/afids-data/data/datasets/AFIDs-OASIS/derivatives/tfrom_greedy/sub-0274/anat/sub-0274_acq-MP2RAGE_space-MNI152NLin2009cAsym.mat; Input files updated by another job: /home/ROBARTS/ataha/graham/scratch/afids-data/data/datasets/AFIDs-OASIS/derivatives/synthstrip/sub-0274/anat/sub-0274_desc-synthstrip_T1w.nii.gz
    wildcards: subject=0274
    resources: tmpdir=/tmp

[Wed Jun 28 22:49:36 2023]
Finished job 138.
46 of 151 steps (30%) done
Select jobs to execute...

[Wed Jun 28 22:49:36 2023]
rule align_template_rigid:
    input: /home/ROBARTS/ataha/graham/scratch/afids-data/data/datasets/AFIDs-OASIS/derivatives/synthstrip/sub-0255/anat/sub-0255_desc-synthstrip_T1w.nii.gz, /home/ROBARTS/ataha/graham/scratch/afids-data/data/datasets/AFIDs-OASIS/sub-0255/anat/sub-0255_T1w.nii.gz
    output: /home/ROBARTS/ataha/graham/scratch/afids-data/data/datasets/AFIDs-OASIS/derivatives/tfrom_greedy/sub-0255/anat/sub-0255_acq-MP2RAGE_space-MNI152NLin2009cAsym.mat, /home/ROBARTS/ataha/graham/scratch/afids-data/data/datasets/AFIDs-OASIS/derivatives/tfrom_greedy/sub-0255/anat/sub-0255_acq-MP2RAGE_space-MNI152NLin2009cAsym_desc-synthstrip_T1w.nii.gz, /home/ROBARTS/ataha/graham/scratch/afids-data/data/datasets/AFIDs-OASIS/derivatives/tfrom_greedy/sub-0255/anat/sub-0255_acq-MP2RAGE_space-MNI152NLin2009cAsym_T1w.nii.gz
    jobid: 78
    reason: Missing output files: /home/ROBARTS/ataha/graham/scratch/afids-data/data/datasets/AFIDs-OASIS/derivatives/tfrom_greedy/sub-0255/anat/sub-0255_acq-MP2RAGE_space-MNI152NLin2009cAsym.mat, /home/ROBARTS/ataha/graham/scratch/afids-data/data/datasets/AFIDs-OASIS/derivatives/tfrom_greedy/sub-0255/anat/sub-0255_acq-MP2RAGE_space-MNI152NLin2009cAsym_T1w.nii.gz; Input files updated by another job: /home/ROBARTS/ataha/graham/scratch/afids-data/data/datasets/AFIDs-OASIS/derivatives/synthstrip/sub-0255/anat/sub-0255_desc-synthstrip_T1w.nii.gz
    wildcards: subject=0255
    resources: tmpdir=/tmp

[Wed Jun 28 22:49:42 2023]
Finished job 118.
47 of 151 steps (31%) done
Select jobs to execute...

[Wed Jun 28 22:49:42 2023]
rule align_template_rigid:
    input: /home/ROBARTS/ataha/graham/scratch/afids-data/data/datasets/AFIDs-OASIS/derivatives/synthstrip/sub-0239/anat/sub-0239_desc-synthstrip_T1w.nii.gz, /home/ROBARTS/ataha/graham/scratch/afids-data/data/datasets/AFIDs-OASIS/sub-0239/anat/sub-0239_T1w.nii.gz
    output: /home/ROBARTS/ataha/graham/scratch/afids-data/data/datasets/AFIDs-OASIS/derivatives/tfrom_greedy/sub-0239/anat/sub-0239_acq-MP2RAGE_space-MNI152NLin2009cAsym.mat, /home/ROBARTS/ataha/graham/scratch/afids-data/data/datasets/AFIDs-OASIS/derivatives/tfrom_greedy/sub-0239/anat/sub-0239_acq-MP2RAGE_space-MNI152NLin2009cAsym_desc-synthstrip_T1w.nii.gz, /home/ROBARTS/ataha/graham/scratch/afids-data/data/datasets/AFIDs-OASIS/derivatives/tfrom_greedy/sub-0239/anat/sub-0239_acq-MP2RAGE_space-MNI152NLin2009cAsym_T1w.nii.gz
    jobid: 68
    reason: Missing output files: /home/ROBARTS/ataha/graham/scratch/afids-data/data/datasets/AFIDs-OASIS/derivatives/tfrom_greedy/sub-0239/anat/sub-0239_acq-MP2RAGE_space-MNI152NLin2009cAsym.mat, /home/ROBARTS/ataha/graham/scratch/afids-data/data/datasets/AFIDs-OASIS/derivatives/tfrom_greedy/sub-0239/anat/sub-0239_acq-MP2RAGE_space-MNI152NLin2009cAsym_T1w.nii.gz; Input files updated by another job: /home/ROBARTS/ataha/graham/scratch/afids-data/data/datasets/AFIDs-OASIS/derivatives/synthstrip/sub-0239/anat/sub-0239_desc-synthstrip_T1w.nii.gz
    wildcards: subject=0239
    resources: tmpdir=/tmp

[Wed Jun 28 22:49:49 2023]
Finished job 98.
48 of 151 steps (32%) done
Select jobs to execute...

[Wed Jun 28 22:49:49 2023]
rule align_template_rigid:
    input: /home/ROBARTS/ataha/graham/scratch/afids-data/data/datasets/AFIDs-OASIS/derivatives/synthstrip/sub-0177/anat/sub-0177_desc-synthstrip_T1w.nii.gz, /home/ROBARTS/ataha/graham/scratch/afids-data/data/datasets/AFIDs-OASIS/sub-0177/anat/sub-0177_T1w.nii.gz
    output: /home/ROBARTS/ataha/graham/scratch/afids-data/data/datasets/AFIDs-OASIS/derivatives/tfrom_greedy/sub-0177/anat/sub-0177_acq-MP2RAGE_space-MNI152NLin2009cAsym.mat, /home/ROBARTS/ataha/graham/scratch/afids-data/data/datasets/AFIDs-OASIS/derivatives/tfrom_greedy/sub-0177/anat/sub-0177_acq-MP2RAGE_space-MNI152NLin2009cAsym_desc-synthstrip_T1w.nii.gz, /home/ROBARTS/ataha/graham/scratch/afids-data/data/datasets/AFIDs-OASIS/derivatives/tfrom_greedy/sub-0177/anat/sub-0177_acq-MP2RAGE_space-MNI152NLin2009cAsym_T1w.nii.gz
    jobid: 38
    reason: Missing output files: /home/ROBARTS/ataha/graham/scratch/afids-data/data/datasets/AFIDs-OASIS/derivatives/tfrom_greedy/sub-0177/anat/sub-0177_acq-MP2RAGE_space-MNI152NLin2009cAsym.mat, /home/ROBARTS/ataha/graham/scratch/afids-data/data/datasets/AFIDs-OASIS/derivatives/tfrom_greedy/sub-0177/anat/sub-0177_acq-MP2RAGE_space-MNI152NLin2009cAsym_T1w.nii.gz; Input files updated by another job: /home/ROBARTS/ataha/graham/scratch/afids-data/data/datasets/AFIDs-OASIS/derivatives/synthstrip/sub-0177/anat/sub-0177_desc-synthstrip_T1w.nii.gz
    wildcards: subject=0177
    resources: tmpdir=/tmp

[Wed Jun 28 22:50:15 2023]
Finished job 78.
49 of 151 steps (32%) done
Select jobs to execute...

[Wed Jun 28 22:50:15 2023]
rule align_template_rigid:
    input: /home/ROBARTS/ataha/graham/scratch/afids-data/data/datasets/AFIDs-OASIS/derivatives/synthstrip/sub-0357/anat/sub-0357_desc-synthstrip_T1w.nii.gz, /home/ROBARTS/ataha/graham/scratch/afids-data/data/datasets/AFIDs-OASIS/sub-0357/anat/sub-0357_T1w.nii.gz
    output: /home/ROBARTS/ataha/graham/scratch/afids-data/data/datasets/AFIDs-OASIS/derivatives/tfrom_greedy/sub-0357/anat/sub-0357_acq-MP2RAGE_space-MNI152NLin2009cAsym.mat, /home/ROBARTS/ataha/graham/scratch/afids-data/data/datasets/AFIDs-OASIS/derivatives/tfrom_greedy/sub-0357/anat/sub-0357_acq-MP2RAGE_space-MNI152NLin2009cAsym_desc-synthstrip_T1w.nii.gz, /home/ROBARTS/ataha/graham/scratch/afids-data/data/datasets/AFIDs-OASIS/derivatives/tfrom_greedy/sub-0357/anat/sub-0357_acq-MP2RAGE_space-MNI152NLin2009cAsym_T1w.nii.gz
    jobid: 123
    reason: Missing output files: /home/ROBARTS/ataha/graham/scratch/afids-data/data/datasets/AFIDs-OASIS/derivatives/tfrom_greedy/sub-0357/anat/sub-0357_acq-MP2RAGE_space-MNI152NLin2009cAsym_T1w.nii.gz, /home/ROBARTS/ataha/graham/scratch/afids-data/data/datasets/AFIDs-OASIS/derivatives/tfrom_greedy/sub-0357/anat/sub-0357_acq-MP2RAGE_space-MNI152NLin2009cAsym.mat; Input files updated by another job: /home/ROBARTS/ataha/graham/scratch/afids-data/data/datasets/AFIDs-OASIS/derivatives/synthstrip/sub-0357/anat/sub-0357_desc-synthstrip_T1w.nii.gz
    wildcards: subject=0357
    resources: tmpdir=/tmp

[Wed Jun 28 22:50:22 2023]
Finished job 68.
50 of 151 steps (33%) done
Select jobs to execute...

[Wed Jun 28 22:50:22 2023]
rule freesurfer_preproc:
    input: /home/ROBARTS/ataha/graham/scratch/afids-data/data/datasets/AFIDs-OASIS/derivatives/tfrom_greedy/sub-0456/anat/sub-0456_acq-MP2RAGE_space-MNI152NLin2009cAsym_T1w.nii.gz
    output: /home/ROBARTS/ataha/graham/scratch/afids-data/data/datasets/AFIDs-OASIS/derivatives/freesurfer/sub-0456/mri/T1.mgz
    jobid: 147
    reason: Missing output files: /home/ROBARTS/ataha/graham/scratch/afids-data/data/datasets/AFIDs-OASIS/derivatives/freesurfer/sub-0456/mri/T1.mgz; Input files updated by another job: /home/ROBARTS/ataha/graham/scratch/afids-data/data/datasets/AFIDs-OASIS/derivatives/tfrom_greedy/sub-0456/anat/sub-0456_acq-MP2RAGE_space-MNI152NLin2009cAsym_T1w.nii.gz
    wildcards: subject=0456
    resources: tmpdir=/tmp

[Wed Jun 28 22:50:50 2023]
Finished job 38.
51 of 151 steps (34%) done
Select jobs to execute...

[Wed Jun 28 22:50:50 2023]
rule align_template_rigid:
    input: /home/ROBARTS/ataha/graham/scratch/afids-data/data/datasets/AFIDs-OASIS/derivatives/synthstrip/sub-0343/anat/sub-0343_desc-synthstrip_T1w.nii.gz, /home/ROBARTS/ataha/graham/scratch/afids-data/data/datasets/AFIDs-OASIS/sub-0343/anat/sub-0343_T1w.nii.gz
    output: /home/ROBARTS/ataha/graham/scratch/afids-data/data/datasets/AFIDs-OASIS/derivatives/tfrom_greedy/sub-0343/anat/sub-0343_acq-MP2RAGE_space-MNI152NLin2009cAsym.mat, /home/ROBARTS/ataha/graham/scratch/afids-data/data/datasets/AFIDs-OASIS/derivatives/tfrom_greedy/sub-0343/anat/sub-0343_acq-MP2RAGE_space-MNI152NLin2009cAsym_desc-synthstrip_T1w.nii.gz, /home/ROBARTS/ataha/graham/scratch/afids-data/data/datasets/AFIDs-OASIS/derivatives/tfrom_greedy/sub-0343/anat/sub-0343_acq-MP2RAGE_space-MNI152NLin2009cAsym_T1w.nii.gz
    jobid: 113
    reason: Missing output files: /home/ROBARTS/ataha/graham/scratch/afids-data/data/datasets/AFIDs-OASIS/derivatives/tfrom_greedy/sub-0343/anat/sub-0343_acq-MP2RAGE_space-MNI152NLin2009cAsym_T1w.nii.gz, /home/ROBARTS/ataha/graham/scratch/afids-data/data/datasets/AFIDs-OASIS/derivatives/tfrom_greedy/sub-0343/anat/sub-0343_acq-MP2RAGE_space-MNI152NLin2009cAsym.mat; Input files updated by another job: /home/ROBARTS/ataha/graham/scratch/afids-data/data/datasets/AFIDs-OASIS/derivatives/synthstrip/sub-0343/anat/sub-0343_desc-synthstrip_T1w.nii.gz
    wildcards: subject=0343
    resources: tmpdir=/tmp

[Wed Jun 28 22:51:04 2023]
Finished job 123.
52 of 151 steps (34%) done
Select jobs to execute...

[Wed Jun 28 22:51:04 2023]
rule align_template_rigid:
    input: /home/ROBARTS/ataha/graham/scratch/afids-data/data/datasets/AFIDs-OASIS/derivatives/synthstrip/sub-0086/anat/sub-0086_desc-synthstrip_T1w.nii.gz, /home/ROBARTS/ataha/graham/scratch/afids-data/data/datasets/AFIDs-OASIS/sub-0086/anat/sub-0086_T1w.nii.gz
    output: /home/ROBARTS/ataha/graham/scratch/afids-data/data/datasets/AFIDs-OASIS/derivatives/tfrom_greedy/sub-0086/anat/sub-0086_acq-MP2RAGE_space-MNI152NLin2009cAsym.mat, /home/ROBARTS/ataha/graham/scratch/afids-data/data/datasets/AFIDs-OASIS/derivatives/tfrom_greedy/sub-0086/anat/sub-0086_acq-MP2RAGE_space-MNI152NLin2009cAsym_desc-synthstrip_T1w.nii.gz, /home/ROBARTS/ataha/graham/scratch/afids-data/data/datasets/AFIDs-OASIS/derivatives/tfrom_greedy/sub-0086/anat/sub-0086_acq-MP2RAGE_space-MNI152NLin2009cAsym_T1w.nii.gz
    jobid: 8
    reason: Missing output files: /home/ROBARTS/ataha/graham/scratch/afids-data/data/datasets/AFIDs-OASIS/derivatives/tfrom_greedy/sub-0086/anat/sub-0086_acq-MP2RAGE_space-MNI152NLin2009cAsym.mat, /home/ROBARTS/ataha/graham/scratch/afids-data/data/datasets/AFIDs-OASIS/derivatives/tfrom_greedy/sub-0086/anat/sub-0086_acq-MP2RAGE_space-MNI152NLin2009cAsym_T1w.nii.gz; Input files updated by another job: /home/ROBARTS/ataha/graham/scratch/afids-data/data/datasets/AFIDs-OASIS/derivatives/synthstrip/sub-0086/anat/sub-0086_desc-synthstrip_T1w.nii.gz
    wildcards: subject=0086
    resources: tmpdir=/tmp

[Wed Jun 28 22:51:37 2023]
Finished job 113.
53 of 151 steps (35%) done
Select jobs to execute...

[Wed Jun 28 22:51:37 2023]
rule align_template_rigid:
    input: /home/ROBARTS/ataha/graham/scratch/afids-data/data/datasets/AFIDs-OASIS/derivatives/synthstrip/sub-0114/anat/sub-0114_desc-synthstrip_T1w.nii.gz, /home/ROBARTS/ataha/graham/scratch/afids-data/data/datasets/AFIDs-OASIS/sub-0114/anat/sub-0114_T1w.nii.gz
    output: /home/ROBARTS/ataha/graham/scratch/afids-data/data/datasets/AFIDs-OASIS/derivatives/tfrom_greedy/sub-0114/anat/sub-0114_acq-MP2RAGE_space-MNI152NLin2009cAsym.mat, /home/ROBARTS/ataha/graham/scratch/afids-data/data/datasets/AFIDs-OASIS/derivatives/tfrom_greedy/sub-0114/anat/sub-0114_acq-MP2RAGE_space-MNI152NLin2009cAsym_desc-synthstrip_T1w.nii.gz, /home/ROBARTS/ataha/graham/scratch/afids-data/data/datasets/AFIDs-OASIS/derivatives/tfrom_greedy/sub-0114/anat/sub-0114_acq-MP2RAGE_space-MNI152NLin2009cAsym_T1w.nii.gz
    jobid: 23
    reason: Missing output files: /home/ROBARTS/ataha/graham/scratch/afids-data/data/datasets/AFIDs-OASIS/derivatives/tfrom_greedy/sub-0114/anat/sub-0114_acq-MP2RAGE_space-MNI152NLin2009cAsym_T1w.nii.gz, /home/ROBARTS/ataha/graham/scratch/afids-data/data/datasets/AFIDs-OASIS/derivatives/tfrom_greedy/sub-0114/anat/sub-0114_acq-MP2RAGE_space-MNI152NLin2009cAsym.mat; Input files updated by another job: /home/ROBARTS/ataha/graham/scratch/afids-data/data/datasets/AFIDs-OASIS/derivatives/synthstrip/sub-0114/anat/sub-0114_desc-synthstrip_T1w.nii.gz
    wildcards: subject=0114
    resources: tmpdir=/tmp

[Wed Jun 28 22:51:45 2023]
Finished job 8.
54 of 151 steps (36%) done
Select jobs to execute...

[Wed Jun 28 22:51:45 2023]
rule align_template_rigid:
    input: /home/ROBARTS/ataha/graham/scratch/afids-data/data/datasets/AFIDs-OASIS/derivatives/synthstrip/sub-0188/anat/sub-0188_desc-synthstrip_T1w.nii.gz, /home/ROBARTS/ataha/graham/scratch/afids-data/data/datasets/AFIDs-OASIS/sub-0188/anat/sub-0188_T1w.nii.gz
    output: /home/ROBARTS/ataha/graham/scratch/afids-data/data/datasets/AFIDs-OASIS/derivatives/tfrom_greedy/sub-0188/anat/sub-0188_acq-MP2RAGE_space-MNI152NLin2009cAsym.mat, /home/ROBARTS/ataha/graham/scratch/afids-data/data/datasets/AFIDs-OASIS/derivatives/tfrom_greedy/sub-0188/anat/sub-0188_acq-MP2RAGE_space-MNI152NLin2009cAsym_desc-synthstrip_T1w.nii.gz, /home/ROBARTS/ataha/graham/scratch/afids-data/data/datasets/AFIDs-OASIS/derivatives/tfrom_greedy/sub-0188/anat/sub-0188_acq-MP2RAGE_space-MNI152NLin2009cAsym_T1w.nii.gz
    jobid: 48
    reason: Missing output files: /home/ROBARTS/ataha/graham/scratch/afids-data/data/datasets/AFIDs-OASIS/derivatives/tfrom_greedy/sub-0188/anat/sub-0188_acq-MP2RAGE_space-MNI152NLin2009cAsym.mat, /home/ROBARTS/ataha/graham/scratch/afids-data/data/datasets/AFIDs-OASIS/derivatives/tfrom_greedy/sub-0188/anat/sub-0188_acq-MP2RAGE_space-MNI152NLin2009cAsym_T1w.nii.gz; Input files updated by another job: /home/ROBARTS/ataha/graham/scratch/afids-data/data/datasets/AFIDs-OASIS/derivatives/synthstrip/sub-0188/anat/sub-0188_desc-synthstrip_T1w.nii.gz
    wildcards: subject=0188
    resources: tmpdir=/tmp

[Wed Jun 28 22:52:16 2023]
Finished job 23.
55 of 151 steps (36%) done
Select jobs to execute...

[Wed Jun 28 22:52:17 2023]
rule align_template_rigid:
    input: /home/ROBARTS/ataha/graham/scratch/afids-data/data/datasets/AFIDs-OASIS/derivatives/synthstrip/sub-0109/anat/sub-0109_desc-synthstrip_T1w.nii.gz, /home/ROBARTS/ataha/graham/scratch/afids-data/data/datasets/AFIDs-OASIS/sub-0109/anat/sub-0109_T1w.nii.gz
    output: /home/ROBARTS/ataha/graham/scratch/afids-data/data/datasets/AFIDs-OASIS/derivatives/tfrom_greedy/sub-0109/anat/sub-0109_acq-MP2RAGE_space-MNI152NLin2009cAsym.mat, /home/ROBARTS/ataha/graham/scratch/afids-data/data/datasets/AFIDs-OASIS/derivatives/tfrom_greedy/sub-0109/anat/sub-0109_acq-MP2RAGE_space-MNI152NLin2009cAsym_desc-synthstrip_T1w.nii.gz, /home/ROBARTS/ataha/graham/scratch/afids-data/data/datasets/AFIDs-OASIS/derivatives/tfrom_greedy/sub-0109/anat/sub-0109_acq-MP2RAGE_space-MNI152NLin2009cAsym_T1w.nii.gz
    jobid: 18
    reason: Missing output files: /home/ROBARTS/ataha/graham/scratch/afids-data/data/datasets/AFIDs-OASIS/derivatives/tfrom_greedy/sub-0109/anat/sub-0109_acq-MP2RAGE_space-MNI152NLin2009cAsym_T1w.nii.gz, /home/ROBARTS/ataha/graham/scratch/afids-data/data/datasets/AFIDs-OASIS/derivatives/tfrom_greedy/sub-0109/anat/sub-0109_acq-MP2RAGE_space-MNI152NLin2009cAsym.mat; Input files updated by another job: /home/ROBARTS/ataha/graham/scratch/afids-data/data/datasets/AFIDs-OASIS/derivatives/synthstrip/sub-0109/anat/sub-0109_desc-synthstrip_T1w.nii.gz
    wildcards: subject=0109
    resources: tmpdir=/tmp

[Wed Jun 28 22:52:25 2023]
Finished job 48.
56 of 151 steps (37%) done
Select jobs to execute...

[Wed Jun 28 22:52:25 2023]
rule align_template_rigid:
    input: /home/ROBARTS/ataha/graham/scratch/afids-data/data/datasets/AFIDs-OASIS/derivatives/synthstrip/sub-0303/anat/sub-0303_desc-synthstrip_T1w.nii.gz, /home/ROBARTS/ataha/graham/scratch/afids-data/data/datasets/AFIDs-OASIS/sub-0303/anat/sub-0303_T1w.nii.gz
    output: /home/ROBARTS/ataha/graham/scratch/afids-data/data/datasets/AFIDs-OASIS/derivatives/tfrom_greedy/sub-0303/anat/sub-0303_acq-MP2RAGE_space-MNI152NLin2009cAsym.mat, /home/ROBARTS/ataha/graham/scratch/afids-data/data/datasets/AFIDs-OASIS/derivatives/tfrom_greedy/sub-0303/anat/sub-0303_acq-MP2RAGE_space-MNI152NLin2009cAsym_desc-synthstrip_T1w.nii.gz, /home/ROBARTS/ataha/graham/scratch/afids-data/data/datasets/AFIDs-OASIS/derivatives/tfrom_greedy/sub-0303/anat/sub-0303_acq-MP2RAGE_space-MNI152NLin2009cAsym_T1w.nii.gz
    jobid: 108
    reason: Missing output files: /home/ROBARTS/ataha/graham/scratch/afids-data/data/datasets/AFIDs-OASIS/derivatives/tfrom_greedy/sub-0303/anat/sub-0303_acq-MP2RAGE_space-MNI152NLin2009cAsym.mat, /home/ROBARTS/ataha/graham/scratch/afids-data/data/datasets/AFIDs-OASIS/derivatives/tfrom_greedy/sub-0303/anat/sub-0303_acq-MP2RAGE_space-MNI152NLin2009cAsym_T1w.nii.gz; Input files updated by another job: /home/ROBARTS/ataha/graham/scratch/afids-data/data/datasets/AFIDs-OASIS/derivatives/synthstrip/sub-0303/anat/sub-0303_desc-synthstrip_T1w.nii.gz
    wildcards: subject=0303
    resources: tmpdir=/tmp

[Wed Jun 28 22:52:56 2023]
Finished job 18.
57 of 151 steps (38%) done
Select jobs to execute...

[Wed Jun 28 22:52:56 2023]
rule align_template_rigid:
    input: /home/ROBARTS/ataha/graham/scratch/afids-data/data/datasets/AFIDs-OASIS/derivatives/synthstrip/sub-0200/anat/sub-0200_desc-synthstrip_T1w.nii.gz, /home/ROBARTS/ataha/graham/scratch/afids-data/data/datasets/AFIDs-OASIS/sub-0200/anat/sub-0200_T1w.nii.gz
    output: /home/ROBARTS/ataha/graham/scratch/afids-data/data/datasets/AFIDs-OASIS/derivatives/tfrom_greedy/sub-0200/anat/sub-0200_acq-MP2RAGE_space-MNI152NLin2009cAsym.mat, /home/ROBARTS/ataha/graham/scratch/afids-data/data/datasets/AFIDs-OASIS/derivatives/tfrom_greedy/sub-0200/anat/sub-0200_acq-MP2RAGE_space-MNI152NLin2009cAsym_desc-synthstrip_T1w.nii.gz, /home/ROBARTS/ataha/graham/scratch/afids-data/data/datasets/AFIDs-OASIS/derivatives/tfrom_greedy/sub-0200/anat/sub-0200_acq-MP2RAGE_space-MNI152NLin2009cAsym_T1w.nii.gz
    jobid: 53
    reason: Missing output files: /home/ROBARTS/ataha/graham/scratch/afids-data/data/datasets/AFIDs-OASIS/derivatives/tfrom_greedy/sub-0200/anat/sub-0200_acq-MP2RAGE_space-MNI152NLin2009cAsym_T1w.nii.gz, /home/ROBARTS/ataha/graham/scratch/afids-data/data/datasets/AFIDs-OASIS/derivatives/tfrom_greedy/sub-0200/anat/sub-0200_acq-MP2RAGE_space-MNI152NLin2009cAsym.mat; Input files updated by another job: /home/ROBARTS/ataha/graham/scratch/afids-data/data/datasets/AFIDs-OASIS/derivatives/synthstrip/sub-0200/anat/sub-0200_desc-synthstrip_T1w.nii.gz
    wildcards: subject=0200
    resources: tmpdir=/tmp

[Wed Jun 28 22:53:05 2023]
Finished job 108.
58 of 151 steps (38%) done
Select jobs to execute...

[Wed Jun 28 22:53:05 2023]
rule align_template_rigid:
    input: /home/ROBARTS/ataha/graham/scratch/afids-data/data/datasets/AFIDs-OASIS/derivatives/synthstrip/sub-0249/anat/sub-0249_desc-synthstrip_T1w.nii.gz, /home/ROBARTS/ataha/graham/scratch/afids-data/data/datasets/AFIDs-OASIS/sub-0249/anat/sub-0249_T1w.nii.gz
    output: /home/ROBARTS/ataha/graham/scratch/afids-data/data/datasets/AFIDs-OASIS/derivatives/tfrom_greedy/sub-0249/anat/sub-0249_acq-MP2RAGE_space-MNI152NLin2009cAsym.mat, /home/ROBARTS/ataha/graham/scratch/afids-data/data/datasets/AFIDs-OASIS/derivatives/tfrom_greedy/sub-0249/anat/sub-0249_acq-MP2RAGE_space-MNI152NLin2009cAsym_desc-synthstrip_T1w.nii.gz, /home/ROBARTS/ataha/graham/scratch/afids-data/data/datasets/AFIDs-OASIS/derivatives/tfrom_greedy/sub-0249/anat/sub-0249_acq-MP2RAGE_space-MNI152NLin2009cAsym_T1w.nii.gz
    jobid: 73
    reason: Missing output files: /home/ROBARTS/ataha/graham/scratch/afids-data/data/datasets/AFIDs-OASIS/derivatives/tfrom_greedy/sub-0249/anat/sub-0249_acq-MP2RAGE_space-MNI152NLin2009cAsym_T1w.nii.gz, /home/ROBARTS/ataha/graham/scratch/afids-data/data/datasets/AFIDs-OASIS/derivatives/tfrom_greedy/sub-0249/anat/sub-0249_acq-MP2RAGE_space-MNI152NLin2009cAsym.mat; Input files updated by another job: /home/ROBARTS/ataha/graham/scratch/afids-data/data/datasets/AFIDs-OASIS/derivatives/synthstrip/sub-0249/anat/sub-0249_desc-synthstrip_T1w.nii.gz
    wildcards: subject=0249
    resources: tmpdir=/tmp

[Wed Jun 28 22:53:35 2023]
Finished job 53.
59 of 151 steps (39%) done
Select jobs to execute...

[Wed Jun 28 22:53:35 2023]
rule freesurfer_preproc:
    input: /home/ROBARTS/ataha/graham/scratch/afids-data/data/datasets/AFIDs-OASIS/derivatives/tfrom_greedy/sub-0180/anat/sub-0180_acq-MP2RAGE_space-MNI152NLin2009cAsym_T1w.nii.gz
    output: /home/ROBARTS/ataha/graham/scratch/afids-data/data/datasets/AFIDs-OASIS/derivatives/freesurfer/sub-0180/mri/T1.mgz
    jobid: 42
    reason: Missing output files: /home/ROBARTS/ataha/graham/scratch/afids-data/data/datasets/AFIDs-OASIS/derivatives/freesurfer/sub-0180/mri/T1.mgz; Input files updated by another job: /home/ROBARTS/ataha/graham/scratch/afids-data/data/datasets/AFIDs-OASIS/derivatives/tfrom_greedy/sub-0180/anat/sub-0180_acq-MP2RAGE_space-MNI152NLin2009cAsym_T1w.nii.gz
    wildcards: subject=0180
    resources: tmpdir=/tmp

[Wed Jun 28 22:53:45 2023]
Finished job 73.
60 of 151 steps (40%) done
Select jobs to execute...

[Wed Jun 28 22:53:45 2023]
rule freesurfer_preproc:
    input: /home/ROBARTS/ataha/graham/scratch/afids-data/data/datasets/AFIDs-OASIS/derivatives/tfrom_greedy/sub-0266/anat/sub-0266_acq-MP2RAGE_space-MNI152NLin2009cAsym_T1w.nii.gz
    output: /home/ROBARTS/ataha/graham/scratch/afids-data/data/datasets/AFIDs-OASIS/derivatives/freesurfer/sub-0266/mri/T1.mgz
    jobid: 92
    reason: Missing output files: /home/ROBARTS/ataha/graham/scratch/afids-data/data/datasets/AFIDs-OASIS/derivatives/freesurfer/sub-0266/mri/T1.mgz; Input files updated by another job: /home/ROBARTS/ataha/graham/scratch/afids-data/data/datasets/AFIDs-OASIS/derivatives/tfrom_greedy/sub-0266/anat/sub-0266_acq-MP2RAGE_space-MNI152NLin2009cAsym_T1w.nii.gz
    wildcards: subject=0266
    resources: tmpdir=/tmp

Terminating processes on user request, this might take some time.
[Wed Jun 28 23:18:46 2023]
[Wed Jun 28 23:18:46 2023]
Error in rule freesurfer_preproc:
    jobid: 92
    input: /home/ROBARTS/ataha/graham/scratch/afids-data/data/datasets/AFIDs-OASIS/derivatives/tfrom_greedy/sub-0266/anat/sub-0266_acq-MP2RAGE_space-MNI152NLin2009cAsym_T1w.nii.gz
    output: /home/ROBARTS/ataha/graham/scratch/afids-data/data/datasets/AFIDs-OASIS/derivatives/freesurfer/sub-0266/mri/T1.mgz
    shell:
        
        rm -r /home/ROBARTS/ataha/graham/scratch/afids-data/data/datasets/AFIDs-OASIS/derivatives/freesurfer/sub-0266
        recon-all -subject sub-0266 -i /home/ROBARTS/ataha/graham/scratch/afids-data/data/datasets/AFIDs-OASIS/derivatives/tfrom_greedy/sub-0266/anat/sub-0266_acq-MP2RAGE_space-MNI152NLin2009cAsym_T1w.nii.gz -sd /home/ROBARTS/ataha/graham/scratch/afids-data/data/datasets/AFIDs-OASIS/derivatives/freesurfer -autorecon1
        
        (one of the commands exited with non-zero exit code; note that snakemake uses bash strict mode!)

[Wed Jun 28 23:18:46 2023]
Error in rule freesurfer_preproc:
    jobid: 42
    input: /home/ROBARTS/ataha/graham/scratch/afids-data/data/datasets/AFIDs-OASIS/derivatives/tfrom_greedy/sub-0180/anat/sub-0180_acq-MP2RAGE_space-MNI152NLin2009cAsym_T1w.nii.gz
    output: /home/ROBARTS/ataha/graham/scratch/afids-data/data/datasets/AFIDs-OASIS/derivatives/freesurfer/sub-0180/mri/T1.mgz
    shell:
        
        rm -r /home/ROBARTS/ataha/graham/scratch/afids-data/data/datasets/AFIDs-OASIS/derivatives/freesurfer/sub-0180
        recon-all -subject sub-0180 -i /home/ROBARTS/ataha/graham/scratch/afids-data/data/datasets/AFIDs-OASIS/derivatives/tfrom_greedy/sub-0180/anat/sub-0180_acq-MP2RAGE_space-MNI152NLin2009cAsym_T1w.nii.gz -sd /home/ROBARTS/ataha/graham/scratch/afids-data/data/datasets/AFIDs-OASIS/derivatives/freesurfer -autorecon1
        
        (one of the commands exited with non-zero exit code; note that snakemake uses bash strict mode!)

Error in rule freesurfer_preproc:
    jobid: 147
    input: /home/ROBARTS/ataha/graham/scratch/afids-data/data/datasets/AFIDs-OASIS/derivatives/tfrom_greedy/sub-0456/anat/sub-0456_acq-MP2RAGE_space-MNI152NLin2009cAsym_T1w.nii.gz
    output: /home/ROBARTS/ataha/graham/scratch/afids-data/data/datasets/AFIDs-OASIS/derivatives/freesurfer/sub-0456/mri/T1.mgz
    shell:
        
        rm -r /home/ROBARTS/ataha/graham/scratch/afids-data/data/datasets/AFIDs-OASIS/derivatives/freesurfer/sub-0456
        recon-all -subject sub-0456 -i /home/ROBARTS/ataha/graham/scratch/afids-data/data/datasets/AFIDs-OASIS/derivatives/tfrom_greedy/sub-0456/anat/sub-0456_acq-MP2RAGE_space-MNI152NLin2009cAsym_T1w.nii.gz -sd /home/ROBARTS/ataha/graham/scratch/afids-data/data/datasets/AFIDs-OASIS/derivatives/freesurfer -autorecon1
        
        (one of the commands exited with non-zero exit code; note that snakemake uses bash strict mode!)

Complete log: .snakemake/log/2023-06-28T223426.098313.snakemake.log
