Building DAG of jobs...
Using shell: /usr/bin/bash
Provided cores: 1 (use --cores to define parallelism)
Rules claiming more threads will be scaled down.
Singularity containers: ignored
Job stats:
job                     count    min threads    max threads
--------------------  -------  -------------  -------------
align_template_rigid       40              1              1
all                         1              1              1
fids2mni                   40              1              1
freesurfer2bids            40              1              1
freesurfer_preproc         40              1              1
skull_strip                32              1              1
total                     193              1              1

Select jobs to execute...

[Wed Jun 28 07:56:28 2023]
rule align_template_rigid:
    input: /home/ROBARTS/ataha/graham/scratch/afids-data/data/datasets/LHSCPD/derivatives/synthstrip/sub-120/anat/sub-120_desc-synthstrip_T1w.nii.gz, /home/ROBARTS/ataha/graham/scratch/afids-data/data/datasets/LHSCPD/sub-120/anat/sub-120_run-01_T1w.nii.gz
    output: /home/ROBARTS/ataha/graham/scratch/afids-data/data/datasets/LHSCPD/derivatives/tfrom_greedy/sub-120/anat/sub-120_acq-MP2RAGE_space-MNI152NLin2009cAsym.mat, /home/ROBARTS/ataha/graham/scratch/afids-data/data/datasets/LHSCPD/derivatives/tfrom_greedy/sub-120/anat/sub-120_acq-MP2RAGE_space-MNI152NLin2009cAsym_desc-synthstrip_T1w.nii.gz, /home/ROBARTS/ataha/graham/scratch/afids-data/data/datasets/LHSCPD/derivatives/tfrom_greedy/sub-120/anat/sub-120_acq-MP2RAGE_space-MNI152NLin2009cAsym_T1w.nii.gz
    jobid: 48
    reason: Code has changed since last execution
    wildcards: subject=120
    resources: tmpdir=/tmp

[Wed Jun 28 07:56:55 2023]
Error in rule align_template_rigid:
    jobid: 48
    input: /home/ROBARTS/ataha/graham/scratch/afids-data/data/datasets/LHSCPD/derivatives/synthstrip/sub-120/anat/sub-120_desc-synthstrip_T1w.nii.gz, /home/ROBARTS/ataha/graham/scratch/afids-data/data/datasets/LHSCPD/sub-120/anat/sub-120_run-01_T1w.nii.gz
    output: /home/ROBARTS/ataha/graham/scratch/afids-data/data/datasets/LHSCPD/derivatives/tfrom_greedy/sub-120/anat/sub-120_acq-MP2RAGE_space-MNI152NLin2009cAsym.mat, /home/ROBARTS/ataha/graham/scratch/afids-data/data/datasets/LHSCPD/derivatives/tfrom_greedy/sub-120/anat/sub-120_acq-MP2RAGE_space-MNI152NLin2009cAsym_desc-synthstrip_T1w.nii.gz, /home/ROBARTS/ataha/graham/scratch/afids-data/data/datasets/LHSCPD/derivatives/tfrom_greedy/sub-120/anat/sub-120_acq-MP2RAGE_space-MNI152NLin2009cAsym_T1w.nii.gz
    shell:
        
        reg_aladin -flo /home/ROBARTS/ataha/graham/scratch/afids-data/data/datasets/LHSCPD/derivatives/synthstrip/sub-120/anat/sub-120_desc-synthstrip_T1w.nii.gz -ref /home/ROBARTS/ataha/graham/scratch/afids_auto_preproc/resources/tpl-MNI152NLin2009cAsym_res-01_T1w.nii.gz -rigOnly -interp 0 -res /home/ROBARTS/ataha/graham/scratch/afids-data/data/datasets/LHSCPD/derivatives/tfrom_greedy/sub-120/anat/sub-120_acq-MP2RAGE_space-MNI152NLin2009cAsym_desc-synthstrip_T1w.nii.gz -aff /home/ROBARTS/ataha/graham/scratch/afids-data/data/datasets/LHSCPD/derivatives/tfrom_greedy/sub-120/anat/sub-120_acq-MP2RAGE_space-MNI152NLin2009cAsym_T1w.nii.gz
        #greedy -d 3 -a -i /home/ROBARTS/ataha/graham/scratch/afids_auto_preproc/resources/tpl-MNI152NLin2009cAsym_res-01_T1w.nii.gz /home/ROBARTS/ataha/graham/scratch/afids-data/data/datasets/LHSCPD/derivatives/synthstrip/sub-120/anat/sub-120_desc-synthstrip_T1w.nii.gz -ia-image-centers -dof 6 -o /home/ROBARTS/ataha/graham/scratch/afids-data/data/datasets/LHSCPD/derivatives/tfrom_greedy/sub-120/anat/sub-120_acq-MP2RAGE_space-MNI152NLin2009cAsym.mat -n 100x50x10 -m NCC 3x3x3 &&
        greedy -d 3 -dof 6 -rf /home/ROBARTS/ataha/graham/scratch/afids-data/data/datasets/LHSCPD/derivatives/tfrom_greedy/sub-120/anat/sub-120_acq-MP2RAGE_space-MNI152NLin2009cAsym_desc-synthstrip_T1w.nii.gz -rm /home/ROBARTS/ataha/graham/scratch/afids-data/data/datasets/LHSCPD/sub-120/anat/sub-120_run-01_T1w.nii.gz /home/ROBARTS/ataha/graham/scratch/afids-data/data/datasets/LHSCPD/derivatives/tfrom_greedy/sub-120/anat/sub-120_acq-MP2RAGE_space-MNI152NLin2009cAsym_T1w.nii.gz -r /home/ROBARTS/ataha/graham/scratch/afids-data/data/datasets/LHSCPD/derivatives/tfrom_greedy/sub-120/anat/sub-120_acq-MP2RAGE_space-MNI152NLin2009cAsym.mat
        
        (one of the commands exited with non-zero exit code; note that snakemake uses bash strict mode!)

Removing output files of failed job align_template_rigid since they might be corrupted:
/home/ROBARTS/ataha/graham/scratch/afids-data/data/datasets/LHSCPD/derivatives/tfrom_greedy/sub-120/anat/sub-120_acq-MP2RAGE_space-MNI152NLin2009cAsym_desc-synthstrip_T1w.nii.gz, /home/ROBARTS/ataha/graham/scratch/afids-data/data/datasets/LHSCPD/derivatives/tfrom_greedy/sub-120/anat/sub-120_acq-MP2RAGE_space-MNI152NLin2009cAsym_T1w.nii.gz
Shutting down, this might take some time.
Exiting because a job execution failed. Look above for error message
Complete log: .snakemake/log/2023-06-28T075616.599815.snakemake.log
