Building DAG of jobs...
Using shell: /usr/bin/bash
Provided cores: 3
Rules claiming more threads will be scaled down.
Job stats:
job                     count    min threads    max threads
--------------------  -------  -------------  -------------
align_template_rigid       40              1              1
all                         1              1              1
fids2mni                   40              1              1
freesurfer2bids            40              1              1
freesurfer_preproc         40              1              1
skull_strip                40              1              1
total                     201              1              1

Select jobs to execute...

[Wed Jun 28 10:23:38 2023]
rule skull_strip:
    input: /home/ROBARTS/ataha/graham/scratch/afids-data/data/datasets/LHSCPD/sub-120/anat/sub-120_run-01_T1w.nii.gz
    output: /home/ROBARTS/ataha/graham/scratch/afids-data/data/datasets/LHSCPD/derivatives/synthstrip/sub-120/anat/sub-120_desc-synthstrip_T1w.nii.gz, /home/ROBARTS/ataha/graham/scratch/afids-data/data/datasets/LHSCPD/derivatives/synthstrip/sub-120/anat/sub-120_desc-synthstrip_briamask.nii.gz
    jobid: 49
    reason: Missing output files: /home/ROBARTS/ataha/graham/scratch/afids-data/data/datasets/LHSCPD/derivatives/synthstrip/sub-120/anat/sub-120_desc-synthstrip_T1w.nii.gz
    wildcards: subject=120
    priority: highest
    resources: tmpdir=/tmp, mem_gb=20, cpu=6

Activating singularity image /home/ROBARTS/ataha/graham/scratch/synthstrip.1.3.sif

[Wed Jun 28 10:23:40 2023]
rule skull_strip:
    input: /home/ROBARTS/ataha/graham/scratch/afids-data/data/datasets/LHSCPD/sub-133/anat/sub-133_run-01_T1w.nii.gz
    output: /home/ROBARTS/ataha/graham/scratch/afids-data/data/datasets/LHSCPD/derivatives/synthstrip/sub-133/anat/sub-133_desc-synthstrip_T1w.nii.gz, /home/ROBARTS/ataha/graham/scratch/afids-data/data/datasets/LHSCPD/derivatives/synthstrip/sub-133/anat/sub-133_desc-synthstrip_briamask.nii.gz
    jobid: 94
    reason: Missing output files: /home/ROBARTS/ataha/graham/scratch/afids-data/data/datasets/LHSCPD/derivatives/synthstrip/sub-133/anat/sub-133_desc-synthstrip_T1w.nii.gz
    wildcards: subject=133
    priority: highest
    resources: tmpdir=/tmp, mem_gb=20, cpu=6

Activating singularity image /home/ROBARTS/ataha/graham/scratch/synthstrip.1.3.sif

[Wed Jun 28 10:23:44 2023]
rule skull_strip:
    input: /home/ROBARTS/ataha/graham/scratch/afids-data/data/datasets/LHSCPD/sub-116/anat/sub-116_run-01_T1w.nii.gz
    output: /home/ROBARTS/ataha/graham/scratch/afids-data/data/datasets/LHSCPD/derivatives/synthstrip/sub-116/anat/sub-116_desc-synthstrip_T1w.nii.gz, /home/ROBARTS/ataha/graham/scratch/afids-data/data/datasets/LHSCPD/derivatives/synthstrip/sub-116/anat/sub-116_desc-synthstrip_briamask.nii.gz
    jobid: 39
    reason: Missing output files: /home/ROBARTS/ataha/graham/scratch/afids-data/data/datasets/LHSCPD/derivatives/synthstrip/sub-116/anat/sub-116_desc-synthstrip_T1w.nii.gz
    wildcards: subject=116
    priority: highest
    resources: tmpdir=/tmp, mem_gb=20, cpu=6

Activating singularity image /home/ROBARTS/ataha/graham/scratch/synthstrip.1.3.sif
[Wed Jun 28 10:25:01 2023]
Finished job 39.
1 of 201 steps (0.5%) done
Select jobs to execute...

[Wed Jun 28 10:25:01 2023]
rule skull_strip:
    input: /home/ROBARTS/ataha/graham/scratch/afids-data/data/datasets/LHSCPD/sub-132/anat/sub-132_run-01_T1w.nii.gz
    output: /home/ROBARTS/ataha/graham/scratch/afids-data/data/datasets/LHSCPD/derivatives/synthstrip/sub-132/anat/sub-132_desc-synthstrip_T1w.nii.gz, /home/ROBARTS/ataha/graham/scratch/afids-data/data/datasets/LHSCPD/derivatives/synthstrip/sub-132/anat/sub-132_desc-synthstrip_briamask.nii.gz
    jobid: 89
    reason: Missing output files: /home/ROBARTS/ataha/graham/scratch/afids-data/data/datasets/LHSCPD/derivatives/synthstrip/sub-132/anat/sub-132_desc-synthstrip_T1w.nii.gz
    wildcards: subject=132
    priority: highest
    resources: tmpdir=/tmp, mem_gb=20, cpu=6

Activating singularity image /home/ROBARTS/ataha/graham/scratch/synthstrip.1.3.sif
[Wed Jun 28 10:25:05 2023]
Finished job 94.
2 of 201 steps (1%) done
Select jobs to execute...

[Wed Jun 28 10:25:05 2023]
rule skull_strip:
    input: /home/ROBARTS/ataha/graham/scratch/afids-data/data/datasets/LHSCPD/sub-153/anat/sub-153_run-01_T1w.nii.gz
    output: /home/ROBARTS/ataha/graham/scratch/afids-data/data/datasets/LHSCPD/derivatives/synthstrip/sub-153/anat/sub-153_desc-synthstrip_T1w.nii.gz, /home/ROBARTS/ataha/graham/scratch/afids-data/data/datasets/LHSCPD/derivatives/synthstrip/sub-153/anat/sub-153_desc-synthstrip_briamask.nii.gz
    jobid: 164
    reason: Missing output files: /home/ROBARTS/ataha/graham/scratch/afids-data/data/datasets/LHSCPD/derivatives/synthstrip/sub-153/anat/sub-153_desc-synthstrip_T1w.nii.gz
    wildcards: subject=153
    priority: highest
    resources: tmpdir=/tmp, mem_gb=20, cpu=6

Activating singularity image /home/ROBARTS/ataha/graham/scratch/synthstrip.1.3.sif
[Wed Jun 28 10:25:37 2023]
Finished job 49.
3 of 201 steps (1%) done
Select jobs to execute...

[Wed Jun 28 10:25:37 2023]
rule skull_strip:
    input: /home/ROBARTS/ataha/graham/scratch/afids-data/data/datasets/LHSCPD/sub-150/anat/sub-150_run-01_T1w.nii.gz
    output: /home/ROBARTS/ataha/graham/scratch/afids-data/data/datasets/LHSCPD/derivatives/synthstrip/sub-150/anat/sub-150_desc-synthstrip_T1w.nii.gz, /home/ROBARTS/ataha/graham/scratch/afids-data/data/datasets/LHSCPD/derivatives/synthstrip/sub-150/anat/sub-150_desc-synthstrip_briamask.nii.gz
    jobid: 149
    reason: Missing output files: /home/ROBARTS/ataha/graham/scratch/afids-data/data/datasets/LHSCPD/derivatives/synthstrip/sub-150/anat/sub-150_desc-synthstrip_T1w.nii.gz
    wildcards: subject=150
    priority: highest
    resources: tmpdir=/tmp, mem_gb=20, cpu=6

Activating singularity image /home/ROBARTS/ataha/graham/scratch/synthstrip.1.3.sif
[Wed Jun 28 10:26:12 2023]
Finished job 89.
4 of 201 steps (2%) done
Select jobs to execute...

[Wed Jun 28 10:26:12 2023]
rule skull_strip:
    input: /home/ROBARTS/ataha/graham/scratch/afids-data/data/datasets/LHSCPD/sub-106/anat/sub-106_run-01_T1w.nii.gz
    output: /home/ROBARTS/ataha/graham/scratch/afids-data/data/datasets/LHSCPD/derivatives/synthstrip/sub-106/anat/sub-106_desc-synthstrip_T1w.nii.gz, /home/ROBARTS/ataha/graham/scratch/afids-data/data/datasets/LHSCPD/derivatives/synthstrip/sub-106/anat/sub-106_desc-synthstrip_briamask.nii.gz
    jobid: 19
    reason: Missing output files: /home/ROBARTS/ataha/graham/scratch/afids-data/data/datasets/LHSCPD/derivatives/synthstrip/sub-106/anat/sub-106_desc-synthstrip_T1w.nii.gz
    wildcards: subject=106
    priority: highest
    resources: tmpdir=/tmp, mem_gb=20, cpu=6

Activating singularity image /home/ROBARTS/ataha/graham/scratch/synthstrip.1.3.sif
[Wed Jun 28 10:26:15 2023]
Finished job 164.
5 of 201 steps (2%) done
Select jobs to execute...

[Wed Jun 28 10:26:17 2023]
rule skull_strip:
    input: /home/ROBARTS/ataha/graham/scratch/afids-data/data/datasets/LHSCPD/sub-127/anat/sub-127_run-01_T1w.nii.gz
    output: /home/ROBARTS/ataha/graham/scratch/afids-data/data/datasets/LHSCPD/derivatives/synthstrip/sub-127/anat/sub-127_desc-synthstrip_T1w.nii.gz, /home/ROBARTS/ataha/graham/scratch/afids-data/data/datasets/LHSCPD/derivatives/synthstrip/sub-127/anat/sub-127_desc-synthstrip_briamask.nii.gz
    jobid: 74
    reason: Missing output files: /home/ROBARTS/ataha/graham/scratch/afids-data/data/datasets/LHSCPD/derivatives/synthstrip/sub-127/anat/sub-127_desc-synthstrip_T1w.nii.gz
    wildcards: subject=127
    priority: highest
    resources: tmpdir=/tmp, mem_gb=20, cpu=6

Activating singularity image /home/ROBARTS/ataha/graham/scratch/synthstrip.1.3.sif
[Wed Jun 28 10:27:22 2023]
Finished job 149.
6 of 201 steps (3%) done
Select jobs to execute...

[Wed Jun 28 10:27:22 2023]
rule skull_strip:
    input: /home/ROBARTS/ataha/graham/scratch/afids-data/data/datasets/LHSCPD/sub-113/anat/sub-113_run-01_T1w.nii.gz
    output: /home/ROBARTS/ataha/graham/scratch/afids-data/data/datasets/LHSCPD/derivatives/synthstrip/sub-113/anat/sub-113_desc-synthstrip_T1w.nii.gz, /home/ROBARTS/ataha/graham/scratch/afids-data/data/datasets/LHSCPD/derivatives/synthstrip/sub-113/anat/sub-113_desc-synthstrip_briamask.nii.gz
    jobid: 29
    reason: Missing output files: /home/ROBARTS/ataha/graham/scratch/afids-data/data/datasets/LHSCPD/derivatives/synthstrip/sub-113/anat/sub-113_desc-synthstrip_T1w.nii.gz
    wildcards: subject=113
    priority: highest
    resources: tmpdir=/tmp, mem_gb=20, cpu=6

Activating singularity image /home/ROBARTS/ataha/graham/scratch/synthstrip.1.3.sif
[Wed Jun 28 10:27:37 2023]
Finished job 19.
7 of 201 steps (3%) done
Select jobs to execute...

[Wed Jun 28 10:27:37 2023]
rule skull_strip:
    input: /home/ROBARTS/ataha/graham/scratch/afids-data/data/datasets/LHSCPD/sub-125/anat/sub-125_run-01_T1w.nii.gz
    output: /home/ROBARTS/ataha/graham/scratch/afids-data/data/datasets/LHSCPD/derivatives/synthstrip/sub-125/anat/sub-125_desc-synthstrip_T1w.nii.gz, /home/ROBARTS/ataha/graham/scratch/afids-data/data/datasets/LHSCPD/derivatives/synthstrip/sub-125/anat/sub-125_desc-synthstrip_briamask.nii.gz
    jobid: 64
    reason: Missing output files: /home/ROBARTS/ataha/graham/scratch/afids-data/data/datasets/LHSCPD/derivatives/synthstrip/sub-125/anat/sub-125_desc-synthstrip_T1w.nii.gz
    wildcards: subject=125
    priority: highest
    resources: tmpdir=/tmp, mem_gb=20, cpu=6

Activating singularity image /home/ROBARTS/ataha/graham/scratch/synthstrip.1.3.sif
[Wed Jun 28 10:28:09 2023]
Finished job 74.
8 of 201 steps (4%) done
Select jobs to execute...

[Wed Jun 28 10:28:09 2023]
rule skull_strip:
    input: /home/ROBARTS/ataha/graham/scratch/afids-data/data/datasets/LHSCPD/sub-141/anat/sub-141_run-01_T1w.nii.gz
    output: /home/ROBARTS/ataha/graham/scratch/afids-data/data/datasets/LHSCPD/derivatives/synthstrip/sub-141/anat/sub-141_desc-synthstrip_T1w.nii.gz, /home/ROBARTS/ataha/graham/scratch/afids-data/data/datasets/LHSCPD/derivatives/synthstrip/sub-141/anat/sub-141_desc-synthstrip_briamask.nii.gz
    jobid: 119
    reason: Missing output files: /home/ROBARTS/ataha/graham/scratch/afids-data/data/datasets/LHSCPD/derivatives/synthstrip/sub-141/anat/sub-141_desc-synthstrip_T1w.nii.gz
    wildcards: subject=141
    priority: highest
    resources: tmpdir=/tmp, mem_gb=20, cpu=6

Activating singularity image /home/ROBARTS/ataha/graham/scratch/synthstrip.1.3.sif
[Wed Jun 28 10:28:42 2023]
Finished job 29.
9 of 201 steps (4%) done
Select jobs to execute...

[Wed Jun 28 10:28:43 2023]
rule skull_strip:
    input: /home/ROBARTS/ataha/graham/scratch/afids-data/data/datasets/LHSCPD/sub-087/anat/sub-087_run-01_T1w.nii.gz
    output: /home/ROBARTS/ataha/graham/scratch/afids-data/data/datasets/LHSCPD/derivatives/synthstrip/sub-087/anat/sub-087_desc-synthstrip_T1w.nii.gz, /home/ROBARTS/ataha/graham/scratch/afids-data/data/datasets/LHSCPD/derivatives/synthstrip/sub-087/anat/sub-087_desc-synthstrip_briamask.nii.gz
    jobid: 4
    reason: Missing output files: /home/ROBARTS/ataha/graham/scratch/afids-data/data/datasets/LHSCPD/derivatives/synthstrip/sub-087/anat/sub-087_desc-synthstrip_T1w.nii.gz
    wildcards: subject=087
    priority: highest
    resources: tmpdir=/tmp, mem_gb=20, cpu=6

Activating singularity image /home/ROBARTS/ataha/graham/scratch/synthstrip.1.3.sif
[Wed Jun 28 10:29:21 2023]
Finished job 64.
10 of 201 steps (5%) done
Select jobs to execute...

[Wed Jun 28 10:29:21 2023]
rule skull_strip:
    input: /home/ROBARTS/ataha/graham/scratch/afids-data/data/datasets/LHSCPD/sub-148/anat/sub-148_run-01_T1w.nii.gz
    output: /home/ROBARTS/ataha/graham/scratch/afids-data/data/datasets/LHSCPD/derivatives/synthstrip/sub-148/anat/sub-148_desc-synthstrip_T1w.nii.gz, /home/ROBARTS/ataha/graham/scratch/afids-data/data/datasets/LHSCPD/derivatives/synthstrip/sub-148/anat/sub-148_desc-synthstrip_briamask.nii.gz
    jobid: 139
    reason: Missing output files: /home/ROBARTS/ataha/graham/scratch/afids-data/data/datasets/LHSCPD/derivatives/synthstrip/sub-148/anat/sub-148_desc-synthstrip_T1w.nii.gz
    wildcards: subject=148
    priority: highest
    resources: tmpdir=/tmp, mem_gb=20, cpu=6

Activating singularity image /home/ROBARTS/ataha/graham/scratch/synthstrip.1.3.sif
[Wed Jun 28 10:29:28 2023]
Finished job 119.
11 of 201 steps (5%) done
Select jobs to execute...

[Wed Jun 28 10:29:28 2023]
rule skull_strip:
    input: /home/ROBARTS/ataha/graham/scratch/afids-data/data/datasets/LHSCPD/sub-103/anat/sub-103_run-01_T1w.nii.gz
    output: /home/ROBARTS/ataha/graham/scratch/afids-data/data/datasets/LHSCPD/derivatives/synthstrip/sub-103/anat/sub-103_desc-synthstrip_T1w.nii.gz, /home/ROBARTS/ataha/graham/scratch/afids-data/data/datasets/LHSCPD/derivatives/synthstrip/sub-103/anat/sub-103_desc-synthstrip_briamask.nii.gz
    jobid: 14
    reason: Missing output files: /home/ROBARTS/ataha/graham/scratch/afids-data/data/datasets/LHSCPD/derivatives/synthstrip/sub-103/anat/sub-103_desc-synthstrip_T1w.nii.gz
    wildcards: subject=103
    priority: highest
    resources: tmpdir=/tmp, mem_gb=20, cpu=6

Activating singularity image /home/ROBARTS/ataha/graham/scratch/synthstrip.1.3.sif
[Wed Jun 28 10:30:07 2023]
Finished job 4.
12 of 201 steps (6%) done
Select jobs to execute...

[Wed Jun 28 10:30:07 2023]
rule skull_strip:
    input: /home/ROBARTS/ataha/graham/scratch/afids-data/data/datasets/LHSCPD/sub-138/anat/sub-138_run-01_T1w.nii.gz
    output: /home/ROBARTS/ataha/graham/scratch/afids-data/data/datasets/LHSCPD/derivatives/synthstrip/sub-138/anat/sub-138_desc-synthstrip_T1w.nii.gz, /home/ROBARTS/ataha/graham/scratch/afids-data/data/datasets/LHSCPD/derivatives/synthstrip/sub-138/anat/sub-138_desc-synthstrip_briamask.nii.gz
    jobid: 109
    reason: Missing output files: /home/ROBARTS/ataha/graham/scratch/afids-data/data/datasets/LHSCPD/derivatives/synthstrip/sub-138/anat/sub-138_desc-synthstrip_T1w.nii.gz
    wildcards: subject=138
    priority: highest
    resources: tmpdir=/tmp, mem_gb=20, cpu=6

Activating singularity image /home/ROBARTS/ataha/graham/scratch/synthstrip.1.3.sif
[Wed Jun 28 10:30:30 2023]
Finished job 139.
13 of 201 steps (6%) done
Select jobs to execute...

[Wed Jun 28 10:30:30 2023]
rule skull_strip:
    input: /home/ROBARTS/ataha/graham/scratch/afids-data/data/datasets/LHSCPD/sub-149/anat/sub-149_run-01_T1w.nii.gz
    output: /home/ROBARTS/ataha/graham/scratch/afids-data/data/datasets/LHSCPD/derivatives/synthstrip/sub-149/anat/sub-149_desc-synthstrip_T1w.nii.gz, /home/ROBARTS/ataha/graham/scratch/afids-data/data/datasets/LHSCPD/derivatives/synthstrip/sub-149/anat/sub-149_desc-synthstrip_briamask.nii.gz
    jobid: 144
    reason: Missing output files: /home/ROBARTS/ataha/graham/scratch/afids-data/data/datasets/LHSCPD/derivatives/synthstrip/sub-149/anat/sub-149_desc-synthstrip_T1w.nii.gz
    wildcards: subject=149
    priority: highest
    resources: tmpdir=/tmp, mem_gb=20, cpu=6

Activating singularity image /home/ROBARTS/ataha/graham/scratch/synthstrip.1.3.sif
[Wed Jun 28 10:30:51 2023]
Finished job 14.
14 of 201 steps (7%) done
Select jobs to execute...

[Wed Jun 28 10:30:51 2023]
rule skull_strip:
    input: /home/ROBARTS/ataha/graham/scratch/afids-data/data/datasets/LHSCPD/sub-156/anat/sub-156_run-01_T1w.nii.gz
    output: /home/ROBARTS/ataha/graham/scratch/afids-data/data/datasets/LHSCPD/derivatives/synthstrip/sub-156/anat/sub-156_desc-synthstrip_T1w.nii.gz, /home/ROBARTS/ataha/graham/scratch/afids-data/data/datasets/LHSCPD/derivatives/synthstrip/sub-156/anat/sub-156_desc-synthstrip_briamask.nii.gz
    jobid: 169
    reason: Missing output files: /home/ROBARTS/ataha/graham/scratch/afids-data/data/datasets/LHSCPD/derivatives/synthstrip/sub-156/anat/sub-156_desc-synthstrip_T1w.nii.gz
    wildcards: subject=156
    priority: highest
    resources: tmpdir=/tmp, mem_gb=20, cpu=6

Activating singularity image /home/ROBARTS/ataha/graham/scratch/synthstrip.1.3.sif
[Wed Jun 28 10:31:30 2023]
Finished job 109.
15 of 201 steps (7%) done
Select jobs to execute...

[Wed Jun 28 10:31:30 2023]
rule skull_strip:
    input: /home/ROBARTS/ataha/graham/scratch/afids-data/data/datasets/LHSCPD/sub-131/anat/sub-131_run-01_T1w.nii.gz
    output: /home/ROBARTS/ataha/graham/scratch/afids-data/data/datasets/LHSCPD/derivatives/synthstrip/sub-131/anat/sub-131_desc-synthstrip_T1w.nii.gz, /home/ROBARTS/ataha/graham/scratch/afids-data/data/datasets/LHSCPD/derivatives/synthstrip/sub-131/anat/sub-131_desc-synthstrip_briamask.nii.gz
    jobid: 84
    reason: Missing output files: /home/ROBARTS/ataha/graham/scratch/afids-data/data/datasets/LHSCPD/derivatives/synthstrip/sub-131/anat/sub-131_desc-synthstrip_T1w.nii.gz
    wildcards: subject=131
    priority: highest
    resources: tmpdir=/tmp, mem_gb=20, cpu=6

Activating singularity image /home/ROBARTS/ataha/graham/scratch/synthstrip.1.3.sif
[Wed Jun 28 10:31:38 2023]
Finished job 144.
16 of 201 steps (8%) done
Select jobs to execute...

[Wed Jun 28 10:31:38 2023]
rule skull_strip:
    input: /home/ROBARTS/ataha/graham/scratch/afids-data/data/datasets/LHSCPD/sub-152/anat/sub-152_run-01_T1w.nii.gz
    output: /home/ROBARTS/ataha/graham/scratch/afids-data/data/datasets/LHSCPD/derivatives/synthstrip/sub-152/anat/sub-152_desc-synthstrip_T1w.nii.gz, /home/ROBARTS/ataha/graham/scratch/afids-data/data/datasets/LHSCPD/derivatives/synthstrip/sub-152/anat/sub-152_desc-synthstrip_briamask.nii.gz
    jobid: 159
    reason: Missing output files: /home/ROBARTS/ataha/graham/scratch/afids-data/data/datasets/LHSCPD/derivatives/synthstrip/sub-152/anat/sub-152_desc-synthstrip_T1w.nii.gz
    wildcards: subject=152
    priority: highest
    resources: tmpdir=/tmp, mem_gb=20, cpu=6

Activating singularity image /home/ROBARTS/ataha/graham/scratch/synthstrip.1.3.sif
[Wed Jun 28 10:32:11 2023]
Finished job 169.
17 of 201 steps (8%) done
Select jobs to execute...

[Wed Jun 28 10:32:11 2023]
rule skull_strip:
    input: /home/ROBARTS/ataha/graham/scratch/afids-data/data/datasets/LHSCPD/sub-147/anat/sub-147_run-01_T1w.nii.gz
    output: /home/ROBARTS/ataha/graham/scratch/afids-data/data/datasets/LHSCPD/derivatives/synthstrip/sub-147/anat/sub-147_desc-synthstrip_T1w.nii.gz, /home/ROBARTS/ataha/graham/scratch/afids-data/data/datasets/LHSCPD/derivatives/synthstrip/sub-147/anat/sub-147_desc-synthstrip_briamask.nii.gz
    jobid: 134
    reason: Missing output files: /home/ROBARTS/ataha/graham/scratch/afids-data/data/datasets/LHSCPD/derivatives/synthstrip/sub-147/anat/sub-147_desc-synthstrip_T1w.nii.gz
    wildcards: subject=147
    priority: highest
    resources: tmpdir=/tmp, mem_gb=20, cpu=6

Activating singularity image /home/ROBARTS/ataha/graham/scratch/synthstrip.1.3.sif
[Wed Jun 28 10:32:49 2023]
Finished job 159.
18 of 201 steps (9%) done
Select jobs to execute...

[Wed Jun 28 10:32:49 2023]
rule skull_strip:
    input: /home/ROBARTS/ataha/graham/scratch/afids-data/data/datasets/LHSCPD/sub-093/anat/sub-093_run-01_T1w.nii.gz
    output: /home/ROBARTS/ataha/graham/scratch/afids-data/data/datasets/LHSCPD/derivatives/synthstrip/sub-093/anat/sub-093_desc-synthstrip_T1w.nii.gz, /home/ROBARTS/ataha/graham/scratch/afids-data/data/datasets/LHSCPD/derivatives/synthstrip/sub-093/anat/sub-093_desc-synthstrip_briamask.nii.gz
    jobid: 9
    reason: Missing output files: /home/ROBARTS/ataha/graham/scratch/afids-data/data/datasets/LHSCPD/derivatives/synthstrip/sub-093/anat/sub-093_desc-synthstrip_T1w.nii.gz
    wildcards: subject=093
    priority: highest
    resources: tmpdir=/tmp, mem_gb=20, cpu=6

Activating singularity image /home/ROBARTS/ataha/graham/scratch/synthstrip.1.3.sif
[Wed Jun 28 10:33:19 2023]
Finished job 84.
19 of 201 steps (9%) done
Select jobs to execute...

[Wed Jun 28 10:33:19 2023]
rule skull_strip:
    input: /home/ROBARTS/ataha/graham/scratch/afids-data/data/datasets/LHSCPD/sub-158/anat/sub-158_run-01_T1w.nii.gz
    output: /home/ROBARTS/ataha/graham/scratch/afids-data/data/datasets/LHSCPD/derivatives/synthstrip/sub-158/anat/sub-158_desc-synthstrip_T1w.nii.gz, /home/ROBARTS/ataha/graham/scratch/afids-data/data/datasets/LHSCPD/derivatives/synthstrip/sub-158/anat/sub-158_desc-synthstrip_briamask.nii.gz
    jobid: 179
    reason: Missing output files: /home/ROBARTS/ataha/graham/scratch/afids-data/data/datasets/LHSCPD/derivatives/synthstrip/sub-158/anat/sub-158_desc-synthstrip_T1w.nii.gz
    wildcards: subject=158
    priority: highest
    resources: tmpdir=/tmp, mem_gb=20, cpu=6

Activating singularity image /home/ROBARTS/ataha/graham/scratch/synthstrip.1.3.sif
[Wed Jun 28 10:33:22 2023]
Finished job 134.
20 of 201 steps (10%) done
Select jobs to execute...

[Wed Jun 28 10:33:22 2023]
rule skull_strip:
    input: /home/ROBARTS/ataha/graham/scratch/afids-data/data/datasets/LHSCPD/sub-118/anat/sub-118_run-01_T1w.nii.gz
    output: /home/ROBARTS/ataha/graham/scratch/afids-data/data/datasets/LHSCPD/derivatives/synthstrip/sub-118/anat/sub-118_desc-synthstrip_T1w.nii.gz, /home/ROBARTS/ataha/graham/scratch/afids-data/data/datasets/LHSCPD/derivatives/synthstrip/sub-118/anat/sub-118_desc-synthstrip_briamask.nii.gz
    jobid: 44
    reason: Missing output files: /home/ROBARTS/ataha/graham/scratch/afids-data/data/datasets/LHSCPD/derivatives/synthstrip/sub-118/anat/sub-118_desc-synthstrip_T1w.nii.gz
    wildcards: subject=118
    priority: highest
    resources: tmpdir=/tmp, mem_gb=20, cpu=6

Activating singularity image /home/ROBARTS/ataha/graham/scratch/synthstrip.1.3.sif
[Wed Jun 28 10:34:12 2023]
Finished job 9.
21 of 201 steps (10%) done
Select jobs to execute...

[Wed Jun 28 10:34:12 2023]
rule skull_strip:
    input: /home/ROBARTS/ataha/graham/scratch/afids-data/data/datasets/LHSCPD/sub-122/anat/sub-122_run-01_T1w.nii.gz
    output: /home/ROBARTS/ataha/graham/scratch/afids-data/data/datasets/LHSCPD/derivatives/synthstrip/sub-122/anat/sub-122_desc-synthstrip_T1w.nii.gz, /home/ROBARTS/ataha/graham/scratch/afids-data/data/datasets/LHSCPD/derivatives/synthstrip/sub-122/anat/sub-122_desc-synthstrip_briamask.nii.gz
    jobid: 54
    reason: Missing output files: /home/ROBARTS/ataha/graham/scratch/afids-data/data/datasets/LHSCPD/derivatives/synthstrip/sub-122/anat/sub-122_desc-synthstrip_T1w.nii.gz
    wildcards: subject=122
    priority: highest
    resources: tmpdir=/tmp, mem_gb=20, cpu=6

Activating singularity image /home/ROBARTS/ataha/graham/scratch/synthstrip.1.3.sif
[Wed Jun 28 10:34:28 2023]
Finished job 179.
22 of 201 steps (11%) done
Select jobs to execute...

[Wed Jun 28 10:34:29 2023]
rule skull_strip:
    input: /home/ROBARTS/ataha/graham/scratch/afids-data/data/datasets/LHSCPD/sub-136/anat/sub-136_run-01_T1w.nii.gz
    output: /home/ROBARTS/ataha/graham/scratch/afids-data/data/datasets/LHSCPD/derivatives/synthstrip/sub-136/anat/sub-136_desc-synthstrip_T1w.nii.gz, /home/ROBARTS/ataha/graham/scratch/afids-data/data/datasets/LHSCPD/derivatives/synthstrip/sub-136/anat/sub-136_desc-synthstrip_briamask.nii.gz
    jobid: 104
    reason: Missing output files: /home/ROBARTS/ataha/graham/scratch/afids-data/data/datasets/LHSCPD/derivatives/synthstrip/sub-136/anat/sub-136_desc-synthstrip_T1w.nii.gz
    wildcards: subject=136
    priority: highest
    resources: tmpdir=/tmp, mem_gb=20, cpu=6

Activating singularity image /home/ROBARTS/ataha/graham/scratch/synthstrip.1.3.sif
[Wed Jun 28 10:34:41 2023]
Finished job 44.
23 of 201 steps (11%) done
Select jobs to execute...

[Wed Jun 28 10:34:41 2023]
rule skull_strip:
    input: /home/ROBARTS/ataha/graham/scratch/afids-data/data/datasets/LHSCPD/sub-115/anat/sub-115_run-01_T1w.nii.gz
    output: /home/ROBARTS/ataha/graham/scratch/afids-data/data/datasets/LHSCPD/derivatives/synthstrip/sub-115/anat/sub-115_desc-synthstrip_T1w.nii.gz, /home/ROBARTS/ataha/graham/scratch/afids-data/data/datasets/LHSCPD/derivatives/synthstrip/sub-115/anat/sub-115_desc-synthstrip_briamask.nii.gz
    jobid: 34
    reason: Missing output files: /home/ROBARTS/ataha/graham/scratch/afids-data/data/datasets/LHSCPD/derivatives/synthstrip/sub-115/anat/sub-115_desc-synthstrip_T1w.nii.gz
    wildcards: subject=115
    priority: highest
    resources: tmpdir=/tmp, mem_gb=20, cpu=6

Activating singularity image /home/ROBARTS/ataha/graham/scratch/synthstrip.1.3.sif
[Wed Jun 28 10:35:19 2023]
Finished job 54.
24 of 201 steps (12%) done
Select jobs to execute...

[Wed Jun 28 10:35:19 2023]
rule skull_strip:
    input: /home/ROBARTS/ataha/graham/scratch/afids-data/data/datasets/LHSCPD/sub-161/anat/sub-161_run-01_T1w.nii.gz
    output: /home/ROBARTS/ataha/graham/scratch/afids-data/data/datasets/LHSCPD/derivatives/synthstrip/sub-161/anat/sub-161_desc-synthstrip_T1w.nii.gz, /home/ROBARTS/ataha/graham/scratch/afids-data/data/datasets/LHSCPD/derivatives/synthstrip/sub-161/anat/sub-161_desc-synthstrip_briamask.nii.gz
    jobid: 184
    reason: Missing output files: /home/ROBARTS/ataha/graham/scratch/afids-data/data/datasets/LHSCPD/derivatives/synthstrip/sub-161/anat/sub-161_desc-synthstrip_T1w.nii.gz
    wildcards: subject=161
    priority: highest
    resources: tmpdir=/tmp, mem_gb=20, cpu=6

Activating singularity image /home/ROBARTS/ataha/graham/scratch/synthstrip.1.3.sif
[Wed Jun 28 10:35:36 2023]
Finished job 104.
25 of 201 steps (12%) done
Select jobs to execute...

[Wed Jun 28 10:35:36 2023]
rule skull_strip:
    input: /home/ROBARTS/ataha/graham/scratch/afids-data/data/datasets/LHSCPD/sub-163/anat/sub-163_run-01_T1w.nii.gz
    output: /home/ROBARTS/ataha/graham/scratch/afids-data/data/datasets/LHSCPD/derivatives/synthstrip/sub-163/anat/sub-163_desc-synthstrip_T1w.nii.gz, /home/ROBARTS/ataha/graham/scratch/afids-data/data/datasets/LHSCPD/derivatives/synthstrip/sub-163/anat/sub-163_desc-synthstrip_briamask.nii.gz
    jobid: 194
    reason: Missing output files: /home/ROBARTS/ataha/graham/scratch/afids-data/data/datasets/LHSCPD/derivatives/synthstrip/sub-163/anat/sub-163_desc-synthstrip_T1w.nii.gz
    wildcards: subject=163
    priority: highest
    resources: tmpdir=/tmp, mem_gb=20, cpu=6

Activating singularity image /home/ROBARTS/ataha/graham/scratch/synthstrip.1.3.sif
[Wed Jun 28 10:35:51 2023]
Finished job 34.
26 of 201 steps (13%) done
Select jobs to execute...

[Wed Jun 28 10:35:51 2023]
rule skull_strip:
    input: /home/ROBARTS/ataha/graham/scratch/afids-data/data/datasets/LHSCPD/sub-157/anat/sub-157_run-01_T1w.nii.gz
    output: /home/ROBARTS/ataha/graham/scratch/afids-data/data/datasets/LHSCPD/derivatives/synthstrip/sub-157/anat/sub-157_desc-synthstrip_T1w.nii.gz, /home/ROBARTS/ataha/graham/scratch/afids-data/data/datasets/LHSCPD/derivatives/synthstrip/sub-157/anat/sub-157_desc-synthstrip_briamask.nii.gz
    jobid: 174
    reason: Missing output files: /home/ROBARTS/ataha/graham/scratch/afids-data/data/datasets/LHSCPD/derivatives/synthstrip/sub-157/anat/sub-157_desc-synthstrip_T1w.nii.gz
    wildcards: subject=157
    priority: highest
    resources: tmpdir=/tmp, mem_gb=20, cpu=6

Activating singularity image /home/ROBARTS/ataha/graham/scratch/synthstrip.1.3.sif
[Wed Jun 28 10:36:40 2023]
Finished job 184.
27 of 201 steps (13%) done
Select jobs to execute...

[Wed Jun 28 10:36:40 2023]
rule skull_strip:
    input: /home/ROBARTS/ataha/graham/scratch/afids-data/data/datasets/LHSCPD/sub-135/anat/sub-135_run-01_T1w.nii.gz
    output: /home/ROBARTS/ataha/graham/scratch/afids-data/data/datasets/LHSCPD/derivatives/synthstrip/sub-135/anat/sub-135_desc-synthstrip_T1w.nii.gz, /home/ROBARTS/ataha/graham/scratch/afids-data/data/datasets/LHSCPD/derivatives/synthstrip/sub-135/anat/sub-135_desc-synthstrip_briamask.nii.gz
    jobid: 99
    reason: Missing output files: /home/ROBARTS/ataha/graham/scratch/afids-data/data/datasets/LHSCPD/derivatives/synthstrip/sub-135/anat/sub-135_desc-synthstrip_T1w.nii.gz
    wildcards: subject=135
    priority: highest
    resources: tmpdir=/tmp, mem_gb=20, cpu=6

Activating singularity image /home/ROBARTS/ataha/graham/scratch/synthstrip.1.3.sif
[Wed Jun 28 10:36:57 2023]
Finished job 194.
28 of 201 steps (14%) done
Select jobs to execute...

[Wed Jun 28 10:36:57 2023]
rule skull_strip:
    input: /home/ROBARTS/ataha/graham/scratch/afids-data/data/datasets/LHSCPD/sub-162/anat/sub-162_run-01_T1w.nii.gz
    output: /home/ROBARTS/ataha/graham/scratch/afids-data/data/datasets/LHSCPD/derivatives/synthstrip/sub-162/anat/sub-162_desc-synthstrip_T1w.nii.gz, /home/ROBARTS/ataha/graham/scratch/afids-data/data/datasets/LHSCPD/derivatives/synthstrip/sub-162/anat/sub-162_desc-synthstrip_briamask.nii.gz
    jobid: 189
    reason: Missing output files: /home/ROBARTS/ataha/graham/scratch/afids-data/data/datasets/LHSCPD/derivatives/synthstrip/sub-162/anat/sub-162_desc-synthstrip_T1w.nii.gz
    wildcards: subject=162
    priority: highest
    resources: tmpdir=/tmp, mem_gb=20, cpu=6

Activating singularity image /home/ROBARTS/ataha/graham/scratch/synthstrip.1.3.sif
[Wed Jun 28 10:36:58 2023]
Finished job 174.
29 of 201 steps (14%) done
Select jobs to execute...

[Wed Jun 28 10:36:58 2023]
rule skull_strip:
    input: /home/ROBARTS/ataha/graham/scratch/afids-data/data/datasets/LHSCPD/sub-168/anat/sub-168_run-01_T1w.nii.gz
    output: /home/ROBARTS/ataha/graham/scratch/afids-data/data/datasets/LHSCPD/derivatives/synthstrip/sub-168/anat/sub-168_desc-synthstrip_T1w.nii.gz, /home/ROBARTS/ataha/graham/scratch/afids-data/data/datasets/LHSCPD/derivatives/synthstrip/sub-168/anat/sub-168_desc-synthstrip_briamask.nii.gz
    jobid: 199
    reason: Missing output files: /home/ROBARTS/ataha/graham/scratch/afids-data/data/datasets/LHSCPD/derivatives/synthstrip/sub-168/anat/sub-168_desc-synthstrip_T1w.nii.gz
    wildcards: subject=168
    priority: highest
    resources: tmpdir=/tmp, mem_gb=20, cpu=6

Activating singularity image /home/ROBARTS/ataha/graham/scratch/synthstrip.1.3.sif
[Wed Jun 28 10:37:49 2023]
Finished job 99.
30 of 201 steps (15%) done
Select jobs to execute...

[Wed Jun 28 10:37:49 2023]
rule skull_strip:
    input: /home/ROBARTS/ataha/graham/scratch/afids-data/data/datasets/LHSCPD/sub-139/anat/sub-139_run-01_T1w.nii.gz
    output: /home/ROBARTS/ataha/graham/scratch/afids-data/data/datasets/LHSCPD/derivatives/synthstrip/sub-139/anat/sub-139_desc-synthstrip_T1w.nii.gz, /home/ROBARTS/ataha/graham/scratch/afids-data/data/datasets/LHSCPD/derivatives/synthstrip/sub-139/anat/sub-139_desc-synthstrip_briamask.nii.gz
    jobid: 114
    reason: Missing output files: /home/ROBARTS/ataha/graham/scratch/afids-data/data/datasets/LHSCPD/derivatives/synthstrip/sub-139/anat/sub-139_desc-synthstrip_T1w.nii.gz
    wildcards: subject=139
    priority: highest
    resources: tmpdir=/tmp, mem_gb=20, cpu=6

Activating singularity image /home/ROBARTS/ataha/graham/scratch/synthstrip.1.3.sif
[Wed Jun 28 10:38:18 2023]
Finished job 189.
31 of 201 steps (15%) done
Select jobs to execute...

[Wed Jun 28 10:38:18 2023]
rule skull_strip:
    input: /home/ROBARTS/ataha/graham/scratch/afids-data/data/datasets/LHSCPD/sub-124/anat/sub-124_run-01_T1w.nii.gz
    output: /home/ROBARTS/ataha/graham/scratch/afids-data/data/datasets/LHSCPD/derivatives/synthstrip/sub-124/anat/sub-124_desc-synthstrip_T1w.nii.gz, /home/ROBARTS/ataha/graham/scratch/afids-data/data/datasets/LHSCPD/derivatives/synthstrip/sub-124/anat/sub-124_desc-synthstrip_briamask.nii.gz
    jobid: 59
    reason: Missing output files: /home/ROBARTS/ataha/graham/scratch/afids-data/data/datasets/LHSCPD/derivatives/synthstrip/sub-124/anat/sub-124_desc-synthstrip_T1w.nii.gz
    wildcards: subject=124
    priority: highest
    resources: tmpdir=/tmp, mem_gb=20, cpu=6

Activating singularity image /home/ROBARTS/ataha/graham/scratch/synthstrip.1.3.sif
[Wed Jun 28 10:38:20 2023]
Finished job 199.
32 of 201 steps (16%) done
Select jobs to execute...

[Wed Jun 28 10:38:20 2023]
rule skull_strip:
    input: /home/ROBARTS/ataha/graham/scratch/afids-data/data/datasets/LHSCPD/sub-145/anat/sub-145_run-01_T1w.nii.gz
    output: /home/ROBARTS/ataha/graham/scratch/afids-data/data/datasets/LHSCPD/derivatives/synthstrip/sub-145/anat/sub-145_desc-synthstrip_T1w.nii.gz, /home/ROBARTS/ataha/graham/scratch/afids-data/data/datasets/LHSCPD/derivatives/synthstrip/sub-145/anat/sub-145_desc-synthstrip_briamask.nii.gz
    jobid: 124
    reason: Missing output files: /home/ROBARTS/ataha/graham/scratch/afids-data/data/datasets/LHSCPD/derivatives/synthstrip/sub-145/anat/sub-145_desc-synthstrip_T1w.nii.gz
    wildcards: subject=145
    priority: highest
    resources: tmpdir=/tmp, mem_gb=20, cpu=6

Activating singularity image /home/ROBARTS/ataha/graham/scratch/synthstrip.1.3.sif
[Wed Jun 28 10:39:13 2023]
Finished job 114.
33 of 201 steps (16%) done
Select jobs to execute...

[Wed Jun 28 10:39:13 2023]
rule skull_strip:
    input: /home/ROBARTS/ataha/graham/scratch/afids-data/data/datasets/LHSCPD/sub-128/anat/sub-128_run-01_T1w.nii.gz
    output: /home/ROBARTS/ataha/graham/scratch/afids-data/data/datasets/LHSCPD/derivatives/synthstrip/sub-128/anat/sub-128_desc-synthstrip_T1w.nii.gz, /home/ROBARTS/ataha/graham/scratch/afids-data/data/datasets/LHSCPD/derivatives/synthstrip/sub-128/anat/sub-128_desc-synthstrip_briamask.nii.gz
    jobid: 79
    reason: Missing output files: /home/ROBARTS/ataha/graham/scratch/afids-data/data/datasets/LHSCPD/derivatives/synthstrip/sub-128/anat/sub-128_desc-synthstrip_T1w.nii.gz
    wildcards: subject=128
    priority: highest
    resources: tmpdir=/tmp, mem_gb=20, cpu=6

Activating singularity image /home/ROBARTS/ataha/graham/scratch/synthstrip.1.3.sif
[Wed Jun 28 10:39:38 2023]
Finished job 59.
34 of 201 steps (17%) done
Select jobs to execute...

[Wed Jun 28 10:39:38 2023]
rule skull_strip:
    input: /home/ROBARTS/ataha/graham/scratch/afids-data/data/datasets/LHSCPD/sub-126/anat/sub-126_run-01_T1w.nii.gz
    output: /home/ROBARTS/ataha/graham/scratch/afids-data/data/datasets/LHSCPD/derivatives/synthstrip/sub-126/anat/sub-126_desc-synthstrip_T1w.nii.gz, /home/ROBARTS/ataha/graham/scratch/afids-data/data/datasets/LHSCPD/derivatives/synthstrip/sub-126/anat/sub-126_desc-synthstrip_briamask.nii.gz
    jobid: 69
    reason: Missing output files: /home/ROBARTS/ataha/graham/scratch/afids-data/data/datasets/LHSCPD/derivatives/synthstrip/sub-126/anat/sub-126_desc-synthstrip_T1w.nii.gz
    wildcards: subject=126
    priority: highest
    resources: tmpdir=/tmp, mem_gb=20, cpu=6

Activating singularity image /home/ROBARTS/ataha/graham/scratch/synthstrip.1.3.sif
[Wed Jun 28 10:39:41 2023]
Finished job 124.
35 of 201 steps (17%) done
Select jobs to execute...

[Wed Jun 28 10:39:41 2023]
rule skull_strip:
    input: /home/ROBARTS/ataha/graham/scratch/afids-data/data/datasets/LHSCPD/sub-146/anat/sub-146_run-01_T1w.nii.gz
    output: /home/ROBARTS/ataha/graham/scratch/afids-data/data/datasets/LHSCPD/derivatives/synthstrip/sub-146/anat/sub-146_desc-synthstrip_T1w.nii.gz, /home/ROBARTS/ataha/graham/scratch/afids-data/data/datasets/LHSCPD/derivatives/synthstrip/sub-146/anat/sub-146_desc-synthstrip_briamask.nii.gz
    jobid: 129
    reason: Missing output files: /home/ROBARTS/ataha/graham/scratch/afids-data/data/datasets/LHSCPD/derivatives/synthstrip/sub-146/anat/sub-146_desc-synthstrip_T1w.nii.gz
    wildcards: subject=146
    priority: highest
    resources: tmpdir=/tmp, mem_gb=20, cpu=6

Activating singularity image /home/ROBARTS/ataha/graham/scratch/synthstrip.1.3.sif
[Wed Jun 28 10:40:06 2023]
Finished job 79.
36 of 201 steps (18%) done
Select jobs to execute...

[Wed Jun 28 10:40:06 2023]
rule skull_strip:
    input: /home/ROBARTS/ataha/graham/scratch/afids-data/data/datasets/LHSCPD/sub-151/anat/sub-151_run-01_T1w.nii.gz
    output: /home/ROBARTS/ataha/graham/scratch/afids-data/data/datasets/LHSCPD/derivatives/synthstrip/sub-151/anat/sub-151_desc-synthstrip_T1w.nii.gz, /home/ROBARTS/ataha/graham/scratch/afids-data/data/datasets/LHSCPD/derivatives/synthstrip/sub-151/anat/sub-151_desc-synthstrip_briamask.nii.gz
    jobid: 154
    reason: Missing output files: /home/ROBARTS/ataha/graham/scratch/afids-data/data/datasets/LHSCPD/derivatives/synthstrip/sub-151/anat/sub-151_desc-synthstrip_T1w.nii.gz
    wildcards: subject=151
    priority: highest
    resources: tmpdir=/tmp, mem_gb=20, cpu=6

Activating singularity image /home/ROBARTS/ataha/graham/scratch/synthstrip.1.3.sif
[Wed Jun 28 10:40:49 2023]
Finished job 69.
37 of 201 steps (18%) done
Select jobs to execute...

[Wed Jun 28 10:40:49 2023]
rule skull_strip:
    input: /home/ROBARTS/ataha/graham/scratch/afids-data/data/datasets/LHSCPD/sub-107/anat/sub-107_run-01_T1w.nii.gz
    output: /home/ROBARTS/ataha/graham/scratch/afids-data/data/datasets/LHSCPD/derivatives/synthstrip/sub-107/anat/sub-107_desc-synthstrip_T1w.nii.gz, /home/ROBARTS/ataha/graham/scratch/afids-data/data/datasets/LHSCPD/derivatives/synthstrip/sub-107/anat/sub-107_desc-synthstrip_briamask.nii.gz
    jobid: 24
    reason: Missing output files: /home/ROBARTS/ataha/graham/scratch/afids-data/data/datasets/LHSCPD/derivatives/synthstrip/sub-107/anat/sub-107_desc-synthstrip_T1w.nii.gz
    wildcards: subject=107
    priority: highest
    resources: tmpdir=/tmp, mem_gb=20, cpu=6

Activating singularity image /home/ROBARTS/ataha/graham/scratch/synthstrip.1.3.sif
[Wed Jun 28 10:40:56 2023]
Finished job 129.
38 of 201 steps (19%) done
Select jobs to execute...

[Wed Jun 28 10:40:56 2023]
rule align_template_rigid:
    input: /home/ROBARTS/ataha/graham/scratch/afids-data/data/datasets/LHSCPD/derivatives/synthstrip/sub-120/anat/sub-120_desc-synthstrip_T1w.nii.gz, /home/ROBARTS/ataha/graham/scratch/afids-data/data/datasets/LHSCPD/sub-120/anat/sub-120_run-01_T1w.nii.gz
    output: /home/ROBARTS/ataha/graham/scratch/afids-data/data/datasets/LHSCPD/derivatives/tfrom_greedy/sub-120/anat/sub-120_acq-MP2RAGE_space-MNI152NLin2009cAsym.mat, /home/ROBARTS/ataha/graham/scratch/afids-data/data/datasets/LHSCPD/derivatives/tfrom_greedy/sub-120/anat/sub-120_acq-MP2RAGE_space-MNI152NLin2009cAsym_desc-synthstrip_T1w.nii.gz, /home/ROBARTS/ataha/graham/scratch/afids-data/data/datasets/LHSCPD/derivatives/tfrom_greedy/sub-120/anat/sub-120_acq-MP2RAGE_space-MNI152NLin2009cAsym_T1w.nii.gz
    jobid: 48
    reason: Missing output files: /home/ROBARTS/ataha/graham/scratch/afids-data/data/datasets/LHSCPD/derivatives/tfrom_greedy/sub-120/anat/sub-120_acq-MP2RAGE_space-MNI152NLin2009cAsym_T1w.nii.gz, /home/ROBARTS/ataha/graham/scratch/afids-data/data/datasets/LHSCPD/derivatives/tfrom_greedy/sub-120/anat/sub-120_acq-MP2RAGE_space-MNI152NLin2009cAsym.mat; Input files updated by another job: /home/ROBARTS/ataha/graham/scratch/afids-data/data/datasets/LHSCPD/derivatives/synthstrip/sub-120/anat/sub-120_desc-synthstrip_T1w.nii.gz
    wildcards: subject=120
    resources: tmpdir=/tmp

[Wed Jun 28 10:41:11 2023]
Finished job 154.
39 of 201 steps (19%) done
Select jobs to execute...

[Wed Jun 28 10:41:11 2023]
rule align_template_rigid:
    input: /home/ROBARTS/ataha/graham/scratch/afids-data/data/datasets/LHSCPD/derivatives/synthstrip/sub-127/anat/sub-127_desc-synthstrip_T1w.nii.gz, /home/ROBARTS/ataha/graham/scratch/afids-data/data/datasets/LHSCPD/sub-127/anat/sub-127_run-01_T1w.nii.gz
    output: /home/ROBARTS/ataha/graham/scratch/afids-data/data/datasets/LHSCPD/derivatives/tfrom_greedy/sub-127/anat/sub-127_acq-MP2RAGE_space-MNI152NLin2009cAsym.mat, /home/ROBARTS/ataha/graham/scratch/afids-data/data/datasets/LHSCPD/derivatives/tfrom_greedy/sub-127/anat/sub-127_acq-MP2RAGE_space-MNI152NLin2009cAsym_desc-synthstrip_T1w.nii.gz, /home/ROBARTS/ataha/graham/scratch/afids-data/data/datasets/LHSCPD/derivatives/tfrom_greedy/sub-127/anat/sub-127_acq-MP2RAGE_space-MNI152NLin2009cAsym_T1w.nii.gz
    jobid: 73
    reason: Missing output files: /home/ROBARTS/ataha/graham/scratch/afids-data/data/datasets/LHSCPD/derivatives/tfrom_greedy/sub-127/anat/sub-127_acq-MP2RAGE_space-MNI152NLin2009cAsym.mat, /home/ROBARTS/ataha/graham/scratch/afids-data/data/datasets/LHSCPD/derivatives/tfrom_greedy/sub-127/anat/sub-127_acq-MP2RAGE_space-MNI152NLin2009cAsym_T1w.nii.gz; Input files updated by another job: /home/ROBARTS/ataha/graham/scratch/afids-data/data/datasets/LHSCPD/derivatives/synthstrip/sub-127/anat/sub-127_desc-synthstrip_T1w.nii.gz
    wildcards: subject=127
    resources: tmpdir=/tmp

[Wed Jun 28 10:41:44 2023]
Finished job 48.
40 of 201 steps (20%) done
Select jobs to execute...

[Wed Jun 28 10:41:44 2023]
rule align_template_rigid:
    input: /home/ROBARTS/ataha/graham/scratch/afids-data/data/datasets/LHSCPD/derivatives/synthstrip/sub-116/anat/sub-116_desc-synthstrip_T1w.nii.gz, /home/ROBARTS/ataha/graham/scratch/afids-data/data/datasets/LHSCPD/sub-116/anat/sub-116_run-01_T1w.nii.gz
    output: /home/ROBARTS/ataha/graham/scratch/afids-data/data/datasets/LHSCPD/derivatives/tfrom_greedy/sub-116/anat/sub-116_acq-MP2RAGE_space-MNI152NLin2009cAsym.mat, /home/ROBARTS/ataha/graham/scratch/afids-data/data/datasets/LHSCPD/derivatives/tfrom_greedy/sub-116/anat/sub-116_acq-MP2RAGE_space-MNI152NLin2009cAsym_desc-synthstrip_T1w.nii.gz, /home/ROBARTS/ataha/graham/scratch/afids-data/data/datasets/LHSCPD/derivatives/tfrom_greedy/sub-116/anat/sub-116_acq-MP2RAGE_space-MNI152NLin2009cAsym_T1w.nii.gz
    jobid: 38
    reason: Missing output files: /home/ROBARTS/ataha/graham/scratch/afids-data/data/datasets/LHSCPD/derivatives/tfrom_greedy/sub-116/anat/sub-116_acq-MP2RAGE_space-MNI152NLin2009cAsym_T1w.nii.gz, /home/ROBARTS/ataha/graham/scratch/afids-data/data/datasets/LHSCPD/derivatives/tfrom_greedy/sub-116/anat/sub-116_acq-MP2RAGE_space-MNI152NLin2009cAsym.mat; Input files updated by another job: /home/ROBARTS/ataha/graham/scratch/afids-data/data/datasets/LHSCPD/derivatives/synthstrip/sub-116/anat/sub-116_desc-synthstrip_T1w.nii.gz
    wildcards: subject=116
    resources: tmpdir=/tmp

[Wed Jun 28 10:41:46 2023]
Finished job 24.
41 of 201 steps (20%) done
Select jobs to execute...

[Wed Jun 28 10:41:46 2023]
rule align_template_rigid:
    input: /home/ROBARTS/ataha/graham/scratch/afids-data/data/datasets/LHSCPD/derivatives/synthstrip/sub-152/anat/sub-152_desc-synthstrip_T1w.nii.gz, /home/ROBARTS/ataha/graham/scratch/afids-data/data/datasets/LHSCPD/sub-152/anat/sub-152_run-01_T1w.nii.gz
    output: /home/ROBARTS/ataha/graham/scratch/afids-data/data/datasets/LHSCPD/derivatives/tfrom_greedy/sub-152/anat/sub-152_acq-MP2RAGE_space-MNI152NLin2009cAsym.mat, /home/ROBARTS/ataha/graham/scratch/afids-data/data/datasets/LHSCPD/derivatives/tfrom_greedy/sub-152/anat/sub-152_acq-MP2RAGE_space-MNI152NLin2009cAsym_desc-synthstrip_T1w.nii.gz, /home/ROBARTS/ataha/graham/scratch/afids-data/data/datasets/LHSCPD/derivatives/tfrom_greedy/sub-152/anat/sub-152_acq-MP2RAGE_space-MNI152NLin2009cAsym_T1w.nii.gz
    jobid: 158
    reason: Missing output files: /home/ROBARTS/ataha/graham/scratch/afids-data/data/datasets/LHSCPD/derivatives/tfrom_greedy/sub-152/anat/sub-152_acq-MP2RAGE_space-MNI152NLin2009cAsym.mat, /home/ROBARTS/ataha/graham/scratch/afids-data/data/datasets/LHSCPD/derivatives/tfrom_greedy/sub-152/anat/sub-152_acq-MP2RAGE_space-MNI152NLin2009cAsym_T1w.nii.gz; Input files updated by another job: /home/ROBARTS/ataha/graham/scratch/afids-data/data/datasets/LHSCPD/derivatives/synthstrip/sub-152/anat/sub-152_desc-synthstrip_T1w.nii.gz
    wildcards: subject=152
    resources: tmpdir=/tmp

[Wed Jun 28 10:41:58 2023]
Finished job 73.
42 of 201 steps (21%) done
Select jobs to execute...

[Wed Jun 28 10:41:58 2023]
rule freesurfer_preproc:
    input: /home/ROBARTS/ataha/graham/scratch/afids-data/data/datasets/LHSCPD/derivatives/tfrom_greedy/sub-127/anat/sub-127_acq-MP2RAGE_space-MNI152NLin2009cAsym_T1w.nii.gz
    output: /home/ROBARTS/ataha/graham/scratch/afids-data/data/datasets/LHSCPD/derivatives/freesurfer/sub-127/mri/T1.mgz
    jobid: 72
    reason: Missing output files: /home/ROBARTS/ataha/graham/scratch/afids-data/data/datasets/LHSCPD/derivatives/freesurfer/sub-127/mri/T1.mgz; Input files updated by another job: /home/ROBARTS/ataha/graham/scratch/afids-data/data/datasets/LHSCPD/derivatives/tfrom_greedy/sub-127/anat/sub-127_acq-MP2RAGE_space-MNI152NLin2009cAsym_T1w.nii.gz
    wildcards: subject=127
    resources: tmpdir=/tmp

[Wed Jun 28 10:42:28 2023]
Finished job 38.
43 of 201 steps (21%) done
Select jobs to execute...

[Wed Jun 28 10:42:28 2023]
rule align_template_rigid:
    input: /home/ROBARTS/ataha/graham/scratch/afids-data/data/datasets/LHSCPD/derivatives/synthstrip/sub-133/anat/sub-133_desc-synthstrip_T1w.nii.gz, /home/ROBARTS/ataha/graham/scratch/afids-data/data/datasets/LHSCPD/sub-133/anat/sub-133_run-01_T1w.nii.gz
    output: /home/ROBARTS/ataha/graham/scratch/afids-data/data/datasets/LHSCPD/derivatives/tfrom_greedy/sub-133/anat/sub-133_acq-MP2RAGE_space-MNI152NLin2009cAsym.mat, /home/ROBARTS/ataha/graham/scratch/afids-data/data/datasets/LHSCPD/derivatives/tfrom_greedy/sub-133/anat/sub-133_acq-MP2RAGE_space-MNI152NLin2009cAsym_desc-synthstrip_T1w.nii.gz, /home/ROBARTS/ataha/graham/scratch/afids-data/data/datasets/LHSCPD/derivatives/tfrom_greedy/sub-133/anat/sub-133_acq-MP2RAGE_space-MNI152NLin2009cAsym_T1w.nii.gz
    jobid: 93
    reason: Missing output files: /home/ROBARTS/ataha/graham/scratch/afids-data/data/datasets/LHSCPD/derivatives/tfrom_greedy/sub-133/anat/sub-133_acq-MP2RAGE_space-MNI152NLin2009cAsym_T1w.nii.gz, /home/ROBARTS/ataha/graham/scratch/afids-data/data/datasets/LHSCPD/derivatives/tfrom_greedy/sub-133/anat/sub-133_acq-MP2RAGE_space-MNI152NLin2009cAsym.mat; Input files updated by another job: /home/ROBARTS/ataha/graham/scratch/afids-data/data/datasets/LHSCPD/derivatives/synthstrip/sub-133/anat/sub-133_desc-synthstrip_T1w.nii.gz
    wildcards: subject=133
    resources: tmpdir=/tmp

[Wed Jun 28 10:42:35 2023]
Finished job 158.
44 of 201 steps (22%) done
Select jobs to execute...

[Wed Jun 28 10:42:35 2023]
rule freesurfer_preproc:
    input: /home/ROBARTS/ataha/graham/scratch/afids-data/data/datasets/LHSCPD/derivatives/tfrom_greedy/sub-152/anat/sub-152_acq-MP2RAGE_space-MNI152NLin2009cAsym_T1w.nii.gz
    output: /home/ROBARTS/ataha/graham/scratch/afids-data/data/datasets/LHSCPD/derivatives/freesurfer/sub-152/mri/T1.mgz
    jobid: 157
    reason: Missing output files: /home/ROBARTS/ataha/graham/scratch/afids-data/data/datasets/LHSCPD/derivatives/freesurfer/sub-152/mri/T1.mgz; Input files updated by another job: /home/ROBARTS/ataha/graham/scratch/afids-data/data/datasets/LHSCPD/derivatives/tfrom_greedy/sub-152/anat/sub-152_acq-MP2RAGE_space-MNI152NLin2009cAsym_T1w.nii.gz
    wildcards: subject=152
    resources: tmpdir=/tmp

[Wed Jun 28 10:43:13 2023]
Finished job 93.
45 of 201 steps (22%) done
Select jobs to execute...

[Wed Jun 28 10:43:13 2023]
rule align_template_rigid:
    input: /home/ROBARTS/ataha/graham/scratch/afids-data/data/datasets/LHSCPD/derivatives/synthstrip/sub-147/anat/sub-147_desc-synthstrip_T1w.nii.gz, /home/ROBARTS/ataha/graham/scratch/afids-data/data/datasets/LHSCPD/sub-147/anat/sub-147_run-01_T1w.nii.gz
    output: /home/ROBARTS/ataha/graham/scratch/afids-data/data/datasets/LHSCPD/derivatives/tfrom_greedy/sub-147/anat/sub-147_acq-MP2RAGE_space-MNI152NLin2009cAsym.mat, /home/ROBARTS/ataha/graham/scratch/afids-data/data/datasets/LHSCPD/derivatives/tfrom_greedy/sub-147/anat/sub-147_acq-MP2RAGE_space-MNI152NLin2009cAsym_desc-synthstrip_T1w.nii.gz, /home/ROBARTS/ataha/graham/scratch/afids-data/data/datasets/LHSCPD/derivatives/tfrom_greedy/sub-147/anat/sub-147_acq-MP2RAGE_space-MNI152NLin2009cAsym_T1w.nii.gz
    jobid: 133
    reason: Missing output files: /home/ROBARTS/ataha/graham/scratch/afids-data/data/datasets/LHSCPD/derivatives/tfrom_greedy/sub-147/anat/sub-147_acq-MP2RAGE_space-MNI152NLin2009cAsym.mat, /home/ROBARTS/ataha/graham/scratch/afids-data/data/datasets/LHSCPD/derivatives/tfrom_greedy/sub-147/anat/sub-147_acq-MP2RAGE_space-MNI152NLin2009cAsym_T1w.nii.gz; Input files updated by another job: /home/ROBARTS/ataha/graham/scratch/afids-data/data/datasets/LHSCPD/derivatives/synthstrip/sub-147/anat/sub-147_desc-synthstrip_T1w.nii.gz
    wildcards: subject=147
    resources: tmpdir=/tmp

[Wed Jun 28 10:44:00 2023]
Finished job 133.
46 of 201 steps (23%) done
Select jobs to execute...

[Wed Jun 28 10:44:01 2023]
rule freesurfer_preproc:
    input: /home/ROBARTS/ataha/graham/scratch/afids-data/data/datasets/LHSCPD/derivatives/tfrom_greedy/sub-147/anat/sub-147_acq-MP2RAGE_space-MNI152NLin2009cAsym_T1w.nii.gz
    output: /home/ROBARTS/ataha/graham/scratch/afids-data/data/datasets/LHSCPD/derivatives/freesurfer/sub-147/mri/T1.mgz
    jobid: 132
    reason: Missing output files: /home/ROBARTS/ataha/graham/scratch/afids-data/data/datasets/LHSCPD/derivatives/freesurfer/sub-147/mri/T1.mgz; Input files updated by another job: /home/ROBARTS/ataha/graham/scratch/afids-data/data/datasets/LHSCPD/derivatives/tfrom_greedy/sub-147/anat/sub-147_acq-MP2RAGE_space-MNI152NLin2009cAsym_T1w.nii.gz
    wildcards: subject=147
    resources: tmpdir=/tmp

[Wed Jun 28 12:06:02 2023]
Finished job 132.
47 of 201 steps (23%) done
Select jobs to execute...

[Wed Jun 28 12:06:03 2023]
rule align_template_rigid:
    input: /home/ROBARTS/ataha/graham/scratch/afids-data/data/datasets/LHSCPD/derivatives/synthstrip/sub-158/anat/sub-158_desc-synthstrip_T1w.nii.gz, /home/ROBARTS/ataha/graham/scratch/afids-data/data/datasets/LHSCPD/sub-158/anat/sub-158_run-01_T1w.nii.gz
    output: /home/ROBARTS/ataha/graham/scratch/afids-data/data/datasets/LHSCPD/derivatives/tfrom_greedy/sub-158/anat/sub-158_acq-MP2RAGE_space-MNI152NLin2009cAsym.mat, /home/ROBARTS/ataha/graham/scratch/afids-data/data/datasets/LHSCPD/derivatives/tfrom_greedy/sub-158/anat/sub-158_acq-MP2RAGE_space-MNI152NLin2009cAsym_desc-synthstrip_T1w.nii.gz, /home/ROBARTS/ataha/graham/scratch/afids-data/data/datasets/LHSCPD/derivatives/tfrom_greedy/sub-158/anat/sub-158_acq-MP2RAGE_space-MNI152NLin2009cAsym_T1w.nii.gz
    jobid: 178
    reason: Missing output files: /home/ROBARTS/ataha/graham/scratch/afids-data/data/datasets/LHSCPD/derivatives/tfrom_greedy/sub-158/anat/sub-158_acq-MP2RAGE_space-MNI152NLin2009cAsym.mat, /home/ROBARTS/ataha/graham/scratch/afids-data/data/datasets/LHSCPD/derivatives/tfrom_greedy/sub-158/anat/sub-158_acq-MP2RAGE_space-MNI152NLin2009cAsym_T1w.nii.gz; Input files updated by another job: /home/ROBARTS/ataha/graham/scratch/afids-data/data/datasets/LHSCPD/derivatives/synthstrip/sub-158/anat/sub-158_desc-synthstrip_T1w.nii.gz
    wildcards: subject=158
    resources: tmpdir=/tmp

[Wed Jun 28 12:06:51 2023]
Finished job 178.
48 of 201 steps (24%) done
Select jobs to execute...

[Wed Jun 28 12:06:51 2023]
rule freesurfer_preproc:
    input: /home/ROBARTS/ataha/graham/scratch/afids-data/data/datasets/LHSCPD/derivatives/tfrom_greedy/sub-158/anat/sub-158_acq-MP2RAGE_space-MNI152NLin2009cAsym_T1w.nii.gz
    output: /home/ROBARTS/ataha/graham/scratch/afids-data/data/datasets/LHSCPD/derivatives/freesurfer/sub-158/mri/T1.mgz
    jobid: 177
    reason: Missing output files: /home/ROBARTS/ataha/graham/scratch/afids-data/data/datasets/LHSCPD/derivatives/freesurfer/sub-158/mri/T1.mgz; Input files updated by another job: /home/ROBARTS/ataha/graham/scratch/afids-data/data/datasets/LHSCPD/derivatives/tfrom_greedy/sub-158/anat/sub-158_acq-MP2RAGE_space-MNI152NLin2009cAsym_T1w.nii.gz
    wildcards: subject=158
    resources: tmpdir=/tmp

[Wed Jun 28 12:07:09 2023]
Finished job 72.
49 of 201 steps (24%) done
Select jobs to execute...

[Wed Jun 28 12:07:09 2023]
rule align_template_rigid:
    input: /home/ROBARTS/ataha/graham/scratch/afids-data/data/datasets/LHSCPD/derivatives/synthstrip/sub-132/anat/sub-132_desc-synthstrip_T1w.nii.gz, /home/ROBARTS/ataha/graham/scratch/afids-data/data/datasets/LHSCPD/sub-132/anat/sub-132_run-01_T1w.nii.gz
    output: /home/ROBARTS/ataha/graham/scratch/afids-data/data/datasets/LHSCPD/derivatives/tfrom_greedy/sub-132/anat/sub-132_acq-MP2RAGE_space-MNI152NLin2009cAsym.mat, /home/ROBARTS/ataha/graham/scratch/afids-data/data/datasets/LHSCPD/derivatives/tfrom_greedy/sub-132/anat/sub-132_acq-MP2RAGE_space-MNI152NLin2009cAsym_desc-synthstrip_T1w.nii.gz, /home/ROBARTS/ataha/graham/scratch/afids-data/data/datasets/LHSCPD/derivatives/tfrom_greedy/sub-132/anat/sub-132_acq-MP2RAGE_space-MNI152NLin2009cAsym_T1w.nii.gz
    jobid: 88
    reason: Missing output files: /home/ROBARTS/ataha/graham/scratch/afids-data/data/datasets/LHSCPD/derivatives/tfrom_greedy/sub-132/anat/sub-132_acq-MP2RAGE_space-MNI152NLin2009cAsym_T1w.nii.gz, /home/ROBARTS/ataha/graham/scratch/afids-data/data/datasets/LHSCPD/derivatives/tfrom_greedy/sub-132/anat/sub-132_acq-MP2RAGE_space-MNI152NLin2009cAsym.mat; Input files updated by another job: /home/ROBARTS/ataha/graham/scratch/afids-data/data/datasets/LHSCPD/derivatives/synthstrip/sub-132/anat/sub-132_desc-synthstrip_T1w.nii.gz
    wildcards: subject=132
    resources: tmpdir=/tmp

[Wed Jun 28 12:07:58 2023]
Finished job 88.
50 of 201 steps (25%) done
Select jobs to execute...

[Wed Jun 28 12:07:58 2023]
rule align_template_rigid:
    input: /home/ROBARTS/ataha/graham/scratch/afids-data/data/datasets/LHSCPD/derivatives/synthstrip/sub-153/anat/sub-153_desc-synthstrip_T1w.nii.gz, /home/ROBARTS/ataha/graham/scratch/afids-data/data/datasets/LHSCPD/sub-153/anat/sub-153_run-01_T1w.nii.gz
    output: /home/ROBARTS/ataha/graham/scratch/afids-data/data/datasets/LHSCPD/derivatives/tfrom_greedy/sub-153/anat/sub-153_acq-MP2RAGE_space-MNI152NLin2009cAsym.mat, /home/ROBARTS/ataha/graham/scratch/afids-data/data/datasets/LHSCPD/derivatives/tfrom_greedy/sub-153/anat/sub-153_acq-MP2RAGE_space-MNI152NLin2009cAsym_desc-synthstrip_T1w.nii.gz, /home/ROBARTS/ataha/graham/scratch/afids-data/data/datasets/LHSCPD/derivatives/tfrom_greedy/sub-153/anat/sub-153_acq-MP2RAGE_space-MNI152NLin2009cAsym_T1w.nii.gz
    jobid: 163
    reason: Missing output files: /home/ROBARTS/ataha/graham/scratch/afids-data/data/datasets/LHSCPD/derivatives/tfrom_greedy/sub-153/anat/sub-153_acq-MP2RAGE_space-MNI152NLin2009cAsym_T1w.nii.gz, /home/ROBARTS/ataha/graham/scratch/afids-data/data/datasets/LHSCPD/derivatives/tfrom_greedy/sub-153/anat/sub-153_acq-MP2RAGE_space-MNI152NLin2009cAsym.mat; Input files updated by another job: /home/ROBARTS/ataha/graham/scratch/afids-data/data/datasets/LHSCPD/derivatives/synthstrip/sub-153/anat/sub-153_desc-synthstrip_T1w.nii.gz
    wildcards: subject=153
    resources: tmpdir=/tmp

[Wed Jun 28 12:08:47 2023]
Finished job 163.
51 of 201 steps (25%) done
Select jobs to execute...

[Wed Jun 28 12:08:47 2023]
rule align_template_rigid:
    input: /home/ROBARTS/ataha/graham/scratch/afids-data/data/datasets/LHSCPD/derivatives/synthstrip/sub-135/anat/sub-135_desc-synthstrip_T1w.nii.gz, /home/ROBARTS/ataha/graham/scratch/afids-data/data/datasets/LHSCPD/sub-135/anat/sub-135_run-01_T1w.nii.gz
    output: /home/ROBARTS/ataha/graham/scratch/afids-data/data/datasets/LHSCPD/derivatives/tfrom_greedy/sub-135/anat/sub-135_acq-MP2RAGE_space-MNI152NLin2009cAsym.mat, /home/ROBARTS/ataha/graham/scratch/afids-data/data/datasets/LHSCPD/derivatives/tfrom_greedy/sub-135/anat/sub-135_acq-MP2RAGE_space-MNI152NLin2009cAsym_desc-synthstrip_T1w.nii.gz, /home/ROBARTS/ataha/graham/scratch/afids-data/data/datasets/LHSCPD/derivatives/tfrom_greedy/sub-135/anat/sub-135_acq-MP2RAGE_space-MNI152NLin2009cAsym_T1w.nii.gz
    jobid: 98
    reason: Missing output files: /home/ROBARTS/ataha/graham/scratch/afids-data/data/datasets/LHSCPD/derivatives/tfrom_greedy/sub-135/anat/sub-135_acq-MP2RAGE_space-MNI152NLin2009cAsym_T1w.nii.gz, /home/ROBARTS/ataha/graham/scratch/afids-data/data/datasets/LHSCPD/derivatives/tfrom_greedy/sub-135/anat/sub-135_acq-MP2RAGE_space-MNI152NLin2009cAsym.mat; Input files updated by another job: /home/ROBARTS/ataha/graham/scratch/afids-data/data/datasets/LHSCPD/derivatives/synthstrip/sub-135/anat/sub-135_desc-synthstrip_T1w.nii.gz
    wildcards: subject=135
    resources: tmpdir=/tmp

[Wed Jun 28 12:09:38 2023]
Finished job 98.
52 of 201 steps (26%) done
Select jobs to execute...

[Wed Jun 28 12:09:38 2023]
rule freesurfer_preproc:
    input: /home/ROBARTS/ataha/graham/scratch/afids-data/data/datasets/LHSCPD/derivatives/tfrom_greedy/sub-135/anat/sub-135_acq-MP2RAGE_space-MNI152NLin2009cAsym_T1w.nii.gz
    output: /home/ROBARTS/ataha/graham/scratch/afids-data/data/datasets/LHSCPD/derivatives/freesurfer/sub-135/mri/T1.mgz
    jobid: 97
    reason: Missing output files: /home/ROBARTS/ataha/graham/scratch/afids-data/data/datasets/LHSCPD/derivatives/freesurfer/sub-135/mri/T1.mgz; Input files updated by another job: /home/ROBARTS/ataha/graham/scratch/afids-data/data/datasets/LHSCPD/derivatives/tfrom_greedy/sub-135/anat/sub-135_acq-MP2RAGE_space-MNI152NLin2009cAsym_T1w.nii.gz
    wildcards: subject=135
    resources: tmpdir=/tmp

[Wed Jun 28 12:21:16 2023]
Finished job 157.
53 of 201 steps (26%) done
Select jobs to execute...

[Wed Jun 28 12:21:16 2023]
rule align_template_rigid:
    input: /home/ROBARTS/ataha/graham/scratch/afids-data/data/datasets/LHSCPD/derivatives/synthstrip/sub-128/anat/sub-128_desc-synthstrip_T1w.nii.gz, /home/ROBARTS/ataha/graham/scratch/afids-data/data/datasets/LHSCPD/sub-128/anat/sub-128_run-01_T1w.nii.gz
    output: /home/ROBARTS/ataha/graham/scratch/afids-data/data/datasets/LHSCPD/derivatives/tfrom_greedy/sub-128/anat/sub-128_acq-MP2RAGE_space-MNI152NLin2009cAsym.mat, /home/ROBARTS/ataha/graham/scratch/afids-data/data/datasets/LHSCPD/derivatives/tfrom_greedy/sub-128/anat/sub-128_acq-MP2RAGE_space-MNI152NLin2009cAsym_desc-synthstrip_T1w.nii.gz, /home/ROBARTS/ataha/graham/scratch/afids-data/data/datasets/LHSCPD/derivatives/tfrom_greedy/sub-128/anat/sub-128_acq-MP2RAGE_space-MNI152NLin2009cAsym_T1w.nii.gz
    jobid: 78
    reason: Missing output files: /home/ROBARTS/ataha/graham/scratch/afids-data/data/datasets/LHSCPD/derivatives/tfrom_greedy/sub-128/anat/sub-128_acq-MP2RAGE_space-MNI152NLin2009cAsym.mat, /home/ROBARTS/ataha/graham/scratch/afids-data/data/datasets/LHSCPD/derivatives/tfrom_greedy/sub-128/anat/sub-128_acq-MP2RAGE_space-MNI152NLin2009cAsym_T1w.nii.gz; Input files updated by another job: /home/ROBARTS/ataha/graham/scratch/afids-data/data/datasets/LHSCPD/derivatives/synthstrip/sub-128/anat/sub-128_desc-synthstrip_T1w.nii.gz
    wildcards: subject=128
    resources: tmpdir=/tmp

[Wed Jun 28 12:22:09 2023]
Finished job 78.
54 of 201 steps (27%) done
Select jobs to execute...

[Wed Jun 28 12:22:09 2023]
rule freesurfer_preproc:
    input: /home/ROBARTS/ataha/graham/scratch/afids-data/data/datasets/LHSCPD/derivatives/tfrom_greedy/sub-128/anat/sub-128_acq-MP2RAGE_space-MNI152NLin2009cAsym_T1w.nii.gz
    output: /home/ROBARTS/ataha/graham/scratch/afids-data/data/datasets/LHSCPD/derivatives/freesurfer/sub-128/mri/T1.mgz
    jobid: 77
    reason: Missing output files: /home/ROBARTS/ataha/graham/scratch/afids-data/data/datasets/LHSCPD/derivatives/freesurfer/sub-128/mri/T1.mgz; Input files updated by another job: /home/ROBARTS/ataha/graham/scratch/afids-data/data/datasets/LHSCPD/derivatives/tfrom_greedy/sub-128/anat/sub-128_acq-MP2RAGE_space-MNI152NLin2009cAsym_T1w.nii.gz
    wildcards: subject=128
    resources: tmpdir=/tmp

[Wed Jun 28 13:14:33 2023]
Finished job 97.
55 of 201 steps (27%) done
Select jobs to execute...

[Wed Jun 28 13:14:33 2023]
rule align_template_rigid:
    input: /home/ROBARTS/ataha/graham/scratch/afids-data/data/datasets/LHSCPD/derivatives/synthstrip/sub-148/anat/sub-148_desc-synthstrip_T1w.nii.gz, /home/ROBARTS/ataha/graham/scratch/afids-data/data/datasets/LHSCPD/sub-148/anat/sub-148_run-01_T1w.nii.gz
    output: /home/ROBARTS/ataha/graham/scratch/afids-data/data/datasets/LHSCPD/derivatives/tfrom_greedy/sub-148/anat/sub-148_acq-MP2RAGE_space-MNI152NLin2009cAsym.mat, /home/ROBARTS/ataha/graham/scratch/afids-data/data/datasets/LHSCPD/derivatives/tfrom_greedy/sub-148/anat/sub-148_acq-MP2RAGE_space-MNI152NLin2009cAsym_desc-synthstrip_T1w.nii.gz, /home/ROBARTS/ataha/graham/scratch/afids-data/data/datasets/LHSCPD/derivatives/tfrom_greedy/sub-148/anat/sub-148_acq-MP2RAGE_space-MNI152NLin2009cAsym_T1w.nii.gz
    jobid: 138
    reason: Missing output files: /home/ROBARTS/ataha/graham/scratch/afids-data/data/datasets/LHSCPD/derivatives/tfrom_greedy/sub-148/anat/sub-148_acq-MP2RAGE_space-MNI152NLin2009cAsym_T1w.nii.gz, /home/ROBARTS/ataha/graham/scratch/afids-data/data/datasets/LHSCPD/derivatives/tfrom_greedy/sub-148/anat/sub-148_acq-MP2RAGE_space-MNI152NLin2009cAsym.mat; Input files updated by another job: /home/ROBARTS/ataha/graham/scratch/afids-data/data/datasets/LHSCPD/derivatives/synthstrip/sub-148/anat/sub-148_desc-synthstrip_T1w.nii.gz
    wildcards: subject=148
    resources: tmpdir=/tmp

[Wed Jun 28 13:15:18 2023]
Finished job 138.
56 of 201 steps (28%) done
Select jobs to execute...

[Wed Jun 28 13:15:18 2023]
rule align_template_rigid:
    input: /home/ROBARTS/ataha/graham/scratch/afids-data/data/datasets/LHSCPD/derivatives/synthstrip/sub-106/anat/sub-106_desc-synthstrip_T1w.nii.gz, /home/ROBARTS/ataha/graham/scratch/afids-data/data/datasets/LHSCPD/sub-106/anat/sub-106_run-01_T1w.nii.gz
    output: /home/ROBARTS/ataha/graham/scratch/afids-data/data/datasets/LHSCPD/derivatives/tfrom_greedy/sub-106/anat/sub-106_acq-MP2RAGE_space-MNI152NLin2009cAsym.mat, /home/ROBARTS/ataha/graham/scratch/afids-data/data/datasets/LHSCPD/derivatives/tfrom_greedy/sub-106/anat/sub-106_acq-MP2RAGE_space-MNI152NLin2009cAsym_desc-synthstrip_T1w.nii.gz, /home/ROBARTS/ataha/graham/scratch/afids-data/data/datasets/LHSCPD/derivatives/tfrom_greedy/sub-106/anat/sub-106_acq-MP2RAGE_space-MNI152NLin2009cAsym_T1w.nii.gz
    jobid: 18
    reason: Missing output files: /home/ROBARTS/ataha/graham/scratch/afids-data/data/datasets/LHSCPD/derivatives/tfrom_greedy/sub-106/anat/sub-106_acq-MP2RAGE_space-MNI152NLin2009cAsym_T1w.nii.gz, /home/ROBARTS/ataha/graham/scratch/afids-data/data/datasets/LHSCPD/derivatives/tfrom_greedy/sub-106/anat/sub-106_acq-MP2RAGE_space-MNI152NLin2009cAsym.mat; Input files updated by another job: /home/ROBARTS/ataha/graham/scratch/afids-data/data/datasets/LHSCPD/derivatives/synthstrip/sub-106/anat/sub-106_desc-synthstrip_T1w.nii.gz
    wildcards: subject=106
    resources: tmpdir=/tmp

[Wed Jun 28 13:16:06 2023]
Finished job 18.
57 of 201 steps (28%) done
Select jobs to execute...

[Wed Jun 28 13:16:06 2023]
rule align_template_rigid:
    input: /home/ROBARTS/ataha/graham/scratch/afids-data/data/datasets/LHSCPD/derivatives/synthstrip/sub-149/anat/sub-149_desc-synthstrip_T1w.nii.gz, /home/ROBARTS/ataha/graham/scratch/afids-data/data/datasets/LHSCPD/sub-149/anat/sub-149_run-01_T1w.nii.gz
    output: /home/ROBARTS/ataha/graham/scratch/afids-data/data/datasets/LHSCPD/derivatives/tfrom_greedy/sub-149/anat/sub-149_acq-MP2RAGE_space-MNI152NLin2009cAsym.mat, /home/ROBARTS/ataha/graham/scratch/afids-data/data/datasets/LHSCPD/derivatives/tfrom_greedy/sub-149/anat/sub-149_acq-MP2RAGE_space-MNI152NLin2009cAsym_desc-synthstrip_T1w.nii.gz, /home/ROBARTS/ataha/graham/scratch/afids-data/data/datasets/LHSCPD/derivatives/tfrom_greedy/sub-149/anat/sub-149_acq-MP2RAGE_space-MNI152NLin2009cAsym_T1w.nii.gz
    jobid: 143
    reason: Missing output files: /home/ROBARTS/ataha/graham/scratch/afids-data/data/datasets/LHSCPD/derivatives/tfrom_greedy/sub-149/anat/sub-149_acq-MP2RAGE_space-MNI152NLin2009cAsym.mat, /home/ROBARTS/ataha/graham/scratch/afids-data/data/datasets/LHSCPD/derivatives/tfrom_greedy/sub-149/anat/sub-149_acq-MP2RAGE_space-MNI152NLin2009cAsym_T1w.nii.gz; Input files updated by another job: /home/ROBARTS/ataha/graham/scratch/afids-data/data/datasets/LHSCPD/derivatives/synthstrip/sub-149/anat/sub-149_desc-synthstrip_T1w.nii.gz
    wildcards: subject=149
    resources: tmpdir=/tmp

[Wed Jun 28 13:16:53 2023]
Finished job 143.
58 of 201 steps (29%) done
Select jobs to execute...

[Wed Jun 28 13:16:53 2023]
rule align_template_rigid:
    input: /home/ROBARTS/ataha/graham/scratch/afids-data/data/datasets/LHSCPD/derivatives/synthstrip/sub-113/anat/sub-113_desc-synthstrip_T1w.nii.gz, /home/ROBARTS/ataha/graham/scratch/afids-data/data/datasets/LHSCPD/sub-113/anat/sub-113_run-01_T1w.nii.gz
    output: /home/ROBARTS/ataha/graham/scratch/afids-data/data/datasets/LHSCPD/derivatives/tfrom_greedy/sub-113/anat/sub-113_acq-MP2RAGE_space-MNI152NLin2009cAsym.mat, /home/ROBARTS/ataha/graham/scratch/afids-data/data/datasets/LHSCPD/derivatives/tfrom_greedy/sub-113/anat/sub-113_acq-MP2RAGE_space-MNI152NLin2009cAsym_desc-synthstrip_T1w.nii.gz, /home/ROBARTS/ataha/graham/scratch/afids-data/data/datasets/LHSCPD/derivatives/tfrom_greedy/sub-113/anat/sub-113_acq-MP2RAGE_space-MNI152NLin2009cAsym_T1w.nii.gz
    jobid: 28
    reason: Missing output files: /home/ROBARTS/ataha/graham/scratch/afids-data/data/datasets/LHSCPD/derivatives/tfrom_greedy/sub-113/anat/sub-113_acq-MP2RAGE_space-MNI152NLin2009cAsym.mat, /home/ROBARTS/ataha/graham/scratch/afids-data/data/datasets/LHSCPD/derivatives/tfrom_greedy/sub-113/anat/sub-113_acq-MP2RAGE_space-MNI152NLin2009cAsym_T1w.nii.gz; Input files updated by another job: /home/ROBARTS/ataha/graham/scratch/afids-data/data/datasets/LHSCPD/derivatives/synthstrip/sub-113/anat/sub-113_desc-synthstrip_T1w.nii.gz
    wildcards: subject=113
    resources: tmpdir=/tmp

[Wed Jun 28 13:17:36 2023]
Finished job 28.
59 of 201 steps (29%) done
Select jobs to execute...

[Wed Jun 28 13:17:37 2023]
rule align_template_rigid:
    input: /home/ROBARTS/ataha/graham/scratch/afids-data/data/datasets/LHSCPD/derivatives/synthstrip/sub-150/anat/sub-150_desc-synthstrip_T1w.nii.gz, /home/ROBARTS/ataha/graham/scratch/afids-data/data/datasets/LHSCPD/sub-150/anat/sub-150_run-01_T1w.nii.gz
    output: /home/ROBARTS/ataha/graham/scratch/afids-data/data/datasets/LHSCPD/derivatives/tfrom_greedy/sub-150/anat/sub-150_acq-MP2RAGE_space-MNI152NLin2009cAsym.mat, /home/ROBARTS/ataha/graham/scratch/afids-data/data/datasets/LHSCPD/derivatives/tfrom_greedy/sub-150/anat/sub-150_acq-MP2RAGE_space-MNI152NLin2009cAsym_desc-synthstrip_T1w.nii.gz, /home/ROBARTS/ataha/graham/scratch/afids-data/data/datasets/LHSCPD/derivatives/tfrom_greedy/sub-150/anat/sub-150_acq-MP2RAGE_space-MNI152NLin2009cAsym_T1w.nii.gz
    jobid: 148
    reason: Missing output files: /home/ROBARTS/ataha/graham/scratch/afids-data/data/datasets/LHSCPD/derivatives/tfrom_greedy/sub-150/anat/sub-150_acq-MP2RAGE_space-MNI152NLin2009cAsym_T1w.nii.gz, /home/ROBARTS/ataha/graham/scratch/afids-data/data/datasets/LHSCPD/derivatives/tfrom_greedy/sub-150/anat/sub-150_acq-MP2RAGE_space-MNI152NLin2009cAsym.mat; Input files updated by another job: /home/ROBARTS/ataha/graham/scratch/afids-data/data/datasets/LHSCPD/derivatives/synthstrip/sub-150/anat/sub-150_desc-synthstrip_T1w.nii.gz
    wildcards: subject=150
    resources: tmpdir=/tmp

[Wed Jun 28 13:17:53 2023]
Finished job 77.
60 of 201 steps (30%) done
Select jobs to execute...

[Wed Jun 28 13:17:53 2023]
rule align_template_rigid:
    input: /home/ROBARTS/ataha/graham/scratch/afids-data/data/datasets/LHSCPD/derivatives/synthstrip/sub-125/anat/sub-125_desc-synthstrip_T1w.nii.gz, /home/ROBARTS/ataha/graham/scratch/afids-data/data/datasets/LHSCPD/sub-125/anat/sub-125_run-01_T1w.nii.gz
    output: /home/ROBARTS/ataha/graham/scratch/afids-data/data/datasets/LHSCPD/derivatives/tfrom_greedy/sub-125/anat/sub-125_acq-MP2RAGE_space-MNI152NLin2009cAsym.mat, /home/ROBARTS/ataha/graham/scratch/afids-data/data/datasets/LHSCPD/derivatives/tfrom_greedy/sub-125/anat/sub-125_acq-MP2RAGE_space-MNI152NLin2009cAsym_desc-synthstrip_T1w.nii.gz, /home/ROBARTS/ataha/graham/scratch/afids-data/data/datasets/LHSCPD/derivatives/tfrom_greedy/sub-125/anat/sub-125_acq-MP2RAGE_space-MNI152NLin2009cAsym_T1w.nii.gz
    jobid: 63
    reason: Missing output files: /home/ROBARTS/ataha/graham/scratch/afids-data/data/datasets/LHSCPD/derivatives/tfrom_greedy/sub-125/anat/sub-125_acq-MP2RAGE_space-MNI152NLin2009cAsym.mat, /home/ROBARTS/ataha/graham/scratch/afids-data/data/datasets/LHSCPD/derivatives/tfrom_greedy/sub-125/anat/sub-125_acq-MP2RAGE_space-MNI152NLin2009cAsym_T1w.nii.gz; Input files updated by another job: /home/ROBARTS/ataha/graham/scratch/afids-data/data/datasets/LHSCPD/derivatives/synthstrip/sub-125/anat/sub-125_desc-synthstrip_T1w.nii.gz
    wildcards: subject=125
    resources: tmpdir=/tmp

[Wed Jun 28 13:18:22 2023]
Finished job 148.
61 of 201 steps (30%) done
Select jobs to execute...

[Wed Jun 28 13:18:22 2023]
rule align_template_rigid:
    input: /home/ROBARTS/ataha/graham/scratch/afids-data/data/datasets/LHSCPD/derivatives/synthstrip/sub-103/anat/sub-103_desc-synthstrip_T1w.nii.gz, /home/ROBARTS/ataha/graham/scratch/afids-data/data/datasets/LHSCPD/sub-103/anat/sub-103_run-01_T1w.nii.gz
    output: /home/ROBARTS/ataha/graham/scratch/afids-data/data/datasets/LHSCPD/derivatives/tfrom_greedy/sub-103/anat/sub-103_acq-MP2RAGE_space-MNI152NLin2009cAsym.mat, /home/ROBARTS/ataha/graham/scratch/afids-data/data/datasets/LHSCPD/derivatives/tfrom_greedy/sub-103/anat/sub-103_acq-MP2RAGE_space-MNI152NLin2009cAsym_desc-synthstrip_T1w.nii.gz, /home/ROBARTS/ataha/graham/scratch/afids-data/data/datasets/LHSCPD/derivatives/tfrom_greedy/sub-103/anat/sub-103_acq-MP2RAGE_space-MNI152NLin2009cAsym_T1w.nii.gz
    jobid: 13
    reason: Missing output files: /home/ROBARTS/ataha/graham/scratch/afids-data/data/datasets/LHSCPD/derivatives/tfrom_greedy/sub-103/anat/sub-103_acq-MP2RAGE_space-MNI152NLin2009cAsym_T1w.nii.gz, /home/ROBARTS/ataha/graham/scratch/afids-data/data/datasets/LHSCPD/derivatives/tfrom_greedy/sub-103/anat/sub-103_acq-MP2RAGE_space-MNI152NLin2009cAsym.mat; Input files updated by another job: /home/ROBARTS/ataha/graham/scratch/afids-data/data/datasets/LHSCPD/derivatives/synthstrip/sub-103/anat/sub-103_desc-synthstrip_T1w.nii.gz
    wildcards: subject=103
    resources: tmpdir=/tmp

[Wed Jun 28 13:18:40 2023]
Finished job 63.
62 of 201 steps (31%) done
Select jobs to execute...

[Wed Jun 28 13:18:40 2023]
rule align_template_rigid:
    input: /home/ROBARTS/ataha/graham/scratch/afids-data/data/datasets/LHSCPD/derivatives/synthstrip/sub-141/anat/sub-141_desc-synthstrip_T1w.nii.gz, /home/ROBARTS/ataha/graham/scratch/afids-data/data/datasets/LHSCPD/sub-141/anat/sub-141_run-01_T1w.nii.gz
    output: /home/ROBARTS/ataha/graham/scratch/afids-data/data/datasets/LHSCPD/derivatives/tfrom_greedy/sub-141/anat/sub-141_acq-MP2RAGE_space-MNI152NLin2009cAsym.mat, /home/ROBARTS/ataha/graham/scratch/afids-data/data/datasets/LHSCPD/derivatives/tfrom_greedy/sub-141/anat/sub-141_acq-MP2RAGE_space-MNI152NLin2009cAsym_desc-synthstrip_T1w.nii.gz, /home/ROBARTS/ataha/graham/scratch/afids-data/data/datasets/LHSCPD/derivatives/tfrom_greedy/sub-141/anat/sub-141_acq-MP2RAGE_space-MNI152NLin2009cAsym_T1w.nii.gz
    jobid: 118
    reason: Missing output files: /home/ROBARTS/ataha/graham/scratch/afids-data/data/datasets/LHSCPD/derivatives/tfrom_greedy/sub-141/anat/sub-141_acq-MP2RAGE_space-MNI152NLin2009cAsym_T1w.nii.gz, /home/ROBARTS/ataha/graham/scratch/afids-data/data/datasets/LHSCPD/derivatives/tfrom_greedy/sub-141/anat/sub-141_acq-MP2RAGE_space-MNI152NLin2009cAsym.mat; Input files updated by another job: /home/ROBARTS/ataha/graham/scratch/afids-data/data/datasets/LHSCPD/derivatives/synthstrip/sub-141/anat/sub-141_desc-synthstrip_T1w.nii.gz
    wildcards: subject=141
    resources: tmpdir=/tmp

[Wed Jun 28 13:19:07 2023]
Finished job 13.
63 of 201 steps (31%) done
Select jobs to execute...

[Wed Jun 28 13:19:07 2023]
rule freesurfer_preproc:
    input: /home/ROBARTS/ataha/graham/scratch/afids-data/data/datasets/LHSCPD/derivatives/tfrom_greedy/sub-116/anat/sub-116_acq-MP2RAGE_space-MNI152NLin2009cAsym_T1w.nii.gz
    output: /home/ROBARTS/ataha/graham/scratch/afids-data/data/datasets/LHSCPD/derivatives/freesurfer/sub-116/mri/T1.mgz
    jobid: 37
    reason: Missing output files: /home/ROBARTS/ataha/graham/scratch/afids-data/data/datasets/LHSCPD/derivatives/freesurfer/sub-116/mri/T1.mgz; Input files updated by another job: /home/ROBARTS/ataha/graham/scratch/afids-data/data/datasets/LHSCPD/derivatives/tfrom_greedy/sub-116/anat/sub-116_acq-MP2RAGE_space-MNI152NLin2009cAsym_T1w.nii.gz
    wildcards: subject=116
    resources: tmpdir=/tmp

[Wed Jun 28 13:19:28 2023]
Finished job 118.
64 of 201 steps (32%) done
Select jobs to execute...

[Wed Jun 28 13:19:28 2023]
rule freesurfer_preproc:
    input: /home/ROBARTS/ataha/graham/scratch/afids-data/data/datasets/LHSCPD/derivatives/tfrom_greedy/sub-132/anat/sub-132_acq-MP2RAGE_space-MNI152NLin2009cAsym_T1w.nii.gz
    output: /home/ROBARTS/ataha/graham/scratch/afids-data/data/datasets/LHSCPD/derivatives/freesurfer/sub-132/mri/T1.mgz
    jobid: 87
    reason: Missing output files: /home/ROBARTS/ataha/graham/scratch/afids-data/data/datasets/LHSCPD/derivatives/freesurfer/sub-132/mri/T1.mgz; Input files updated by another job: /home/ROBARTS/ataha/graham/scratch/afids-data/data/datasets/LHSCPD/derivatives/tfrom_greedy/sub-132/anat/sub-132_acq-MP2RAGE_space-MNI152NLin2009cAsym_T1w.nii.gz
    wildcards: subject=132
    resources: tmpdir=/tmp

[Wed Jun 28 13:27:57 2023]
Finished job 177.
65 of 201 steps (32%) done
Select jobs to execute...

[Wed Jun 28 13:27:57 2023]
rule align_template_rigid:
    input: /home/ROBARTS/ataha/graham/scratch/afids-data/data/datasets/LHSCPD/derivatives/synthstrip/sub-087/anat/sub-087_desc-synthstrip_T1w.nii.gz, /home/ROBARTS/ataha/graham/scratch/afids-data/data/datasets/LHSCPD/sub-087/anat/sub-087_run-01_T1w.nii.gz
    output: /home/ROBARTS/ataha/graham/scratch/afids-data/data/datasets/LHSCPD/derivatives/tfrom_greedy/sub-087/anat/sub-087_acq-MP2RAGE_space-MNI152NLin2009cAsym.mat, /home/ROBARTS/ataha/graham/scratch/afids-data/data/datasets/LHSCPD/derivatives/tfrom_greedy/sub-087/anat/sub-087_acq-MP2RAGE_space-MNI152NLin2009cAsym_desc-synthstrip_T1w.nii.gz, /home/ROBARTS/ataha/graham/scratch/afids-data/data/datasets/LHSCPD/derivatives/tfrom_greedy/sub-087/anat/sub-087_acq-MP2RAGE_space-MNI152NLin2009cAsym_T1w.nii.gz
    jobid: 3
    reason: Missing output files: /home/ROBARTS/ataha/graham/scratch/afids-data/data/datasets/LHSCPD/derivatives/tfrom_greedy/sub-087/anat/sub-087_acq-MP2RAGE_space-MNI152NLin2009cAsym.mat, /home/ROBARTS/ataha/graham/scratch/afids-data/data/datasets/LHSCPD/derivatives/tfrom_greedy/sub-087/anat/sub-087_acq-MP2RAGE_space-MNI152NLin2009cAsym_T1w.nii.gz; Input files updated by another job: /home/ROBARTS/ataha/graham/scratch/afids-data/data/datasets/LHSCPD/derivatives/synthstrip/sub-087/anat/sub-087_desc-synthstrip_T1w.nii.gz
    wildcards: subject=087
    resources: tmpdir=/tmp

[Wed Jun 28 13:28:51 2023]
Finished job 3.
66 of 201 steps (33%) done
Select jobs to execute...

[Wed Jun 28 13:28:51 2023]
rule freesurfer_preproc:
    input: /home/ROBARTS/ataha/graham/scratch/afids-data/data/datasets/LHSCPD/derivatives/tfrom_greedy/sub-133/anat/sub-133_acq-MP2RAGE_space-MNI152NLin2009cAsym_T1w.nii.gz
    output: /home/ROBARTS/ataha/graham/scratch/afids-data/data/datasets/LHSCPD/derivatives/freesurfer/sub-133/mri/T1.mgz
    jobid: 92
    reason: Missing output files: /home/ROBARTS/ataha/graham/scratch/afids-data/data/datasets/LHSCPD/derivatives/freesurfer/sub-133/mri/T1.mgz; Input files updated by another job: /home/ROBARTS/ataha/graham/scratch/afids-data/data/datasets/LHSCPD/derivatives/tfrom_greedy/sub-133/anat/sub-133_acq-MP2RAGE_space-MNI152NLin2009cAsym_T1w.nii.gz
    wildcards: subject=133
    resources: tmpdir=/tmp

Terminating processes on user request, this might take some time.
[Wed Jun 28 13:29:56 2023]
[Wed Jun 28 13:29:56 2023]
Error in rule freesurfer_preproc:
    jobid: 37
    input: /home/ROBARTS/ataha/graham/scratch/afids-data/data/datasets/LHSCPD/derivatives/tfrom_greedy/sub-116/anat/sub-116_acq-MP2RAGE_space-MNI152NLin2009cAsym_T1w.nii.gz
    output: /home/ROBARTS/ataha/graham/scratch/afids-data/data/datasets/LHSCPD/derivatives/freesurfer/sub-116/mri/T1.mgz
    shell:
        
        rm -r /home/ROBARTS/ataha/graham/scratch/afids-data/data/datasets/LHSCPD/derivatives/freesurfer/sub-116
        recon-all -subject sub-116 -i /home/ROBARTS/ataha/graham/scratch/afids-data/data/datasets/LHSCPD/derivatives/tfrom_greedy/sub-116/anat/sub-116_acq-MP2RAGE_space-MNI152NLin2009cAsym_T1w.nii.gz -sd /home/ROBARTS/ataha/graham/scratch/afids-data/data/datasets/LHSCPD/derivatives/freesurfer -autorecon1
        
        (one of the commands exited with non-zero exit code; note that snakemake uses bash strict mode!)

Error in rule freesurfer_preproc:
    jobid: 92
    input: /home/ROBARTS/ataha/graham/scratch/afids-data/data/datasets/LHSCPD/derivatives/tfrom_greedy/sub-133/anat/sub-133_acq-MP2RAGE_space-MNI152NLin2009cAsym_T1w.nii.gz
    output: /home/ROBARTS/ataha/graham/scratch/afids-data/data/datasets/LHSCPD/derivatives/freesurfer/sub-133/mri/T1.mgz
    shell:
        
        rm -r /home/ROBARTS/ataha/graham/scratch/afids-data/data/datasets/LHSCPD/derivatives/freesurfer/sub-133
        recon-all -subject sub-133 -i /home/ROBARTS/ataha/graham/scratch/afids-data/data/datasets/LHSCPD/derivatives/tfrom_greedy/sub-133/anat/sub-133_acq-MP2RAGE_space-MNI152NLin2009cAsym_T1w.nii.gz -sd /home/ROBARTS/ataha/graham/scratch/afids-data/data/datasets/LHSCPD/derivatives/freesurfer -autorecon1
        
        (one of the commands exited with non-zero exit code; note that snakemake uses bash strict mode!)

[Wed Jun 28 13:29:56 2023]
Error in rule freesurfer_preproc:
    jobid: 87
    input: /home/ROBARTS/ataha/graham/scratch/afids-data/data/datasets/LHSCPD/derivatives/tfrom_greedy/sub-132/anat/sub-132_acq-MP2RAGE_space-MNI152NLin2009cAsym_T1w.nii.gz
    output: /home/ROBARTS/ataha/graham/scratch/afids-data/data/datasets/LHSCPD/derivatives/freesurfer/sub-132/mri/T1.mgz
    shell:
        
        rm -r /home/ROBARTS/ataha/graham/scratch/afids-data/data/datasets/LHSCPD/derivatives/freesurfer/sub-132
        recon-all -subject sub-132 -i /home/ROBARTS/ataha/graham/scratch/afids-data/data/datasets/LHSCPD/derivatives/tfrom_greedy/sub-132/anat/sub-132_acq-MP2RAGE_space-MNI152NLin2009cAsym_T1w.nii.gz -sd /home/ROBARTS/ataha/graham/scratch/afids-data/data/datasets/LHSCPD/derivatives/freesurfer -autorecon1
        
        (one of the commands exited with non-zero exit code; note that snakemake uses bash strict mode!)

Complete log: .snakemake/log/2023-06-28T102307.424685.snakemake.log
