Building DAG of jobs...
Using shell: /usr/bin/bash
Provided cores: 4
Rules claiming more threads will be scaled down.
Job stats:
job                     count    min threads    max threads
--------------------  -------  -------------  -------------
align_template_rigid       39              1              1
all                         1              1              1
fids2mni                   40              1              1
freesurfer2bids            40              1              1
freesurfer_preproc         40              1              1
skull_strip                39              1              1
total                     199              1              1

Select jobs to execute...

[Wed Jun 28 09:25:58 2023]
rule freesurfer_preproc:
    input: /home/ROBARTS/ataha/graham/scratch/afids-data/data/datasets/LHSCPD/derivatives/tfrom_greedy/sub-120/anat/sub-120_acq-MP2RAGE_space-MNI152NLin2009cAsym_T1w.nii.gz
    output: /home/ROBARTS/ataha/graham/scratch/afids-data/data/datasets/LHSCPD/derivatives/freesurfer/sub-120/mri/T1.mgz
    jobid: 47
    reason: Missing output files: /home/ROBARTS/ataha/graham/scratch/afids-data/data/datasets/LHSCPD/derivatives/freesurfer/sub-120/mri/T1.mgz
    wildcards: subject=120
    resources: tmpdir=/tmp


[Wed Jun 28 09:25:58 2023]
rule skull_strip:
    input: /home/ROBARTS/ataha/graham/scratch/afids-data/data/datasets/LHSCPD/sub-132/anat/sub-132_run-01_T1w.nii.gz
    output: /home/ROBARTS/ataha/graham/scratch/afids-data/data/datasets/LHSCPD/derivatives/synthstrip/sub-132/anat/sub-132_desc-synthstrip_T1w.nii.gz, /home/ROBARTS/ataha/graham/scratch/afids-data/data/datasets/LHSCPD/derivatives/synthstrip/sub-132/anat/sub-132_desc-synthstrip_briamask.nii.gz
    jobid: 89
    reason: Missing output files: /home/ROBARTS/ataha/graham/scratch/afids-data/data/datasets/LHSCPD/derivatives/synthstrip/sub-132/anat/sub-132_desc-synthstrip_T1w.nii.gz
    wildcards: subject=132
    resources: tmpdir=/tmp

[Wed Jun 28 09:25:58 2023]
Error in rule freesurfer_preproc:
    jobid: 47
    input: /home/ROBARTS/ataha/graham/scratch/afids-data/data/datasets/LHSCPD/derivatives/tfrom_greedy/sub-120/anat/sub-120_acq-MP2RAGE_space-MNI152NLin2009cAsym_T1w.nii.gz
    output: /home/ROBARTS/ataha/graham/scratch/afids-data/data/datasets/LHSCPD/derivatives/freesurfer/sub-120/mri/T1.mgz
    shell:
        
        rm -r /home/ROBARTS/ataha/graham/scratch/afids-data/data/datasets/LHSCPD/derivatives/freesurfer/sub-120
        recon-all -subject sub-120 -i /home/ROBARTS/ataha/graham/scratch/afids-data/data/datasets/LHSCPD/derivatives/tfrom_greedy/sub-120/anat/sub-120_acq-MP2RAGE_space-MNI152NLin2009cAsym_T1w.nii.gz -sd /home/ROBARTS/ataha/graham/scratch/afids-data/data/datasets/LHSCPD/derivatives/freesurfer -autorecon1
        
        (one of the commands exited with non-zero exit code; note that snakemake uses bash strict mode!)

Activating singularity image /home/ROBARTS/ataha/graham/scratch/synthstrip.1.3.sif

[Wed Jun 28 09:25:59 2023]
rule skull_strip:
    input: /home/ROBARTS/ataha/graham/scratch/afids-data/data/datasets/LHSCPD/sub-133/anat/sub-133_run-01_T1w.nii.gz
    output: /home/ROBARTS/ataha/graham/scratch/afids-data/data/datasets/LHSCPD/derivatives/synthstrip/sub-133/anat/sub-133_desc-synthstrip_T1w.nii.gz, /home/ROBARTS/ataha/graham/scratch/afids-data/data/datasets/LHSCPD/derivatives/synthstrip/sub-133/anat/sub-133_desc-synthstrip_briamask.nii.gz
    jobid: 94
    reason: Missing output files: /home/ROBARTS/ataha/graham/scratch/afids-data/data/datasets/LHSCPD/derivatives/synthstrip/sub-133/anat/sub-133_desc-synthstrip_T1w.nii.gz
    wildcards: subject=133
    resources: tmpdir=/tmp

Activating singularity image /home/ROBARTS/ataha/graham/scratch/synthstrip.1.3.sif

[Wed Jun 28 09:26:01 2023]
rule skull_strip:
    input: /home/ROBARTS/ataha/graham/scratch/afids-data/data/datasets/LHSCPD/sub-116/anat/sub-116_run-01_T1w.nii.gz
    output: /home/ROBARTS/ataha/graham/scratch/afids-data/data/datasets/LHSCPD/derivatives/synthstrip/sub-116/anat/sub-116_desc-synthstrip_T1w.nii.gz, /home/ROBARTS/ataha/graham/scratch/afids-data/data/datasets/LHSCPD/derivatives/synthstrip/sub-116/anat/sub-116_desc-synthstrip_briamask.nii.gz
    jobid: 39
    reason: Missing output files: /home/ROBARTS/ataha/graham/scratch/afids-data/data/datasets/LHSCPD/derivatives/synthstrip/sub-116/anat/sub-116_desc-synthstrip_T1w.nii.gz
    wildcards: subject=116
    resources: tmpdir=/tmp

Activating singularity image /home/ROBARTS/ataha/graham/scratch/synthstrip.1.3.sif
[Wed Jun 28 09:26:48 2023]
Finished job 89.
1 of 199 steps (1%) done
[Wed Jun 28 09:26:48 2023]
Finished job 94.
2 of 199 steps (1%) done
[Wed Jun 28 09:26:51 2023]
Finished job 39.
3 of 199 steps (2%) done
Shutting down, this might take some time.
Exiting because a job execution failed. Look above for error message
Complete log: .snakemake/log/2023-06-28T092544.105456.snakemake.log
