Building DAG of jobs...
Using shell: /usr/bin/bash
Provided cores: 3
Rules claiming more threads will be scaled down.
Job stats:
job                     count    min threads    max threads
--------------------  -------  -------------  -------------
align_template_rigid       32              1              1
all                         1              1              1
fids2mni                   32              1              1
freesurfer2bids            32              1              1
freesurfer_preproc         32              1              1
skull_strip                32              1              1
total                     161              1              1

Select jobs to execute...

[Thu Jun 29 08:53:34 2023]
rule skull_strip:
    input: /home/ROBARTS/ataha/graham/scratch/afids-data/data/datasets/SNSX/sub-C013/anat/sub-C013_acq-MP2RAGE_run-01_T1w.nii.gz
    output: /home/ROBARTS/ataha/graham/scratch/afids-data/data/datasets/SNSX/derivatives/synthstrip/sub-C013/anat/sub-C013_desc-synthstrip_T1w.nii.gz, /home/ROBARTS/ataha/graham/scratch/afids-data/data/datasets/SNSX/derivatives/synthstrip/sub-C013/anat/sub-C013_desc-synthstrip_briamask.nii.gz
    jobid: 64
    reason: Missing output files: /home/ROBARTS/ataha/graham/scratch/afids-data/data/datasets/SNSX/derivatives/synthstrip/sub-C013/anat/sub-C013_desc-synthstrip_T1w.nii.gz
    wildcards: subject=C013
    priority: highest
    resources: tmpdir=/tmp, mem_gb=20, cpu=6

Activating singularity image /home/ROBARTS/ataha/graham/scratch/synthstrip.1.3.sif

[Thu Jun 29 08:53:34 2023]
rule skull_strip:
    input: /home/ROBARTS/ataha/graham/scratch/afids-data/data/datasets/SNSX/sub-C029/anat/sub-C029_acq-MP2RAGE_run-01_T1w.nii.gz
    output: /home/ROBARTS/ataha/graham/scratch/afids-data/data/datasets/SNSX/derivatives/synthstrip/sub-C029/anat/sub-C029_desc-synthstrip_T1w.nii.gz, /home/ROBARTS/ataha/graham/scratch/afids-data/data/datasets/SNSX/derivatives/synthstrip/sub-C029/anat/sub-C029_desc-synthstrip_briamask.nii.gz
    jobid: 134
    reason: Missing output files: /home/ROBARTS/ataha/graham/scratch/afids-data/data/datasets/SNSX/derivatives/synthstrip/sub-C029/anat/sub-C029_desc-synthstrip_T1w.nii.gz
    wildcards: subject=C029
    priority: highest
    resources: tmpdir=/tmp, mem_gb=20, cpu=6

Activating singularity image /home/ROBARTS/ataha/graham/scratch/synthstrip.1.3.sif

[Thu Jun 29 08:53:35 2023]
rule skull_strip:
    input: /home/ROBARTS/ataha/graham/scratch/afids-data/data/datasets/SNSX/sub-C009/anat/sub-C009_acq-MP2RAGE_run-01_T1w.nii.gz
    output: /home/ROBARTS/ataha/graham/scratch/afids-data/data/datasets/SNSX/derivatives/synthstrip/sub-C009/anat/sub-C009_desc-synthstrip_T1w.nii.gz, /home/ROBARTS/ataha/graham/scratch/afids-data/data/datasets/SNSX/derivatives/synthstrip/sub-C009/anat/sub-C009_desc-synthstrip_briamask.nii.gz
    jobid: 44
    reason: Missing output files: /home/ROBARTS/ataha/graham/scratch/afids-data/data/datasets/SNSX/derivatives/synthstrip/sub-C009/anat/sub-C009_desc-synthstrip_T1w.nii.gz
    wildcards: subject=C009
    priority: highest
    resources: tmpdir=/tmp, mem_gb=20, cpu=6

Activating singularity image /home/ROBARTS/ataha/graham/scratch/synthstrip.1.3.sif
[Thu Jun 29 08:54:45 2023]
Finished job 134.
1 of 161 steps (1%) done
Select jobs to execute...

[Thu Jun 29 08:54:45 2023]
rule skull_strip:
    input: /home/ROBARTS/ataha/graham/scratch/afids-data/data/datasets/SNSX/sub-C008/anat/sub-C008_acq-MP2RAGE_run-01_T1w.nii.gz
    output: /home/ROBARTS/ataha/graham/scratch/afids-data/data/datasets/SNSX/derivatives/synthstrip/sub-C008/anat/sub-C008_desc-synthstrip_T1w.nii.gz, /home/ROBARTS/ataha/graham/scratch/afids-data/data/datasets/SNSX/derivatives/synthstrip/sub-C008/anat/sub-C008_desc-synthstrip_briamask.nii.gz
    jobid: 39
    reason: Missing output files: /home/ROBARTS/ataha/graham/scratch/afids-data/data/datasets/SNSX/derivatives/synthstrip/sub-C008/anat/sub-C008_desc-synthstrip_T1w.nii.gz
    wildcards: subject=C008
    priority: highest
    resources: tmpdir=/tmp, mem_gb=20, cpu=6

Activating singularity image /home/ROBARTS/ataha/graham/scratch/synthstrip.1.3.sif
[Thu Jun 29 08:54:45 2023]
Finished job 64.
2 of 161 steps (1%) done
[Thu Jun 29 08:54:46 2023]
Finished job 44.
3 of 161 steps (2%) done
Select jobs to execute...

[Thu Jun 29 08:54:46 2023]
rule skull_strip:
    input: /home/ROBARTS/ataha/graham/scratch/afids-data/data/datasets/SNSX/sub-C002/anat/sub-C002_acq-MP2RAGE_run-01_T1w.nii.gz
    output: /home/ROBARTS/ataha/graham/scratch/afids-data/data/datasets/SNSX/derivatives/synthstrip/sub-C002/anat/sub-C002_desc-synthstrip_T1w.nii.gz, /home/ROBARTS/ataha/graham/scratch/afids-data/data/datasets/SNSX/derivatives/synthstrip/sub-C002/anat/sub-C002_desc-synthstrip_briamask.nii.gz
    jobid: 9
    reason: Missing output files: /home/ROBARTS/ataha/graham/scratch/afids-data/data/datasets/SNSX/derivatives/synthstrip/sub-C002/anat/sub-C002_desc-synthstrip_T1w.nii.gz
    wildcards: subject=C002
    priority: highest
    resources: tmpdir=/tmp, mem_gb=20, cpu=6

Activating singularity image /home/ROBARTS/ataha/graham/scratch/synthstrip.1.3.sif

[Thu Jun 29 08:54:47 2023]
rule skull_strip:
    input: /home/ROBARTS/ataha/graham/scratch/afids-data/data/datasets/SNSX/sub-C030/anat/sub-C030_acq-MP2RAGE_run-01_T1w.nii.gz
    output: /home/ROBARTS/ataha/graham/scratch/afids-data/data/datasets/SNSX/derivatives/synthstrip/sub-C030/anat/sub-C030_desc-synthstrip_T1w.nii.gz, /home/ROBARTS/ataha/graham/scratch/afids-data/data/datasets/SNSX/derivatives/synthstrip/sub-C030/anat/sub-C030_desc-synthstrip_briamask.nii.gz
    jobid: 139
    reason: Missing output files: /home/ROBARTS/ataha/graham/scratch/afids-data/data/datasets/SNSX/derivatives/synthstrip/sub-C030/anat/sub-C030_desc-synthstrip_T1w.nii.gz
    wildcards: subject=C030
    priority: highest
    resources: tmpdir=/tmp, mem_gb=20, cpu=6

Select jobs to execute...
Activating singularity image /home/ROBARTS/ataha/graham/scratch/synthstrip.1.3.sif
[Thu Jun 29 08:55:52 2023]
Finished job 39.
4 of 161 steps (2%) done

[Thu Jun 29 08:55:52 2023]
rule skull_strip:
    input: /home/ROBARTS/ataha/graham/scratch/afids-data/data/datasets/SNSX/sub-C022/anat/sub-C022_acq-MP2RAGE_run-01_T1w.nii.gz
    output: /home/ROBARTS/ataha/graham/scratch/afids-data/data/datasets/SNSX/derivatives/synthstrip/sub-C022/anat/sub-C022_desc-synthstrip_T1w.nii.gz, /home/ROBARTS/ataha/graham/scratch/afids-data/data/datasets/SNSX/derivatives/synthstrip/sub-C022/anat/sub-C022_desc-synthstrip_briamask.nii.gz
    jobid: 99
    reason: Missing output files: /home/ROBARTS/ataha/graham/scratch/afids-data/data/datasets/SNSX/derivatives/synthstrip/sub-C022/anat/sub-C022_desc-synthstrip_T1w.nii.gz
    wildcards: subject=C022
    priority: highest
    resources: tmpdir=/tmp, mem_gb=20, cpu=6

Activating singularity image /home/ROBARTS/ataha/graham/scratch/synthstrip.1.3.sif
[Thu Jun 29 08:55:57 2023]
Finished job 139.
5 of 161 steps (3%) done
Select jobs to execute...

[Thu Jun 29 08:55:57 2023]
rule skull_strip:
    input: /home/ROBARTS/ataha/graham/scratch/afids-data/data/datasets/SNSX/sub-C027/anat/sub-C027_acq-MP2RAGE_run-01_T1w.nii.gz
    output: /home/ROBARTS/ataha/graham/scratch/afids-data/data/datasets/SNSX/derivatives/synthstrip/sub-C027/anat/sub-C027_desc-synthstrip_T1w.nii.gz, /home/ROBARTS/ataha/graham/scratch/afids-data/data/datasets/SNSX/derivatives/synthstrip/sub-C027/anat/sub-C027_desc-synthstrip_briamask.nii.gz
    jobid: 124
    reason: Missing output files: /home/ROBARTS/ataha/graham/scratch/afids-data/data/datasets/SNSX/derivatives/synthstrip/sub-C027/anat/sub-C027_desc-synthstrip_T1w.nii.gz
    wildcards: subject=C027
    priority: highest
    resources: tmpdir=/tmp, mem_gb=20, cpu=6

Activating singularity image /home/ROBARTS/ataha/graham/scratch/synthstrip.1.3.sif
[Thu Jun 29 08:55:58 2023]
Finished job 9.
6 of 161 steps (4%) done
Select jobs to execute...

[Thu Jun 29 08:55:58 2023]
rule skull_strip:
    input: /home/ROBARTS/ataha/graham/scratch/afids-data/data/datasets/SNSX/sub-C026/anat/sub-C026_acq-MP2RAGE_run-01_T1w.nii.gz
    output: /home/ROBARTS/ataha/graham/scratch/afids-data/data/datasets/SNSX/derivatives/synthstrip/sub-C026/anat/sub-C026_desc-synthstrip_T1w.nii.gz, /home/ROBARTS/ataha/graham/scratch/afids-data/data/datasets/SNSX/derivatives/synthstrip/sub-C026/anat/sub-C026_desc-synthstrip_briamask.nii.gz
    jobid: 119
    reason: Missing output files: /home/ROBARTS/ataha/graham/scratch/afids-data/data/datasets/SNSX/derivatives/synthstrip/sub-C026/anat/sub-C026_desc-synthstrip_T1w.nii.gz
    wildcards: subject=C026
    priority: highest
    resources: tmpdir=/tmp, mem_gb=20, cpu=6

Activating singularity image /home/ROBARTS/ataha/graham/scratch/synthstrip.1.3.sif
[Thu Jun 29 08:57:02 2023]
Finished job 99.
7 of 161 steps (4%) done
Select jobs to execute...

[Thu Jun 29 08:57:02 2023]
rule skull_strip:
    input: /home/ROBARTS/ataha/graham/scratch/afids-data/data/datasets/SNSX/sub-C020/anat/sub-C020_acq-MP2RAGE_run-01_T1w.nii.gz
    output: /home/ROBARTS/ataha/graham/scratch/afids-data/data/datasets/SNSX/derivatives/synthstrip/sub-C020/anat/sub-C020_desc-synthstrip_T1w.nii.gz, /home/ROBARTS/ataha/graham/scratch/afids-data/data/datasets/SNSX/derivatives/synthstrip/sub-C020/anat/sub-C020_desc-synthstrip_briamask.nii.gz
    jobid: 89
    reason: Missing output files: /home/ROBARTS/ataha/graham/scratch/afids-data/data/datasets/SNSX/derivatives/synthstrip/sub-C020/anat/sub-C020_desc-synthstrip_T1w.nii.gz
    wildcards: subject=C020
    priority: highest
    resources: tmpdir=/tmp, mem_gb=20, cpu=6

Activating singularity image /home/ROBARTS/ataha/graham/scratch/synthstrip.1.3.sif
[Thu Jun 29 08:57:06 2023]
Finished job 124.
8 of 161 steps (5%) done
Select jobs to execute...

[Thu Jun 29 08:57:06 2023]
rule skull_strip:
    input: /home/ROBARTS/ataha/graham/scratch/afids-data/data/datasets/SNSX/sub-C005/anat/sub-C005_acq-MP2RAGE_run-01_T1w.nii.gz
    output: /home/ROBARTS/ataha/graham/scratch/afids-data/data/datasets/SNSX/derivatives/synthstrip/sub-C005/anat/sub-C005_desc-synthstrip_T1w.nii.gz, /home/ROBARTS/ataha/graham/scratch/afids-data/data/datasets/SNSX/derivatives/synthstrip/sub-C005/anat/sub-C005_desc-synthstrip_briamask.nii.gz
    jobid: 24
    reason: Missing output files: /home/ROBARTS/ataha/graham/scratch/afids-data/data/datasets/SNSX/derivatives/synthstrip/sub-C005/anat/sub-C005_desc-synthstrip_T1w.nii.gz
    wildcards: subject=C005
    priority: highest
    resources: tmpdir=/tmp, mem_gb=20, cpu=6

Activating singularity image /home/ROBARTS/ataha/graham/scratch/synthstrip.1.3.sif
[Thu Jun 29 08:57:07 2023]
Finished job 119.
9 of 161 steps (6%) done
Select jobs to execute...

[Thu Jun 29 08:57:07 2023]
rule skull_strip:
    input: /home/ROBARTS/ataha/graham/scratch/afids-data/data/datasets/SNSX/sub-C031/anat/sub-C031_acq-MP2RAGE_run-01_T1w.nii.gz
    output: /home/ROBARTS/ataha/graham/scratch/afids-data/data/datasets/SNSX/derivatives/synthstrip/sub-C031/anat/sub-C031_desc-synthstrip_T1w.nii.gz, /home/ROBARTS/ataha/graham/scratch/afids-data/data/datasets/SNSX/derivatives/synthstrip/sub-C031/anat/sub-C031_desc-synthstrip_briamask.nii.gz
    jobid: 144
    reason: Missing output files: /home/ROBARTS/ataha/graham/scratch/afids-data/data/datasets/SNSX/derivatives/synthstrip/sub-C031/anat/sub-C031_desc-synthstrip_T1w.nii.gz
    wildcards: subject=C031
    priority: highest
    resources: tmpdir=/tmp, mem_gb=20, cpu=6

Activating singularity image /home/ROBARTS/ataha/graham/scratch/synthstrip.1.3.sif
[Thu Jun 29 08:58:09 2023]
Finished job 89.
10 of 161 steps (6%) done
Select jobs to execute...

[Thu Jun 29 08:58:09 2023]
rule skull_strip:
    input: /home/ROBARTS/ataha/graham/scratch/afids-data/data/datasets/SNSX/sub-C023/anat/sub-C023_acq-MP2RAGE_run-01_T1w.nii.gz
    output: /home/ROBARTS/ataha/graham/scratch/afids-data/data/datasets/SNSX/derivatives/synthstrip/sub-C023/anat/sub-C023_desc-synthstrip_T1w.nii.gz, /home/ROBARTS/ataha/graham/scratch/afids-data/data/datasets/SNSX/derivatives/synthstrip/sub-C023/anat/sub-C023_desc-synthstrip_briamask.nii.gz
    jobid: 104
    reason: Missing output files: /home/ROBARTS/ataha/graham/scratch/afids-data/data/datasets/SNSX/derivatives/synthstrip/sub-C023/anat/sub-C023_desc-synthstrip_T1w.nii.gz
    wildcards: subject=C023
    priority: highest
    resources: tmpdir=/tmp, mem_gb=20, cpu=6

Activating singularity image /home/ROBARTS/ataha/graham/scratch/synthstrip.1.3.sif
[Thu Jun 29 08:58:15 2023]
Finished job 24.
11 of 161 steps (7%) done
Select jobs to execute...

[Thu Jun 29 08:58:15 2023]
rule skull_strip:
    input: /home/ROBARTS/ataha/graham/scratch/afids-data/data/datasets/SNSX/sub-C004/anat/sub-C004_acq-MP2RAGE_run-01_T1w.nii.gz
    output: /home/ROBARTS/ataha/graham/scratch/afids-data/data/datasets/SNSX/derivatives/synthstrip/sub-C004/anat/sub-C004_desc-synthstrip_T1w.nii.gz, /home/ROBARTS/ataha/graham/scratch/afids-data/data/datasets/SNSX/derivatives/synthstrip/sub-C004/anat/sub-C004_desc-synthstrip_briamask.nii.gz
    jobid: 19
    reason: Missing output files: /home/ROBARTS/ataha/graham/scratch/afids-data/data/datasets/SNSX/derivatives/synthstrip/sub-C004/anat/sub-C004_desc-synthstrip_T1w.nii.gz
    wildcards: subject=C004
    priority: highest
    resources: tmpdir=/tmp, mem_gb=20, cpu=6

Activating singularity image /home/ROBARTS/ataha/graham/scratch/synthstrip.1.3.sif
[Thu Jun 29 08:58:16 2023]
Finished job 144.
12 of 161 steps (7%) done
Select jobs to execute...

[Thu Jun 29 08:58:16 2023]
rule skull_strip:
    input: /home/ROBARTS/ataha/graham/scratch/afids-data/data/datasets/SNSX/sub-C010/anat/sub-C010_acq-MP2RAGE_run-01_T1w.nii.gz
    output: /home/ROBARTS/ataha/graham/scratch/afids-data/data/datasets/SNSX/derivatives/synthstrip/sub-C010/anat/sub-C010_desc-synthstrip_T1w.nii.gz, /home/ROBARTS/ataha/graham/scratch/afids-data/data/datasets/SNSX/derivatives/synthstrip/sub-C010/anat/sub-C010_desc-synthstrip_briamask.nii.gz
    jobid: 49
    reason: Missing output files: /home/ROBARTS/ataha/graham/scratch/afids-data/data/datasets/SNSX/derivatives/synthstrip/sub-C010/anat/sub-C010_desc-synthstrip_T1w.nii.gz
    wildcards: subject=C010
    priority: highest
    resources: tmpdir=/tmp, mem_gb=20, cpu=6

Activating singularity image /home/ROBARTS/ataha/graham/scratch/synthstrip.1.3.sif
[Thu Jun 29 08:59:18 2023]
Finished job 104.
13 of 161 steps (8%) done
Select jobs to execute...

[Thu Jun 29 08:59:19 2023]
rule skull_strip:
    input: /home/ROBARTS/ataha/graham/scratch/afids-data/data/datasets/SNSX/sub-C033/anat/sub-C033_acq-MP2RAGE_run-01_T1w.nii.gz
    output: /home/ROBARTS/ataha/graham/scratch/afids-data/data/datasets/SNSX/derivatives/synthstrip/sub-C033/anat/sub-C033_desc-synthstrip_T1w.nii.gz, /home/ROBARTS/ataha/graham/scratch/afids-data/data/datasets/SNSX/derivatives/synthstrip/sub-C033/anat/sub-C033_desc-synthstrip_briamask.nii.gz
    jobid: 154
    reason: Missing output files: /home/ROBARTS/ataha/graham/scratch/afids-data/data/datasets/SNSX/derivatives/synthstrip/sub-C033/anat/sub-C033_desc-synthstrip_T1w.nii.gz
    wildcards: subject=C033
    priority: highest
    resources: tmpdir=/tmp, mem_gb=20, cpu=6

Activating singularity image /home/ROBARTS/ataha/graham/scratch/synthstrip.1.3.sif
[Thu Jun 29 08:59:26 2023]
Finished job 49.
14 of 161 steps (9%) done
Select jobs to execute...

[Thu Jun 29 08:59:26 2023]
rule skull_strip:
    input: /home/ROBARTS/ataha/graham/scratch/afids-data/data/datasets/SNSX/sub-C028/anat/sub-C028_acq-MP2RAGE_run-01_T1w.nii.gz
    output: /home/ROBARTS/ataha/graham/scratch/afids-data/data/datasets/SNSX/derivatives/synthstrip/sub-C028/anat/sub-C028_desc-synthstrip_T1w.nii.gz, /home/ROBARTS/ataha/graham/scratch/afids-data/data/datasets/SNSX/derivatives/synthstrip/sub-C028/anat/sub-C028_desc-synthstrip_briamask.nii.gz
    jobid: 129
    reason: Missing output files: /home/ROBARTS/ataha/graham/scratch/afids-data/data/datasets/SNSX/derivatives/synthstrip/sub-C028/anat/sub-C028_desc-synthstrip_T1w.nii.gz
    wildcards: subject=C028
    priority: highest
    resources: tmpdir=/tmp, mem_gb=20, cpu=6

Activating singularity image /home/ROBARTS/ataha/graham/scratch/synthstrip.1.3.sif
[Thu Jun 29 08:59:27 2023]
Finished job 19.
15 of 161 steps (9%) done
Select jobs to execute...

[Thu Jun 29 08:59:27 2023]
rule skull_strip:
    input: /home/ROBARTS/ataha/graham/scratch/afids-data/data/datasets/SNSX/sub-C034/anat/sub-C034_acq-MP2RAGE_run-01_T1w.nii.gz
    output: /home/ROBARTS/ataha/graham/scratch/afids-data/data/datasets/SNSX/derivatives/synthstrip/sub-C034/anat/sub-C034_desc-synthstrip_T1w.nii.gz, /home/ROBARTS/ataha/graham/scratch/afids-data/data/datasets/SNSX/derivatives/synthstrip/sub-C034/anat/sub-C034_desc-synthstrip_briamask.nii.gz
    jobid: 159
    reason: Missing output files: /home/ROBARTS/ataha/graham/scratch/afids-data/data/datasets/SNSX/derivatives/synthstrip/sub-C034/anat/sub-C034_desc-synthstrip_T1w.nii.gz
    wildcards: subject=C034
    priority: highest
    resources: tmpdir=/tmp, mem_gb=20, cpu=6

Activating singularity image /home/ROBARTS/ataha/graham/scratch/synthstrip.1.3.sif
[Thu Jun 29 09:00:27 2023]
Finished job 154.
16 of 161 steps (10%) done
Select jobs to execute...

[Thu Jun 29 09:00:27 2023]
rule skull_strip:
    input: /home/ROBARTS/ataha/graham/scratch/afids-data/data/datasets/SNSX/sub-C011/anat/sub-C011_acq-MP2RAGE_run-01_T1w.nii.gz
    output: /home/ROBARTS/ataha/graham/scratch/afids-data/data/datasets/SNSX/derivatives/synthstrip/sub-C011/anat/sub-C011_desc-synthstrip_T1w.nii.gz, /home/ROBARTS/ataha/graham/scratch/afids-data/data/datasets/SNSX/derivatives/synthstrip/sub-C011/anat/sub-C011_desc-synthstrip_briamask.nii.gz
    jobid: 54
    reason: Missing output files: /home/ROBARTS/ataha/graham/scratch/afids-data/data/datasets/SNSX/derivatives/synthstrip/sub-C011/anat/sub-C011_desc-synthstrip_T1w.nii.gz
    wildcards: subject=C011
    priority: highest
    resources: tmpdir=/tmp, mem_gb=20, cpu=6

Activating singularity image /home/ROBARTS/ataha/graham/scratch/synthstrip.1.3.sif
[Thu Jun 29 09:00:35 2023]
Finished job 159.
17 of 161 steps (11%) done
Select jobs to execute...

[Thu Jun 29 09:00:35 2023]
rule skull_strip:
    input: /home/ROBARTS/ataha/graham/scratch/afids-data/data/datasets/SNSX/sub-C024/anat/sub-C024_acq-MP2RAGE_run-01_T1w.nii.gz
    output: /home/ROBARTS/ataha/graham/scratch/afids-data/data/datasets/SNSX/derivatives/synthstrip/sub-C024/anat/sub-C024_desc-synthstrip_T1w.nii.gz, /home/ROBARTS/ataha/graham/scratch/afids-data/data/datasets/SNSX/derivatives/synthstrip/sub-C024/anat/sub-C024_desc-synthstrip_briamask.nii.gz
    jobid: 109
    reason: Missing output files: /home/ROBARTS/ataha/graham/scratch/afids-data/data/datasets/SNSX/derivatives/synthstrip/sub-C024/anat/sub-C024_desc-synthstrip_T1w.nii.gz
    wildcards: subject=C024
    priority: highest
    resources: tmpdir=/tmp, mem_gb=20, cpu=6

Activating singularity image /home/ROBARTS/ataha/graham/scratch/synthstrip.1.3.sif
[Thu Jun 29 09:00:35 2023]
Finished job 129.
18 of 161 steps (11%) done
Select jobs to execute...

[Thu Jun 29 09:00:35 2023]
rule skull_strip:
    input: /home/ROBARTS/ataha/graham/scratch/afids-data/data/datasets/SNSX/sub-C016/anat/sub-C016_acq-MP2RAGE_run-01_T1w.nii.gz
    output: /home/ROBARTS/ataha/graham/scratch/afids-data/data/datasets/SNSX/derivatives/synthstrip/sub-C016/anat/sub-C016_desc-synthstrip_T1w.nii.gz, /home/ROBARTS/ataha/graham/scratch/afids-data/data/datasets/SNSX/derivatives/synthstrip/sub-C016/anat/sub-C016_desc-synthstrip_briamask.nii.gz
    jobid: 74
    reason: Missing output files: /home/ROBARTS/ataha/graham/scratch/afids-data/data/datasets/SNSX/derivatives/synthstrip/sub-C016/anat/sub-C016_desc-synthstrip_T1w.nii.gz
    wildcards: subject=C016
    priority: highest
    resources: tmpdir=/tmp, mem_gb=20, cpu=6

Activating singularity image /home/ROBARTS/ataha/graham/scratch/synthstrip.1.3.sif
[Thu Jun 29 09:01:34 2023]
Finished job 54.
19 of 161 steps (12%) done
Select jobs to execute...

[Thu Jun 29 09:01:34 2023]
rule skull_strip:
    input: /home/ROBARTS/ataha/graham/scratch/afids-data/data/datasets/SNSX/sub-C032/anat/sub-C032_acq-MP2RAGE_run-01_T1w.nii.gz
    output: /home/ROBARTS/ataha/graham/scratch/afids-data/data/datasets/SNSX/derivatives/synthstrip/sub-C032/anat/sub-C032_desc-synthstrip_T1w.nii.gz, /home/ROBARTS/ataha/graham/scratch/afids-data/data/datasets/SNSX/derivatives/synthstrip/sub-C032/anat/sub-C032_desc-synthstrip_briamask.nii.gz
    jobid: 149
    reason: Missing output files: /home/ROBARTS/ataha/graham/scratch/afids-data/data/datasets/SNSX/derivatives/synthstrip/sub-C032/anat/sub-C032_desc-synthstrip_T1w.nii.gz
    wildcards: subject=C032
    priority: highest
    resources: tmpdir=/tmp, mem_gb=20, cpu=6

Activating singularity image /home/ROBARTS/ataha/graham/scratch/synthstrip.1.3.sif
[Thu Jun 29 09:01:46 2023]
Finished job 74.
20 of 161 steps (12%) done
Select jobs to execute...

[Thu Jun 29 09:01:46 2023]
rule skull_strip:
    input: /home/ROBARTS/ataha/graham/scratch/afids-data/data/datasets/SNSX/sub-C019/anat/sub-C019_acq-MP2RAGE_run-01_T1w.nii.gz
    output: /home/ROBARTS/ataha/graham/scratch/afids-data/data/datasets/SNSX/derivatives/synthstrip/sub-C019/anat/sub-C019_desc-synthstrip_T1w.nii.gz, /home/ROBARTS/ataha/graham/scratch/afids-data/data/datasets/SNSX/derivatives/synthstrip/sub-C019/anat/sub-C019_desc-synthstrip_briamask.nii.gz
    jobid: 84
    reason: Missing output files: /home/ROBARTS/ataha/graham/scratch/afids-data/data/datasets/SNSX/derivatives/synthstrip/sub-C019/anat/sub-C019_desc-synthstrip_T1w.nii.gz
    wildcards: subject=C019
    priority: highest
    resources: tmpdir=/tmp, mem_gb=20, cpu=6

Activating singularity image /home/ROBARTS/ataha/graham/scratch/synthstrip.1.3.sif
[Thu Jun 29 09:01:46 2023]
Finished job 109.
21 of 161 steps (13%) done
Select jobs to execute...

[Thu Jun 29 09:01:46 2023]
rule skull_strip:
    input: /home/ROBARTS/ataha/graham/scratch/afids-data/data/datasets/SNSX/sub-C021/anat/sub-C021_acq-MP2RAGE_run-01_T1w.nii.gz
    output: /home/ROBARTS/ataha/graham/scratch/afids-data/data/datasets/SNSX/derivatives/synthstrip/sub-C021/anat/sub-C021_desc-synthstrip_T1w.nii.gz, /home/ROBARTS/ataha/graham/scratch/afids-data/data/datasets/SNSX/derivatives/synthstrip/sub-C021/anat/sub-C021_desc-synthstrip_briamask.nii.gz
    jobid: 94
    reason: Missing output files: /home/ROBARTS/ataha/graham/scratch/afids-data/data/datasets/SNSX/derivatives/synthstrip/sub-C021/anat/sub-C021_desc-synthstrip_T1w.nii.gz
    wildcards: subject=C021
    priority: highest
    resources: tmpdir=/tmp, mem_gb=20, cpu=6

Activating singularity image /home/ROBARTS/ataha/graham/scratch/synthstrip.1.3.sif
[Thu Jun 29 09:02:46 2023]
Finished job 149.
22 of 161 steps (14%) done
Select jobs to execute...

[Thu Jun 29 09:02:46 2023]
rule skull_strip:
    input: /home/ROBARTS/ataha/graham/scratch/afids-data/data/datasets/SNSX/sub-C001/anat/sub-C001_acq-MP2RAGE_run-01_T1w.nii.gz
    output: /home/ROBARTS/ataha/graham/scratch/afids-data/data/datasets/SNSX/derivatives/synthstrip/sub-C001/anat/sub-C001_desc-synthstrip_T1w.nii.gz, /home/ROBARTS/ataha/graham/scratch/afids-data/data/datasets/SNSX/derivatives/synthstrip/sub-C001/anat/sub-C001_desc-synthstrip_briamask.nii.gz
    jobid: 4
    reason: Missing output files: /home/ROBARTS/ataha/graham/scratch/afids-data/data/datasets/SNSX/derivatives/synthstrip/sub-C001/anat/sub-C001_desc-synthstrip_T1w.nii.gz
    wildcards: subject=C001
    priority: highest
    resources: tmpdir=/tmp, mem_gb=20, cpu=6

Activating singularity image /home/ROBARTS/ataha/graham/scratch/synthstrip.1.3.sif
[Thu Jun 29 09:02:56 2023]
Finished job 94.
23 of 161 steps (14%) done
Select jobs to execute...

[Thu Jun 29 09:02:56 2023]
rule skull_strip:
    input: /home/ROBARTS/ataha/graham/scratch/afids-data/data/datasets/SNSX/sub-C007/anat/sub-C007_acq-MP2RAGE_run-01_T1w.nii.gz
    output: /home/ROBARTS/ataha/graham/scratch/afids-data/data/datasets/SNSX/derivatives/synthstrip/sub-C007/anat/sub-C007_desc-synthstrip_T1w.nii.gz, /home/ROBARTS/ataha/graham/scratch/afids-data/data/datasets/SNSX/derivatives/synthstrip/sub-C007/anat/sub-C007_desc-synthstrip_briamask.nii.gz
    jobid: 34
    reason: Missing output files: /home/ROBARTS/ataha/graham/scratch/afids-data/data/datasets/SNSX/derivatives/synthstrip/sub-C007/anat/sub-C007_desc-synthstrip_T1w.nii.gz
    wildcards: subject=C007
    priority: highest
    resources: tmpdir=/tmp, mem_gb=20, cpu=6

Activating singularity image /home/ROBARTS/ataha/graham/scratch/synthstrip.1.3.sif
[Thu Jun 29 09:02:56 2023]
Finished job 84.
24 of 161 steps (15%) done
Select jobs to execute...

[Thu Jun 29 09:02:56 2023]
rule skull_strip:
    input: /home/ROBARTS/ataha/graham/scratch/afids-data/data/datasets/SNSX/sub-C012/anat/sub-C012_acq-MP2RAGE_run-01_T1w.nii.gz
    output: /home/ROBARTS/ataha/graham/scratch/afids-data/data/datasets/SNSX/derivatives/synthstrip/sub-C012/anat/sub-C012_desc-synthstrip_T1w.nii.gz, /home/ROBARTS/ataha/graham/scratch/afids-data/data/datasets/SNSX/derivatives/synthstrip/sub-C012/anat/sub-C012_desc-synthstrip_briamask.nii.gz
    jobid: 59
    reason: Missing output files: /home/ROBARTS/ataha/graham/scratch/afids-data/data/datasets/SNSX/derivatives/synthstrip/sub-C012/anat/sub-C012_desc-synthstrip_T1w.nii.gz
    wildcards: subject=C012
    priority: highest
    resources: tmpdir=/tmp, mem_gb=20, cpu=6

Activating singularity image /home/ROBARTS/ataha/graham/scratch/synthstrip.1.3.sif
[Thu Jun 29 09:03:56 2023]
Finished job 4.
25 of 161 steps (16%) done
Select jobs to execute...

[Thu Jun 29 09:03:56 2023]
rule skull_strip:
    input: /home/ROBARTS/ataha/graham/scratch/afids-data/data/datasets/SNSX/sub-C003/anat/sub-C003_acq-MP2RAGE_run-01_T1w.nii.gz
    output: /home/ROBARTS/ataha/graham/scratch/afids-data/data/datasets/SNSX/derivatives/synthstrip/sub-C003/anat/sub-C003_desc-synthstrip_T1w.nii.gz, /home/ROBARTS/ataha/graham/scratch/afids-data/data/datasets/SNSX/derivatives/synthstrip/sub-C003/anat/sub-C003_desc-synthstrip_briamask.nii.gz
    jobid: 14
    reason: Missing output files: /home/ROBARTS/ataha/graham/scratch/afids-data/data/datasets/SNSX/derivatives/synthstrip/sub-C003/anat/sub-C003_desc-synthstrip_T1w.nii.gz
    wildcards: subject=C003
    priority: highest
    resources: tmpdir=/tmp, mem_gb=20, cpu=6

Activating singularity image /home/ROBARTS/ataha/graham/scratch/synthstrip.1.3.sif
[Thu Jun 29 09:04:05 2023]
Finished job 34.
26 of 161 steps (16%) done
Select jobs to execute...

[Thu Jun 29 09:04:05 2023]
rule skull_strip:
    input: /home/ROBARTS/ataha/graham/scratch/afids-data/data/datasets/SNSX/sub-C015/anat/sub-C015_acq-MP2RAGE_run-01_T1w.nii.gz
    output: /home/ROBARTS/ataha/graham/scratch/afids-data/data/datasets/SNSX/derivatives/synthstrip/sub-C015/anat/sub-C015_desc-synthstrip_T1w.nii.gz, /home/ROBARTS/ataha/graham/scratch/afids-data/data/datasets/SNSX/derivatives/synthstrip/sub-C015/anat/sub-C015_desc-synthstrip_briamask.nii.gz
    jobid: 69
    reason: Missing output files: /home/ROBARTS/ataha/graham/scratch/afids-data/data/datasets/SNSX/derivatives/synthstrip/sub-C015/anat/sub-C015_desc-synthstrip_T1w.nii.gz
    wildcards: subject=C015
    priority: highest
    resources: tmpdir=/tmp, mem_gb=20, cpu=6

Activating singularity image /home/ROBARTS/ataha/graham/scratch/synthstrip.1.3.sif
[Thu Jun 29 09:04:06 2023]
Finished job 59.
27 of 161 steps (17%) done
Select jobs to execute...

[Thu Jun 29 09:04:06 2023]
rule skull_strip:
    input: /home/ROBARTS/ataha/graham/scratch/afids-data/data/datasets/SNSX/sub-C018/anat/sub-C018_acq-MP2RAGE_run-01_T1w.nii.gz
    output: /home/ROBARTS/ataha/graham/scratch/afids-data/data/datasets/SNSX/derivatives/synthstrip/sub-C018/anat/sub-C018_desc-synthstrip_T1w.nii.gz, /home/ROBARTS/ataha/graham/scratch/afids-data/data/datasets/SNSX/derivatives/synthstrip/sub-C018/anat/sub-C018_desc-synthstrip_briamask.nii.gz
    jobid: 79
    reason: Missing output files: /home/ROBARTS/ataha/graham/scratch/afids-data/data/datasets/SNSX/derivatives/synthstrip/sub-C018/anat/sub-C018_desc-synthstrip_T1w.nii.gz
    wildcards: subject=C018
    priority: highest
    resources: tmpdir=/tmp, mem_gb=20, cpu=6

Activating singularity image /home/ROBARTS/ataha/graham/scratch/synthstrip.1.3.sif
[Thu Jun 29 09:05:04 2023]
Finished job 14.
28 of 161 steps (17%) done
Select jobs to execute...

[Thu Jun 29 09:05:04 2023]
rule skull_strip:
    input: /home/ROBARTS/ataha/graham/scratch/afids-data/data/datasets/SNSX/sub-C006/anat/sub-C006_acq-MP2RAGE_run-01_T1w.nii.gz
    output: /home/ROBARTS/ataha/graham/scratch/afids-data/data/datasets/SNSX/derivatives/synthstrip/sub-C006/anat/sub-C006_desc-synthstrip_T1w.nii.gz, /home/ROBARTS/ataha/graham/scratch/afids-data/data/datasets/SNSX/derivatives/synthstrip/sub-C006/anat/sub-C006_desc-synthstrip_briamask.nii.gz
    jobid: 29
    reason: Missing output files: /home/ROBARTS/ataha/graham/scratch/afids-data/data/datasets/SNSX/derivatives/synthstrip/sub-C006/anat/sub-C006_desc-synthstrip_T1w.nii.gz
    wildcards: subject=C006
    priority: highest
    resources: tmpdir=/tmp, mem_gb=20, cpu=6

Activating singularity image /home/ROBARTS/ataha/graham/scratch/synthstrip.1.3.sif
[Thu Jun 29 09:05:13 2023]
Finished job 69.
29 of 161 steps (18%) done
Select jobs to execute...

[Thu Jun 29 09:05:13 2023]
rule skull_strip:
    input: /home/ROBARTS/ataha/graham/scratch/afids-data/data/datasets/SNSX/sub-C025/anat/sub-C025_acq-MP2RAGE_run-01_T1w.nii.gz
    output: /home/ROBARTS/ataha/graham/scratch/afids-data/data/datasets/SNSX/derivatives/synthstrip/sub-C025/anat/sub-C025_desc-synthstrip_T1w.nii.gz, /home/ROBARTS/ataha/graham/scratch/afids-data/data/datasets/SNSX/derivatives/synthstrip/sub-C025/anat/sub-C025_desc-synthstrip_briamask.nii.gz
    jobid: 114
    reason: Missing output files: /home/ROBARTS/ataha/graham/scratch/afids-data/data/datasets/SNSX/derivatives/synthstrip/sub-C025/anat/sub-C025_desc-synthstrip_T1w.nii.gz
    wildcards: subject=C025
    priority: highest
    resources: tmpdir=/tmp, mem_gb=20, cpu=6

Activating singularity image /home/ROBARTS/ataha/graham/scratch/synthstrip.1.3.sif
[Thu Jun 29 09:05:16 2023]
Finished job 79.
30 of 161 steps (19%) done
Select jobs to execute...

[Thu Jun 29 09:05:16 2023]
rule align_template_rigid:
    input: /home/ROBARTS/ataha/graham/scratch/afids-data/data/datasets/SNSX/derivatives/synthstrip/sub-C029/anat/sub-C029_desc-synthstrip_T1w.nii.gz, /home/ROBARTS/ataha/graham/scratch/afids-data/data/datasets/SNSX/sub-C029/anat/sub-C029_acq-MP2RAGE_run-01_T1w.nii.gz
    output: /home/ROBARTS/ataha/graham/scratch/afids-data/data/datasets/SNSX/derivatives/tfrom_greedy/sub-C029/anat/sub-C029_acq-MP2RAGE_space-MNI152NLin2009cAsym.mat, /home/ROBARTS/ataha/graham/scratch/afids-data/data/datasets/SNSX/derivatives/tfrom_greedy/sub-C029/anat/sub-C029_acq-MP2RAGE_space-MNI152NLin2009cAsym_desc-synthstrip_T1w.nii.gz, /home/ROBARTS/ataha/graham/scratch/afids-data/data/datasets/SNSX/derivatives/tfrom_greedy/sub-C029/anat/sub-C029_acq-MP2RAGE_space-MNI152NLin2009cAsym_T1w.nii.gz
    jobid: 133
    reason: Missing output files: /home/ROBARTS/ataha/graham/scratch/afids-data/data/datasets/SNSX/derivatives/tfrom_greedy/sub-C029/anat/sub-C029_acq-MP2RAGE_space-MNI152NLin2009cAsym_T1w.nii.gz, /home/ROBARTS/ataha/graham/scratch/afids-data/data/datasets/SNSX/derivatives/tfrom_greedy/sub-C029/anat/sub-C029_acq-MP2RAGE_space-MNI152NLin2009cAsym.mat; Input files updated by another job: /home/ROBARTS/ataha/graham/scratch/afids-data/data/datasets/SNSX/derivatives/synthstrip/sub-C029/anat/sub-C029_desc-synthstrip_T1w.nii.gz
    wildcards: subject=C029
    resources: tmpdir=/tmp

[Thu Jun 29 09:06:00 2023]
Finished job 133.
31 of 161 steps (19%) done
Select jobs to execute...

[Thu Jun 29 09:06:00 2023]
rule align_template_rigid:
    input: /home/ROBARTS/ataha/graham/scratch/afids-data/data/datasets/SNSX/derivatives/synthstrip/sub-C009/anat/sub-C009_desc-synthstrip_T1w.nii.gz, /home/ROBARTS/ataha/graham/scratch/afids-data/data/datasets/SNSX/sub-C009/anat/sub-C009_acq-MP2RAGE_run-01_T1w.nii.gz
    output: /home/ROBARTS/ataha/graham/scratch/afids-data/data/datasets/SNSX/derivatives/tfrom_greedy/sub-C009/anat/sub-C009_acq-MP2RAGE_space-MNI152NLin2009cAsym.mat, /home/ROBARTS/ataha/graham/scratch/afids-data/data/datasets/SNSX/derivatives/tfrom_greedy/sub-C009/anat/sub-C009_acq-MP2RAGE_space-MNI152NLin2009cAsym_desc-synthstrip_T1w.nii.gz, /home/ROBARTS/ataha/graham/scratch/afids-data/data/datasets/SNSX/derivatives/tfrom_greedy/sub-C009/anat/sub-C009_acq-MP2RAGE_space-MNI152NLin2009cAsym_T1w.nii.gz
    jobid: 43
    reason: Missing output files: /home/ROBARTS/ataha/graham/scratch/afids-data/data/datasets/SNSX/derivatives/tfrom_greedy/sub-C009/anat/sub-C009_acq-MP2RAGE_space-MNI152NLin2009cAsym_T1w.nii.gz, /home/ROBARTS/ataha/graham/scratch/afids-data/data/datasets/SNSX/derivatives/tfrom_greedy/sub-C009/anat/sub-C009_acq-MP2RAGE_space-MNI152NLin2009cAsym.mat; Input files updated by another job: /home/ROBARTS/ataha/graham/scratch/afids-data/data/datasets/SNSX/derivatives/synthstrip/sub-C009/anat/sub-C009_desc-synthstrip_T1w.nii.gz
    wildcards: subject=C009
    resources: tmpdir=/tmp

[Thu Jun 29 09:06:13 2023]
Finished job 29.
32 of 161 steps (20%) done
Select jobs to execute...

[Thu Jun 29 09:06:13 2023]
rule align_template_rigid:
    input: /home/ROBARTS/ataha/graham/scratch/afids-data/data/datasets/SNSX/derivatives/synthstrip/sub-C008/anat/sub-C008_desc-synthstrip_T1w.nii.gz, /home/ROBARTS/ataha/graham/scratch/afids-data/data/datasets/SNSX/sub-C008/anat/sub-C008_acq-MP2RAGE_run-01_T1w.nii.gz
    output: /home/ROBARTS/ataha/graham/scratch/afids-data/data/datasets/SNSX/derivatives/tfrom_greedy/sub-C008/anat/sub-C008_acq-MP2RAGE_space-MNI152NLin2009cAsym.mat, /home/ROBARTS/ataha/graham/scratch/afids-data/data/datasets/SNSX/derivatives/tfrom_greedy/sub-C008/anat/sub-C008_acq-MP2RAGE_space-MNI152NLin2009cAsym_desc-synthstrip_T1w.nii.gz, /home/ROBARTS/ataha/graham/scratch/afids-data/data/datasets/SNSX/derivatives/tfrom_greedy/sub-C008/anat/sub-C008_acq-MP2RAGE_space-MNI152NLin2009cAsym_T1w.nii.gz
    jobid: 38
    reason: Missing output files: /home/ROBARTS/ataha/graham/scratch/afids-data/data/datasets/SNSX/derivatives/tfrom_greedy/sub-C008/anat/sub-C008_acq-MP2RAGE_space-MNI152NLin2009cAsym_T1w.nii.gz, /home/ROBARTS/ataha/graham/scratch/afids-data/data/datasets/SNSX/derivatives/tfrom_greedy/sub-C008/anat/sub-C008_acq-MP2RAGE_space-MNI152NLin2009cAsym.mat; Input files updated by another job: /home/ROBARTS/ataha/graham/scratch/afids-data/data/datasets/SNSX/derivatives/synthstrip/sub-C008/anat/sub-C008_desc-synthstrip_T1w.nii.gz
    wildcards: subject=C008
    resources: tmpdir=/tmp

[Thu Jun 29 09:06:23 2023]
Finished job 114.
33 of 161 steps (20%) done
Select jobs to execute...

[Thu Jun 29 09:06:23 2023]
rule align_template_rigid:
    input: /home/ROBARTS/ataha/graham/scratch/afids-data/data/datasets/SNSX/derivatives/synthstrip/sub-C013/anat/sub-C013_desc-synthstrip_T1w.nii.gz, /home/ROBARTS/ataha/graham/scratch/afids-data/data/datasets/SNSX/sub-C013/anat/sub-C013_acq-MP2RAGE_run-01_T1w.nii.gz
    output: /home/ROBARTS/ataha/graham/scratch/afids-data/data/datasets/SNSX/derivatives/tfrom_greedy/sub-C013/anat/sub-C013_acq-MP2RAGE_space-MNI152NLin2009cAsym.mat, /home/ROBARTS/ataha/graham/scratch/afids-data/data/datasets/SNSX/derivatives/tfrom_greedy/sub-C013/anat/sub-C013_acq-MP2RAGE_space-MNI152NLin2009cAsym_desc-synthstrip_T1w.nii.gz, /home/ROBARTS/ataha/graham/scratch/afids-data/data/datasets/SNSX/derivatives/tfrom_greedy/sub-C013/anat/sub-C013_acq-MP2RAGE_space-MNI152NLin2009cAsym_T1w.nii.gz
    jobid: 63
    reason: Missing output files: /home/ROBARTS/ataha/graham/scratch/afids-data/data/datasets/SNSX/derivatives/tfrom_greedy/sub-C013/anat/sub-C013_acq-MP2RAGE_space-MNI152NLin2009cAsym_T1w.nii.gz, /home/ROBARTS/ataha/graham/scratch/afids-data/data/datasets/SNSX/derivatives/tfrom_greedy/sub-C013/anat/sub-C013_acq-MP2RAGE_space-MNI152NLin2009cAsym.mat; Input files updated by another job: /home/ROBARTS/ataha/graham/scratch/afids-data/data/datasets/SNSX/derivatives/synthstrip/sub-C013/anat/sub-C013_desc-synthstrip_T1w.nii.gz
    wildcards: subject=C013
    resources: tmpdir=/tmp

[Thu Jun 29 09:06:44 2023]
Finished job 43.
34 of 161 steps (21%) done
Select jobs to execute...

[Thu Jun 29 09:06:44 2023]
rule align_template_rigid:
    input: /home/ROBARTS/ataha/graham/scratch/afids-data/data/datasets/SNSX/derivatives/synthstrip/sub-C022/anat/sub-C022_desc-synthstrip_T1w.nii.gz, /home/ROBARTS/ataha/graham/scratch/afids-data/data/datasets/SNSX/sub-C022/anat/sub-C022_acq-MP2RAGE_run-01_T1w.nii.gz
    output: /home/ROBARTS/ataha/graham/scratch/afids-data/data/datasets/SNSX/derivatives/tfrom_greedy/sub-C022/anat/sub-C022_acq-MP2RAGE_space-MNI152NLin2009cAsym.mat, /home/ROBARTS/ataha/graham/scratch/afids-data/data/datasets/SNSX/derivatives/tfrom_greedy/sub-C022/anat/sub-C022_acq-MP2RAGE_space-MNI152NLin2009cAsym_desc-synthstrip_T1w.nii.gz, /home/ROBARTS/ataha/graham/scratch/afids-data/data/datasets/SNSX/derivatives/tfrom_greedy/sub-C022/anat/sub-C022_acq-MP2RAGE_space-MNI152NLin2009cAsym_T1w.nii.gz
    jobid: 98
    reason: Missing output files: /home/ROBARTS/ataha/graham/scratch/afids-data/data/datasets/SNSX/derivatives/tfrom_greedy/sub-C022/anat/sub-C022_acq-MP2RAGE_space-MNI152NLin2009cAsym.mat, /home/ROBARTS/ataha/graham/scratch/afids-data/data/datasets/SNSX/derivatives/tfrom_greedy/sub-C022/anat/sub-C022_acq-MP2RAGE_space-MNI152NLin2009cAsym_T1w.nii.gz; Input files updated by another job: /home/ROBARTS/ataha/graham/scratch/afids-data/data/datasets/SNSX/derivatives/synthstrip/sub-C022/anat/sub-C022_desc-synthstrip_T1w.nii.gz
    wildcards: subject=C022
    resources: tmpdir=/tmp

[Thu Jun 29 09:06:55 2023]
Finished job 38.
35 of 161 steps (22%) done
Select jobs to execute...

[Thu Jun 29 09:06:55 2023]
rule align_template_rigid:
    input: /home/ROBARTS/ataha/graham/scratch/afids-data/data/datasets/SNSX/derivatives/synthstrip/sub-C004/anat/sub-C004_desc-synthstrip_T1w.nii.gz, /home/ROBARTS/ataha/graham/scratch/afids-data/data/datasets/SNSX/sub-C004/anat/sub-C004_acq-MP2RAGE_run-01_T1w.nii.gz
    output: /home/ROBARTS/ataha/graham/scratch/afids-data/data/datasets/SNSX/derivatives/tfrom_greedy/sub-C004/anat/sub-C004_acq-MP2RAGE_space-MNI152NLin2009cAsym.mat, /home/ROBARTS/ataha/graham/scratch/afids-data/data/datasets/SNSX/derivatives/tfrom_greedy/sub-C004/anat/sub-C004_acq-MP2RAGE_space-MNI152NLin2009cAsym_desc-synthstrip_T1w.nii.gz, /home/ROBARTS/ataha/graham/scratch/afids-data/data/datasets/SNSX/derivatives/tfrom_greedy/sub-C004/anat/sub-C004_acq-MP2RAGE_space-MNI152NLin2009cAsym_T1w.nii.gz
    jobid: 18
    reason: Missing output files: /home/ROBARTS/ataha/graham/scratch/afids-data/data/datasets/SNSX/derivatives/tfrom_greedy/sub-C004/anat/sub-C004_acq-MP2RAGE_space-MNI152NLin2009cAsym_T1w.nii.gz, /home/ROBARTS/ataha/graham/scratch/afids-data/data/datasets/SNSX/derivatives/tfrom_greedy/sub-C004/anat/sub-C004_acq-MP2RAGE_space-MNI152NLin2009cAsym.mat; Input files updated by another job: /home/ROBARTS/ataha/graham/scratch/afids-data/data/datasets/SNSX/derivatives/synthstrip/sub-C004/anat/sub-C004_desc-synthstrip_T1w.nii.gz
    wildcards: subject=C004
    resources: tmpdir=/tmp

[Thu Jun 29 09:07:08 2023]
Finished job 63.
36 of 161 steps (22%) done
Select jobs to execute...

[Thu Jun 29 09:07:08 2023]
rule align_template_rigid:
    input: /home/ROBARTS/ataha/graham/scratch/afids-data/data/datasets/SNSX/derivatives/synthstrip/sub-C001/anat/sub-C001_desc-synthstrip_T1w.nii.gz, /home/ROBARTS/ataha/graham/scratch/afids-data/data/datasets/SNSX/sub-C001/anat/sub-C001_acq-MP2RAGE_run-01_T1w.nii.gz
    output: /home/ROBARTS/ataha/graham/scratch/afids-data/data/datasets/SNSX/derivatives/tfrom_greedy/sub-C001/anat/sub-C001_acq-MP2RAGE_space-MNI152NLin2009cAsym.mat, /home/ROBARTS/ataha/graham/scratch/afids-data/data/datasets/SNSX/derivatives/tfrom_greedy/sub-C001/anat/sub-C001_acq-MP2RAGE_space-MNI152NLin2009cAsym_desc-synthstrip_T1w.nii.gz, /home/ROBARTS/ataha/graham/scratch/afids-data/data/datasets/SNSX/derivatives/tfrom_greedy/sub-C001/anat/sub-C001_acq-MP2RAGE_space-MNI152NLin2009cAsym_T1w.nii.gz
    jobid: 3
    reason: Missing output files: /home/ROBARTS/ataha/graham/scratch/afids-data/data/datasets/SNSX/derivatives/tfrom_greedy/sub-C001/anat/sub-C001_acq-MP2RAGE_space-MNI152NLin2009cAsym.mat, /home/ROBARTS/ataha/graham/scratch/afids-data/data/datasets/SNSX/derivatives/tfrom_greedy/sub-C001/anat/sub-C001_acq-MP2RAGE_space-MNI152NLin2009cAsym_T1w.nii.gz; Input files updated by another job: /home/ROBARTS/ataha/graham/scratch/afids-data/data/datasets/SNSX/derivatives/synthstrip/sub-C001/anat/sub-C001_desc-synthstrip_T1w.nii.gz
    wildcards: subject=C001
    resources: tmpdir=/tmp

[Thu Jun 29 09:07:22 2023]
Finished job 98.
37 of 161 steps (23%) done
Select jobs to execute...

[Thu Jun 29 09:07:22 2023]
rule align_template_rigid:
    input: /home/ROBARTS/ataha/graham/scratch/afids-data/data/datasets/SNSX/derivatives/synthstrip/sub-C030/anat/sub-C030_desc-synthstrip_T1w.nii.gz, /home/ROBARTS/ataha/graham/scratch/afids-data/data/datasets/SNSX/sub-C030/anat/sub-C030_acq-MP2RAGE_run-01_T1w.nii.gz
    output: /home/ROBARTS/ataha/graham/scratch/afids-data/data/datasets/SNSX/derivatives/tfrom_greedy/sub-C030/anat/sub-C030_acq-MP2RAGE_space-MNI152NLin2009cAsym.mat, /home/ROBARTS/ataha/graham/scratch/afids-data/data/datasets/SNSX/derivatives/tfrom_greedy/sub-C030/anat/sub-C030_acq-MP2RAGE_space-MNI152NLin2009cAsym_desc-synthstrip_T1w.nii.gz, /home/ROBARTS/ataha/graham/scratch/afids-data/data/datasets/SNSX/derivatives/tfrom_greedy/sub-C030/anat/sub-C030_acq-MP2RAGE_space-MNI152NLin2009cAsym_T1w.nii.gz
    jobid: 138
    reason: Missing output files: /home/ROBARTS/ataha/graham/scratch/afids-data/data/datasets/SNSX/derivatives/tfrom_greedy/sub-C030/anat/sub-C030_acq-MP2RAGE_space-MNI152NLin2009cAsym_T1w.nii.gz, /home/ROBARTS/ataha/graham/scratch/afids-data/data/datasets/SNSX/derivatives/tfrom_greedy/sub-C030/anat/sub-C030_acq-MP2RAGE_space-MNI152NLin2009cAsym.mat; Input files updated by another job: /home/ROBARTS/ataha/graham/scratch/afids-data/data/datasets/SNSX/derivatives/synthstrip/sub-C030/anat/sub-C030_desc-synthstrip_T1w.nii.gz
    wildcards: subject=C030
    resources: tmpdir=/tmp

[Thu Jun 29 09:07:37 2023]
Finished job 18.
38 of 161 steps (24%) done
Select jobs to execute...

[Thu Jun 29 09:07:37 2023]
rule align_template_rigid:
    input: /home/ROBARTS/ataha/graham/scratch/afids-data/data/datasets/SNSX/derivatives/synthstrip/sub-C023/anat/sub-C023_desc-synthstrip_T1w.nii.gz, /home/ROBARTS/ataha/graham/scratch/afids-data/data/datasets/SNSX/sub-C023/anat/sub-C023_acq-MP2RAGE_run-01_T1w.nii.gz
    output: /home/ROBARTS/ataha/graham/scratch/afids-data/data/datasets/SNSX/derivatives/tfrom_greedy/sub-C023/anat/sub-C023_acq-MP2RAGE_space-MNI152NLin2009cAsym.mat, /home/ROBARTS/ataha/graham/scratch/afids-data/data/datasets/SNSX/derivatives/tfrom_greedy/sub-C023/anat/sub-C023_acq-MP2RAGE_space-MNI152NLin2009cAsym_desc-synthstrip_T1w.nii.gz, /home/ROBARTS/ataha/graham/scratch/afids-data/data/datasets/SNSX/derivatives/tfrom_greedy/sub-C023/anat/sub-C023_acq-MP2RAGE_space-MNI152NLin2009cAsym_T1w.nii.gz
    jobid: 103
    reason: Missing output files: /home/ROBARTS/ataha/graham/scratch/afids-data/data/datasets/SNSX/derivatives/tfrom_greedy/sub-C023/anat/sub-C023_acq-MP2RAGE_space-MNI152NLin2009cAsym_T1w.nii.gz, /home/ROBARTS/ataha/graham/scratch/afids-data/data/datasets/SNSX/derivatives/tfrom_greedy/sub-C023/anat/sub-C023_acq-MP2RAGE_space-MNI152NLin2009cAsym.mat; Input files updated by another job: /home/ROBARTS/ataha/graham/scratch/afids-data/data/datasets/SNSX/derivatives/synthstrip/sub-C023/anat/sub-C023_desc-synthstrip_T1w.nii.gz
    wildcards: subject=C023
    resources: tmpdir=/tmp

[Thu Jun 29 09:07:50 2023]
Finished job 3.
39 of 161 steps (24%) done
Select jobs to execute...

[Thu Jun 29 09:07:50 2023]
rule align_template_rigid:
    input: /home/ROBARTS/ataha/graham/scratch/afids-data/data/datasets/SNSX/derivatives/synthstrip/sub-C024/anat/sub-C024_desc-synthstrip_T1w.nii.gz, /home/ROBARTS/ataha/graham/scratch/afids-data/data/datasets/SNSX/sub-C024/anat/sub-C024_acq-MP2RAGE_run-01_T1w.nii.gz
    output: /home/ROBARTS/ataha/graham/scratch/afids-data/data/datasets/SNSX/derivatives/tfrom_greedy/sub-C024/anat/sub-C024_acq-MP2RAGE_space-MNI152NLin2009cAsym.mat, /home/ROBARTS/ataha/graham/scratch/afids-data/data/datasets/SNSX/derivatives/tfrom_greedy/sub-C024/anat/sub-C024_acq-MP2RAGE_space-MNI152NLin2009cAsym_desc-synthstrip_T1w.nii.gz, /home/ROBARTS/ataha/graham/scratch/afids-data/data/datasets/SNSX/derivatives/tfrom_greedy/sub-C024/anat/sub-C024_acq-MP2RAGE_space-MNI152NLin2009cAsym_T1w.nii.gz
    jobid: 108
    reason: Missing output files: /home/ROBARTS/ataha/graham/scratch/afids-data/data/datasets/SNSX/derivatives/tfrom_greedy/sub-C024/anat/sub-C024_acq-MP2RAGE_space-MNI152NLin2009cAsym_T1w.nii.gz, /home/ROBARTS/ataha/graham/scratch/afids-data/data/datasets/SNSX/derivatives/tfrom_greedy/sub-C024/anat/sub-C024_acq-MP2RAGE_space-MNI152NLin2009cAsym.mat; Input files updated by another job: /home/ROBARTS/ataha/graham/scratch/afids-data/data/datasets/SNSX/derivatives/synthstrip/sub-C024/anat/sub-C024_desc-synthstrip_T1w.nii.gz
    wildcards: subject=C024
    resources: tmpdir=/tmp

[Thu Jun 29 09:08:04 2023]
Finished job 138.
40 of 161 steps (25%) done
Select jobs to execute...

[Thu Jun 29 09:08:04 2023]
rule align_template_rigid:
    input: /home/ROBARTS/ataha/graham/scratch/afids-data/data/datasets/SNSX/derivatives/synthstrip/sub-C020/anat/sub-C020_desc-synthstrip_T1w.nii.gz, /home/ROBARTS/ataha/graham/scratch/afids-data/data/datasets/SNSX/sub-C020/anat/sub-C020_acq-MP2RAGE_run-01_T1w.nii.gz
    output: /home/ROBARTS/ataha/graham/scratch/afids-data/data/datasets/SNSX/derivatives/tfrom_greedy/sub-C020/anat/sub-C020_acq-MP2RAGE_space-MNI152NLin2009cAsym.mat, /home/ROBARTS/ataha/graham/scratch/afids-data/data/datasets/SNSX/derivatives/tfrom_greedy/sub-C020/anat/sub-C020_acq-MP2RAGE_space-MNI152NLin2009cAsym_desc-synthstrip_T1w.nii.gz, /home/ROBARTS/ataha/graham/scratch/afids-data/data/datasets/SNSX/derivatives/tfrom_greedy/sub-C020/anat/sub-C020_acq-MP2RAGE_space-MNI152NLin2009cAsym_T1w.nii.gz
    jobid: 88
    reason: Missing output files: /home/ROBARTS/ataha/graham/scratch/afids-data/data/datasets/SNSX/derivatives/tfrom_greedy/sub-C020/anat/sub-C020_acq-MP2RAGE_space-MNI152NLin2009cAsym.mat, /home/ROBARTS/ataha/graham/scratch/afids-data/data/datasets/SNSX/derivatives/tfrom_greedy/sub-C020/anat/sub-C020_acq-MP2RAGE_space-MNI152NLin2009cAsym_T1w.nii.gz; Input files updated by another job: /home/ROBARTS/ataha/graham/scratch/afids-data/data/datasets/SNSX/derivatives/synthstrip/sub-C020/anat/sub-C020_desc-synthstrip_T1w.nii.gz
    wildcards: subject=C020
    resources: tmpdir=/tmp

[Thu Jun 29 09:08:19 2023]
Finished job 103.
41 of 161 steps (25%) done
Select jobs to execute...

[Thu Jun 29 09:08:19 2023]
rule align_template_rigid:
    input: /home/ROBARTS/ataha/graham/scratch/afids-data/data/datasets/SNSX/derivatives/synthstrip/sub-C002/anat/sub-C002_desc-synthstrip_T1w.nii.gz, /home/ROBARTS/ataha/graham/scratch/afids-data/data/datasets/SNSX/sub-C002/anat/sub-C002_acq-MP2RAGE_run-01_T1w.nii.gz
    output: /home/ROBARTS/ataha/graham/scratch/afids-data/data/datasets/SNSX/derivatives/tfrom_greedy/sub-C002/anat/sub-C002_acq-MP2RAGE_space-MNI152NLin2009cAsym.mat, /home/ROBARTS/ataha/graham/scratch/afids-data/data/datasets/SNSX/derivatives/tfrom_greedy/sub-C002/anat/sub-C002_acq-MP2RAGE_space-MNI152NLin2009cAsym_desc-synthstrip_T1w.nii.gz, /home/ROBARTS/ataha/graham/scratch/afids-data/data/datasets/SNSX/derivatives/tfrom_greedy/sub-C002/anat/sub-C002_acq-MP2RAGE_space-MNI152NLin2009cAsym_T1w.nii.gz
    jobid: 8
    reason: Missing output files: /home/ROBARTS/ataha/graham/scratch/afids-data/data/datasets/SNSX/derivatives/tfrom_greedy/sub-C002/anat/sub-C002_acq-MP2RAGE_space-MNI152NLin2009cAsym.mat, /home/ROBARTS/ataha/graham/scratch/afids-data/data/datasets/SNSX/derivatives/tfrom_greedy/sub-C002/anat/sub-C002_acq-MP2RAGE_space-MNI152NLin2009cAsym_T1w.nii.gz; Input files updated by another job: /home/ROBARTS/ataha/graham/scratch/afids-data/data/datasets/SNSX/derivatives/synthstrip/sub-C002/anat/sub-C002_desc-synthstrip_T1w.nii.gz
    wildcards: subject=C002
    resources: tmpdir=/tmp

[Thu Jun 29 09:08:33 2023]
Finished job 108.
42 of 161 steps (26%) done
Select jobs to execute...

[Thu Jun 29 09:08:33 2023]
rule align_template_rigid:
    input: /home/ROBARTS/ataha/graham/scratch/afids-data/data/datasets/SNSX/derivatives/synthstrip/sub-C028/anat/sub-C028_desc-synthstrip_T1w.nii.gz, /home/ROBARTS/ataha/graham/scratch/afids-data/data/datasets/SNSX/sub-C028/anat/sub-C028_acq-MP2RAGE_run-01_T1w.nii.gz
    output: /home/ROBARTS/ataha/graham/scratch/afids-data/data/datasets/SNSX/derivatives/tfrom_greedy/sub-C028/anat/sub-C028_acq-MP2RAGE_space-MNI152NLin2009cAsym.mat, /home/ROBARTS/ataha/graham/scratch/afids-data/data/datasets/SNSX/derivatives/tfrom_greedy/sub-C028/anat/sub-C028_acq-MP2RAGE_space-MNI152NLin2009cAsym_desc-synthstrip_T1w.nii.gz, /home/ROBARTS/ataha/graham/scratch/afids-data/data/datasets/SNSX/derivatives/tfrom_greedy/sub-C028/anat/sub-C028_acq-MP2RAGE_space-MNI152NLin2009cAsym_T1w.nii.gz
    jobid: 128
    reason: Missing output files: /home/ROBARTS/ataha/graham/scratch/afids-data/data/datasets/SNSX/derivatives/tfrom_greedy/sub-C028/anat/sub-C028_acq-MP2RAGE_space-MNI152NLin2009cAsym.mat, /home/ROBARTS/ataha/graham/scratch/afids-data/data/datasets/SNSX/derivatives/tfrom_greedy/sub-C028/anat/sub-C028_acq-MP2RAGE_space-MNI152NLin2009cAsym_T1w.nii.gz; Input files updated by another job: /home/ROBARTS/ataha/graham/scratch/afids-data/data/datasets/SNSX/derivatives/synthstrip/sub-C028/anat/sub-C028_desc-synthstrip_T1w.nii.gz
    wildcards: subject=C028
    resources: tmpdir=/tmp

[Thu Jun 29 09:08:47 2023]
Finished job 88.
43 of 161 steps (27%) done
Select jobs to execute...

[Thu Jun 29 09:08:47 2023]
rule align_template_rigid:
    input: /home/ROBARTS/ataha/graham/scratch/afids-data/data/datasets/SNSX/derivatives/synthstrip/sub-C005/anat/sub-C005_desc-synthstrip_T1w.nii.gz, /home/ROBARTS/ataha/graham/scratch/afids-data/data/datasets/SNSX/sub-C005/anat/sub-C005_acq-MP2RAGE_run-01_T1w.nii.gz
    output: /home/ROBARTS/ataha/graham/scratch/afids-data/data/datasets/SNSX/derivatives/tfrom_greedy/sub-C005/anat/sub-C005_acq-MP2RAGE_space-MNI152NLin2009cAsym.mat, /home/ROBARTS/ataha/graham/scratch/afids-data/data/datasets/SNSX/derivatives/tfrom_greedy/sub-C005/anat/sub-C005_acq-MP2RAGE_space-MNI152NLin2009cAsym_desc-synthstrip_T1w.nii.gz, /home/ROBARTS/ataha/graham/scratch/afids-data/data/datasets/SNSX/derivatives/tfrom_greedy/sub-C005/anat/sub-C005_acq-MP2RAGE_space-MNI152NLin2009cAsym_T1w.nii.gz
    jobid: 23
    reason: Missing output files: /home/ROBARTS/ataha/graham/scratch/afids-data/data/datasets/SNSX/derivatives/tfrom_greedy/sub-C005/anat/sub-C005_acq-MP2RAGE_space-MNI152NLin2009cAsym_T1w.nii.gz, /home/ROBARTS/ataha/graham/scratch/afids-data/data/datasets/SNSX/derivatives/tfrom_greedy/sub-C005/anat/sub-C005_acq-MP2RAGE_space-MNI152NLin2009cAsym.mat; Input files updated by another job: /home/ROBARTS/ataha/graham/scratch/afids-data/data/datasets/SNSX/derivatives/synthstrip/sub-C005/anat/sub-C005_desc-synthstrip_T1w.nii.gz
    wildcards: subject=C005
    resources: tmpdir=/tmp

[Thu Jun 29 09:09:03 2023]
Finished job 8.
44 of 161 steps (27%) done
Select jobs to execute...

[Thu Jun 29 09:09:03 2023]
rule align_template_rigid:
    input: /home/ROBARTS/ataha/graham/scratch/afids-data/data/datasets/SNSX/derivatives/synthstrip/sub-C031/anat/sub-C031_desc-synthstrip_T1w.nii.gz, /home/ROBARTS/ataha/graham/scratch/afids-data/data/datasets/SNSX/sub-C031/anat/sub-C031_acq-MP2RAGE_run-01_T1w.nii.gz
    output: /home/ROBARTS/ataha/graham/scratch/afids-data/data/datasets/SNSX/derivatives/tfrom_greedy/sub-C031/anat/sub-C031_acq-MP2RAGE_space-MNI152NLin2009cAsym.mat, /home/ROBARTS/ataha/graham/scratch/afids-data/data/datasets/SNSX/derivatives/tfrom_greedy/sub-C031/anat/sub-C031_acq-MP2RAGE_space-MNI152NLin2009cAsym_desc-synthstrip_T1w.nii.gz, /home/ROBARTS/ataha/graham/scratch/afids-data/data/datasets/SNSX/derivatives/tfrom_greedy/sub-C031/anat/sub-C031_acq-MP2RAGE_space-MNI152NLin2009cAsym_T1w.nii.gz
    jobid: 143
    reason: Missing output files: /home/ROBARTS/ataha/graham/scratch/afids-data/data/datasets/SNSX/derivatives/tfrom_greedy/sub-C031/anat/sub-C031_acq-MP2RAGE_space-MNI152NLin2009cAsym.mat, /home/ROBARTS/ataha/graham/scratch/afids-data/data/datasets/SNSX/derivatives/tfrom_greedy/sub-C031/anat/sub-C031_acq-MP2RAGE_space-MNI152NLin2009cAsym_T1w.nii.gz; Input files updated by another job: /home/ROBARTS/ataha/graham/scratch/afids-data/data/datasets/SNSX/derivatives/synthstrip/sub-C031/anat/sub-C031_desc-synthstrip_T1w.nii.gz
    wildcards: subject=C031
    resources: tmpdir=/tmp

[Thu Jun 29 09:09:16 2023]
Finished job 128.
45 of 161 steps (28%) done
Select jobs to execute...

[Thu Jun 29 09:09:16 2023]
rule align_template_rigid:
    input: /home/ROBARTS/ataha/graham/scratch/afids-data/data/datasets/SNSX/derivatives/synthstrip/sub-C026/anat/sub-C026_desc-synthstrip_T1w.nii.gz, /home/ROBARTS/ataha/graham/scratch/afids-data/data/datasets/SNSX/sub-C026/anat/sub-C026_acq-MP2RAGE_run-01_T1w.nii.gz
    output: /home/ROBARTS/ataha/graham/scratch/afids-data/data/datasets/SNSX/derivatives/tfrom_greedy/sub-C026/anat/sub-C026_acq-MP2RAGE_space-MNI152NLin2009cAsym.mat, /home/ROBARTS/ataha/graham/scratch/afids-data/data/datasets/SNSX/derivatives/tfrom_greedy/sub-C026/anat/sub-C026_acq-MP2RAGE_space-MNI152NLin2009cAsym_desc-synthstrip_T1w.nii.gz, /home/ROBARTS/ataha/graham/scratch/afids-data/data/datasets/SNSX/derivatives/tfrom_greedy/sub-C026/anat/sub-C026_acq-MP2RAGE_space-MNI152NLin2009cAsym_T1w.nii.gz
    jobid: 118
    reason: Missing output files: /home/ROBARTS/ataha/graham/scratch/afids-data/data/datasets/SNSX/derivatives/tfrom_greedy/sub-C026/anat/sub-C026_acq-MP2RAGE_space-MNI152NLin2009cAsym_T1w.nii.gz, /home/ROBARTS/ataha/graham/scratch/afids-data/data/datasets/SNSX/derivatives/tfrom_greedy/sub-C026/anat/sub-C026_acq-MP2RAGE_space-MNI152NLin2009cAsym.mat; Input files updated by another job: /home/ROBARTS/ataha/graham/scratch/afids-data/data/datasets/SNSX/derivatives/synthstrip/sub-C026/anat/sub-C026_desc-synthstrip_T1w.nii.gz
    wildcards: subject=C026
    resources: tmpdir=/tmp

[Thu Jun 29 09:09:28 2023]
Finished job 23.
46 of 161 steps (29%) done
Select jobs to execute...

[Thu Jun 29 09:09:28 2023]
rule align_template_rigid:
    input: /home/ROBARTS/ataha/graham/scratch/afids-data/data/datasets/SNSX/derivatives/synthstrip/sub-C033/anat/sub-C033_desc-synthstrip_T1w.nii.gz, /home/ROBARTS/ataha/graham/scratch/afids-data/data/datasets/SNSX/sub-C033/anat/sub-C033_acq-MP2RAGE_run-01_T1w.nii.gz
    output: /home/ROBARTS/ataha/graham/scratch/afids-data/data/datasets/SNSX/derivatives/tfrom_greedy/sub-C033/anat/sub-C033_acq-MP2RAGE_space-MNI152NLin2009cAsym.mat, /home/ROBARTS/ataha/graham/scratch/afids-data/data/datasets/SNSX/derivatives/tfrom_greedy/sub-C033/anat/sub-C033_acq-MP2RAGE_space-MNI152NLin2009cAsym_desc-synthstrip_T1w.nii.gz, /home/ROBARTS/ataha/graham/scratch/afids-data/data/datasets/SNSX/derivatives/tfrom_greedy/sub-C033/anat/sub-C033_acq-MP2RAGE_space-MNI152NLin2009cAsym_T1w.nii.gz
    jobid: 153
    reason: Missing output files: /home/ROBARTS/ataha/graham/scratch/afids-data/data/datasets/SNSX/derivatives/tfrom_greedy/sub-C033/anat/sub-C033_acq-MP2RAGE_space-MNI152NLin2009cAsym.mat, /home/ROBARTS/ataha/graham/scratch/afids-data/data/datasets/SNSX/derivatives/tfrom_greedy/sub-C033/anat/sub-C033_acq-MP2RAGE_space-MNI152NLin2009cAsym_T1w.nii.gz; Input files updated by another job: /home/ROBARTS/ataha/graham/scratch/afids-data/data/datasets/SNSX/derivatives/synthstrip/sub-C033/anat/sub-C033_desc-synthstrip_T1w.nii.gz
    wildcards: subject=C033
    resources: tmpdir=/tmp

[Thu Jun 29 09:09:48 2023]
Finished job 143.
47 of 161 steps (29%) done
Select jobs to execute...

[Thu Jun 29 09:09:48 2023]
rule align_template_rigid:
    input: /home/ROBARTS/ataha/graham/scratch/afids-data/data/datasets/SNSX/derivatives/synthstrip/sub-C016/anat/sub-C016_desc-synthstrip_T1w.nii.gz, /home/ROBARTS/ataha/graham/scratch/afids-data/data/datasets/SNSX/sub-C016/anat/sub-C016_acq-MP2RAGE_run-01_T1w.nii.gz
    output: /home/ROBARTS/ataha/graham/scratch/afids-data/data/datasets/SNSX/derivatives/tfrom_greedy/sub-C016/anat/sub-C016_acq-MP2RAGE_space-MNI152NLin2009cAsym.mat, /home/ROBARTS/ataha/graham/scratch/afids-data/data/datasets/SNSX/derivatives/tfrom_greedy/sub-C016/anat/sub-C016_acq-MP2RAGE_space-MNI152NLin2009cAsym_desc-synthstrip_T1w.nii.gz, /home/ROBARTS/ataha/graham/scratch/afids-data/data/datasets/SNSX/derivatives/tfrom_greedy/sub-C016/anat/sub-C016_acq-MP2RAGE_space-MNI152NLin2009cAsym_T1w.nii.gz
    jobid: 73
    reason: Missing output files: /home/ROBARTS/ataha/graham/scratch/afids-data/data/datasets/SNSX/derivatives/tfrom_greedy/sub-C016/anat/sub-C016_acq-MP2RAGE_space-MNI152NLin2009cAsym_T1w.nii.gz, /home/ROBARTS/ataha/graham/scratch/afids-data/data/datasets/SNSX/derivatives/tfrom_greedy/sub-C016/anat/sub-C016_acq-MP2RAGE_space-MNI152NLin2009cAsym.mat; Input files updated by another job: /home/ROBARTS/ataha/graham/scratch/afids-data/data/datasets/SNSX/derivatives/synthstrip/sub-C016/anat/sub-C016_desc-synthstrip_T1w.nii.gz
    wildcards: subject=C016
    resources: tmpdir=/tmp

[Thu Jun 29 09:09:55 2023]
Finished job 118.
48 of 161 steps (30%) done
Select jobs to execute...

[Thu Jun 29 09:09:55 2023]
rule align_template_rigid:
    input: /home/ROBARTS/ataha/graham/scratch/afids-data/data/datasets/SNSX/derivatives/synthstrip/sub-C010/anat/sub-C010_desc-synthstrip_T1w.nii.gz, /home/ROBARTS/ataha/graham/scratch/afids-data/data/datasets/SNSX/sub-C010/anat/sub-C010_acq-MP2RAGE_run-01_T1w.nii.gz
    output: /home/ROBARTS/ataha/graham/scratch/afids-data/data/datasets/SNSX/derivatives/tfrom_greedy/sub-C010/anat/sub-C010_acq-MP2RAGE_space-MNI152NLin2009cAsym.mat, /home/ROBARTS/ataha/graham/scratch/afids-data/data/datasets/SNSX/derivatives/tfrom_greedy/sub-C010/anat/sub-C010_acq-MP2RAGE_space-MNI152NLin2009cAsym_desc-synthstrip_T1w.nii.gz, /home/ROBARTS/ataha/graham/scratch/afids-data/data/datasets/SNSX/derivatives/tfrom_greedy/sub-C010/anat/sub-C010_acq-MP2RAGE_space-MNI152NLin2009cAsym_T1w.nii.gz
    jobid: 48
    reason: Missing output files: /home/ROBARTS/ataha/graham/scratch/afids-data/data/datasets/SNSX/derivatives/tfrom_greedy/sub-C010/anat/sub-C010_acq-MP2RAGE_space-MNI152NLin2009cAsym.mat, /home/ROBARTS/ataha/graham/scratch/afids-data/data/datasets/SNSX/derivatives/tfrom_greedy/sub-C010/anat/sub-C010_acq-MP2RAGE_space-MNI152NLin2009cAsym_T1w.nii.gz; Input files updated by another job: /home/ROBARTS/ataha/graham/scratch/afids-data/data/datasets/SNSX/derivatives/synthstrip/sub-C010/anat/sub-C010_desc-synthstrip_T1w.nii.gz
    wildcards: subject=C010
    resources: tmpdir=/tmp

[Thu Jun 29 09:10:09 2023]
Finished job 153.
49 of 161 steps (30%) done
Select jobs to execute...

[Thu Jun 29 09:10:09 2023]
rule align_template_rigid:
    input: /home/ROBARTS/ataha/graham/scratch/afids-data/data/datasets/SNSX/derivatives/synthstrip/sub-C011/anat/sub-C011_desc-synthstrip_T1w.nii.gz, /home/ROBARTS/ataha/graham/scratch/afids-data/data/datasets/SNSX/sub-C011/anat/sub-C011_acq-MP2RAGE_run-01_T1w.nii.gz
    output: /home/ROBARTS/ataha/graham/scratch/afids-data/data/datasets/SNSX/derivatives/tfrom_greedy/sub-C011/anat/sub-C011_acq-MP2RAGE_space-MNI152NLin2009cAsym.mat, /home/ROBARTS/ataha/graham/scratch/afids-data/data/datasets/SNSX/derivatives/tfrom_greedy/sub-C011/anat/sub-C011_acq-MP2RAGE_space-MNI152NLin2009cAsym_desc-synthstrip_T1w.nii.gz, /home/ROBARTS/ataha/graham/scratch/afids-data/data/datasets/SNSX/derivatives/tfrom_greedy/sub-C011/anat/sub-C011_acq-MP2RAGE_space-MNI152NLin2009cAsym_T1w.nii.gz
    jobid: 53
    reason: Missing output files: /home/ROBARTS/ataha/graham/scratch/afids-data/data/datasets/SNSX/derivatives/tfrom_greedy/sub-C011/anat/sub-C011_acq-MP2RAGE_space-MNI152NLin2009cAsym_T1w.nii.gz, /home/ROBARTS/ataha/graham/scratch/afids-data/data/datasets/SNSX/derivatives/tfrom_greedy/sub-C011/anat/sub-C011_acq-MP2RAGE_space-MNI152NLin2009cAsym.mat; Input files updated by another job: /home/ROBARTS/ataha/graham/scratch/afids-data/data/datasets/SNSX/derivatives/synthstrip/sub-C011/anat/sub-C011_desc-synthstrip_T1w.nii.gz
    wildcards: subject=C011
    resources: tmpdir=/tmp

[Thu Jun 29 09:10:34 2023]
Finished job 73.
50 of 161 steps (31%) done
Select jobs to execute...

[Thu Jun 29 09:10:34 2023]
rule align_template_rigid:
    input: /home/ROBARTS/ataha/graham/scratch/afids-data/data/datasets/SNSX/derivatives/synthstrip/sub-C034/anat/sub-C034_desc-synthstrip_T1w.nii.gz, /home/ROBARTS/ataha/graham/scratch/afids-data/data/datasets/SNSX/sub-C034/anat/sub-C034_acq-MP2RAGE_run-01_T1w.nii.gz
    output: /home/ROBARTS/ataha/graham/scratch/afids-data/data/datasets/SNSX/derivatives/tfrom_greedy/sub-C034/anat/sub-C034_acq-MP2RAGE_space-MNI152NLin2009cAsym.mat, /home/ROBARTS/ataha/graham/scratch/afids-data/data/datasets/SNSX/derivatives/tfrom_greedy/sub-C034/anat/sub-C034_acq-MP2RAGE_space-MNI152NLin2009cAsym_desc-synthstrip_T1w.nii.gz, /home/ROBARTS/ataha/graham/scratch/afids-data/data/datasets/SNSX/derivatives/tfrom_greedy/sub-C034/anat/sub-C034_acq-MP2RAGE_space-MNI152NLin2009cAsym_T1w.nii.gz
    jobid: 158
    reason: Missing output files: /home/ROBARTS/ataha/graham/scratch/afids-data/data/datasets/SNSX/derivatives/tfrom_greedy/sub-C034/anat/sub-C034_acq-MP2RAGE_space-MNI152NLin2009cAsym_T1w.nii.gz, /home/ROBARTS/ataha/graham/scratch/afids-data/data/datasets/SNSX/derivatives/tfrom_greedy/sub-C034/anat/sub-C034_acq-MP2RAGE_space-MNI152NLin2009cAsym.mat; Input files updated by another job: /home/ROBARTS/ataha/graham/scratch/afids-data/data/datasets/SNSX/derivatives/synthstrip/sub-C034/anat/sub-C034_desc-synthstrip_T1w.nii.gz
    wildcards: subject=C034
    resources: tmpdir=/tmp

[Thu Jun 29 09:10:40 2023]
Finished job 48.
51 of 161 steps (32%) done
Select jobs to execute...

[Thu Jun 29 09:10:40 2023]
rule align_template_rigid:
    input: /home/ROBARTS/ataha/graham/scratch/afids-data/data/datasets/SNSX/derivatives/synthstrip/sub-C027/anat/sub-C027_desc-synthstrip_T1w.nii.gz, /home/ROBARTS/ataha/graham/scratch/afids-data/data/datasets/SNSX/sub-C027/anat/sub-C027_acq-MP2RAGE_run-01_T1w.nii.gz
    output: /home/ROBARTS/ataha/graham/scratch/afids-data/data/datasets/SNSX/derivatives/tfrom_greedy/sub-C027/anat/sub-C027_acq-MP2RAGE_space-MNI152NLin2009cAsym.mat, /home/ROBARTS/ataha/graham/scratch/afids-data/data/datasets/SNSX/derivatives/tfrom_greedy/sub-C027/anat/sub-C027_acq-MP2RAGE_space-MNI152NLin2009cAsym_desc-synthstrip_T1w.nii.gz, /home/ROBARTS/ataha/graham/scratch/afids-data/data/datasets/SNSX/derivatives/tfrom_greedy/sub-C027/anat/sub-C027_acq-MP2RAGE_space-MNI152NLin2009cAsym_T1w.nii.gz
    jobid: 123
    reason: Missing output files: /home/ROBARTS/ataha/graham/scratch/afids-data/data/datasets/SNSX/derivatives/tfrom_greedy/sub-C027/anat/sub-C027_acq-MP2RAGE_space-MNI152NLin2009cAsym_T1w.nii.gz, /home/ROBARTS/ataha/graham/scratch/afids-data/data/datasets/SNSX/derivatives/tfrom_greedy/sub-C027/anat/sub-C027_acq-MP2RAGE_space-MNI152NLin2009cAsym.mat; Input files updated by another job: /home/ROBARTS/ataha/graham/scratch/afids-data/data/datasets/SNSX/derivatives/synthstrip/sub-C027/anat/sub-C027_desc-synthstrip_T1w.nii.gz
    wildcards: subject=C027
    resources: tmpdir=/tmp

[Thu Jun 29 09:10:53 2023]
Finished job 53.
52 of 161 steps (32%) done
Select jobs to execute...

[Thu Jun 29 09:10:53 2023]
rule align_template_rigid:
    input: /home/ROBARTS/ataha/graham/scratch/afids-data/data/datasets/SNSX/derivatives/synthstrip/sub-C019/anat/sub-C019_desc-synthstrip_T1w.nii.gz, /home/ROBARTS/ataha/graham/scratch/afids-data/data/datasets/SNSX/sub-C019/anat/sub-C019_acq-MP2RAGE_run-01_T1w.nii.gz
    output: /home/ROBARTS/ataha/graham/scratch/afids-data/data/datasets/SNSX/derivatives/tfrom_greedy/sub-C019/anat/sub-C019_acq-MP2RAGE_space-MNI152NLin2009cAsym.mat, /home/ROBARTS/ataha/graham/scratch/afids-data/data/datasets/SNSX/derivatives/tfrom_greedy/sub-C019/anat/sub-C019_acq-MP2RAGE_space-MNI152NLin2009cAsym_desc-synthstrip_T1w.nii.gz, /home/ROBARTS/ataha/graham/scratch/afids-data/data/datasets/SNSX/derivatives/tfrom_greedy/sub-C019/anat/sub-C019_acq-MP2RAGE_space-MNI152NLin2009cAsym_T1w.nii.gz
    jobid: 83
    reason: Missing output files: /home/ROBARTS/ataha/graham/scratch/afids-data/data/datasets/SNSX/derivatives/tfrom_greedy/sub-C019/anat/sub-C019_acq-MP2RAGE_space-MNI152NLin2009cAsym.mat, /home/ROBARTS/ataha/graham/scratch/afids-data/data/datasets/SNSX/derivatives/tfrom_greedy/sub-C019/anat/sub-C019_acq-MP2RAGE_space-MNI152NLin2009cAsym_T1w.nii.gz; Input files updated by another job: /home/ROBARTS/ataha/graham/scratch/afids-data/data/datasets/SNSX/derivatives/synthstrip/sub-C019/anat/sub-C019_desc-synthstrip_T1w.nii.gz
    wildcards: subject=C019
    resources: tmpdir=/tmp

[Thu Jun 29 09:11:17 2023]
Finished job 158.
53 of 161 steps (33%) done
Select jobs to execute...

[Thu Jun 29 09:11:17 2023]
rule align_template_rigid:
    input: /home/ROBARTS/ataha/graham/scratch/afids-data/data/datasets/SNSX/derivatives/synthstrip/sub-C032/anat/sub-C032_desc-synthstrip_T1w.nii.gz, /home/ROBARTS/ataha/graham/scratch/afids-data/data/datasets/SNSX/sub-C032/anat/sub-C032_acq-MP2RAGE_run-01_T1w.nii.gz
    output: /home/ROBARTS/ataha/graham/scratch/afids-data/data/datasets/SNSX/derivatives/tfrom_greedy/sub-C032/anat/sub-C032_acq-MP2RAGE_space-MNI152NLin2009cAsym.mat, /home/ROBARTS/ataha/graham/scratch/afids-data/data/datasets/SNSX/derivatives/tfrom_greedy/sub-C032/anat/sub-C032_acq-MP2RAGE_space-MNI152NLin2009cAsym_desc-synthstrip_T1w.nii.gz, /home/ROBARTS/ataha/graham/scratch/afids-data/data/datasets/SNSX/derivatives/tfrom_greedy/sub-C032/anat/sub-C032_acq-MP2RAGE_space-MNI152NLin2009cAsym_T1w.nii.gz
    jobid: 148
    reason: Missing output files: /home/ROBARTS/ataha/graham/scratch/afids-data/data/datasets/SNSX/derivatives/tfrom_greedy/sub-C032/anat/sub-C032_acq-MP2RAGE_space-MNI152NLin2009cAsym.mat, /home/ROBARTS/ataha/graham/scratch/afids-data/data/datasets/SNSX/derivatives/tfrom_greedy/sub-C032/anat/sub-C032_acq-MP2RAGE_space-MNI152NLin2009cAsym_T1w.nii.gz; Input files updated by another job: /home/ROBARTS/ataha/graham/scratch/afids-data/data/datasets/SNSX/derivatives/synthstrip/sub-C032/anat/sub-C032_desc-synthstrip_T1w.nii.gz
    wildcards: subject=C032
    resources: tmpdir=/tmp

[Thu Jun 29 09:11:23 2023]
Finished job 123.
54 of 161 steps (34%) done
Select jobs to execute...

[Thu Jun 29 09:11:23 2023]
rule align_template_rigid:
    input: /home/ROBARTS/ataha/graham/scratch/afids-data/data/datasets/SNSX/derivatives/synthstrip/sub-C021/anat/sub-C021_desc-synthstrip_T1w.nii.gz, /home/ROBARTS/ataha/graham/scratch/afids-data/data/datasets/SNSX/sub-C021/anat/sub-C021_acq-MP2RAGE_run-01_T1w.nii.gz
    output: /home/ROBARTS/ataha/graham/scratch/afids-data/data/datasets/SNSX/derivatives/tfrom_greedy/sub-C021/anat/sub-C021_acq-MP2RAGE_space-MNI152NLin2009cAsym.mat, /home/ROBARTS/ataha/graham/scratch/afids-data/data/datasets/SNSX/derivatives/tfrom_greedy/sub-C021/anat/sub-C021_acq-MP2RAGE_space-MNI152NLin2009cAsym_desc-synthstrip_T1w.nii.gz, /home/ROBARTS/ataha/graham/scratch/afids-data/data/datasets/SNSX/derivatives/tfrom_greedy/sub-C021/anat/sub-C021_acq-MP2RAGE_space-MNI152NLin2009cAsym_T1w.nii.gz
    jobid: 93
    reason: Missing output files: /home/ROBARTS/ataha/graham/scratch/afids-data/data/datasets/SNSX/derivatives/tfrom_greedy/sub-C021/anat/sub-C021_acq-MP2RAGE_space-MNI152NLin2009cAsym_T1w.nii.gz, /home/ROBARTS/ataha/graham/scratch/afids-data/data/datasets/SNSX/derivatives/tfrom_greedy/sub-C021/anat/sub-C021_acq-MP2RAGE_space-MNI152NLin2009cAsym.mat; Input files updated by another job: /home/ROBARTS/ataha/graham/scratch/afids-data/data/datasets/SNSX/derivatives/synthstrip/sub-C021/anat/sub-C021_desc-synthstrip_T1w.nii.gz
    wildcards: subject=C021
    resources: tmpdir=/tmp

[Thu Jun 29 09:11:35 2023]
Finished job 83.
55 of 161 steps (34%) done
Select jobs to execute...

[Thu Jun 29 09:11:35 2023]
rule align_template_rigid:
    input: /home/ROBARTS/ataha/graham/scratch/afids-data/data/datasets/SNSX/derivatives/synthstrip/sub-C012/anat/sub-C012_desc-synthstrip_T1w.nii.gz, /home/ROBARTS/ataha/graham/scratch/afids-data/data/datasets/SNSX/sub-C012/anat/sub-C012_acq-MP2RAGE_run-01_T1w.nii.gz
    output: /home/ROBARTS/ataha/graham/scratch/afids-data/data/datasets/SNSX/derivatives/tfrom_greedy/sub-C012/anat/sub-C012_acq-MP2RAGE_space-MNI152NLin2009cAsym.mat, /home/ROBARTS/ataha/graham/scratch/afids-data/data/datasets/SNSX/derivatives/tfrom_greedy/sub-C012/anat/sub-C012_acq-MP2RAGE_space-MNI152NLin2009cAsym_desc-synthstrip_T1w.nii.gz, /home/ROBARTS/ataha/graham/scratch/afids-data/data/datasets/SNSX/derivatives/tfrom_greedy/sub-C012/anat/sub-C012_acq-MP2RAGE_space-MNI152NLin2009cAsym_T1w.nii.gz
    jobid: 58
    reason: Missing output files: /home/ROBARTS/ataha/graham/scratch/afids-data/data/datasets/SNSX/derivatives/tfrom_greedy/sub-C012/anat/sub-C012_acq-MP2RAGE_space-MNI152NLin2009cAsym_T1w.nii.gz, /home/ROBARTS/ataha/graham/scratch/afids-data/data/datasets/SNSX/derivatives/tfrom_greedy/sub-C012/anat/sub-C012_acq-MP2RAGE_space-MNI152NLin2009cAsym.mat; Input files updated by another job: /home/ROBARTS/ataha/graham/scratch/afids-data/data/datasets/SNSX/derivatives/synthstrip/sub-C012/anat/sub-C012_desc-synthstrip_T1w.nii.gz
    wildcards: subject=C012
    resources: tmpdir=/tmp

[Thu Jun 29 09:12:01 2023]
Finished job 148.
56 of 161 steps (35%) done
Select jobs to execute...

[Thu Jun 29 09:12:01 2023]
rule align_template_rigid:
    input: /home/ROBARTS/ataha/graham/scratch/afids-data/data/datasets/SNSX/derivatives/synthstrip/sub-C003/anat/sub-C003_desc-synthstrip_T1w.nii.gz, /home/ROBARTS/ataha/graham/scratch/afids-data/data/datasets/SNSX/sub-C003/anat/sub-C003_acq-MP2RAGE_run-01_T1w.nii.gz
    output: /home/ROBARTS/ataha/graham/scratch/afids-data/data/datasets/SNSX/derivatives/tfrom_greedy/sub-C003/anat/sub-C003_acq-MP2RAGE_space-MNI152NLin2009cAsym.mat, /home/ROBARTS/ataha/graham/scratch/afids-data/data/datasets/SNSX/derivatives/tfrom_greedy/sub-C003/anat/sub-C003_acq-MP2RAGE_space-MNI152NLin2009cAsym_desc-synthstrip_T1w.nii.gz, /home/ROBARTS/ataha/graham/scratch/afids-data/data/datasets/SNSX/derivatives/tfrom_greedy/sub-C003/anat/sub-C003_acq-MP2RAGE_space-MNI152NLin2009cAsym_T1w.nii.gz
    jobid: 13
    reason: Missing output files: /home/ROBARTS/ataha/graham/scratch/afids-data/data/datasets/SNSX/derivatives/tfrom_greedy/sub-C003/anat/sub-C003_acq-MP2RAGE_space-MNI152NLin2009cAsym.mat, /home/ROBARTS/ataha/graham/scratch/afids-data/data/datasets/SNSX/derivatives/tfrom_greedy/sub-C003/anat/sub-C003_acq-MP2RAGE_space-MNI152NLin2009cAsym_T1w.nii.gz; Input files updated by another job: /home/ROBARTS/ataha/graham/scratch/afids-data/data/datasets/SNSX/derivatives/synthstrip/sub-C003/anat/sub-C003_desc-synthstrip_T1w.nii.gz
    wildcards: subject=C003
    resources: tmpdir=/tmp

[Thu Jun 29 09:12:04 2023]
Finished job 93.
57 of 161 steps (35%) done
Select jobs to execute...

[Thu Jun 29 09:12:04 2023]
rule align_template_rigid:
    input: /home/ROBARTS/ataha/graham/scratch/afids-data/data/datasets/SNSX/derivatives/synthstrip/sub-C007/anat/sub-C007_desc-synthstrip_T1w.nii.gz, /home/ROBARTS/ataha/graham/scratch/afids-data/data/datasets/SNSX/sub-C007/anat/sub-C007_acq-MP2RAGE_run-01_T1w.nii.gz
    output: /home/ROBARTS/ataha/graham/scratch/afids-data/data/datasets/SNSX/derivatives/tfrom_greedy/sub-C007/anat/sub-C007_acq-MP2RAGE_space-MNI152NLin2009cAsym.mat, /home/ROBARTS/ataha/graham/scratch/afids-data/data/datasets/SNSX/derivatives/tfrom_greedy/sub-C007/anat/sub-C007_acq-MP2RAGE_space-MNI152NLin2009cAsym_desc-synthstrip_T1w.nii.gz, /home/ROBARTS/ataha/graham/scratch/afids-data/data/datasets/SNSX/derivatives/tfrom_greedy/sub-C007/anat/sub-C007_acq-MP2RAGE_space-MNI152NLin2009cAsym_T1w.nii.gz
    jobid: 33
    reason: Missing output files: /home/ROBARTS/ataha/graham/scratch/afids-data/data/datasets/SNSX/derivatives/tfrom_greedy/sub-C007/anat/sub-C007_acq-MP2RAGE_space-MNI152NLin2009cAsym_T1w.nii.gz, /home/ROBARTS/ataha/graham/scratch/afids-data/data/datasets/SNSX/derivatives/tfrom_greedy/sub-C007/anat/sub-C007_acq-MP2RAGE_space-MNI152NLin2009cAsym.mat; Input files updated by another job: /home/ROBARTS/ataha/graham/scratch/afids-data/data/datasets/SNSX/derivatives/synthstrip/sub-C007/anat/sub-C007_desc-synthstrip_T1w.nii.gz
    wildcards: subject=C007
    resources: tmpdir=/tmp

[Thu Jun 29 09:12:17 2023]
Finished job 58.
58 of 161 steps (36%) done
Select jobs to execute...

[Thu Jun 29 09:12:17 2023]
rule align_template_rigid:
    input: /home/ROBARTS/ataha/graham/scratch/afids-data/data/datasets/SNSX/derivatives/synthstrip/sub-C025/anat/sub-C025_desc-synthstrip_T1w.nii.gz, /home/ROBARTS/ataha/graham/scratch/afids-data/data/datasets/SNSX/sub-C025/anat/sub-C025_acq-MP2RAGE_run-01_T1w.nii.gz
    output: /home/ROBARTS/ataha/graham/scratch/afids-data/data/datasets/SNSX/derivatives/tfrom_greedy/sub-C025/anat/sub-C025_acq-MP2RAGE_space-MNI152NLin2009cAsym.mat, /home/ROBARTS/ataha/graham/scratch/afids-data/data/datasets/SNSX/derivatives/tfrom_greedy/sub-C025/anat/sub-C025_acq-MP2RAGE_space-MNI152NLin2009cAsym_desc-synthstrip_T1w.nii.gz, /home/ROBARTS/ataha/graham/scratch/afids-data/data/datasets/SNSX/derivatives/tfrom_greedy/sub-C025/anat/sub-C025_acq-MP2RAGE_space-MNI152NLin2009cAsym_T1w.nii.gz
    jobid: 113
    reason: Missing output files: /home/ROBARTS/ataha/graham/scratch/afids-data/data/datasets/SNSX/derivatives/tfrom_greedy/sub-C025/anat/sub-C025_acq-MP2RAGE_space-MNI152NLin2009cAsym_T1w.nii.gz, /home/ROBARTS/ataha/graham/scratch/afids-data/data/datasets/SNSX/derivatives/tfrom_greedy/sub-C025/anat/sub-C025_acq-MP2RAGE_space-MNI152NLin2009cAsym.mat; Input files updated by another job: /home/ROBARTS/ataha/graham/scratch/afids-data/data/datasets/SNSX/derivatives/synthstrip/sub-C025/anat/sub-C025_desc-synthstrip_T1w.nii.gz
    wildcards: subject=C025
    resources: tmpdir=/tmp

[Thu Jun 29 09:12:47 2023]
Finished job 33.
59 of 161 steps (37%) done
Select jobs to execute...

[Thu Jun 29 09:12:47 2023]
rule align_template_rigid:
    input: /home/ROBARTS/ataha/graham/scratch/afids-data/data/datasets/SNSX/derivatives/synthstrip/sub-C018/anat/sub-C018_desc-synthstrip_T1w.nii.gz, /home/ROBARTS/ataha/graham/scratch/afids-data/data/datasets/SNSX/sub-C018/anat/sub-C018_acq-MP2RAGE_run-01_T1w.nii.gz
    output: /home/ROBARTS/ataha/graham/scratch/afids-data/data/datasets/SNSX/derivatives/tfrom_greedy/sub-C018/anat/sub-C018_acq-MP2RAGE_space-MNI152NLin2009cAsym.mat, /home/ROBARTS/ataha/graham/scratch/afids-data/data/datasets/SNSX/derivatives/tfrom_greedy/sub-C018/anat/sub-C018_acq-MP2RAGE_space-MNI152NLin2009cAsym_desc-synthstrip_T1w.nii.gz, /home/ROBARTS/ataha/graham/scratch/afids-data/data/datasets/SNSX/derivatives/tfrom_greedy/sub-C018/anat/sub-C018_acq-MP2RAGE_space-MNI152NLin2009cAsym_T1w.nii.gz
    jobid: 78
    reason: Missing output files: /home/ROBARTS/ataha/graham/scratch/afids-data/data/datasets/SNSX/derivatives/tfrom_greedy/sub-C018/anat/sub-C018_acq-MP2RAGE_space-MNI152NLin2009cAsym_T1w.nii.gz, /home/ROBARTS/ataha/graham/scratch/afids-data/data/datasets/SNSX/derivatives/tfrom_greedy/sub-C018/anat/sub-C018_acq-MP2RAGE_space-MNI152NLin2009cAsym.mat; Input files updated by another job: /home/ROBARTS/ataha/graham/scratch/afids-data/data/datasets/SNSX/derivatives/synthstrip/sub-C018/anat/sub-C018_desc-synthstrip_T1w.nii.gz
    wildcards: subject=C018
    resources: tmpdir=/tmp

[Thu Jun 29 09:12:51 2023]
Finished job 13.
60 of 161 steps (37%) done
Select jobs to execute...

[Thu Jun 29 09:12:51 2023]
rule align_template_rigid:
    input: /home/ROBARTS/ataha/graham/scratch/afids-data/data/datasets/SNSX/derivatives/synthstrip/sub-C015/anat/sub-C015_desc-synthstrip_T1w.nii.gz, /home/ROBARTS/ataha/graham/scratch/afids-data/data/datasets/SNSX/sub-C015/anat/sub-C015_acq-MP2RAGE_run-01_T1w.nii.gz
    output: /home/ROBARTS/ataha/graham/scratch/afids-data/data/datasets/SNSX/derivatives/tfrom_greedy/sub-C015/anat/sub-C015_acq-MP2RAGE_space-MNI152NLin2009cAsym.mat, /home/ROBARTS/ataha/graham/scratch/afids-data/data/datasets/SNSX/derivatives/tfrom_greedy/sub-C015/anat/sub-C015_acq-MP2RAGE_space-MNI152NLin2009cAsym_desc-synthstrip_T1w.nii.gz, /home/ROBARTS/ataha/graham/scratch/afids-data/data/datasets/SNSX/derivatives/tfrom_greedy/sub-C015/anat/sub-C015_acq-MP2RAGE_space-MNI152NLin2009cAsym_T1w.nii.gz
    jobid: 68
    reason: Missing output files: /home/ROBARTS/ataha/graham/scratch/afids-data/data/datasets/SNSX/derivatives/tfrom_greedy/sub-C015/anat/sub-C015_acq-MP2RAGE_space-MNI152NLin2009cAsym.mat, /home/ROBARTS/ataha/graham/scratch/afids-data/data/datasets/SNSX/derivatives/tfrom_greedy/sub-C015/anat/sub-C015_acq-MP2RAGE_space-MNI152NLin2009cAsym_T1w.nii.gz; Input files updated by another job: /home/ROBARTS/ataha/graham/scratch/afids-data/data/datasets/SNSX/derivatives/synthstrip/sub-C015/anat/sub-C015_desc-synthstrip_T1w.nii.gz
    wildcards: subject=C015
    resources: tmpdir=/tmp

[Thu Jun 29 09:12:59 2023]
Finished job 113.
61 of 161 steps (38%) done
Select jobs to execute...

[Thu Jun 29 09:12:59 2023]
rule align_template_rigid:
    input: /home/ROBARTS/ataha/graham/scratch/afids-data/data/datasets/SNSX/derivatives/synthstrip/sub-C006/anat/sub-C006_desc-synthstrip_T1w.nii.gz, /home/ROBARTS/ataha/graham/scratch/afids-data/data/datasets/SNSX/sub-C006/anat/sub-C006_acq-MP2RAGE_run-01_T1w.nii.gz
    output: /home/ROBARTS/ataha/graham/scratch/afids-data/data/datasets/SNSX/derivatives/tfrom_greedy/sub-C006/anat/sub-C006_acq-MP2RAGE_space-MNI152NLin2009cAsym.mat, /home/ROBARTS/ataha/graham/scratch/afids-data/data/datasets/SNSX/derivatives/tfrom_greedy/sub-C006/anat/sub-C006_acq-MP2RAGE_space-MNI152NLin2009cAsym_desc-synthstrip_T1w.nii.gz, /home/ROBARTS/ataha/graham/scratch/afids-data/data/datasets/SNSX/derivatives/tfrom_greedy/sub-C006/anat/sub-C006_acq-MP2RAGE_space-MNI152NLin2009cAsym_T1w.nii.gz
    jobid: 28
    reason: Missing output files: /home/ROBARTS/ataha/graham/scratch/afids-data/data/datasets/SNSX/derivatives/tfrom_greedy/sub-C006/anat/sub-C006_acq-MP2RAGE_space-MNI152NLin2009cAsym.mat, /home/ROBARTS/ataha/graham/scratch/afids-data/data/datasets/SNSX/derivatives/tfrom_greedy/sub-C006/anat/sub-C006_acq-MP2RAGE_space-MNI152NLin2009cAsym_T1w.nii.gz; Input files updated by another job: /home/ROBARTS/ataha/graham/scratch/afids-data/data/datasets/SNSX/derivatives/synthstrip/sub-C006/anat/sub-C006_desc-synthstrip_T1w.nii.gz
    wildcards: subject=C006
    resources: tmpdir=/tmp

[Thu Jun 29 09:13:31 2023]
Finished job 78.
62 of 161 steps (39%) done
Select jobs to execute...

[Thu Jun 29 09:13:31 2023]
rule freesurfer_preproc:
    input: /home/ROBARTS/ataha/graham/scratch/afids-data/data/datasets/SNSX/derivatives/tfrom_greedy/sub-C030/anat/sub-C030_acq-MP2RAGE_space-MNI152NLin2009cAsym_T1w.nii.gz
    output: /home/ROBARTS/ataha/graham/scratch/afids-data/data/datasets/SNSX/derivatives/freesurfer/sub-C030/mri/T1.mgz
    jobid: 137
    reason: Missing output files: /home/ROBARTS/ataha/graham/scratch/afids-data/data/datasets/SNSX/derivatives/freesurfer/sub-C030/mri/T1.mgz; Input files updated by another job: /home/ROBARTS/ataha/graham/scratch/afids-data/data/datasets/SNSX/derivatives/tfrom_greedy/sub-C030/anat/sub-C030_acq-MP2RAGE_space-MNI152NLin2009cAsym_T1w.nii.gz
    wildcards: subject=C030
    resources: tmpdir=/tmp

[Thu Jun 29 09:13:32 2023]
Finished job 68.
63 of 161 steps (39%) done
Select jobs to execute...

[Thu Jun 29 09:13:32 2023]
rule freesurfer_preproc:
    input: /home/ROBARTS/ataha/graham/scratch/afids-data/data/datasets/SNSX/derivatives/tfrom_greedy/sub-C009/anat/sub-C009_acq-MP2RAGE_space-MNI152NLin2009cAsym_T1w.nii.gz
    output: /home/ROBARTS/ataha/graham/scratch/afids-data/data/datasets/SNSX/derivatives/freesurfer/sub-C009/mri/T1.mgz
    jobid: 42
    reason: Missing output files: /home/ROBARTS/ataha/graham/scratch/afids-data/data/datasets/SNSX/derivatives/freesurfer/sub-C009/mri/T1.mgz; Input files updated by another job: /home/ROBARTS/ataha/graham/scratch/afids-data/data/datasets/SNSX/derivatives/tfrom_greedy/sub-C009/anat/sub-C009_acq-MP2RAGE_space-MNI152NLin2009cAsym_T1w.nii.gz
    wildcards: subject=C009
    resources: tmpdir=/tmp

[Thu Jun 29 09:13:41 2023]
Finished job 28.
64 of 161 steps (40%) done
Select jobs to execute...

[Thu Jun 29 09:13:41 2023]
rule freesurfer_preproc:
    input: /home/ROBARTS/ataha/graham/scratch/afids-data/data/datasets/SNSX/derivatives/tfrom_greedy/sub-C029/anat/sub-C029_acq-MP2RAGE_space-MNI152NLin2009cAsym_T1w.nii.gz
    output: /home/ROBARTS/ataha/graham/scratch/afids-data/data/datasets/SNSX/derivatives/freesurfer/sub-C029/mri/T1.mgz
    jobid: 132
    reason: Missing output files: /home/ROBARTS/ataha/graham/scratch/afids-data/data/datasets/SNSX/derivatives/freesurfer/sub-C029/mri/T1.mgz; Input files updated by another job: /home/ROBARTS/ataha/graham/scratch/afids-data/data/datasets/SNSX/derivatives/tfrom_greedy/sub-C029/anat/sub-C029_acq-MP2RAGE_space-MNI152NLin2009cAsym_T1w.nii.gz
    wildcards: subject=C029
    resources: tmpdir=/tmp

Terminating processes on user request, this might take some time.
[Thu Jun 29 09:19:19 2023]
Error in rule freesurfer_preproc:
    jobid: 137
    input: /home/ROBARTS/ataha/graham/scratch/afids-data/data/datasets/SNSX/derivatives/tfrom_greedy/sub-C030/anat/sub-C030_acq-MP2RAGE_space-MNI152NLin2009cAsym_T1w.nii.gz
    output: /home/ROBARTS/ataha/graham/scratch/afids-data/data/datasets/SNSX/derivatives/freesurfer/sub-C030/mri/T1.mgz
    shell:
        
        rm -r /home/ROBARTS/ataha/graham/scratch/afids-data/data/datasets/SNSX/derivatives/freesurfer/sub-C030
        recon-all -subject sub-C030 -i /home/ROBARTS/ataha/graham/scratch/afids-data/data/datasets/SNSX/derivatives/tfrom_greedy/sub-C030/anat/sub-C030_acq-MP2RAGE_space-MNI152NLin2009cAsym_T1w.nii.gz -sd /home/ROBARTS/ataha/graham/scratch/afids-data/data/datasets/SNSX/derivatives/freesurfer -autorecon1
        
        (one of the commands exited with non-zero exit code; note that snakemake uses bash strict mode!)

[Thu Jun 29 09:19:19 2023]
[Thu Jun 29 09:19:19 2023]
Error in rule freesurfer_preproc:
    jobid: 42
    input: /home/ROBARTS/ataha/graham/scratch/afids-data/data/datasets/SNSX/derivatives/tfrom_greedy/sub-C009/anat/sub-C009_acq-MP2RAGE_space-MNI152NLin2009cAsym_T1w.nii.gz
    output: /home/ROBARTS/ataha/graham/scratch/afids-data/data/datasets/SNSX/derivatives/freesurfer/sub-C009/mri/T1.mgz
    shell:
        
        rm -r /home/ROBARTS/ataha/graham/scratch/afids-data/data/datasets/SNSX/derivatives/freesurfer/sub-C009
        recon-all -subject sub-C009 -i /home/ROBARTS/ataha/graham/scratch/afids-data/data/datasets/SNSX/derivatives/tfrom_greedy/sub-C009/anat/sub-C009_acq-MP2RAGE_space-MNI152NLin2009cAsym_T1w.nii.gz -sd /home/ROBARTS/ataha/graham/scratch/afids-data/data/datasets/SNSX/derivatives/freesurfer -autorecon1
        
        (one of the commands exited with non-zero exit code; note that snakemake uses bash strict mode!)

Error in rule freesurfer_preproc:
    jobid: 132
    input: /home/ROBARTS/ataha/graham/scratch/afids-data/data/datasets/SNSX/derivatives/tfrom_greedy/sub-C029/anat/sub-C029_acq-MP2RAGE_space-MNI152NLin2009cAsym_T1w.nii.gz
    output: /home/ROBARTS/ataha/graham/scratch/afids-data/data/datasets/SNSX/derivatives/freesurfer/sub-C029/mri/T1.mgz
    shell:
        
        rm -r /home/ROBARTS/ataha/graham/scratch/afids-data/data/datasets/SNSX/derivatives/freesurfer/sub-C029
        recon-all -subject sub-C029 -i /home/ROBARTS/ataha/graham/scratch/afids-data/data/datasets/SNSX/derivatives/tfrom_greedy/sub-C029/anat/sub-C029_acq-MP2RAGE_space-MNI152NLin2009cAsym_T1w.nii.gz -sd /home/ROBARTS/ataha/graham/scratch/afids-data/data/datasets/SNSX/derivatives/freesurfer -autorecon1
        
        (one of the commands exited with non-zero exit code; note that snakemake uses bash strict mode!)

Complete log: .snakemake/log/2023-06-29T085324.962213.snakemake.log
